[2025-03-03T19:31:35.648-0500] {processor.py:186} INFO - Started process (PID=92024) to work on /Users/kartikvadhawana/Desktop/match/Football_Prediction_System/data_pipeline/airflow/dags/football_data_dag_simple.py
[2025-03-03T19:31:35.648-0500] {processor.py:914} INFO - Processing file /Users/kartikvadhawana/Desktop/match/Football_Prediction_System/data_pipeline/airflow/dags/football_data_dag_simple.py for tasks to queue
[2025-03-03T19:31:35.648-0500] {logging_mixin.py:190} INFO - [2025-03-03T19:31:35.648-0500] {dagbag.py:588} INFO - Filling up the DagBag from /Users/kartikvadhawana/Desktop/match/Football_Prediction_System/data_pipeline/airflow/dags/football_data_dag_simple.py
[2025-03-03T19:31:35.657-0500] {processor.py:925} INFO - DAG(s) 'football_pipeline_simple' retrieved from /Users/kartikvadhawana/Desktop/match/Football_Prediction_System/data_pipeline/airflow/dags/football_data_dag_simple.py
[2025-03-03T19:31:35.709-0500] {logging_mixin.py:190} INFO - [2025-03-03T19:31:35.708-0500] {override.py:1930} INFO - Created Permission View: can delete on DAG:football_pipeline_simple
[2025-03-03T19:31:35.711-0500] {logging_mixin.py:190} INFO - [2025-03-03T19:31:35.711-0500] {override.py:1930} INFO - Created Permission View: can edit on DAG:football_pipeline_simple
[2025-03-03T19:31:35.712-0500] {logging_mixin.py:190} INFO - [2025-03-03T19:31:35.712-0500] {override.py:1930} INFO - Created Permission View: can read on DAG:football_pipeline_simple
[2025-03-03T19:31:35.715-0500] {logging_mixin.py:190} INFO - [2025-03-03T19:31:35.715-0500] {override.py:1930} INFO - Created Permission View: menu access on DAG Run:football_pipeline_simple
[2025-03-03T19:31:35.716-0500] {logging_mixin.py:190} INFO - [2025-03-03T19:31:35.716-0500] {override.py:1930} INFO - Created Permission View: can delete on DAG Run:football_pipeline_simple
[2025-03-03T19:31:35.718-0500] {logging_mixin.py:190} INFO - [2025-03-03T19:31:35.718-0500] {override.py:1930} INFO - Created Permission View: can create on DAG Run:football_pipeline_simple
[2025-03-03T19:31:35.719-0500] {logging_mixin.py:190} INFO - [2025-03-03T19:31:35.719-0500] {override.py:1930} INFO - Created Permission View: can read on DAG Run:football_pipeline_simple
[2025-03-03T19:31:35.719-0500] {logging_mixin.py:190} INFO - [2025-03-03T19:31:35.719-0500] {dag.py:3239} INFO - Sync 1 DAGs
[2025-03-03T19:31:35.723-0500] {logging_mixin.py:190} INFO - [2025-03-03T19:31:35.723-0500] {dag.py:3262} INFO - Creating ORM DAG for football_pipeline_simple
[2025-03-03T19:31:35.725-0500] {logging_mixin.py:190} INFO - [2025-03-03T19:31:35.725-0500] {dag.py:4180} INFO - Setting next_dagrun for football_pipeline_simple to 2025-03-02 02:00:00+00:00, run_after=2025-03-03 02:00:00+00:00
[2025-03-03T19:31:35.729-0500] {processor.py:208} INFO - Processing /Users/kartikvadhawana/Desktop/match/Football_Prediction_System/data_pipeline/airflow/dags/football_data_dag_simple.py took 0.083 seconds
[2025-03-03T19:33:25.889-0500] {processor.py:186} INFO - Started process (PID=92378) to work on /Users/kartikvadhawana/Desktop/match/Football_Prediction_System/data_pipeline/airflow/dags/football_data_dag_simple.py
[2025-03-03T19:33:25.890-0500] {processor.py:914} INFO - Processing file /Users/kartikvadhawana/Desktop/match/Football_Prediction_System/data_pipeline/airflow/dags/football_data_dag_simple.py for tasks to queue
[2025-03-03T19:33:25.891-0500] {logging_mixin.py:190} INFO - [2025-03-03T19:33:25.891-0500] {dagbag.py:588} INFO - Filling up the DagBag from /Users/kartikvadhawana/Desktop/match/Football_Prediction_System/data_pipeline/airflow/dags/football_data_dag_simple.py
[2025-03-03T19:33:25.900-0500] {processor.py:925} INFO - DAG(s) 'football_pipeline_simple' retrieved from /Users/kartikvadhawana/Desktop/match/Football_Prediction_System/data_pipeline/airflow/dags/football_data_dag_simple.py
[2025-03-03T19:33:25.926-0500] {logging_mixin.py:190} INFO - [2025-03-03T19:33:25.926-0500] {dag.py:3239} INFO - Sync 1 DAGs
[2025-03-03T19:33:25.931-0500] {logging_mixin.py:190} INFO - [2025-03-03T19:33:25.931-0500] {dag.py:4180} INFO - Setting next_dagrun for football_pipeline_simple to 2025-03-02 02:00:00+00:00, run_after=2025-03-03 02:00:00+00:00
[2025-03-03T19:33:25.936-0500] {processor.py:208} INFO - Processing /Users/kartikvadhawana/Desktop/match/Football_Prediction_System/data_pipeline/airflow/dags/football_data_dag_simple.py took 0.048 seconds
[2025-03-03T19:34:44.985-0500] {processor.py:186} INFO - Started process (PID=92554) to work on /Users/kartikvadhawana/Desktop/match/Football_Prediction_System/data_pipeline/airflow/dags/football_data_dag_simple.py
[2025-03-03T19:34:44.986-0500] {processor.py:914} INFO - Processing file /Users/kartikvadhawana/Desktop/match/Football_Prediction_System/data_pipeline/airflow/dags/football_data_dag_simple.py for tasks to queue
[2025-03-03T19:34:44.987-0500] {logging_mixin.py:190} INFO - [2025-03-03T19:34:44.987-0500] {dagbag.py:588} INFO - Filling up the DagBag from /Users/kartikvadhawana/Desktop/match/Football_Prediction_System/data_pipeline/airflow/dags/football_data_dag_simple.py
[2025-03-03T19:34:44.996-0500] {processor.py:925} INFO - DAG(s) 'football_pipeline_simple' retrieved from /Users/kartikvadhawana/Desktop/match/Football_Prediction_System/data_pipeline/airflow/dags/football_data_dag_simple.py
[2025-03-03T19:34:45.022-0500] {logging_mixin.py:190} INFO - [2025-03-03T19:34:45.022-0500] {dag.py:3239} INFO - Sync 1 DAGs
[2025-03-03T19:34:45.027-0500] {logging_mixin.py:190} INFO - [2025-03-03T19:34:45.027-0500] {dag.py:4180} INFO - Setting next_dagrun for football_pipeline_simple to 2025-03-02 02:00:00+00:00, run_after=2025-03-03 02:00:00+00:00
[2025-03-03T19:34:45.032-0500] {processor.py:208} INFO - Processing /Users/kartikvadhawana/Desktop/match/Football_Prediction_System/data_pipeline/airflow/dags/football_data_dag_simple.py took 0.048 seconds
[2025-03-03T19:36:02.681-0500] {processor.py:186} INFO - Started process (PID=92731) to work on /Users/kartikvadhawana/Desktop/match/Football_Prediction_System/data_pipeline/airflow/dags/football_data_dag_simple.py
[2025-03-03T19:36:02.681-0500] {processor.py:914} INFO - Processing file /Users/kartikvadhawana/Desktop/match/Football_Prediction_System/data_pipeline/airflow/dags/football_data_dag_simple.py for tasks to queue
[2025-03-03T19:36:02.682-0500] {logging_mixin.py:190} INFO - [2025-03-03T19:36:02.681-0500] {dagbag.py:588} INFO - Filling up the DagBag from /Users/kartikvadhawana/Desktop/match/Football_Prediction_System/data_pipeline/airflow/dags/football_data_dag_simple.py
[2025-03-03T19:36:02.691-0500] {processor.py:925} INFO - DAG(s) 'football_pipeline_simple' retrieved from /Users/kartikvadhawana/Desktop/match/Football_Prediction_System/data_pipeline/airflow/dags/football_data_dag_simple.py
[2025-03-03T19:36:02.718-0500] {logging_mixin.py:190} INFO - [2025-03-03T19:36:02.718-0500] {dag.py:3239} INFO - Sync 1 DAGs
[2025-03-03T19:36:02.723-0500] {logging_mixin.py:190} INFO - [2025-03-03T19:36:02.723-0500] {dag.py:4180} INFO - Setting next_dagrun for football_pipeline_simple to 2025-03-02 02:00:00+00:00, run_after=2025-03-03 02:00:00+00:00
[2025-03-03T19:36:02.729-0500] {processor.py:208} INFO - Processing /Users/kartikvadhawana/Desktop/match/Football_Prediction_System/data_pipeline/airflow/dags/football_data_dag_simple.py took 0.049 seconds
[2025-03-03T19:37:24.317-0500] {processor.py:186} INFO - Started process (PID=92919) to work on /Users/kartikvadhawana/Desktop/match/Football_Prediction_System/data_pipeline/airflow/dags/football_data_dag_simple.py
[2025-03-03T19:37:24.317-0500] {processor.py:914} INFO - Processing file /Users/kartikvadhawana/Desktop/match/Football_Prediction_System/data_pipeline/airflow/dags/football_data_dag_simple.py for tasks to queue
[2025-03-03T19:37:24.318-0500] {logging_mixin.py:190} INFO - [2025-03-03T19:37:24.318-0500] {dagbag.py:588} INFO - Filling up the DagBag from /Users/kartikvadhawana/Desktop/match/Football_Prediction_System/data_pipeline/airflow/dags/football_data_dag_simple.py
[2025-03-03T19:37:24.328-0500] {processor.py:925} INFO - DAG(s) 'football_pipeline_simple' retrieved from /Users/kartikvadhawana/Desktop/match/Football_Prediction_System/data_pipeline/airflow/dags/football_data_dag_simple.py
[2025-03-03T19:37:24.354-0500] {logging_mixin.py:190} INFO - [2025-03-03T19:37:24.354-0500] {dag.py:3239} INFO - Sync 1 DAGs
[2025-03-03T19:37:24.360-0500] {logging_mixin.py:190} INFO - [2025-03-03T19:37:24.359-0500] {dag.py:4180} INFO - Setting next_dagrun for football_pipeline_simple to 2025-03-02 02:00:00+00:00, run_after=2025-03-03 02:00:00+00:00
[2025-03-03T19:37:24.365-0500] {processor.py:208} INFO - Processing /Users/kartikvadhawana/Desktop/match/Football_Prediction_System/data_pipeline/airflow/dags/football_data_dag_simple.py took 0.049 seconds
[2025-03-03T19:38:45.801-0500] {processor.py:186} INFO - Started process (PID=93104) to work on /Users/kartikvadhawana/Desktop/match/Football_Prediction_System/data_pipeline/airflow/dags/football_data_dag_simple.py
[2025-03-03T19:38:45.803-0500] {processor.py:914} INFO - Processing file /Users/kartikvadhawana/Desktop/match/Football_Prediction_System/data_pipeline/airflow/dags/football_data_dag_simple.py for tasks to queue
[2025-03-03T19:38:45.804-0500] {logging_mixin.py:190} INFO - [2025-03-03T19:38:45.803-0500] {dagbag.py:588} INFO - Filling up the DagBag from /Users/kartikvadhawana/Desktop/match/Football_Prediction_System/data_pipeline/airflow/dags/football_data_dag_simple.py
[2025-03-03T19:38:45.813-0500] {processor.py:925} INFO - DAG(s) 'football_pipeline_simple' retrieved from /Users/kartikvadhawana/Desktop/match/Football_Prediction_System/data_pipeline/airflow/dags/football_data_dag_simple.py
[2025-03-03T19:38:45.839-0500] {logging_mixin.py:190} INFO - [2025-03-03T19:38:45.839-0500] {dag.py:3239} INFO - Sync 1 DAGs
[2025-03-03T19:38:45.844-0500] {logging_mixin.py:190} INFO - [2025-03-03T19:38:45.844-0500] {dag.py:4180} INFO - Setting next_dagrun for football_pipeline_simple to 2025-03-02 02:00:00+00:00, run_after=2025-03-03 02:00:00+00:00
[2025-03-03T19:38:45.849-0500] {processor.py:208} INFO - Processing /Users/kartikvadhawana/Desktop/match/Football_Prediction_System/data_pipeline/airflow/dags/football_data_dag_simple.py took 0.048 seconds
[2025-03-03T19:40:04.820-0500] {processor.py:186} INFO - Started process (PID=93286) to work on /Users/kartikvadhawana/Desktop/match/Football_Prediction_System/data_pipeline/airflow/dags/football_data_dag_simple.py
[2025-03-03T19:40:04.821-0500] {processor.py:914} INFO - Processing file /Users/kartikvadhawana/Desktop/match/Football_Prediction_System/data_pipeline/airflow/dags/football_data_dag_simple.py for tasks to queue
[2025-03-03T19:40:04.822-0500] {logging_mixin.py:190} INFO - [2025-03-03T19:40:04.822-0500] {dagbag.py:588} INFO - Filling up the DagBag from /Users/kartikvadhawana/Desktop/match/Football_Prediction_System/data_pipeline/airflow/dags/football_data_dag_simple.py
[2025-03-03T19:40:04.831-0500] {processor.py:925} INFO - DAG(s) 'football_pipeline_simple' retrieved from /Users/kartikvadhawana/Desktop/match/Football_Prediction_System/data_pipeline/airflow/dags/football_data_dag_simple.py
[2025-03-03T19:40:04.857-0500] {logging_mixin.py:190} INFO - [2025-03-03T19:40:04.857-0500] {dag.py:3239} INFO - Sync 1 DAGs
[2025-03-03T19:40:04.862-0500] {logging_mixin.py:190} INFO - [2025-03-03T19:40:04.862-0500] {dag.py:4180} INFO - Setting next_dagrun for football_pipeline_simple to 2025-03-02 02:00:00+00:00, run_after=2025-03-03 02:00:00+00:00
[2025-03-03T19:40:04.867-0500] {processor.py:208} INFO - Processing /Users/kartikvadhawana/Desktop/match/Football_Prediction_System/data_pipeline/airflow/dags/football_data_dag_simple.py took 0.048 seconds
[2025-03-03T19:41:25.767-0500] {processor.py:186} INFO - Started process (PID=93593) to work on /Users/kartikvadhawana/Desktop/match/Football_Prediction_System/data_pipeline/airflow/dags/football_data_dag_simple.py
[2025-03-03T19:41:25.768-0500] {processor.py:914} INFO - Processing file /Users/kartikvadhawana/Desktop/match/Football_Prediction_System/data_pipeline/airflow/dags/football_data_dag_simple.py for tasks to queue
[2025-03-03T19:41:25.769-0500] {logging_mixin.py:190} INFO - [2025-03-03T19:41:25.769-0500] {dagbag.py:588} INFO - Filling up the DagBag from /Users/kartikvadhawana/Desktop/match/Football_Prediction_System/data_pipeline/airflow/dags/football_data_dag_simple.py
[2025-03-03T19:41:25.778-0500] {processor.py:925} INFO - DAG(s) 'football_pipeline_simple' retrieved from /Users/kartikvadhawana/Desktop/match/Football_Prediction_System/data_pipeline/airflow/dags/football_data_dag_simple.py
[2025-03-03T19:41:25.803-0500] {logging_mixin.py:190} INFO - [2025-03-03T19:41:25.803-0500] {dag.py:3239} INFO - Sync 1 DAGs
[2025-03-03T19:41:25.808-0500] {logging_mixin.py:190} INFO - [2025-03-03T19:41:25.808-0500] {dag.py:4180} INFO - Setting next_dagrun for football_pipeline_simple to 2025-03-02 02:00:00+00:00, run_after=2025-03-03 02:00:00+00:00
[2025-03-03T19:41:25.813-0500] {processor.py:208} INFO - Processing /Users/kartikvadhawana/Desktop/match/Football_Prediction_System/data_pipeline/airflow/dags/football_data_dag_simple.py took 0.047 seconds
[2025-03-03T19:41:34.932-0500] {processor.py:186} INFO - Started process (PID=93668) to work on /Users/kartikvadhawana/Desktop/match/Football_Prediction_System/data_pipeline/airflow/dags/football_data_dag_simple.py
[2025-03-03T19:41:34.932-0500] {processor.py:914} INFO - Processing file /Users/kartikvadhawana/Desktop/match/Football_Prediction_System/data_pipeline/airflow/dags/football_data_dag_simple.py for tasks to queue
[2025-03-03T19:41:34.932-0500] {logging_mixin.py:190} INFO - [2025-03-03T19:41:34.932-0500] {dagbag.py:588} INFO - Filling up the DagBag from /Users/kartikvadhawana/Desktop/match/Football_Prediction_System/data_pipeline/airflow/dags/football_data_dag_simple.py
[2025-03-03T19:41:34.941-0500] {processor.py:925} INFO - DAG(s) 'football_pipeline_simple' retrieved from /Users/kartikvadhawana/Desktop/match/Football_Prediction_System/data_pipeline/airflow/dags/football_data_dag_simple.py
[2025-03-03T19:41:34.967-0500] {logging_mixin.py:190} INFO - [2025-03-03T19:41:34.967-0500] {dag.py:3239} INFO - Sync 1 DAGs
[2025-03-03T19:41:34.972-0500] {logging_mixin.py:190} INFO - [2025-03-03T19:41:34.972-0500] {dag.py:4180} INFO - Setting next_dagrun for football_pipeline_simple to 2025-03-02 02:00:00+00:00, run_after=2025-03-03 02:00:00+00:00
[2025-03-03T19:41:34.977-0500] {processor.py:208} INFO - Processing /Users/kartikvadhawana/Desktop/match/Football_Prediction_System/data_pipeline/airflow/dags/football_data_dag_simple.py took 0.046 seconds
[2025-03-03T19:43:21.420-0500] {processor.py:186} INFO - Started process (PID=93944) to work on /Users/kartikvadhawana/Desktop/match/Football_Prediction_System/data_pipeline/airflow/dags/football_data_dag_simple.py
[2025-03-03T19:43:21.422-0500] {processor.py:914} INFO - Processing file /Users/kartikvadhawana/Desktop/match/Football_Prediction_System/data_pipeline/airflow/dags/football_data_dag_simple.py for tasks to queue
[2025-03-03T19:43:21.422-0500] {logging_mixin.py:190} INFO - [2025-03-03T19:43:21.422-0500] {dagbag.py:588} INFO - Filling up the DagBag from /Users/kartikvadhawana/Desktop/match/Football_Prediction_System/data_pipeline/airflow/dags/football_data_dag_simple.py
[2025-03-03T19:43:21.431-0500] {processor.py:925} INFO - DAG(s) 'football_pipeline_simple' retrieved from /Users/kartikvadhawana/Desktop/match/Football_Prediction_System/data_pipeline/airflow/dags/football_data_dag_simple.py
[2025-03-03T19:43:21.458-0500] {logging_mixin.py:190} INFO - [2025-03-03T19:43:21.458-0500] {dag.py:3239} INFO - Sync 1 DAGs
[2025-03-03T19:43:21.463-0500] {logging_mixin.py:190} INFO - [2025-03-03T19:43:21.463-0500] {dag.py:4180} INFO - Setting next_dagrun for football_pipeline_simple to 2025-03-02 02:00:00+00:00, run_after=2025-03-03 02:00:00+00:00
[2025-03-03T19:43:21.468-0500] {processor.py:208} INFO - Processing /Users/kartikvadhawana/Desktop/match/Football_Prediction_System/data_pipeline/airflow/dags/football_data_dag_simple.py took 0.049 seconds
[2025-03-03T19:44:46.048-0500] {processor.py:186} INFO - Started process (PID=94115) to work on /Users/kartikvadhawana/Desktop/match/Football_Prediction_System/data_pipeline/airflow/dags/football_data_dag_simple.py
[2025-03-03T19:44:46.049-0500] {processor.py:914} INFO - Processing file /Users/kartikvadhawana/Desktop/match/Football_Prediction_System/data_pipeline/airflow/dags/football_data_dag_simple.py for tasks to queue
[2025-03-03T19:44:46.050-0500] {logging_mixin.py:190} INFO - [2025-03-03T19:44:46.050-0500] {dagbag.py:588} INFO - Filling up the DagBag from /Users/kartikvadhawana/Desktop/match/Football_Prediction_System/data_pipeline/airflow/dags/football_data_dag_simple.py
[2025-03-03T19:44:46.060-0500] {processor.py:925} INFO - DAG(s) 'football_pipeline_simple' retrieved from /Users/kartikvadhawana/Desktop/match/Football_Prediction_System/data_pipeline/airflow/dags/football_data_dag_simple.py
[2025-03-03T19:44:46.087-0500] {logging_mixin.py:190} INFO - [2025-03-03T19:44:46.087-0500] {dag.py:3239} INFO - Sync 1 DAGs
[2025-03-03T19:44:46.092-0500] {logging_mixin.py:190} INFO - [2025-03-03T19:44:46.092-0500] {dag.py:4180} INFO - Setting next_dagrun for football_pipeline_simple to 2025-03-02 02:00:00+00:00, run_after=2025-03-03 02:00:00+00:00
[2025-03-03T19:44:46.097-0500] {processor.py:208} INFO - Processing /Users/kartikvadhawana/Desktop/match/Football_Prediction_System/data_pipeline/airflow/dags/football_data_dag_simple.py took 0.050 seconds
[2025-03-03T19:47:57.993-0500] {processor.py:186} INFO - Started process (PID=94543) to work on /Users/kartikvadhawana/Desktop/match/Football_Prediction_System/data_pipeline/airflow/dags/football_data_dag_simple.py
[2025-03-03T19:47:57.993-0500] {processor.py:914} INFO - Processing file /Users/kartikvadhawana/Desktop/match/Football_Prediction_System/data_pipeline/airflow/dags/football_data_dag_simple.py for tasks to queue
[2025-03-03T19:47:57.994-0500] {logging_mixin.py:190} INFO - [2025-03-03T19:47:57.994-0500] {dagbag.py:588} INFO - Filling up the DagBag from /Users/kartikvadhawana/Desktop/match/Football_Prediction_System/data_pipeline/airflow/dags/football_data_dag_simple.py
[2025-03-03T19:47:58.004-0500] {processor.py:925} INFO - DAG(s) 'football_pipeline_simple' retrieved from /Users/kartikvadhawana/Desktop/match/Football_Prediction_System/data_pipeline/airflow/dags/football_data_dag_simple.py
[2025-03-03T19:47:58.032-0500] {logging_mixin.py:190} INFO - [2025-03-03T19:47:58.032-0500] {dag.py:3239} INFO - Sync 1 DAGs
[2025-03-03T19:47:58.038-0500] {logging_mixin.py:190} INFO - [2025-03-03T19:47:58.038-0500] {dag.py:4180} INFO - Setting next_dagrun for football_pipeline_simple to 2025-03-02 02:00:00+00:00, run_after=2025-03-03 02:00:00+00:00
[2025-03-03T19:47:58.043-0500] {processor.py:208} INFO - Processing /Users/kartikvadhawana/Desktop/match/Football_Prediction_System/data_pipeline/airflow/dags/football_data_dag_simple.py took 0.051 seconds
[2025-03-03T19:49:50.642-0500] {processor.py:186} INFO - Started process (PID=94801) to work on /Users/kartikvadhawana/Desktop/match/Football_Prediction_System/data_pipeline/airflow/dags/football_data_dag_simple.py
[2025-03-03T19:49:50.643-0500] {processor.py:914} INFO - Processing file /Users/kartikvadhawana/Desktop/match/Football_Prediction_System/data_pipeline/airflow/dags/football_data_dag_simple.py for tasks to queue
[2025-03-03T19:49:50.644-0500] {logging_mixin.py:190} INFO - [2025-03-03T19:49:50.644-0500] {dagbag.py:588} INFO - Filling up the DagBag from /Users/kartikvadhawana/Desktop/match/Football_Prediction_System/data_pipeline/airflow/dags/football_data_dag_simple.py
[2025-03-03T19:49:50.652-0500] {processor.py:925} INFO - DAG(s) 'football_pipeline_simple' retrieved from /Users/kartikvadhawana/Desktop/match/Football_Prediction_System/data_pipeline/airflow/dags/football_data_dag_simple.py
[2025-03-03T19:49:50.678-0500] {logging_mixin.py:190} INFO - [2025-03-03T19:49:50.678-0500] {dag.py:3239} INFO - Sync 1 DAGs
[2025-03-03T19:49:50.683-0500] {logging_mixin.py:190} INFO - [2025-03-03T19:49:50.683-0500] {dag.py:4180} INFO - Setting next_dagrun for football_pipeline_simple to 2025-03-02 02:00:00+00:00, run_after=2025-03-03 02:00:00+00:00
[2025-03-03T19:49:50.688-0500] {processor.py:208} INFO - Processing /Users/kartikvadhawana/Desktop/match/Football_Prediction_System/data_pipeline/airflow/dags/football_data_dag_simple.py took 0.047 seconds
[2025-03-03T19:51:09.763-0500] {processor.py:186} INFO - Started process (PID=94896) to work on /Users/kartikvadhawana/Desktop/match/Football_Prediction_System/data_pipeline/airflow/dags/football_data_dag_simple.py
[2025-03-03T19:51:09.763-0500] {processor.py:914} INFO - Processing file /Users/kartikvadhawana/Desktop/match/Football_Prediction_System/data_pipeline/airflow/dags/football_data_dag_simple.py for tasks to queue
[2025-03-03T19:51:09.763-0500] {logging_mixin.py:190} INFO - [2025-03-03T19:51:09.763-0500] {dagbag.py:588} INFO - Filling up the DagBag from /Users/kartikvadhawana/Desktop/match/Football_Prediction_System/data_pipeline/airflow/dags/football_data_dag_simple.py
[2025-03-03T19:51:09.772-0500] {processor.py:925} INFO - DAG(s) 'football_pipeline_simple' retrieved from /Users/kartikvadhawana/Desktop/match/Football_Prediction_System/data_pipeline/airflow/dags/football_data_dag_simple.py
[2025-03-03T19:51:09.798-0500] {logging_mixin.py:190} INFO - [2025-03-03T19:51:09.797-0500] {dag.py:3239} INFO - Sync 1 DAGs
[2025-03-03T19:51:09.803-0500] {logging_mixin.py:190} INFO - [2025-03-03T19:51:09.802-0500] {dag.py:4180} INFO - Setting next_dagrun for football_pipeline_simple to 2025-03-02 02:00:00+00:00, run_after=2025-03-03 02:00:00+00:00
[2025-03-03T19:51:09.808-0500] {processor.py:208} INFO - Processing /Users/kartikvadhawana/Desktop/match/Football_Prediction_System/data_pipeline/airflow/dags/football_data_dag_simple.py took 0.046 seconds
[2025-03-03T19:52:30.765-0500] {processor.py:186} INFO - Started process (PID=95052) to work on /Users/kartikvadhawana/Desktop/match/Football_Prediction_System/data_pipeline/airflow/dags/football_data_dag_simple.py
[2025-03-03T19:52:30.766-0500] {processor.py:914} INFO - Processing file /Users/kartikvadhawana/Desktop/match/Football_Prediction_System/data_pipeline/airflow/dags/football_data_dag_simple.py for tasks to queue
[2025-03-03T19:52:30.767-0500] {logging_mixin.py:190} INFO - [2025-03-03T19:52:30.767-0500] {dagbag.py:588} INFO - Filling up the DagBag from /Users/kartikvadhawana/Desktop/match/Football_Prediction_System/data_pipeline/airflow/dags/football_data_dag_simple.py
[2025-03-03T19:52:30.776-0500] {processor.py:925} INFO - DAG(s) 'football_pipeline_simple' retrieved from /Users/kartikvadhawana/Desktop/match/Football_Prediction_System/data_pipeline/airflow/dags/football_data_dag_simple.py
[2025-03-03T19:52:30.802-0500] {logging_mixin.py:190} INFO - [2025-03-03T19:52:30.802-0500] {dag.py:3239} INFO - Sync 1 DAGs
[2025-03-03T19:52:30.807-0500] {logging_mixin.py:190} INFO - [2025-03-03T19:52:30.807-0500] {dag.py:4180} INFO - Setting next_dagrun for football_pipeline_simple to 2025-03-02 02:00:00+00:00, run_after=2025-03-03 02:00:00+00:00
[2025-03-03T19:52:30.812-0500] {processor.py:208} INFO - Processing /Users/kartikvadhawana/Desktop/match/Football_Prediction_System/data_pipeline/airflow/dags/football_data_dag_simple.py took 0.048 seconds
[2025-03-03T19:53:53.183-0500] {processor.py:186} INFO - Started process (PID=95243) to work on /Users/kartikvadhawana/Desktop/match/Football_Prediction_System/data_pipeline/airflow/dags/football_data_dag_simple.py
[2025-03-03T19:53:53.183-0500] {processor.py:914} INFO - Processing file /Users/kartikvadhawana/Desktop/match/Football_Prediction_System/data_pipeline/airflow/dags/football_data_dag_simple.py for tasks to queue
[2025-03-03T19:53:53.184-0500] {logging_mixin.py:190} INFO - [2025-03-03T19:53:53.184-0500] {dagbag.py:588} INFO - Filling up the DagBag from /Users/kartikvadhawana/Desktop/match/Football_Prediction_System/data_pipeline/airflow/dags/football_data_dag_simple.py
[2025-03-03T19:53:53.193-0500] {processor.py:925} INFO - DAG(s) 'football_pipeline_simple' retrieved from /Users/kartikvadhawana/Desktop/match/Football_Prediction_System/data_pipeline/airflow/dags/football_data_dag_simple.py
[2025-03-03T19:53:53.220-0500] {logging_mixin.py:190} INFO - [2025-03-03T19:53:53.220-0500] {dag.py:3239} INFO - Sync 1 DAGs
[2025-03-03T19:53:53.226-0500] {logging_mixin.py:190} INFO - [2025-03-03T19:53:53.226-0500] {dag.py:4180} INFO - Setting next_dagrun for football_pipeline_simple to 2025-03-02 02:00:00+00:00, run_after=2025-03-03 02:00:00+00:00
[2025-03-03T19:53:53.231-0500] {processor.py:208} INFO - Processing /Users/kartikvadhawana/Desktop/match/Football_Prediction_System/data_pipeline/airflow/dags/football_data_dag_simple.py took 0.050 seconds
[2025-03-03T19:55:15.436-0500] {processor.py:186} INFO - Started process (PID=95448) to work on /Users/kartikvadhawana/Desktop/match/Football_Prediction_System/data_pipeline/airflow/dags/football_data_dag_simple.py
[2025-03-03T19:55:15.437-0500] {processor.py:914} INFO - Processing file /Users/kartikvadhawana/Desktop/match/Football_Prediction_System/data_pipeline/airflow/dags/football_data_dag_simple.py for tasks to queue
[2025-03-03T19:55:15.437-0500] {logging_mixin.py:190} INFO - [2025-03-03T19:55:15.437-0500] {dagbag.py:588} INFO - Filling up the DagBag from /Users/kartikvadhawana/Desktop/match/Football_Prediction_System/data_pipeline/airflow/dags/football_data_dag_simple.py
[2025-03-03T19:55:15.446-0500] {processor.py:925} INFO - DAG(s) 'football_pipeline_simple' retrieved from /Users/kartikvadhawana/Desktop/match/Football_Prediction_System/data_pipeline/airflow/dags/football_data_dag_simple.py
[2025-03-03T19:55:15.472-0500] {logging_mixin.py:190} INFO - [2025-03-03T19:55:15.472-0500] {dag.py:3239} INFO - Sync 1 DAGs
[2025-03-03T19:55:15.477-0500] {logging_mixin.py:190} INFO - [2025-03-03T19:55:15.477-0500] {dag.py:4180} INFO - Setting next_dagrun for football_pipeline_simple to 2025-03-02 02:00:00+00:00, run_after=2025-03-03 02:00:00+00:00
[2025-03-03T19:55:15.482-0500] {processor.py:208} INFO - Processing /Users/kartikvadhawana/Desktop/match/Football_Prediction_System/data_pipeline/airflow/dags/football_data_dag_simple.py took 0.047 seconds
[2025-03-03T19:56:37.052-0500] {processor.py:186} INFO - Started process (PID=95704) to work on /Users/kartikvadhawana/Desktop/match/Football_Prediction_System/data_pipeline/airflow/dags/football_data_dag_simple.py
[2025-03-03T19:56:37.053-0500] {processor.py:914} INFO - Processing file /Users/kartikvadhawana/Desktop/match/Football_Prediction_System/data_pipeline/airflow/dags/football_data_dag_simple.py for tasks to queue
[2025-03-03T19:56:37.053-0500] {logging_mixin.py:190} INFO - [2025-03-03T19:56:37.053-0500] {dagbag.py:588} INFO - Filling up the DagBag from /Users/kartikvadhawana/Desktop/match/Football_Prediction_System/data_pipeline/airflow/dags/football_data_dag_simple.py
[2025-03-03T19:56:37.062-0500] {processor.py:925} INFO - DAG(s) 'football_pipeline_simple' retrieved from /Users/kartikvadhawana/Desktop/match/Football_Prediction_System/data_pipeline/airflow/dags/football_data_dag_simple.py
[2025-03-03T19:56:37.089-0500] {logging_mixin.py:190} INFO - [2025-03-03T19:56:37.089-0500] {dag.py:3239} INFO - Sync 1 DAGs
[2025-03-03T19:56:37.094-0500] {logging_mixin.py:190} INFO - [2025-03-03T19:56:37.094-0500] {dag.py:4180} INFO - Setting next_dagrun for football_pipeline_simple to 2025-03-02 02:00:00+00:00, run_after=2025-03-03 02:00:00+00:00
[2025-03-03T19:56:37.099-0500] {processor.py:208} INFO - Processing /Users/kartikvadhawana/Desktop/match/Football_Prediction_System/data_pipeline/airflow/dags/football_data_dag_simple.py took 0.049 seconds
[2025-03-03T19:57:59.013-0500] {processor.py:186} INFO - Started process (PID=95866) to work on /Users/kartikvadhawana/Desktop/match/Football_Prediction_System/data_pipeline/airflow/dags/football_data_dag_simple.py
[2025-03-03T19:57:59.014-0500] {processor.py:914} INFO - Processing file /Users/kartikvadhawana/Desktop/match/Football_Prediction_System/data_pipeline/airflow/dags/football_data_dag_simple.py for tasks to queue
[2025-03-03T19:57:59.014-0500] {logging_mixin.py:190} INFO - [2025-03-03T19:57:59.014-0500] {dagbag.py:588} INFO - Filling up the DagBag from /Users/kartikvadhawana/Desktop/match/Football_Prediction_System/data_pipeline/airflow/dags/football_data_dag_simple.py
[2025-03-03T19:57:59.023-0500] {processor.py:925} INFO - DAG(s) 'football_pipeline_simple' retrieved from /Users/kartikvadhawana/Desktop/match/Football_Prediction_System/data_pipeline/airflow/dags/football_data_dag_simple.py
[2025-03-03T19:57:59.049-0500] {logging_mixin.py:190} INFO - [2025-03-03T19:57:59.049-0500] {dag.py:3239} INFO - Sync 1 DAGs
[2025-03-03T19:57:59.054-0500] {logging_mixin.py:190} INFO - [2025-03-03T19:57:59.054-0500] {dag.py:4180} INFO - Setting next_dagrun for football_pipeline_simple to 2025-03-02 02:00:00+00:00, run_after=2025-03-03 02:00:00+00:00
[2025-03-03T19:57:59.059-0500] {processor.py:208} INFO - Processing /Users/kartikvadhawana/Desktop/match/Football_Prediction_System/data_pipeline/airflow/dags/football_data_dag_simple.py took 0.047 seconds
[2025-03-03T19:59:21.785-0500] {processor.py:186} INFO - Started process (PID=95985) to work on /Users/kartikvadhawana/Desktop/match/Football_Prediction_System/data_pipeline/airflow/dags/football_data_dag_simple.py
[2025-03-03T19:59:21.786-0500] {processor.py:914} INFO - Processing file /Users/kartikvadhawana/Desktop/match/Football_Prediction_System/data_pipeline/airflow/dags/football_data_dag_simple.py for tasks to queue
[2025-03-03T19:59:21.786-0500] {logging_mixin.py:190} INFO - [2025-03-03T19:59:21.786-0500] {dagbag.py:588} INFO - Filling up the DagBag from /Users/kartikvadhawana/Desktop/match/Football_Prediction_System/data_pipeline/airflow/dags/football_data_dag_simple.py
[2025-03-03T19:59:21.796-0500] {processor.py:925} INFO - DAG(s) 'football_pipeline_simple' retrieved from /Users/kartikvadhawana/Desktop/match/Football_Prediction_System/data_pipeline/airflow/dags/football_data_dag_simple.py
[2025-03-03T19:59:21.821-0500] {logging_mixin.py:190} INFO - [2025-03-03T19:59:21.821-0500] {dag.py:3239} INFO - Sync 1 DAGs
[2025-03-03T19:59:21.826-0500] {logging_mixin.py:190} INFO - [2025-03-03T19:59:21.826-0500] {dag.py:4180} INFO - Setting next_dagrun for football_pipeline_simple to 2025-03-02 02:00:00+00:00, run_after=2025-03-03 02:00:00+00:00
[2025-03-03T19:59:21.832-0500] {processor.py:208} INFO - Processing /Users/kartikvadhawana/Desktop/match/Football_Prediction_System/data_pipeline/airflow/dags/football_data_dag_simple.py took 0.047 seconds
[2025-03-03T20:00:44.282-0500] {processor.py:186} INFO - Started process (PID=96089) to work on /Users/kartikvadhawana/Desktop/match/Football_Prediction_System/data_pipeline/airflow/dags/football_data_dag_simple.py
[2025-03-03T20:00:44.284-0500] {processor.py:914} INFO - Processing file /Users/kartikvadhawana/Desktop/match/Football_Prediction_System/data_pipeline/airflow/dags/football_data_dag_simple.py for tasks to queue
[2025-03-03T20:00:44.284-0500] {logging_mixin.py:190} INFO - [2025-03-03T20:00:44.284-0500] {dagbag.py:588} INFO - Filling up the DagBag from /Users/kartikvadhawana/Desktop/match/Football_Prediction_System/data_pipeline/airflow/dags/football_data_dag_simple.py
[2025-03-03T20:00:44.293-0500] {processor.py:925} INFO - DAG(s) 'football_pipeline_simple' retrieved from /Users/kartikvadhawana/Desktop/match/Football_Prediction_System/data_pipeline/airflow/dags/football_data_dag_simple.py
[2025-03-03T20:00:44.319-0500] {logging_mixin.py:190} INFO - [2025-03-03T20:00:44.319-0500] {dag.py:3239} INFO - Sync 1 DAGs
[2025-03-03T20:00:44.324-0500] {logging_mixin.py:190} INFO - [2025-03-03T20:00:44.324-0500] {dag.py:4180} INFO - Setting next_dagrun for football_pipeline_simple to 2025-03-02 02:00:00+00:00, run_after=2025-03-03 02:00:00+00:00
[2025-03-03T20:00:44.329-0500] {processor.py:208} INFO - Processing /Users/kartikvadhawana/Desktop/match/Football_Prediction_System/data_pipeline/airflow/dags/football_data_dag_simple.py took 0.047 seconds
