[2025-03-03T19:20:17.297-0500] {processor.py:186} INFO - Started process (PID=89576) to work on /Users/kartikvadhawana/Desktop/match/Football_Prediction_System/data_pipeline/airflow/dags/football_pipeline.py
[2025-03-03T19:20:17.297-0500] {processor.py:914} INFO - Processing file /Users/kartikvadhawana/Desktop/match/Football_Prediction_System/data_pipeline/airflow/dags/football_pipeline.py for tasks to queue
[2025-03-03T19:20:17.297-0500] {logging_mixin.py:190} INFO - [2025-03-03T19:20:17.297-0500] {dagbag.py:588} INFO - Filling up the DagBag from /Users/kartikvadhawana/Desktop/match/Football_Prediction_System/data_pipeline/airflow/dags/football_pipeline.py
[2025-03-03T19:20:17.306-0500] {processor.py:925} INFO - DAG(s) 'football_data_pipeline' retrieved from /Users/kartikvadhawana/Desktop/match/Football_Prediction_System/data_pipeline/airflow/dags/football_pipeline.py
[2025-03-03T19:20:17.366-0500] {logging_mixin.py:190} INFO - [2025-03-03T19:20:17.366-0500] {override.py:1930} INFO - Created Permission View: can edit on DAG:football_data_pipeline
[2025-03-03T19:20:17.368-0500] {logging_mixin.py:190} INFO - [2025-03-03T19:20:17.368-0500] {override.py:1930} INFO - Created Permission View: can delete on DAG:football_data_pipeline
[2025-03-03T19:20:17.370-0500] {logging_mixin.py:190} INFO - [2025-03-03T19:20:17.370-0500] {override.py:1930} INFO - Created Permission View: can read on DAG:football_data_pipeline
[2025-03-03T19:20:17.373-0500] {logging_mixin.py:190} INFO - [2025-03-03T19:20:17.373-0500] {override.py:1930} INFO - Created Permission View: can create on DAG Run:football_data_pipeline
[2025-03-03T19:20:17.375-0500] {logging_mixin.py:190} INFO - [2025-03-03T19:20:17.375-0500] {override.py:1930} INFO - Created Permission View: can delete on DAG Run:football_data_pipeline
[2025-03-03T19:20:17.377-0500] {logging_mixin.py:190} INFO - [2025-03-03T19:20:17.377-0500] {override.py:1930} INFO - Created Permission View: menu access on DAG Run:football_data_pipeline
[2025-03-03T19:20:17.379-0500] {logging_mixin.py:190} INFO - [2025-03-03T19:20:17.378-0500] {override.py:1930} INFO - Created Permission View: can read on DAG Run:football_data_pipeline
[2025-03-03T19:20:17.379-0500] {logging_mixin.py:190} INFO - [2025-03-03T19:20:17.379-0500] {dag.py:3239} INFO - Sync 1 DAGs
[2025-03-03T19:20:17.382-0500] {logging_mixin.py:190} INFO - [2025-03-03T19:20:17.382-0500] {dag.py:3262} INFO - Creating ORM DAG for football_data_pipeline
[2025-03-03T19:20:17.384-0500] {logging_mixin.py:190} INFO - [2025-03-03T19:20:17.384-0500] {dag.py:4180} INFO - Setting next_dagrun for football_data_pipeline to 2025-03-03 00:00:00+00:00, run_after=2025-03-04 00:00:00+00:00
[2025-03-03T19:20:17.389-0500] {processor.py:208} INFO - Processing /Users/kartikvadhawana/Desktop/match/Football_Prediction_System/data_pipeline/airflow/dags/football_pipeline.py took 0.093 seconds
[2025-03-03T19:22:09.868-0500] {processor.py:186} INFO - Started process (PID=89990) to work on /Users/kartikvadhawana/Desktop/match/Football_Prediction_System/data_pipeline/airflow/dags/football_pipeline.py
[2025-03-03T19:22:09.868-0500] {processor.py:914} INFO - Processing file /Users/kartikvadhawana/Desktop/match/Football_Prediction_System/data_pipeline/airflow/dags/football_pipeline.py for tasks to queue
[2025-03-03T19:22:09.869-0500] {logging_mixin.py:190} INFO - [2025-03-03T19:22:09.868-0500] {dagbag.py:588} INFO - Filling up the DagBag from /Users/kartikvadhawana/Desktop/match/Football_Prediction_System/data_pipeline/airflow/dags/football_pipeline.py
[2025-03-03T19:22:09.877-0500] {processor.py:925} INFO - DAG(s) 'football_data_pipeline' retrieved from /Users/kartikvadhawana/Desktop/match/Football_Prediction_System/data_pipeline/airflow/dags/football_pipeline.py
[2025-03-03T19:22:09.902-0500] {logging_mixin.py:190} INFO - [2025-03-03T19:22:09.902-0500] {dag.py:3239} INFO - Sync 1 DAGs
[2025-03-03T19:22:09.907-0500] {logging_mixin.py:190} INFO - [2025-03-03T19:22:09.907-0500] {dag.py:4180} INFO - Setting next_dagrun for football_data_pipeline to 2025-03-03 00:00:00+00:00, run_after=2025-03-04 00:00:00+00:00
[2025-03-03T19:22:09.913-0500] {processor.py:208} INFO - Processing /Users/kartikvadhawana/Desktop/match/Football_Prediction_System/data_pipeline/airflow/dags/football_pipeline.py took 0.046 seconds
[2025-03-03T19:23:27.639-0500] {processor.py:186} INFO - Started process (PID=90203) to work on /Users/kartikvadhawana/Desktop/match/Football_Prediction_System/data_pipeline/airflow/dags/football_pipeline.py
[2025-03-03T19:23:27.640-0500] {processor.py:914} INFO - Processing file /Users/kartikvadhawana/Desktop/match/Football_Prediction_System/data_pipeline/airflow/dags/football_pipeline.py for tasks to queue
[2025-03-03T19:23:27.640-0500] {logging_mixin.py:190} INFO - [2025-03-03T19:23:27.640-0500] {dagbag.py:588} INFO - Filling up the DagBag from /Users/kartikvadhawana/Desktop/match/Football_Prediction_System/data_pipeline/airflow/dags/football_pipeline.py
[2025-03-03T19:23:27.649-0500] {processor.py:925} INFO - DAG(s) 'football_data_pipeline' retrieved from /Users/kartikvadhawana/Desktop/match/Football_Prediction_System/data_pipeline/airflow/dags/football_pipeline.py
[2025-03-03T19:23:27.675-0500] {logging_mixin.py:190} INFO - [2025-03-03T19:23:27.675-0500] {dag.py:3239} INFO - Sync 1 DAGs
[2025-03-03T19:23:27.680-0500] {logging_mixin.py:190} INFO - [2025-03-03T19:23:27.680-0500] {dag.py:4180} INFO - Setting next_dagrun for football_data_pipeline to 2025-03-03 00:00:00+00:00, run_after=2025-03-04 00:00:00+00:00
[2025-03-03T19:23:27.685-0500] {processor.py:208} INFO - Processing /Users/kartikvadhawana/Desktop/match/Football_Prediction_System/data_pipeline/airflow/dags/football_pipeline.py took 0.047 seconds
[2025-03-03T19:24:49.643-0500] {processor.py:186} INFO - Started process (PID=90533) to work on /Users/kartikvadhawana/Desktop/match/Football_Prediction_System/data_pipeline/airflow/dags/football_pipeline.py
[2025-03-03T19:24:49.644-0500] {processor.py:914} INFO - Processing file /Users/kartikvadhawana/Desktop/match/Football_Prediction_System/data_pipeline/airflow/dags/football_pipeline.py for tasks to queue
[2025-03-03T19:24:49.644-0500] {logging_mixin.py:190} INFO - [2025-03-03T19:24:49.644-0500] {dagbag.py:588} INFO - Filling up the DagBag from /Users/kartikvadhawana/Desktop/match/Football_Prediction_System/data_pipeline/airflow/dags/football_pipeline.py
[2025-03-03T19:24:49.653-0500] {processor.py:925} INFO - DAG(s) 'football_data_pipeline' retrieved from /Users/kartikvadhawana/Desktop/match/Football_Prediction_System/data_pipeline/airflow/dags/football_pipeline.py
[2025-03-03T19:24:49.678-0500] {logging_mixin.py:190} INFO - [2025-03-03T19:24:49.678-0500] {dag.py:3239} INFO - Sync 1 DAGs
[2025-03-03T19:24:49.683-0500] {logging_mixin.py:190} INFO - [2025-03-03T19:24:49.683-0500] {dag.py:4180} INFO - Setting next_dagrun for football_data_pipeline to 2025-03-03 00:00:00+00:00, run_after=2025-03-04 00:00:00+00:00
[2025-03-03T19:24:49.689-0500] {processor.py:208} INFO - Processing /Users/kartikvadhawana/Desktop/match/Football_Prediction_System/data_pipeline/airflow/dags/football_pipeline.py took 0.047 seconds
[2025-03-03T19:26:19.697-0500] {processor.py:186} INFO - Started process (PID=90965) to work on /Users/kartikvadhawana/Desktop/match/Football_Prediction_System/data_pipeline/airflow/dags/football_pipeline.py
[2025-03-03T19:26:19.698-0500] {processor.py:914} INFO - Processing file /Users/kartikvadhawana/Desktop/match/Football_Prediction_System/data_pipeline/airflow/dags/football_pipeline.py for tasks to queue
[2025-03-03T19:26:19.699-0500] {logging_mixin.py:190} INFO - [2025-03-03T19:26:19.699-0500] {dagbag.py:588} INFO - Filling up the DagBag from /Users/kartikvadhawana/Desktop/match/Football_Prediction_System/data_pipeline/airflow/dags/football_pipeline.py
[2025-03-03T19:26:19.707-0500] {processor.py:925} INFO - DAG(s) 'football_data_pipeline' retrieved from /Users/kartikvadhawana/Desktop/match/Football_Prediction_System/data_pipeline/airflow/dags/football_pipeline.py
[2025-03-03T19:26:19.733-0500] {logging_mixin.py:190} INFO - [2025-03-03T19:26:19.733-0500] {dag.py:3239} INFO - Sync 1 DAGs
[2025-03-03T19:26:19.738-0500] {logging_mixin.py:190} INFO - [2025-03-03T19:26:19.738-0500] {dag.py:4180} INFO - Setting next_dagrun for football_data_pipeline to 2025-03-03 00:00:00+00:00, run_after=2025-03-04 00:00:00+00:00
[2025-03-03T19:26:19.743-0500] {processor.py:208} INFO - Processing /Users/kartikvadhawana/Desktop/match/Football_Prediction_System/data_pipeline/airflow/dags/football_pipeline.py took 0.047 seconds
[2025-03-03T19:27:19.824-0500] {processor.py:186} INFO - Started process (PID=91205) to work on /Users/kartikvadhawana/Desktop/match/Football_Prediction_System/data_pipeline/airflow/dags/football_pipeline.py
[2025-03-03T19:27:19.825-0500] {processor.py:914} INFO - Processing file /Users/kartikvadhawana/Desktop/match/Football_Prediction_System/data_pipeline/airflow/dags/football_pipeline.py for tasks to queue
[2025-03-03T19:27:19.825-0500] {logging_mixin.py:190} INFO - [2025-03-03T19:27:19.825-0500] {dagbag.py:588} INFO - Filling up the DagBag from /Users/kartikvadhawana/Desktop/match/Football_Prediction_System/data_pipeline/airflow/dags/football_pipeline.py
[2025-03-03T19:27:19.834-0500] {processor.py:925} INFO - DAG(s) 'football_data_pipeline' retrieved from /Users/kartikvadhawana/Desktop/match/Football_Prediction_System/data_pipeline/airflow/dags/football_pipeline.py
[2025-03-03T19:27:19.859-0500] {logging_mixin.py:190} INFO - [2025-03-03T19:27:19.859-0500] {dag.py:3239} INFO - Sync 1 DAGs
[2025-03-03T19:27:19.864-0500] {logging_mixin.py:190} INFO - [2025-03-03T19:27:19.864-0500] {dag.py:4180} INFO - Setting next_dagrun for football_data_pipeline to 2025-03-03 00:00:00+00:00, run_after=2025-03-04 00:00:00+00:00
[2025-03-03T19:27:19.869-0500] {processor.py:208} INFO - Processing /Users/kartikvadhawana/Desktop/match/Football_Prediction_System/data_pipeline/airflow/dags/football_pipeline.py took 0.046 seconds
[2025-03-03T19:29:07.899-0500] {processor.py:186} INFO - Started process (PID=91572) to work on /Users/kartikvadhawana/Desktop/match/Football_Prediction_System/data_pipeline/airflow/dags/football_pipeline.py
[2025-03-03T19:29:07.900-0500] {processor.py:914} INFO - Processing file /Users/kartikvadhawana/Desktop/match/Football_Prediction_System/data_pipeline/airflow/dags/football_pipeline.py for tasks to queue
[2025-03-03T19:29:07.901-0500] {logging_mixin.py:190} INFO - [2025-03-03T19:29:07.900-0500] {dagbag.py:588} INFO - Filling up the DagBag from /Users/kartikvadhawana/Desktop/match/Football_Prediction_System/data_pipeline/airflow/dags/football_pipeline.py
[2025-03-03T19:29:07.909-0500] {processor.py:925} INFO - DAG(s) 'football_data_pipeline' retrieved from /Users/kartikvadhawana/Desktop/match/Football_Prediction_System/data_pipeline/airflow/dags/football_pipeline.py
[2025-03-03T19:29:07.937-0500] {logging_mixin.py:190} INFO - [2025-03-03T19:29:07.937-0500] {dag.py:3239} INFO - Sync 1 DAGs
[2025-03-03T19:29:07.942-0500] {logging_mixin.py:190} INFO - [2025-03-03T19:29:07.942-0500] {dag.py:4180} INFO - Setting next_dagrun for football_data_pipeline to 2025-03-03 00:00:00+00:00, run_after=2025-03-04 00:00:00+00:00
[2025-03-03T19:29:07.949-0500] {processor.py:208} INFO - Processing /Users/kartikvadhawana/Desktop/match/Football_Prediction_System/data_pipeline/airflow/dags/football_pipeline.py took 0.051 seconds
[2025-03-03T19:30:25.063-0500] {processor.py:186} INFO - Started process (PID=91811) to work on /Users/kartikvadhawana/Desktop/match/Football_Prediction_System/data_pipeline/airflow/dags/football_pipeline.py
[2025-03-03T19:30:25.063-0500] {processor.py:914} INFO - Processing file /Users/kartikvadhawana/Desktop/match/Football_Prediction_System/data_pipeline/airflow/dags/football_pipeline.py for tasks to queue
[2025-03-03T19:30:25.064-0500] {logging_mixin.py:190} INFO - [2025-03-03T19:30:25.063-0500] {dagbag.py:588} INFO - Filling up the DagBag from /Users/kartikvadhawana/Desktop/match/Football_Prediction_System/data_pipeline/airflow/dags/football_pipeline.py
[2025-03-03T19:30:25.072-0500] {processor.py:925} INFO - DAG(s) 'football_data_pipeline' retrieved from /Users/kartikvadhawana/Desktop/match/Football_Prediction_System/data_pipeline/airflow/dags/football_pipeline.py
[2025-03-03T19:30:25.097-0500] {logging_mixin.py:190} INFO - [2025-03-03T19:30:25.097-0500] {dag.py:3239} INFO - Sync 1 DAGs
[2025-03-03T19:30:25.102-0500] {logging_mixin.py:190} INFO - [2025-03-03T19:30:25.102-0500] {dag.py:4180} INFO - Setting next_dagrun for football_data_pipeline to 2025-03-03 00:00:00+00:00, run_after=2025-03-04 00:00:00+00:00
[2025-03-03T19:30:25.108-0500] {processor.py:208} INFO - Processing /Users/kartikvadhawana/Desktop/match/Football_Prediction_System/data_pipeline/airflow/dags/football_pipeline.py took 0.046 seconds
[2025-03-03T19:31:37.601-0500] {processor.py:186} INFO - Started process (PID=92026) to work on /Users/kartikvadhawana/Desktop/match/Football_Prediction_System/data_pipeline/airflow/dags/football_pipeline.py
[2025-03-03T19:31:37.602-0500] {processor.py:914} INFO - Processing file /Users/kartikvadhawana/Desktop/match/Football_Prediction_System/data_pipeline/airflow/dags/football_pipeline.py for tasks to queue
[2025-03-03T19:31:37.603-0500] {logging_mixin.py:190} INFO - [2025-03-03T19:31:37.603-0500] {dagbag.py:588} INFO - Filling up the DagBag from /Users/kartikvadhawana/Desktop/match/Football_Prediction_System/data_pipeline/airflow/dags/football_pipeline.py
[2025-03-03T19:31:37.611-0500] {processor.py:925} INFO - DAG(s) 'football_data_pipeline' retrieved from /Users/kartikvadhawana/Desktop/match/Football_Prediction_System/data_pipeline/airflow/dags/football_pipeline.py
[2025-03-03T19:31:37.637-0500] {logging_mixin.py:190} INFO - [2025-03-03T19:31:37.637-0500] {dag.py:3239} INFO - Sync 1 DAGs
[2025-03-03T19:31:37.642-0500] {logging_mixin.py:190} INFO - [2025-03-03T19:31:37.642-0500] {dag.py:4180} INFO - Setting next_dagrun for football_data_pipeline to 2025-03-03 00:00:00+00:00, run_after=2025-03-04 00:00:00+00:00
[2025-03-03T19:31:37.648-0500] {processor.py:208} INFO - Processing /Users/kartikvadhawana/Desktop/match/Football_Prediction_System/data_pipeline/airflow/dags/football_pipeline.py took 0.048 seconds
[2025-03-03T19:33:27.802-0500] {processor.py:186} INFO - Started process (PID=92382) to work on /Users/kartikvadhawana/Desktop/match/Football_Prediction_System/data_pipeline/airflow/dags/football_pipeline.py
[2025-03-03T19:33:27.802-0500] {processor.py:914} INFO - Processing file /Users/kartikvadhawana/Desktop/match/Football_Prediction_System/data_pipeline/airflow/dags/football_pipeline.py for tasks to queue
[2025-03-03T19:33:27.803-0500] {logging_mixin.py:190} INFO - [2025-03-03T19:33:27.803-0500] {dagbag.py:588} INFO - Filling up the DagBag from /Users/kartikvadhawana/Desktop/match/Football_Prediction_System/data_pipeline/airflow/dags/football_pipeline.py
[2025-03-03T19:33:27.812-0500] {processor.py:925} INFO - DAG(s) 'football_data_pipeline' retrieved from /Users/kartikvadhawana/Desktop/match/Football_Prediction_System/data_pipeline/airflow/dags/football_pipeline.py
[2025-03-03T19:33:27.838-0500] {logging_mixin.py:190} INFO - [2025-03-03T19:33:27.838-0500] {dag.py:3239} INFO - Sync 1 DAGs
[2025-03-03T19:33:27.843-0500] {logging_mixin.py:190} INFO - [2025-03-03T19:33:27.843-0500] {dag.py:4180} INFO - Setting next_dagrun for football_data_pipeline to 2025-03-03 00:00:00+00:00, run_after=2025-03-04 00:00:00+00:00
[2025-03-03T19:33:27.849-0500] {processor.py:208} INFO - Processing /Users/kartikvadhawana/Desktop/match/Football_Prediction_System/data_pipeline/airflow/dags/football_pipeline.py took 0.048 seconds
[2025-03-03T19:34:46.920-0500] {processor.py:186} INFO - Started process (PID=92563) to work on /Users/kartikvadhawana/Desktop/match/Football_Prediction_System/data_pipeline/airflow/dags/football_pipeline.py
[2025-03-03T19:34:46.921-0500] {processor.py:914} INFO - Processing file /Users/kartikvadhawana/Desktop/match/Football_Prediction_System/data_pipeline/airflow/dags/football_pipeline.py for tasks to queue
[2025-03-03T19:34:46.922-0500] {logging_mixin.py:190} INFO - [2025-03-03T19:34:46.922-0500] {dagbag.py:588} INFO - Filling up the DagBag from /Users/kartikvadhawana/Desktop/match/Football_Prediction_System/data_pipeline/airflow/dags/football_pipeline.py
[2025-03-03T19:34:46.931-0500] {processor.py:925} INFO - DAG(s) 'football_data_pipeline' retrieved from /Users/kartikvadhawana/Desktop/match/Football_Prediction_System/data_pipeline/airflow/dags/football_pipeline.py
[2025-03-03T19:34:46.957-0500] {logging_mixin.py:190} INFO - [2025-03-03T19:34:46.957-0500] {dag.py:3239} INFO - Sync 1 DAGs
[2025-03-03T19:34:46.962-0500] {logging_mixin.py:190} INFO - [2025-03-03T19:34:46.961-0500] {dag.py:4180} INFO - Setting next_dagrun for football_data_pipeline to 2025-03-03 00:00:00+00:00, run_after=2025-03-04 00:00:00+00:00
[2025-03-03T19:34:46.967-0500] {processor.py:208} INFO - Processing /Users/kartikvadhawana/Desktop/match/Football_Prediction_System/data_pipeline/airflow/dags/football_pipeline.py took 0.048 seconds
[2025-03-03T19:36:04.578-0500] {processor.py:186} INFO - Started process (PID=92733) to work on /Users/kartikvadhawana/Desktop/match/Football_Prediction_System/data_pipeline/airflow/dags/football_pipeline.py
[2025-03-03T19:36:04.578-0500] {processor.py:914} INFO - Processing file /Users/kartikvadhawana/Desktop/match/Football_Prediction_System/data_pipeline/airflow/dags/football_pipeline.py for tasks to queue
[2025-03-03T19:36:04.579-0500] {logging_mixin.py:190} INFO - [2025-03-03T19:36:04.578-0500] {dagbag.py:588} INFO - Filling up the DagBag from /Users/kartikvadhawana/Desktop/match/Football_Prediction_System/data_pipeline/airflow/dags/football_pipeline.py
[2025-03-03T19:36:04.589-0500] {processor.py:925} INFO - DAG(s) 'football_data_pipeline' retrieved from /Users/kartikvadhawana/Desktop/match/Football_Prediction_System/data_pipeline/airflow/dags/football_pipeline.py
[2025-03-03T19:36:04.615-0500] {logging_mixin.py:190} INFO - [2025-03-03T19:36:04.615-0500] {dag.py:3239} INFO - Sync 1 DAGs
[2025-03-03T19:36:04.620-0500] {logging_mixin.py:190} INFO - [2025-03-03T19:36:04.620-0500] {dag.py:4180} INFO - Setting next_dagrun for football_data_pipeline to 2025-03-03 00:00:00+00:00, run_after=2025-03-04 00:00:00+00:00
[2025-03-03T19:36:04.625-0500] {processor.py:208} INFO - Processing /Users/kartikvadhawana/Desktop/match/Football_Prediction_System/data_pipeline/airflow/dags/football_pipeline.py took 0.049 seconds
[2025-03-03T19:37:26.242-0500] {processor.py:186} INFO - Started process (PID=92921) to work on /Users/kartikvadhawana/Desktop/match/Football_Prediction_System/data_pipeline/airflow/dags/football_pipeline.py
[2025-03-03T19:37:26.243-0500] {processor.py:914} INFO - Processing file /Users/kartikvadhawana/Desktop/match/Football_Prediction_System/data_pipeline/airflow/dags/football_pipeline.py for tasks to queue
[2025-03-03T19:37:26.244-0500] {logging_mixin.py:190} INFO - [2025-03-03T19:37:26.244-0500] {dagbag.py:588} INFO - Filling up the DagBag from /Users/kartikvadhawana/Desktop/match/Football_Prediction_System/data_pipeline/airflow/dags/football_pipeline.py
[2025-03-03T19:37:26.252-0500] {processor.py:925} INFO - DAG(s) 'football_data_pipeline' retrieved from /Users/kartikvadhawana/Desktop/match/Football_Prediction_System/data_pipeline/airflow/dags/football_pipeline.py
[2025-03-03T19:37:26.279-0500] {logging_mixin.py:190} INFO - [2025-03-03T19:37:26.279-0500] {dag.py:3239} INFO - Sync 1 DAGs
[2025-03-03T19:37:26.284-0500] {logging_mixin.py:190} INFO - [2025-03-03T19:37:26.284-0500] {dag.py:4180} INFO - Setting next_dagrun for football_data_pipeline to 2025-03-03 00:00:00+00:00, run_after=2025-03-04 00:00:00+00:00
[2025-03-03T19:37:26.289-0500] {processor.py:208} INFO - Processing /Users/kartikvadhawana/Desktop/match/Football_Prediction_System/data_pipeline/airflow/dags/football_pipeline.py took 0.048 seconds
[2025-03-03T19:38:47.718-0500] {processor.py:186} INFO - Started process (PID=93106) to work on /Users/kartikvadhawana/Desktop/match/Football_Prediction_System/data_pipeline/airflow/dags/football_pipeline.py
[2025-03-03T19:38:47.719-0500] {processor.py:914} INFO - Processing file /Users/kartikvadhawana/Desktop/match/Football_Prediction_System/data_pipeline/airflow/dags/football_pipeline.py for tasks to queue
[2025-03-03T19:38:47.720-0500] {logging_mixin.py:190} INFO - [2025-03-03T19:38:47.720-0500] {dagbag.py:588} INFO - Filling up the DagBag from /Users/kartikvadhawana/Desktop/match/Football_Prediction_System/data_pipeline/airflow/dags/football_pipeline.py
[2025-03-03T19:38:47.729-0500] {processor.py:925} INFO - DAG(s) 'football_data_pipeline' retrieved from /Users/kartikvadhawana/Desktop/match/Football_Prediction_System/data_pipeline/airflow/dags/football_pipeline.py
[2025-03-03T19:38:47.755-0500] {logging_mixin.py:190} INFO - [2025-03-03T19:38:47.755-0500] {dag.py:3239} INFO - Sync 1 DAGs
[2025-03-03T19:38:47.760-0500] {logging_mixin.py:190} INFO - [2025-03-03T19:38:47.760-0500] {dag.py:4180} INFO - Setting next_dagrun for football_data_pipeline to 2025-03-03 00:00:00+00:00, run_after=2025-03-04 00:00:00+00:00
[2025-03-03T19:38:47.766-0500] {processor.py:208} INFO - Processing /Users/kartikvadhawana/Desktop/match/Football_Prediction_System/data_pipeline/airflow/dags/football_pipeline.py took 0.049 seconds
[2025-03-03T19:40:06.775-0500] {processor.py:186} INFO - Started process (PID=93290) to work on /Users/kartikvadhawana/Desktop/match/Football_Prediction_System/data_pipeline/airflow/dags/football_pipeline.py
[2025-03-03T19:40:06.776-0500] {processor.py:914} INFO - Processing file /Users/kartikvadhawana/Desktop/match/Football_Prediction_System/data_pipeline/airflow/dags/football_pipeline.py for tasks to queue
[2025-03-03T19:40:06.777-0500] {logging_mixin.py:190} INFO - [2025-03-03T19:40:06.777-0500] {dagbag.py:588} INFO - Filling up the DagBag from /Users/kartikvadhawana/Desktop/match/Football_Prediction_System/data_pipeline/airflow/dags/football_pipeline.py
[2025-03-03T19:40:06.786-0500] {processor.py:925} INFO - DAG(s) 'football_data_pipeline' retrieved from /Users/kartikvadhawana/Desktop/match/Football_Prediction_System/data_pipeline/airflow/dags/football_pipeline.py
[2025-03-03T19:40:06.813-0500] {logging_mixin.py:190} INFO - [2025-03-03T19:40:06.813-0500] {dag.py:3239} INFO - Sync 1 DAGs
[2025-03-03T19:40:06.818-0500] {logging_mixin.py:190} INFO - [2025-03-03T19:40:06.817-0500] {dag.py:4180} INFO - Setting next_dagrun for football_data_pipeline to 2025-03-03 00:00:00+00:00, run_after=2025-03-04 00:00:00+00:00
[2025-03-03T19:40:06.823-0500] {processor.py:208} INFO - Processing /Users/kartikvadhawana/Desktop/match/Football_Prediction_System/data_pipeline/airflow/dags/football_pipeline.py took 0.049 seconds
[2025-03-03T19:41:27.748-0500] {processor.py:186} INFO - Started process (PID=93596) to work on /Users/kartikvadhawana/Desktop/match/Football_Prediction_System/data_pipeline/airflow/dags/football_pipeline.py
[2025-03-03T19:41:27.749-0500] {processor.py:914} INFO - Processing file /Users/kartikvadhawana/Desktop/match/Football_Prediction_System/data_pipeline/airflow/dags/football_pipeline.py for tasks to queue
[2025-03-03T19:41:27.750-0500] {logging_mixin.py:190} INFO - [2025-03-03T19:41:27.750-0500] {dagbag.py:588} INFO - Filling up the DagBag from /Users/kartikvadhawana/Desktop/match/Football_Prediction_System/data_pipeline/airflow/dags/football_pipeline.py
[2025-03-03T19:41:27.760-0500] {processor.py:925} INFO - DAG(s) 'football_data_pipeline' retrieved from /Users/kartikvadhawana/Desktop/match/Football_Prediction_System/data_pipeline/airflow/dags/football_pipeline.py
[2025-03-03T19:41:27.787-0500] {logging_mixin.py:190} INFO - [2025-03-03T19:41:27.787-0500] {dag.py:3239} INFO - Sync 1 DAGs
[2025-03-03T19:41:27.792-0500] {logging_mixin.py:190} INFO - [2025-03-03T19:41:27.792-0500] {dag.py:4180} INFO - Setting next_dagrun for football_data_pipeline to 2025-03-03 00:00:00+00:00, run_after=2025-03-04 00:00:00+00:00
[2025-03-03T19:41:27.798-0500] {processor.py:208} INFO - Processing /Users/kartikvadhawana/Desktop/match/Football_Prediction_System/data_pipeline/airflow/dags/football_pipeline.py took 0.051 seconds
[2025-03-03T19:41:36.869-0500] {processor.py:186} INFO - Started process (PID=93672) to work on /Users/kartikvadhawana/Desktop/match/Football_Prediction_System/data_pipeline/airflow/dags/football_pipeline.py
[2025-03-03T19:41:36.870-0500] {processor.py:914} INFO - Processing file /Users/kartikvadhawana/Desktop/match/Football_Prediction_System/data_pipeline/airflow/dags/football_pipeline.py for tasks to queue
[2025-03-03T19:41:36.870-0500] {logging_mixin.py:190} INFO - [2025-03-03T19:41:36.870-0500] {dagbag.py:588} INFO - Filling up the DagBag from /Users/kartikvadhawana/Desktop/match/Football_Prediction_System/data_pipeline/airflow/dags/football_pipeline.py
[2025-03-03T19:41:36.879-0500] {processor.py:925} INFO - DAG(s) 'football_data_pipeline' retrieved from /Users/kartikvadhawana/Desktop/match/Football_Prediction_System/data_pipeline/airflow/dags/football_pipeline.py
[2025-03-03T19:41:36.905-0500] {logging_mixin.py:190} INFO - [2025-03-03T19:41:36.905-0500] {dag.py:3239} INFO - Sync 1 DAGs
[2025-03-03T19:41:36.910-0500] {logging_mixin.py:190} INFO - [2025-03-03T19:41:36.910-0500] {dag.py:4180} INFO - Setting next_dagrun for football_data_pipeline to 2025-03-03 00:00:00+00:00, run_after=2025-03-04 00:00:00+00:00
[2025-03-03T19:41:36.916-0500] {processor.py:208} INFO - Processing /Users/kartikvadhawana/Desktop/match/Football_Prediction_System/data_pipeline/airflow/dags/football_pipeline.py took 0.047 seconds
[2025-03-03T19:43:23.337-0500] {processor.py:186} INFO - Started process (PID=93946) to work on /Users/kartikvadhawana/Desktop/match/Football_Prediction_System/data_pipeline/airflow/dags/football_pipeline.py
[2025-03-03T19:43:23.338-0500] {processor.py:914} INFO - Processing file /Users/kartikvadhawana/Desktop/match/Football_Prediction_System/data_pipeline/airflow/dags/football_pipeline.py for tasks to queue
[2025-03-03T19:43:23.338-0500] {logging_mixin.py:190} INFO - [2025-03-03T19:43:23.338-0500] {dagbag.py:588} INFO - Filling up the DagBag from /Users/kartikvadhawana/Desktop/match/Football_Prediction_System/data_pipeline/airflow/dags/football_pipeline.py
[2025-03-03T19:43:23.347-0500] {processor.py:925} INFO - DAG(s) 'football_data_pipeline' retrieved from /Users/kartikvadhawana/Desktop/match/Football_Prediction_System/data_pipeline/airflow/dags/football_pipeline.py
[2025-03-03T19:43:23.373-0500] {logging_mixin.py:190} INFO - [2025-03-03T19:43:23.373-0500] {dag.py:3239} INFO - Sync 1 DAGs
[2025-03-03T19:43:23.378-0500] {logging_mixin.py:190} INFO - [2025-03-03T19:43:23.378-0500] {dag.py:4180} INFO - Setting next_dagrun for football_data_pipeline to 2025-03-03 00:00:00+00:00, run_after=2025-03-04 00:00:00+00:00
[2025-03-03T19:43:23.383-0500] {processor.py:208} INFO - Processing /Users/kartikvadhawana/Desktop/match/Football_Prediction_System/data_pipeline/airflow/dags/football_pipeline.py took 0.047 seconds
[2025-03-03T19:44:47.038-0500] {processor.py:186} INFO - Started process (PID=94117) to work on /Users/kartikvadhawana/Desktop/match/Football_Prediction_System/data_pipeline/airflow/dags/football_pipeline.py
[2025-03-03T19:44:47.039-0500] {processor.py:914} INFO - Processing file /Users/kartikvadhawana/Desktop/match/Football_Prediction_System/data_pipeline/airflow/dags/football_pipeline.py for tasks to queue
[2025-03-03T19:44:47.040-0500] {logging_mixin.py:190} INFO - [2025-03-03T19:44:47.040-0500] {dagbag.py:588} INFO - Filling up the DagBag from /Users/kartikvadhawana/Desktop/match/Football_Prediction_System/data_pipeline/airflow/dags/football_pipeline.py
[2025-03-03T19:44:47.049-0500] {processor.py:925} INFO - DAG(s) 'football_data_pipeline' retrieved from /Users/kartikvadhawana/Desktop/match/Football_Prediction_System/data_pipeline/airflow/dags/football_pipeline.py
[2025-03-03T19:44:47.051-0500] {logging_mixin.py:190} INFO - [2025-03-03T19:44:47.051-0500] {dag.py:3239} INFO - Sync 1 DAGs
[2025-03-03T19:44:47.077-0500] {logging_mixin.py:190} INFO - [2025-03-03T19:44:47.076-0500] {dag.py:4180} INFO - Setting next_dagrun for football_data_pipeline to 2025-03-03 00:00:00+00:00, run_after=2025-03-04 00:00:00+00:00
[2025-03-03T19:44:47.082-0500] {processor.py:208} INFO - Processing /Users/kartikvadhawana/Desktop/match/Football_Prediction_System/data_pipeline/airflow/dags/football_pipeline.py took 0.045 seconds
[2025-03-03T19:48:00.000-0500] {processor.py:186} INFO - Started process (PID=94574) to work on /Users/kartikvadhawana/Desktop/match/Football_Prediction_System/data_pipeline/airflow/dags/football_pipeline.py
[2025-03-03T19:48:00.000-0500] {processor.py:914} INFO - Processing file /Users/kartikvadhawana/Desktop/match/Football_Prediction_System/data_pipeline/airflow/dags/football_pipeline.py for tasks to queue
[2025-03-03T19:48:00.001-0500] {logging_mixin.py:190} INFO - [2025-03-03T19:48:00.001-0500] {dagbag.py:588} INFO - Filling up the DagBag from /Users/kartikvadhawana/Desktop/match/Football_Prediction_System/data_pipeline/airflow/dags/football_pipeline.py
[2025-03-03T19:48:00.009-0500] {processor.py:925} INFO - DAG(s) 'football_data_pipeline' retrieved from /Users/kartikvadhawana/Desktop/match/Football_Prediction_System/data_pipeline/airflow/dags/football_pipeline.py
[2025-03-03T19:48:00.069-0500] {logging_mixin.py:190} INFO - [2025-03-03T19:48:00.069-0500] {dag.py:3239} INFO - Sync 1 DAGs
[2025-03-03T19:48:00.074-0500] {logging_mixin.py:190} INFO - [2025-03-03T19:48:00.074-0500] {dag.py:4180} INFO - Setting next_dagrun for football_data_pipeline to 2025-03-03 00:00:00+00:00, run_after=2025-03-04 00:00:00+00:00
[2025-03-03T19:48:00.079-0500] {processor.py:208} INFO - Processing /Users/kartikvadhawana/Desktop/match/Football_Prediction_System/data_pipeline/airflow/dags/football_pipeline.py took 0.081 seconds
[2025-03-03T19:49:52.513-0500] {processor.py:186} INFO - Started process (PID=94803) to work on /Users/kartikvadhawana/Desktop/match/Football_Prediction_System/data_pipeline/airflow/dags/football_pipeline.py
[2025-03-03T19:49:52.514-0500] {processor.py:914} INFO - Processing file /Users/kartikvadhawana/Desktop/match/Football_Prediction_System/data_pipeline/airflow/dags/football_pipeline.py for tasks to queue
[2025-03-03T19:49:52.515-0500] {logging_mixin.py:190} INFO - [2025-03-03T19:49:52.515-0500] {dagbag.py:588} INFO - Filling up the DagBag from /Users/kartikvadhawana/Desktop/match/Football_Prediction_System/data_pipeline/airflow/dags/football_pipeline.py
[2025-03-03T19:49:52.523-0500] {processor.py:925} INFO - DAG(s) 'football_data_pipeline' retrieved from /Users/kartikvadhawana/Desktop/match/Football_Prediction_System/data_pipeline/airflow/dags/football_pipeline.py
[2025-03-03T19:49:52.525-0500] {logging_mixin.py:190} INFO - [2025-03-03T19:49:52.525-0500] {dag.py:3239} INFO - Sync 1 DAGs
[2025-03-03T19:49:52.551-0500] {logging_mixin.py:190} INFO - [2025-03-03T19:49:52.551-0500] {dag.py:4180} INFO - Setting next_dagrun for football_data_pipeline to 2025-03-03 00:00:00+00:00, run_after=2025-03-04 00:00:00+00:00
[2025-03-03T19:49:52.556-0500] {processor.py:208} INFO - Processing /Users/kartikvadhawana/Desktop/match/Football_Prediction_System/data_pipeline/airflow/dags/football_pipeline.py took 0.044 seconds
[2025-03-03T19:51:11.634-0500] {processor.py:186} INFO - Started process (PID=94898) to work on /Users/kartikvadhawana/Desktop/match/Football_Prediction_System/data_pipeline/airflow/dags/football_pipeline.py
[2025-03-03T19:51:11.634-0500] {processor.py:914} INFO - Processing file /Users/kartikvadhawana/Desktop/match/Football_Prediction_System/data_pipeline/airflow/dags/football_pipeline.py for tasks to queue
[2025-03-03T19:51:11.634-0500] {logging_mixin.py:190} INFO - [2025-03-03T19:51:11.634-0500] {dagbag.py:588} INFO - Filling up the DagBag from /Users/kartikvadhawana/Desktop/match/Football_Prediction_System/data_pipeline/airflow/dags/football_pipeline.py
[2025-03-03T19:51:11.643-0500] {processor.py:925} INFO - DAG(s) 'football_data_pipeline' retrieved from /Users/kartikvadhawana/Desktop/match/Football_Prediction_System/data_pipeline/airflow/dags/football_pipeline.py
[2025-03-03T19:51:11.694-0500] {logging_mixin.py:190} INFO - [2025-03-03T19:51:11.694-0500] {dag.py:3239} INFO - Sync 1 DAGs
[2025-03-03T19:51:11.699-0500] {logging_mixin.py:190} INFO - [2025-03-03T19:51:11.699-0500] {dag.py:4180} INFO - Setting next_dagrun for football_data_pipeline to 2025-03-03 00:00:00+00:00, run_after=2025-03-04 00:00:00+00:00
[2025-03-03T19:51:11.704-0500] {processor.py:208} INFO - Processing /Users/kartikvadhawana/Desktop/match/Football_Prediction_System/data_pipeline/airflow/dags/football_pipeline.py took 0.072 seconds
[2025-03-03T19:52:32.752-0500] {processor.py:186} INFO - Started process (PID=95055) to work on /Users/kartikvadhawana/Desktop/match/Football_Prediction_System/data_pipeline/airflow/dags/football_pipeline.py
[2025-03-03T19:52:32.753-0500] {processor.py:914} INFO - Processing file /Users/kartikvadhawana/Desktop/match/Football_Prediction_System/data_pipeline/airflow/dags/football_pipeline.py for tasks to queue
[2025-03-03T19:52:32.753-0500] {logging_mixin.py:190} INFO - [2025-03-03T19:52:32.753-0500] {dagbag.py:588} INFO - Filling up the DagBag from /Users/kartikvadhawana/Desktop/match/Football_Prediction_System/data_pipeline/airflow/dags/football_pipeline.py
[2025-03-03T19:52:32.763-0500] {processor.py:925} INFO - DAG(s) 'football_data_pipeline' retrieved from /Users/kartikvadhawana/Desktop/match/Football_Prediction_System/data_pipeline/airflow/dags/football_pipeline.py
[2025-03-03T19:52:32.765-0500] {logging_mixin.py:190} INFO - [2025-03-03T19:52:32.765-0500] {dag.py:3239} INFO - Sync 1 DAGs
[2025-03-03T19:52:32.793-0500] {logging_mixin.py:190} INFO - [2025-03-03T19:52:32.793-0500] {dag.py:4180} INFO - Setting next_dagrun for football_data_pipeline to 2025-03-03 00:00:00+00:00, run_after=2025-03-04 00:00:00+00:00
[2025-03-03T19:52:32.799-0500] {processor.py:208} INFO - Processing /Users/kartikvadhawana/Desktop/match/Football_Prediction_System/data_pipeline/airflow/dags/football_pipeline.py took 0.048 seconds
[2025-03-03T19:53:54.915-0500] {processor.py:186} INFO - Started process (PID=95254) to work on /Users/kartikvadhawana/Desktop/match/Football_Prediction_System/data_pipeline/airflow/dags/football_pipeline.py
[2025-03-03T19:53:54.915-0500] {processor.py:914} INFO - Processing file /Users/kartikvadhawana/Desktop/match/Football_Prediction_System/data_pipeline/airflow/dags/football_pipeline.py for tasks to queue
[2025-03-03T19:53:54.916-0500] {logging_mixin.py:190} INFO - [2025-03-03T19:53:54.916-0500] {dagbag.py:588} INFO - Filling up the DagBag from /Users/kartikvadhawana/Desktop/match/Football_Prediction_System/data_pipeline/airflow/dags/football_pipeline.py
[2025-03-03T19:53:54.924-0500] {processor.py:925} INFO - DAG(s) 'football_data_pipeline' retrieved from /Users/kartikvadhawana/Desktop/match/Football_Prediction_System/data_pipeline/airflow/dags/football_pipeline.py
[2025-03-03T19:53:54.987-0500] {logging_mixin.py:190} INFO - [2025-03-03T19:53:54.987-0500] {dag.py:3239} INFO - Sync 1 DAGs
[2025-03-03T19:53:54.992-0500] {logging_mixin.py:190} INFO - [2025-03-03T19:53:54.992-0500] {dag.py:4180} INFO - Setting next_dagrun for football_data_pipeline to 2025-03-03 00:00:00+00:00, run_after=2025-03-04 00:00:00+00:00
[2025-03-03T19:53:54.997-0500] {processor.py:208} INFO - Processing /Users/kartikvadhawana/Desktop/match/Football_Prediction_System/data_pipeline/airflow/dags/football_pipeline.py took 0.084 seconds
[2025-03-03T19:55:17.254-0500] {processor.py:186} INFO - Started process (PID=95450) to work on /Users/kartikvadhawana/Desktop/match/Football_Prediction_System/data_pipeline/airflow/dags/football_pipeline.py
[2025-03-03T19:55:17.255-0500] {processor.py:914} INFO - Processing file /Users/kartikvadhawana/Desktop/match/Football_Prediction_System/data_pipeline/airflow/dags/football_pipeline.py for tasks to queue
[2025-03-03T19:55:17.255-0500] {logging_mixin.py:190} INFO - [2025-03-03T19:55:17.255-0500] {dagbag.py:588} INFO - Filling up the DagBag from /Users/kartikvadhawana/Desktop/match/Football_Prediction_System/data_pipeline/airflow/dags/football_pipeline.py
[2025-03-03T19:55:17.265-0500] {processor.py:925} INFO - DAG(s) 'football_data_pipeline' retrieved from /Users/kartikvadhawana/Desktop/match/Football_Prediction_System/data_pipeline/airflow/dags/football_pipeline.py
[2025-03-03T19:55:17.266-0500] {logging_mixin.py:190} INFO - [2025-03-03T19:55:17.266-0500] {dag.py:3239} INFO - Sync 1 DAGs
[2025-03-03T19:55:17.292-0500] {logging_mixin.py:190} INFO - [2025-03-03T19:55:17.292-0500] {dag.py:4180} INFO - Setting next_dagrun for football_data_pipeline to 2025-03-03 00:00:00+00:00, run_after=2025-03-04 00:00:00+00:00
[2025-03-03T19:55:17.298-0500] {processor.py:208} INFO - Processing /Users/kartikvadhawana/Desktop/match/Football_Prediction_System/data_pipeline/airflow/dags/football_pipeline.py took 0.045 seconds
[2025-03-03T19:56:38.988-0500] {processor.py:186} INFO - Started process (PID=95706) to work on /Users/kartikvadhawana/Desktop/match/Football_Prediction_System/data_pipeline/airflow/dags/football_pipeline.py
[2025-03-03T19:56:38.989-0500] {processor.py:914} INFO - Processing file /Users/kartikvadhawana/Desktop/match/Football_Prediction_System/data_pipeline/airflow/dags/football_pipeline.py for tasks to queue
[2025-03-03T19:56:38.990-0500] {logging_mixin.py:190} INFO - [2025-03-03T19:56:38.989-0500] {dagbag.py:588} INFO - Filling up the DagBag from /Users/kartikvadhawana/Desktop/match/Football_Prediction_System/data_pipeline/airflow/dags/football_pipeline.py
[2025-03-03T19:56:38.999-0500] {processor.py:925} INFO - DAG(s) 'football_data_pipeline' retrieved from /Users/kartikvadhawana/Desktop/match/Football_Prediction_System/data_pipeline/airflow/dags/football_pipeline.py
[2025-03-03T19:56:39.070-0500] {logging_mixin.py:190} INFO - [2025-03-03T19:56:39.070-0500] {dag.py:3239} INFO - Sync 1 DAGs
[2025-03-03T19:56:39.075-0500] {logging_mixin.py:190} INFO - [2025-03-03T19:56:39.075-0500] {dag.py:4180} INFO - Setting next_dagrun for football_data_pipeline to 2025-03-03 00:00:00+00:00, run_after=2025-03-04 00:00:00+00:00
[2025-03-03T19:56:39.081-0500] {processor.py:208} INFO - Processing /Users/kartikvadhawana/Desktop/match/Football_Prediction_System/data_pipeline/airflow/dags/football_pipeline.py took 0.094 seconds
[2025-03-03T19:58:00.960-0500] {processor.py:186} INFO - Started process (PID=95870) to work on /Users/kartikvadhawana/Desktop/match/Football_Prediction_System/data_pipeline/airflow/dags/football_pipeline.py
[2025-03-03T19:58:00.961-0500] {processor.py:914} INFO - Processing file /Users/kartikvadhawana/Desktop/match/Football_Prediction_System/data_pipeline/airflow/dags/football_pipeline.py for tasks to queue
[2025-03-03T19:58:00.962-0500] {logging_mixin.py:190} INFO - [2025-03-03T19:58:00.962-0500] {dagbag.py:588} INFO - Filling up the DagBag from /Users/kartikvadhawana/Desktop/match/Football_Prediction_System/data_pipeline/airflow/dags/football_pipeline.py
[2025-03-03T19:58:00.970-0500] {processor.py:925} INFO - DAG(s) 'football_data_pipeline' retrieved from /Users/kartikvadhawana/Desktop/match/Football_Prediction_System/data_pipeline/airflow/dags/football_pipeline.py
[2025-03-03T19:58:00.972-0500] {logging_mixin.py:190} INFO - [2025-03-03T19:58:00.972-0500] {dag.py:3239} INFO - Sync 1 DAGs
[2025-03-03T19:58:00.997-0500] {logging_mixin.py:190} INFO - [2025-03-03T19:58:00.997-0500] {dag.py:4180} INFO - Setting next_dagrun for football_data_pipeline to 2025-03-03 00:00:00+00:00, run_after=2025-03-04 00:00:00+00:00
[2025-03-03T19:58:01.003-0500] {processor.py:208} INFO - Processing /Users/kartikvadhawana/Desktop/match/Football_Prediction_System/data_pipeline/airflow/dags/football_pipeline.py took 0.043 seconds
[2025-03-03T19:59:23.486-0500] {processor.py:186} INFO - Started process (PID=95987) to work on /Users/kartikvadhawana/Desktop/match/Football_Prediction_System/data_pipeline/airflow/dags/football_pipeline.py
[2025-03-03T19:59:23.487-0500] {processor.py:914} INFO - Processing file /Users/kartikvadhawana/Desktop/match/Football_Prediction_System/data_pipeline/airflow/dags/football_pipeline.py for tasks to queue
[2025-03-03T19:59:23.488-0500] {logging_mixin.py:190} INFO - [2025-03-03T19:59:23.488-0500] {dagbag.py:588} INFO - Filling up the DagBag from /Users/kartikvadhawana/Desktop/match/Football_Prediction_System/data_pipeline/airflow/dags/football_pipeline.py
[2025-03-03T19:59:23.497-0500] {processor.py:925} INFO - DAG(s) 'football_data_pipeline' retrieved from /Users/kartikvadhawana/Desktop/match/Football_Prediction_System/data_pipeline/airflow/dags/football_pipeline.py
[2025-03-03T19:59:23.567-0500] {logging_mixin.py:190} INFO - [2025-03-03T19:59:23.567-0500] {dag.py:3239} INFO - Sync 1 DAGs
[2025-03-03T19:59:23.572-0500] {logging_mixin.py:190} INFO - [2025-03-03T19:59:23.572-0500] {dag.py:4180} INFO - Setting next_dagrun for football_data_pipeline to 2025-03-03 00:00:00+00:00, run_after=2025-03-04 00:00:00+00:00
[2025-03-03T19:59:23.577-0500] {processor.py:208} INFO - Processing /Users/kartikvadhawana/Desktop/match/Football_Prediction_System/data_pipeline/airflow/dags/football_pipeline.py took 0.092 seconds
[2025-03-03T20:00:45.991-0500] {processor.py:186} INFO - Started process (PID=96096) to work on /Users/kartikvadhawana/Desktop/match/Football_Prediction_System/data_pipeline/airflow/dags/football_pipeline.py
[2025-03-03T20:00:45.992-0500] {processor.py:914} INFO - Processing file /Users/kartikvadhawana/Desktop/match/Football_Prediction_System/data_pipeline/airflow/dags/football_pipeline.py for tasks to queue
[2025-03-03T20:00:45.992-0500] {logging_mixin.py:190} INFO - [2025-03-03T20:00:45.992-0500] {dagbag.py:588} INFO - Filling up the DagBag from /Users/kartikvadhawana/Desktop/match/Football_Prediction_System/data_pipeline/airflow/dags/football_pipeline.py
[2025-03-03T20:00:46.001-0500] {processor.py:925} INFO - DAG(s) 'football_data_pipeline' retrieved from /Users/kartikvadhawana/Desktop/match/Football_Prediction_System/data_pipeline/airflow/dags/football_pipeline.py
[2025-03-03T20:00:46.003-0500] {logging_mixin.py:190} INFO - [2025-03-03T20:00:46.003-0500] {dag.py:3239} INFO - Sync 1 DAGs
[2025-03-03T20:00:46.028-0500] {logging_mixin.py:190} INFO - [2025-03-03T20:00:46.028-0500] {dag.py:4180} INFO - Setting next_dagrun for football_data_pipeline to 2025-03-03 00:00:00+00:00, run_after=2025-03-04 00:00:00+00:00
[2025-03-03T20:00:46.033-0500] {processor.py:208} INFO - Processing /Users/kartikvadhawana/Desktop/match/Football_Prediction_System/data_pipeline/airflow/dags/football_pipeline.py took 0.044 seconds
