[2025-03-03T19:20:23.253-0500] {processor.py:186} INFO - Started process (PID=89593) to work on /Users/kartikvadhawana/anaconda3/lib/python3.12/site-packages/airflow/example_dags/subdags/subdag.py
[2025-03-03T19:20:23.254-0500] {processor.py:914} INFO - Processing file /Users/kartikvadhawana/anaconda3/lib/python3.12/site-packages/airflow/example_dags/subdags/subdag.py for tasks to queue
[2025-03-03T19:20:23.254-0500] {logging_mixin.py:190} INFO - [2025-03-03T19:20:23.254-0500] {dagbag.py:588} INFO - Filling up the DagBag from /Users/kartikvadhawana/anaconda3/lib/python3.12/site-packages/airflow/example_dags/subdags/subdag.py
[2025-03-03T19:20:23.255-0500] {processor.py:927} WARNING - No viable dags retrieved from /Users/kartikvadhawana/anaconda3/lib/python3.12/site-packages/airflow/example_dags/subdags/subdag.py
[2025-03-03T19:20:23.279-0500] {processor.py:208} INFO - Processing /Users/kartikvadhawana/anaconda3/lib/python3.12/site-packages/airflow/example_dags/subdags/subdag.py took 0.026 seconds
[2025-03-03T19:22:14.025-0500] {processor.py:186} INFO - Started process (PID=90002) to work on /Users/kartikvadhawana/anaconda3/lib/python3.12/site-packages/airflow/example_dags/subdags/subdag.py
[2025-03-03T19:22:14.025-0500] {processor.py:914} INFO - Processing file /Users/kartikvadhawana/anaconda3/lib/python3.12/site-packages/airflow/example_dags/subdags/subdag.py for tasks to queue
[2025-03-03T19:22:14.025-0500] {logging_mixin.py:190} INFO - [2025-03-03T19:22:14.025-0500] {dagbag.py:588} INFO - Filling up the DagBag from /Users/kartikvadhawana/anaconda3/lib/python3.12/site-packages/airflow/example_dags/subdags/subdag.py
[2025-03-03T19:22:14.026-0500] {processor.py:927} WARNING - No viable dags retrieved from /Users/kartikvadhawana/anaconda3/lib/python3.12/site-packages/airflow/example_dags/subdags/subdag.py
[2025-03-03T19:22:14.050-0500] {processor.py:208} INFO - Processing /Users/kartikvadhawana/anaconda3/lib/python3.12/site-packages/airflow/example_dags/subdags/subdag.py took 0.027 seconds
[2025-03-03T19:23:33.488-0500] {processor.py:186} INFO - Started process (PID=90211) to work on /Users/kartikvadhawana/anaconda3/lib/python3.12/site-packages/airflow/example_dags/subdags/subdag.py
[2025-03-03T19:23:33.489-0500] {processor.py:914} INFO - Processing file /Users/kartikvadhawana/anaconda3/lib/python3.12/site-packages/airflow/example_dags/subdags/subdag.py for tasks to queue
[2025-03-03T19:23:33.490-0500] {logging_mixin.py:190} INFO - [2025-03-03T19:23:33.490-0500] {dagbag.py:588} INFO - Filling up the DagBag from /Users/kartikvadhawana/anaconda3/lib/python3.12/site-packages/airflow/example_dags/subdags/subdag.py
[2025-03-03T19:23:33.491-0500] {processor.py:927} WARNING - No viable dags retrieved from /Users/kartikvadhawana/anaconda3/lib/python3.12/site-packages/airflow/example_dags/subdags/subdag.py
[2025-03-03T19:23:33.515-0500] {processor.py:208} INFO - Processing /Users/kartikvadhawana/anaconda3/lib/python3.12/site-packages/airflow/example_dags/subdags/subdag.py took 0.027 seconds
[2025-03-03T19:24:56.529-0500] {processor.py:186} INFO - Started process (PID=90572) to work on /Users/kartikvadhawana/anaconda3/lib/python3.12/site-packages/airflow/example_dags/subdags/subdag.py
[2025-03-03T19:24:56.530-0500] {processor.py:914} INFO - Processing file /Users/kartikvadhawana/anaconda3/lib/python3.12/site-packages/airflow/example_dags/subdags/subdag.py for tasks to queue
[2025-03-03T19:24:56.530-0500] {logging_mixin.py:190} INFO - [2025-03-03T19:24:56.530-0500] {dagbag.py:588} INFO - Filling up the DagBag from /Users/kartikvadhawana/anaconda3/lib/python3.12/site-packages/airflow/example_dags/subdags/subdag.py
[2025-03-03T19:24:56.531-0500] {processor.py:927} WARNING - No viable dags retrieved from /Users/kartikvadhawana/anaconda3/lib/python3.12/site-packages/airflow/example_dags/subdags/subdag.py
[2025-03-03T19:24:56.555-0500] {processor.py:208} INFO - Processing /Users/kartikvadhawana/anaconda3/lib/python3.12/site-packages/airflow/example_dags/subdags/subdag.py took 0.028 seconds
[2025-03-03T19:26:24.161-0500] {processor.py:186} INFO - Started process (PID=90999) to work on /Users/kartikvadhawana/anaconda3/lib/python3.12/site-packages/airflow/example_dags/subdags/subdag.py
[2025-03-03T19:26:24.163-0500] {processor.py:914} INFO - Processing file /Users/kartikvadhawana/anaconda3/lib/python3.12/site-packages/airflow/example_dags/subdags/subdag.py for tasks to queue
[2025-03-03T19:26:24.163-0500] {logging_mixin.py:190} INFO - [2025-03-03T19:26:24.163-0500] {dagbag.py:588} INFO - Filling up the DagBag from /Users/kartikvadhawana/anaconda3/lib/python3.12/site-packages/airflow/example_dags/subdags/subdag.py
[2025-03-03T19:26:24.164-0500] {processor.py:927} WARNING - No viable dags retrieved from /Users/kartikvadhawana/anaconda3/lib/python3.12/site-packages/airflow/example_dags/subdags/subdag.py
[2025-03-03T19:26:24.188-0500] {processor.py:208} INFO - Processing /Users/kartikvadhawana/anaconda3/lib/python3.12/site-packages/airflow/example_dags/subdags/subdag.py took 0.028 seconds
[2025-03-03T19:27:25.749-0500] {processor.py:186} INFO - Started process (PID=91233) to work on /Users/kartikvadhawana/anaconda3/lib/python3.12/site-packages/airflow/example_dags/subdags/subdag.py
[2025-03-03T19:27:25.750-0500] {processor.py:914} INFO - Processing file /Users/kartikvadhawana/anaconda3/lib/python3.12/site-packages/airflow/example_dags/subdags/subdag.py for tasks to queue
[2025-03-03T19:27:25.750-0500] {logging_mixin.py:190} INFO - [2025-03-03T19:27:25.750-0500] {dagbag.py:588} INFO - Filling up the DagBag from /Users/kartikvadhawana/anaconda3/lib/python3.12/site-packages/airflow/example_dags/subdags/subdag.py
[2025-03-03T19:27:25.751-0500] {processor.py:927} WARNING - No viable dags retrieved from /Users/kartikvadhawana/anaconda3/lib/python3.12/site-packages/airflow/example_dags/subdags/subdag.py
[2025-03-03T19:27:25.775-0500] {processor.py:208} INFO - Processing /Users/kartikvadhawana/anaconda3/lib/python3.12/site-packages/airflow/example_dags/subdags/subdag.py took 0.026 seconds
[2025-03-03T19:29:14.052-0500] {processor.py:186} INFO - Started process (PID=91596) to work on /Users/kartikvadhawana/anaconda3/lib/python3.12/site-packages/airflow/example_dags/subdags/subdag.py
[2025-03-03T19:29:14.054-0500] {processor.py:914} INFO - Processing file /Users/kartikvadhawana/anaconda3/lib/python3.12/site-packages/airflow/example_dags/subdags/subdag.py for tasks to queue
[2025-03-03T19:29:14.054-0500] {logging_mixin.py:190} INFO - [2025-03-03T19:29:14.054-0500] {dagbag.py:588} INFO - Filling up the DagBag from /Users/kartikvadhawana/anaconda3/lib/python3.12/site-packages/airflow/example_dags/subdags/subdag.py
[2025-03-03T19:29:14.055-0500] {processor.py:927} WARNING - No viable dags retrieved from /Users/kartikvadhawana/anaconda3/lib/python3.12/site-packages/airflow/example_dags/subdags/subdag.py
[2025-03-03T19:29:14.079-0500] {processor.py:208} INFO - Processing /Users/kartikvadhawana/anaconda3/lib/python3.12/site-packages/airflow/example_dags/subdags/subdag.py took 0.028 seconds
[2025-03-03T19:30:30.675-0500] {processor.py:186} INFO - Started process (PID=91829) to work on /Users/kartikvadhawana/anaconda3/lib/python3.12/site-packages/airflow/example_dags/subdags/subdag.py
[2025-03-03T19:30:30.677-0500] {processor.py:914} INFO - Processing file /Users/kartikvadhawana/anaconda3/lib/python3.12/site-packages/airflow/example_dags/subdags/subdag.py for tasks to queue
[2025-03-03T19:30:30.677-0500] {logging_mixin.py:190} INFO - [2025-03-03T19:30:30.677-0500] {dagbag.py:588} INFO - Filling up the DagBag from /Users/kartikvadhawana/anaconda3/lib/python3.12/site-packages/airflow/example_dags/subdags/subdag.py
[2025-03-03T19:30:30.678-0500] {processor.py:927} WARNING - No viable dags retrieved from /Users/kartikvadhawana/anaconda3/lib/python3.12/site-packages/airflow/example_dags/subdags/subdag.py
[2025-03-03T19:30:30.703-0500] {processor.py:208} INFO - Processing /Users/kartikvadhawana/anaconda3/lib/python3.12/site-packages/airflow/example_dags/subdags/subdag.py took 0.029 seconds
[2025-03-03T19:31:43.415-0500] {processor.py:186} INFO - Started process (PID=92063) to work on /Users/kartikvadhawana/anaconda3/lib/python3.12/site-packages/airflow/example_dags/subdags/subdag.py
[2025-03-03T19:31:43.416-0500] {processor.py:914} INFO - Processing file /Users/kartikvadhawana/anaconda3/lib/python3.12/site-packages/airflow/example_dags/subdags/subdag.py for tasks to queue
[2025-03-03T19:31:43.417-0500] {logging_mixin.py:190} INFO - [2025-03-03T19:31:43.417-0500] {dagbag.py:588} INFO - Filling up the DagBag from /Users/kartikvadhawana/anaconda3/lib/python3.12/site-packages/airflow/example_dags/subdags/subdag.py
[2025-03-03T19:31:43.417-0500] {processor.py:927} WARNING - No viable dags retrieved from /Users/kartikvadhawana/anaconda3/lib/python3.12/site-packages/airflow/example_dags/subdags/subdag.py
[2025-03-03T19:31:43.441-0500] {processor.py:208} INFO - Processing /Users/kartikvadhawana/anaconda3/lib/python3.12/site-packages/airflow/example_dags/subdags/subdag.py took 0.027 seconds
[2025-03-03T19:33:32.905-0500] {processor.py:186} INFO - Started process (PID=92395) to work on /Users/kartikvadhawana/anaconda3/lib/python3.12/site-packages/airflow/example_dags/subdags/subdag.py
[2025-03-03T19:33:32.906-0500] {processor.py:914} INFO - Processing file /Users/kartikvadhawana/anaconda3/lib/python3.12/site-packages/airflow/example_dags/subdags/subdag.py for tasks to queue
[2025-03-03T19:33:32.907-0500] {logging_mixin.py:190} INFO - [2025-03-03T19:33:32.907-0500] {dagbag.py:588} INFO - Filling up the DagBag from /Users/kartikvadhawana/anaconda3/lib/python3.12/site-packages/airflow/example_dags/subdags/subdag.py
[2025-03-03T19:33:32.908-0500] {processor.py:927} WARNING - No viable dags retrieved from /Users/kartikvadhawana/anaconda3/lib/python3.12/site-packages/airflow/example_dags/subdags/subdag.py
[2025-03-03T19:33:32.933-0500] {processor.py:208} INFO - Processing /Users/kartikvadhawana/anaconda3/lib/python3.12/site-packages/airflow/example_dags/subdags/subdag.py took 0.029 seconds
[2025-03-03T19:34:52.919-0500] {processor.py:186} INFO - Started process (PID=92576) to work on /Users/kartikvadhawana/anaconda3/lib/python3.12/site-packages/airflow/example_dags/subdags/subdag.py
[2025-03-03T19:34:52.920-0500] {processor.py:914} INFO - Processing file /Users/kartikvadhawana/anaconda3/lib/python3.12/site-packages/airflow/example_dags/subdags/subdag.py for tasks to queue
[2025-03-03T19:34:52.920-0500] {logging_mixin.py:190} INFO - [2025-03-03T19:34:52.920-0500] {dagbag.py:588} INFO - Filling up the DagBag from /Users/kartikvadhawana/anaconda3/lib/python3.12/site-packages/airflow/example_dags/subdags/subdag.py
[2025-03-03T19:34:52.921-0500] {processor.py:927} WARNING - No viable dags retrieved from /Users/kartikvadhawana/anaconda3/lib/python3.12/site-packages/airflow/example_dags/subdags/subdag.py
[2025-03-03T19:34:52.946-0500] {processor.py:208} INFO - Processing /Users/kartikvadhawana/anaconda3/lib/python3.12/site-packages/airflow/example_dags/subdags/subdag.py took 0.028 seconds
[2025-03-03T19:36:10.581-0500] {processor.py:186} INFO - Started process (PID=92748) to work on /Users/kartikvadhawana/anaconda3/lib/python3.12/site-packages/airflow/example_dags/subdags/subdag.py
[2025-03-03T19:36:10.582-0500] {processor.py:914} INFO - Processing file /Users/kartikvadhawana/anaconda3/lib/python3.12/site-packages/airflow/example_dags/subdags/subdag.py for tasks to queue
[2025-03-03T19:36:10.582-0500] {logging_mixin.py:190} INFO - [2025-03-03T19:36:10.582-0500] {dagbag.py:588} INFO - Filling up the DagBag from /Users/kartikvadhawana/anaconda3/lib/python3.12/site-packages/airflow/example_dags/subdags/subdag.py
[2025-03-03T19:36:10.583-0500] {processor.py:927} WARNING - No viable dags retrieved from /Users/kartikvadhawana/anaconda3/lib/python3.12/site-packages/airflow/example_dags/subdags/subdag.py
[2025-03-03T19:36:10.607-0500] {processor.py:208} INFO - Processing /Users/kartikvadhawana/anaconda3/lib/python3.12/site-packages/airflow/example_dags/subdags/subdag.py took 0.027 seconds
[2025-03-03T19:37:32.356-0500] {processor.py:186} INFO - Started process (PID=92935) to work on /Users/kartikvadhawana/anaconda3/lib/python3.12/site-packages/airflow/example_dags/subdags/subdag.py
[2025-03-03T19:37:32.357-0500] {processor.py:914} INFO - Processing file /Users/kartikvadhawana/anaconda3/lib/python3.12/site-packages/airflow/example_dags/subdags/subdag.py for tasks to queue
[2025-03-03T19:37:32.358-0500] {logging_mixin.py:190} INFO - [2025-03-03T19:37:32.358-0500] {dagbag.py:588} INFO - Filling up the DagBag from /Users/kartikvadhawana/anaconda3/lib/python3.12/site-packages/airflow/example_dags/subdags/subdag.py
[2025-03-03T19:37:32.359-0500] {processor.py:927} WARNING - No viable dags retrieved from /Users/kartikvadhawana/anaconda3/lib/python3.12/site-packages/airflow/example_dags/subdags/subdag.py
[2025-03-03T19:37:32.383-0500] {processor.py:208} INFO - Processing /Users/kartikvadhawana/anaconda3/lib/python3.12/site-packages/airflow/example_dags/subdags/subdag.py took 0.028 seconds
[2025-03-03T19:38:53.646-0500] {processor.py:186} INFO - Started process (PID=93119) to work on /Users/kartikvadhawana/anaconda3/lib/python3.12/site-packages/airflow/example_dags/subdags/subdag.py
[2025-03-03T19:38:53.647-0500] {processor.py:914} INFO - Processing file /Users/kartikvadhawana/anaconda3/lib/python3.12/site-packages/airflow/example_dags/subdags/subdag.py for tasks to queue
[2025-03-03T19:38:53.647-0500] {logging_mixin.py:190} INFO - [2025-03-03T19:38:53.647-0500] {dagbag.py:588} INFO - Filling up the DagBag from /Users/kartikvadhawana/anaconda3/lib/python3.12/site-packages/airflow/example_dags/subdags/subdag.py
[2025-03-03T19:38:53.648-0500] {processor.py:927} WARNING - No viable dags retrieved from /Users/kartikvadhawana/anaconda3/lib/python3.12/site-packages/airflow/example_dags/subdags/subdag.py
[2025-03-03T19:38:53.672-0500] {processor.py:208} INFO - Processing /Users/kartikvadhawana/anaconda3/lib/python3.12/site-packages/airflow/example_dags/subdags/subdag.py took 0.028 seconds
[2025-03-03T19:40:12.546-0500] {processor.py:186} INFO - Started process (PID=93305) to work on /Users/kartikvadhawana/anaconda3/lib/python3.12/site-packages/airflow/example_dags/subdags/subdag.py
[2025-03-03T19:40:12.547-0500] {processor.py:914} INFO - Processing file /Users/kartikvadhawana/anaconda3/lib/python3.12/site-packages/airflow/example_dags/subdags/subdag.py for tasks to queue
[2025-03-03T19:40:12.548-0500] {logging_mixin.py:190} INFO - [2025-03-03T19:40:12.548-0500] {dagbag.py:588} INFO - Filling up the DagBag from /Users/kartikvadhawana/anaconda3/lib/python3.12/site-packages/airflow/example_dags/subdags/subdag.py
[2025-03-03T19:40:12.549-0500] {processor.py:927} WARNING - No viable dags retrieved from /Users/kartikvadhawana/anaconda3/lib/python3.12/site-packages/airflow/example_dags/subdags/subdag.py
[2025-03-03T19:40:12.573-0500] {processor.py:208} INFO - Processing /Users/kartikvadhawana/anaconda3/lib/python3.12/site-packages/airflow/example_dags/subdags/subdag.py took 0.028 seconds
[2025-03-03T19:41:42.923-0500] {processor.py:186} INFO - Started process (PID=93713) to work on /Users/kartikvadhawana/anaconda3/lib/python3.12/site-packages/airflow/example_dags/subdags/subdag.py
[2025-03-03T19:41:42.924-0500] {processor.py:914} INFO - Processing file /Users/kartikvadhawana/anaconda3/lib/python3.12/site-packages/airflow/example_dags/subdags/subdag.py for tasks to queue
[2025-03-03T19:41:42.925-0500] {logging_mixin.py:190} INFO - [2025-03-03T19:41:42.925-0500] {dagbag.py:588} INFO - Filling up the DagBag from /Users/kartikvadhawana/anaconda3/lib/python3.12/site-packages/airflow/example_dags/subdags/subdag.py
[2025-03-03T19:41:42.926-0500] {processor.py:927} WARNING - No viable dags retrieved from /Users/kartikvadhawana/anaconda3/lib/python3.12/site-packages/airflow/example_dags/subdags/subdag.py
[2025-03-03T19:41:42.949-0500] {processor.py:208} INFO - Processing /Users/kartikvadhawana/anaconda3/lib/python3.12/site-packages/airflow/example_dags/subdags/subdag.py took 0.027 seconds
[2025-03-03T19:43:29.268-0500] {processor.py:186} INFO - Started process (PID=93955) to work on /Users/kartikvadhawana/anaconda3/lib/python3.12/site-packages/airflow/example_dags/subdags/subdag.py
[2025-03-03T19:43:29.269-0500] {processor.py:914} INFO - Processing file /Users/kartikvadhawana/anaconda3/lib/python3.12/site-packages/airflow/example_dags/subdags/subdag.py for tasks to queue
[2025-03-03T19:43:29.269-0500] {logging_mixin.py:190} INFO - [2025-03-03T19:43:29.269-0500] {dagbag.py:588} INFO - Filling up the DagBag from /Users/kartikvadhawana/anaconda3/lib/python3.12/site-packages/airflow/example_dags/subdags/subdag.py
[2025-03-03T19:43:29.270-0500] {processor.py:927} WARNING - No viable dags retrieved from /Users/kartikvadhawana/anaconda3/lib/python3.12/site-packages/airflow/example_dags/subdags/subdag.py
[2025-03-03T19:43:29.295-0500] {processor.py:208} INFO - Processing /Users/kartikvadhawana/anaconda3/lib/python3.12/site-packages/airflow/example_dags/subdags/subdag.py took 0.028 seconds
[2025-03-03T19:44:49.969-0500] {processor.py:186} INFO - Started process (PID=94121) to work on /Users/kartikvadhawana/anaconda3/lib/python3.12/site-packages/airflow/example_dags/subdags/subdag.py
[2025-03-03T19:44:49.970-0500] {processor.py:914} INFO - Processing file /Users/kartikvadhawana/anaconda3/lib/python3.12/site-packages/airflow/example_dags/subdags/subdag.py for tasks to queue
[2025-03-03T19:44:49.970-0500] {logging_mixin.py:190} INFO - [2025-03-03T19:44:49.970-0500] {dagbag.py:588} INFO - Filling up the DagBag from /Users/kartikvadhawana/anaconda3/lib/python3.12/site-packages/airflow/example_dags/subdags/subdag.py
[2025-03-03T19:44:49.971-0500] {processor.py:927} WARNING - No viable dags retrieved from /Users/kartikvadhawana/anaconda3/lib/python3.12/site-packages/airflow/example_dags/subdags/subdag.py
[2025-03-03T19:44:49.995-0500] {processor.py:208} INFO - Processing /Users/kartikvadhawana/anaconda3/lib/python3.12/site-packages/airflow/example_dags/subdags/subdag.py took 0.027 seconds
[2025-03-03T19:48:04.095-0500] {processor.py:186} INFO - Started process (PID=94604) to work on /Users/kartikvadhawana/anaconda3/lib/python3.12/site-packages/airflow/example_dags/subdags/subdag.py
[2025-03-03T19:48:04.096-0500] {processor.py:914} INFO - Processing file /Users/kartikvadhawana/anaconda3/lib/python3.12/site-packages/airflow/example_dags/subdags/subdag.py for tasks to queue
[2025-03-03T19:48:04.097-0500] {logging_mixin.py:190} INFO - [2025-03-03T19:48:04.097-0500] {dagbag.py:588} INFO - Filling up the DagBag from /Users/kartikvadhawana/anaconda3/lib/python3.12/site-packages/airflow/example_dags/subdags/subdag.py
[2025-03-03T19:48:04.098-0500] {processor.py:927} WARNING - No viable dags retrieved from /Users/kartikvadhawana/anaconda3/lib/python3.12/site-packages/airflow/example_dags/subdags/subdag.py
[2025-03-03T19:48:04.121-0500] {processor.py:208} INFO - Processing /Users/kartikvadhawana/anaconda3/lib/python3.12/site-packages/airflow/example_dags/subdags/subdag.py took 0.027 seconds
[2025-03-03T19:49:56.182-0500] {processor.py:186} INFO - Started process (PID=94807) to work on /Users/kartikvadhawana/anaconda3/lib/python3.12/site-packages/airflow/example_dags/subdags/subdag.py
[2025-03-03T19:49:56.183-0500] {processor.py:914} INFO - Processing file /Users/kartikvadhawana/anaconda3/lib/python3.12/site-packages/airflow/example_dags/subdags/subdag.py for tasks to queue
[2025-03-03T19:49:56.183-0500] {logging_mixin.py:190} INFO - [2025-03-03T19:49:56.183-0500] {dagbag.py:588} INFO - Filling up the DagBag from /Users/kartikvadhawana/anaconda3/lib/python3.12/site-packages/airflow/example_dags/subdags/subdag.py
[2025-03-03T19:49:56.184-0500] {processor.py:927} WARNING - No viable dags retrieved from /Users/kartikvadhawana/anaconda3/lib/python3.12/site-packages/airflow/example_dags/subdags/subdag.py
[2025-03-03T19:49:56.208-0500] {processor.py:208} INFO - Processing /Users/kartikvadhawana/anaconda3/lib/python3.12/site-packages/airflow/example_dags/subdags/subdag.py took 0.027 seconds
[2025-03-03T19:51:15.390-0500] {processor.py:186} INFO - Started process (PID=94903) to work on /Users/kartikvadhawana/anaconda3/lib/python3.12/site-packages/airflow/example_dags/subdags/subdag.py
[2025-03-03T19:51:15.390-0500] {processor.py:914} INFO - Processing file /Users/kartikvadhawana/anaconda3/lib/python3.12/site-packages/airflow/example_dags/subdags/subdag.py for tasks to queue
[2025-03-03T19:51:15.391-0500] {logging_mixin.py:190} INFO - [2025-03-03T19:51:15.391-0500] {dagbag.py:588} INFO - Filling up the DagBag from /Users/kartikvadhawana/anaconda3/lib/python3.12/site-packages/airflow/example_dags/subdags/subdag.py
[2025-03-03T19:51:15.391-0500] {processor.py:927} WARNING - No viable dags retrieved from /Users/kartikvadhawana/anaconda3/lib/python3.12/site-packages/airflow/example_dags/subdags/subdag.py
[2025-03-03T19:51:15.415-0500] {processor.py:208} INFO - Processing /Users/kartikvadhawana/anaconda3/lib/python3.12/site-packages/airflow/example_dags/subdags/subdag.py took 0.026 seconds
[2025-03-03T19:52:36.564-0500] {processor.py:186} INFO - Started process (PID=95065) to work on /Users/kartikvadhawana/anaconda3/lib/python3.12/site-packages/airflow/example_dags/subdags/subdag.py
[2025-03-03T19:52:36.565-0500] {processor.py:914} INFO - Processing file /Users/kartikvadhawana/anaconda3/lib/python3.12/site-packages/airflow/example_dags/subdags/subdag.py for tasks to queue
[2025-03-03T19:52:36.566-0500] {logging_mixin.py:190} INFO - [2025-03-03T19:52:36.566-0500] {dagbag.py:588} INFO - Filling up the DagBag from /Users/kartikvadhawana/anaconda3/lib/python3.12/site-packages/airflow/example_dags/subdags/subdag.py
[2025-03-03T19:52:36.567-0500] {processor.py:927} WARNING - No viable dags retrieved from /Users/kartikvadhawana/anaconda3/lib/python3.12/site-packages/airflow/example_dags/subdags/subdag.py
[2025-03-03T19:52:36.591-0500] {processor.py:208} INFO - Processing /Users/kartikvadhawana/anaconda3/lib/python3.12/site-packages/airflow/example_dags/subdags/subdag.py took 0.028 seconds
[2025-03-03T19:53:57.839-0500] {processor.py:186} INFO - Started process (PID=95274) to work on /Users/kartikvadhawana/anaconda3/lib/python3.12/site-packages/airflow/example_dags/subdags/subdag.py
[2025-03-03T19:53:57.840-0500] {processor.py:914} INFO - Processing file /Users/kartikvadhawana/anaconda3/lib/python3.12/site-packages/airflow/example_dags/subdags/subdag.py for tasks to queue
[2025-03-03T19:53:57.841-0500] {logging_mixin.py:190} INFO - [2025-03-03T19:53:57.840-0500] {dagbag.py:588} INFO - Filling up the DagBag from /Users/kartikvadhawana/anaconda3/lib/python3.12/site-packages/airflow/example_dags/subdags/subdag.py
[2025-03-03T19:53:57.842-0500] {processor.py:927} WARNING - No viable dags retrieved from /Users/kartikvadhawana/anaconda3/lib/python3.12/site-packages/airflow/example_dags/subdags/subdag.py
[2025-03-03T19:53:57.866-0500] {processor.py:208} INFO - Processing /Users/kartikvadhawana/anaconda3/lib/python3.12/site-packages/airflow/example_dags/subdags/subdag.py took 0.028 seconds
[2025-03-03T19:55:21.069-0500] {processor.py:186} INFO - Started process (PID=95454) to work on /Users/kartikvadhawana/anaconda3/lib/python3.12/site-packages/airflow/example_dags/subdags/subdag.py
[2025-03-03T19:55:21.070-0500] {processor.py:914} INFO - Processing file /Users/kartikvadhawana/anaconda3/lib/python3.12/site-packages/airflow/example_dags/subdags/subdag.py for tasks to queue
[2025-03-03T19:55:21.071-0500] {logging_mixin.py:190} INFO - [2025-03-03T19:55:21.071-0500] {dagbag.py:588} INFO - Filling up the DagBag from /Users/kartikvadhawana/anaconda3/lib/python3.12/site-packages/airflow/example_dags/subdags/subdag.py
[2025-03-03T19:55:21.072-0500] {processor.py:927} WARNING - No viable dags retrieved from /Users/kartikvadhawana/anaconda3/lib/python3.12/site-packages/airflow/example_dags/subdags/subdag.py
[2025-03-03T19:55:21.096-0500] {processor.py:208} INFO - Processing /Users/kartikvadhawana/anaconda3/lib/python3.12/site-packages/airflow/example_dags/subdags/subdag.py took 0.028 seconds
[2025-03-03T19:56:41.989-0500] {processor.py:186} INFO - Started process (PID=95715) to work on /Users/kartikvadhawana/anaconda3/lib/python3.12/site-packages/airflow/example_dags/subdags/subdag.py
[2025-03-03T19:56:41.990-0500] {processor.py:914} INFO - Processing file /Users/kartikvadhawana/anaconda3/lib/python3.12/site-packages/airflow/example_dags/subdags/subdag.py for tasks to queue
[2025-03-03T19:56:41.990-0500] {logging_mixin.py:190} INFO - [2025-03-03T19:56:41.990-0500] {dagbag.py:588} INFO - Filling up the DagBag from /Users/kartikvadhawana/anaconda3/lib/python3.12/site-packages/airflow/example_dags/subdags/subdag.py
[2025-03-03T19:56:41.991-0500] {processor.py:927} WARNING - No viable dags retrieved from /Users/kartikvadhawana/anaconda3/lib/python3.12/site-packages/airflow/example_dags/subdags/subdag.py
[2025-03-03T19:56:42.016-0500] {processor.py:208} INFO - Processing /Users/kartikvadhawana/anaconda3/lib/python3.12/site-packages/airflow/example_dags/subdags/subdag.py took 0.028 seconds
[2025-03-03T19:58:04.945-0500] {processor.py:186} INFO - Started process (PID=95881) to work on /Users/kartikvadhawana/anaconda3/lib/python3.12/site-packages/airflow/example_dags/subdags/subdag.py
[2025-03-03T19:58:04.945-0500] {processor.py:914} INFO - Processing file /Users/kartikvadhawana/anaconda3/lib/python3.12/site-packages/airflow/example_dags/subdags/subdag.py for tasks to queue
[2025-03-03T19:58:04.946-0500] {logging_mixin.py:190} INFO - [2025-03-03T19:58:04.945-0500] {dagbag.py:588} INFO - Filling up the DagBag from /Users/kartikvadhawana/anaconda3/lib/python3.12/site-packages/airflow/example_dags/subdags/subdag.py
[2025-03-03T19:58:04.946-0500] {processor.py:927} WARNING - No viable dags retrieved from /Users/kartikvadhawana/anaconda3/lib/python3.12/site-packages/airflow/example_dags/subdags/subdag.py
[2025-03-03T19:58:04.971-0500] {processor.py:208} INFO - Processing /Users/kartikvadhawana/anaconda3/lib/python3.12/site-packages/airflow/example_dags/subdags/subdag.py took 0.028 seconds
[2025-03-03T19:59:26.493-0500] {processor.py:186} INFO - Started process (PID=95991) to work on /Users/kartikvadhawana/anaconda3/lib/python3.12/site-packages/airflow/example_dags/subdags/subdag.py
[2025-03-03T19:59:26.495-0500] {processor.py:914} INFO - Processing file /Users/kartikvadhawana/anaconda3/lib/python3.12/site-packages/airflow/example_dags/subdags/subdag.py for tasks to queue
[2025-03-03T19:59:26.495-0500] {logging_mixin.py:190} INFO - [2025-03-03T19:59:26.495-0500] {dagbag.py:588} INFO - Filling up the DagBag from /Users/kartikvadhawana/anaconda3/lib/python3.12/site-packages/airflow/example_dags/subdags/subdag.py
[2025-03-03T19:59:26.496-0500] {processor.py:927} WARNING - No viable dags retrieved from /Users/kartikvadhawana/anaconda3/lib/python3.12/site-packages/airflow/example_dags/subdags/subdag.py
[2025-03-03T19:59:26.520-0500] {processor.py:208} INFO - Processing /Users/kartikvadhawana/anaconda3/lib/python3.12/site-packages/airflow/example_dags/subdags/subdag.py took 0.027 seconds
[2025-03-03T20:00:49.014-0500] {processor.py:186} INFO - Started process (PID=96105) to work on /Users/kartikvadhawana/anaconda3/lib/python3.12/site-packages/airflow/example_dags/subdags/subdag.py
[2025-03-03T20:00:49.015-0500] {processor.py:914} INFO - Processing file /Users/kartikvadhawana/anaconda3/lib/python3.12/site-packages/airflow/example_dags/subdags/subdag.py for tasks to queue
[2025-03-03T20:00:49.015-0500] {logging_mixin.py:190} INFO - [2025-03-03T20:00:49.015-0500] {dagbag.py:588} INFO - Filling up the DagBag from /Users/kartikvadhawana/anaconda3/lib/python3.12/site-packages/airflow/example_dags/subdags/subdag.py
[2025-03-03T20:00:49.016-0500] {processor.py:927} WARNING - No viable dags retrieved from /Users/kartikvadhawana/anaconda3/lib/python3.12/site-packages/airflow/example_dags/subdags/subdag.py
[2025-03-03T20:00:49.041-0500] {processor.py:208} INFO - Processing /Users/kartikvadhawana/anaconda3/lib/python3.12/site-packages/airflow/example_dags/subdags/subdag.py took 0.028 seconds
