[2025-03-03T19:21:27.962-0500] {processor.py:186} INFO - Started process (PID=89828) to work on /Users/kartikvadhawana/anaconda3/lib/python3.12/site-packages/airflow/example_dags/example_nested_branch_dag.py
[2025-03-03T19:21:27.962-0500] {processor.py:914} INFO - Processing file /Users/kartikvadhawana/anaconda3/lib/python3.12/site-packages/airflow/example_dags/example_nested_branch_dag.py for tasks to queue
[2025-03-03T19:21:27.963-0500] {logging_mixin.py:190} INFO - [2025-03-03T19:21:27.963-0500] {dagbag.py:588} INFO - Filling up the DagBag from /Users/kartikvadhawana/anaconda3/lib/python3.12/site-packages/airflow/example_dags/example_nested_branch_dag.py
[2025-03-03T19:21:27.975-0500] {processor.py:925} INFO - DAG(s) 'example_nested_branch_dag' retrieved from /Users/kartikvadhawana/anaconda3/lib/python3.12/site-packages/airflow/example_dags/example_nested_branch_dag.py
[2025-03-03T19:21:28.026-0500] {logging_mixin.py:190} INFO - [2025-03-03T19:21:28.026-0500] {override.py:1930} INFO - Created Permission View: can edit on DAG:example_nested_branch_dag
[2025-03-03T19:21:28.029-0500] {logging_mixin.py:190} INFO - [2025-03-03T19:21:28.029-0500] {override.py:1930} INFO - Created Permission View: can read on DAG:example_nested_branch_dag
[2025-03-03T19:21:28.031-0500] {logging_mixin.py:190} INFO - [2025-03-03T19:21:28.031-0500] {override.py:1930} INFO - Created Permission View: can delete on DAG:example_nested_branch_dag
[2025-03-03T19:21:28.033-0500] {logging_mixin.py:190} INFO - [2025-03-03T19:21:28.033-0500] {override.py:1930} INFO - Created Permission View: menu access on DAG Run:example_nested_branch_dag
[2025-03-03T19:21:28.034-0500] {logging_mixin.py:190} INFO - [2025-03-03T19:21:28.034-0500] {override.py:1930} INFO - Created Permission View: can create on DAG Run:example_nested_branch_dag
[2025-03-03T19:21:28.036-0500] {logging_mixin.py:190} INFO - [2025-03-03T19:21:28.035-0500] {override.py:1930} INFO - Created Permission View: can read on DAG Run:example_nested_branch_dag
[2025-03-03T19:21:28.037-0500] {logging_mixin.py:190} INFO - [2025-03-03T19:21:28.037-0500] {override.py:1930} INFO - Created Permission View: can delete on DAG Run:example_nested_branch_dag
[2025-03-03T19:21:28.037-0500] {logging_mixin.py:190} INFO - [2025-03-03T19:21:28.037-0500] {dag.py:3239} INFO - Sync 1 DAGs
[2025-03-03T19:21:28.040-0500] {logging_mixin.py:190} INFO - [2025-03-03T19:21:28.040-0500] {dag.py:3262} INFO - Creating ORM DAG for example_nested_branch_dag
[2025-03-03T19:21:28.043-0500] {logging_mixin.py:190} INFO - [2025-03-03T19:21:28.043-0500] {dag.py:4180} INFO - Setting next_dagrun for example_nested_branch_dag to 2025-03-03 00:00:00+00:00, run_after=2025-03-04 00:00:00+00:00
[2025-03-03T19:21:28.047-0500] {processor.py:208} INFO - Processing /Users/kartikvadhawana/anaconda3/lib/python3.12/site-packages/airflow/example_dags/example_nested_branch_dag.py took 0.086 seconds
[2025-03-03T19:23:15.371-0500] {processor.py:186} INFO - Started process (PID=90188) to work on /Users/kartikvadhawana/anaconda3/lib/python3.12/site-packages/airflow/example_dags/example_nested_branch_dag.py
[2025-03-03T19:23:15.372-0500] {processor.py:914} INFO - Processing file /Users/kartikvadhawana/anaconda3/lib/python3.12/site-packages/airflow/example_dags/example_nested_branch_dag.py for tasks to queue
[2025-03-03T19:23:15.373-0500] {logging_mixin.py:190} INFO - [2025-03-03T19:23:15.373-0500] {dagbag.py:588} INFO - Filling up the DagBag from /Users/kartikvadhawana/anaconda3/lib/python3.12/site-packages/airflow/example_dags/example_nested_branch_dag.py
[2025-03-03T19:23:15.386-0500] {processor.py:925} INFO - DAG(s) 'example_nested_branch_dag' retrieved from /Users/kartikvadhawana/anaconda3/lib/python3.12/site-packages/airflow/example_dags/example_nested_branch_dag.py
[2025-03-03T19:23:15.412-0500] {logging_mixin.py:190} INFO - [2025-03-03T19:23:15.412-0500] {dag.py:3239} INFO - Sync 1 DAGs
[2025-03-03T19:23:15.418-0500] {logging_mixin.py:190} INFO - [2025-03-03T19:23:15.418-0500] {dag.py:4180} INFO - Setting next_dagrun for example_nested_branch_dag to 2025-03-03 00:00:00+00:00, run_after=2025-03-04 00:00:00+00:00
[2025-03-03T19:23:15.423-0500] {processor.py:208} INFO - Processing /Users/kartikvadhawana/anaconda3/lib/python3.12/site-packages/airflow/example_dags/example_nested_branch_dag.py took 0.053 seconds
[2025-03-03T19:26:03.753-0500] {processor.py:186} INFO - Started process (PID=90863) to work on /Users/kartikvadhawana/anaconda3/lib/python3.12/site-packages/airflow/example_dags/example_nested_branch_dag.py
[2025-03-03T19:26:03.755-0500] {processor.py:914} INFO - Processing file /Users/kartikvadhawana/anaconda3/lib/python3.12/site-packages/airflow/example_dags/example_nested_branch_dag.py for tasks to queue
[2025-03-03T19:26:03.755-0500] {logging_mixin.py:190} INFO - [2025-03-03T19:26:03.755-0500] {dagbag.py:588} INFO - Filling up the DagBag from /Users/kartikvadhawana/anaconda3/lib/python3.12/site-packages/airflow/example_dags/example_nested_branch_dag.py
[2025-03-03T19:26:03.768-0500] {processor.py:925} INFO - DAG(s) 'example_nested_branch_dag' retrieved from /Users/kartikvadhawana/anaconda3/lib/python3.12/site-packages/airflow/example_dags/example_nested_branch_dag.py
[2025-03-03T19:26:03.793-0500] {logging_mixin.py:190} INFO - [2025-03-03T19:26:03.793-0500] {dag.py:3239} INFO - Sync 1 DAGs
[2025-03-03T19:26:03.799-0500] {logging_mixin.py:190} INFO - [2025-03-03T19:26:03.799-0500] {dag.py:4180} INFO - Setting next_dagrun for example_nested_branch_dag to 2025-03-03 00:00:00+00:00, run_after=2025-03-04 00:00:00+00:00
[2025-03-03T19:26:03.804-0500] {processor.py:208} INFO - Processing /Users/kartikvadhawana/anaconda3/lib/python3.12/site-packages/airflow/example_dags/example_nested_branch_dag.py took 0.052 seconds
[2025-03-03T19:28:25.986-0500] {processor.py:186} INFO - Started process (PID=91435) to work on /Users/kartikvadhawana/anaconda3/lib/python3.12/site-packages/airflow/example_dags/example_nested_branch_dag.py
[2025-03-03T19:28:25.986-0500] {processor.py:914} INFO - Processing file /Users/kartikvadhawana/anaconda3/lib/python3.12/site-packages/airflow/example_dags/example_nested_branch_dag.py for tasks to queue
[2025-03-03T19:28:25.987-0500] {logging_mixin.py:190} INFO - [2025-03-03T19:28:25.987-0500] {dagbag.py:588} INFO - Filling up the DagBag from /Users/kartikvadhawana/anaconda3/lib/python3.12/site-packages/airflow/example_dags/example_nested_branch_dag.py
[2025-03-03T19:28:26.001-0500] {processor.py:925} INFO - DAG(s) 'example_nested_branch_dag' retrieved from /Users/kartikvadhawana/anaconda3/lib/python3.12/site-packages/airflow/example_dags/example_nested_branch_dag.py
[2025-03-03T19:28:26.029-0500] {logging_mixin.py:190} INFO - [2025-03-03T19:28:26.029-0500] {dag.py:3239} INFO - Sync 1 DAGs
[2025-03-03T19:28:26.035-0500] {logging_mixin.py:190} INFO - [2025-03-03T19:28:26.035-0500] {dag.py:4180} INFO - Setting next_dagrun for example_nested_branch_dag to 2025-03-03 00:00:00+00:00, run_after=2025-03-04 00:00:00+00:00
[2025-03-03T19:28:26.040-0500] {processor.py:208} INFO - Processing /Users/kartikvadhawana/anaconda3/lib/python3.12/site-packages/airflow/example_dags/example_nested_branch_dag.py took 0.055 seconds
[2025-03-03T19:30:14.159-0500] {processor.py:186} INFO - Started process (PID=91764) to work on /Users/kartikvadhawana/anaconda3/lib/python3.12/site-packages/airflow/example_dags/example_nested_branch_dag.py
[2025-03-03T19:30:14.160-0500] {processor.py:914} INFO - Processing file /Users/kartikvadhawana/anaconda3/lib/python3.12/site-packages/airflow/example_dags/example_nested_branch_dag.py for tasks to queue
[2025-03-03T19:30:14.160-0500] {logging_mixin.py:190} INFO - [2025-03-03T19:30:14.160-0500] {dagbag.py:588} INFO - Filling up the DagBag from /Users/kartikvadhawana/anaconda3/lib/python3.12/site-packages/airflow/example_dags/example_nested_branch_dag.py
[2025-03-03T19:30:14.173-0500] {processor.py:925} INFO - DAG(s) 'example_nested_branch_dag' retrieved from /Users/kartikvadhawana/anaconda3/lib/python3.12/site-packages/airflow/example_dags/example_nested_branch_dag.py
[2025-03-03T19:30:14.200-0500] {logging_mixin.py:190} INFO - [2025-03-03T19:30:14.199-0500] {dag.py:3239} INFO - Sync 1 DAGs
[2025-03-03T19:30:14.205-0500] {logging_mixin.py:190} INFO - [2025-03-03T19:30:14.205-0500] {dag.py:4180} INFO - Setting next_dagrun for example_nested_branch_dag to 2025-03-03 00:00:00+00:00, run_after=2025-03-04 00:00:00+00:00
[2025-03-03T19:30:14.211-0500] {processor.py:208} INFO - Processing /Users/kartikvadhawana/anaconda3/lib/python3.12/site-packages/airflow/example_dags/example_nested_branch_dag.py took 0.053 seconds
[2025-03-03T19:32:44.118-0500] {processor.py:186} INFO - Started process (PID=92280) to work on /Users/kartikvadhawana/anaconda3/lib/python3.12/site-packages/airflow/example_dags/example_nested_branch_dag.py
[2025-03-03T19:32:44.120-0500] {processor.py:914} INFO - Processing file /Users/kartikvadhawana/anaconda3/lib/python3.12/site-packages/airflow/example_dags/example_nested_branch_dag.py for tasks to queue
[2025-03-03T19:32:44.120-0500] {logging_mixin.py:190} INFO - [2025-03-03T19:32:44.120-0500] {dagbag.py:588} INFO - Filling up the DagBag from /Users/kartikvadhawana/anaconda3/lib/python3.12/site-packages/airflow/example_dags/example_nested_branch_dag.py
[2025-03-03T19:32:44.133-0500] {processor.py:925} INFO - DAG(s) 'example_nested_branch_dag' retrieved from /Users/kartikvadhawana/anaconda3/lib/python3.12/site-packages/airflow/example_dags/example_nested_branch_dag.py
[2025-03-03T19:32:44.160-0500] {logging_mixin.py:190} INFO - [2025-03-03T19:32:44.160-0500] {dag.py:3239} INFO - Sync 1 DAGs
[2025-03-03T19:32:44.166-0500] {logging_mixin.py:190} INFO - [2025-03-03T19:32:44.166-0500] {dag.py:4180} INFO - Setting next_dagrun for example_nested_branch_dag to 2025-03-03 00:00:00+00:00, run_after=2025-03-04 00:00:00+00:00
[2025-03-03T19:32:44.171-0500] {processor.py:208} INFO - Processing /Users/kartikvadhawana/anaconda3/lib/python3.12/site-packages/airflow/example_dags/example_nested_branch_dag.py took 0.054 seconds
[2025-03-03T19:34:34.892-0500] {processor.py:186} INFO - Started process (PID=92529) to work on /Users/kartikvadhawana/anaconda3/lib/python3.12/site-packages/airflow/example_dags/example_nested_branch_dag.py
[2025-03-03T19:34:34.894-0500] {processor.py:914} INFO - Processing file /Users/kartikvadhawana/anaconda3/lib/python3.12/site-packages/airflow/example_dags/example_nested_branch_dag.py for tasks to queue
[2025-03-03T19:34:34.894-0500] {logging_mixin.py:190} INFO - [2025-03-03T19:34:34.894-0500] {dagbag.py:588} INFO - Filling up the DagBag from /Users/kartikvadhawana/anaconda3/lib/python3.12/site-packages/airflow/example_dags/example_nested_branch_dag.py
[2025-03-03T19:34:34.907-0500] {processor.py:925} INFO - DAG(s) 'example_nested_branch_dag' retrieved from /Users/kartikvadhawana/anaconda3/lib/python3.12/site-packages/airflow/example_dags/example_nested_branch_dag.py
[2025-03-03T19:34:34.934-0500] {logging_mixin.py:190} INFO - [2025-03-03T19:34:34.934-0500] {dag.py:3239} INFO - Sync 1 DAGs
[2025-03-03T19:34:34.939-0500] {logging_mixin.py:190} INFO - [2025-03-03T19:34:34.939-0500] {dag.py:4180} INFO - Setting next_dagrun for example_nested_branch_dag to 2025-03-03 00:00:00+00:00, run_after=2025-03-04 00:00:00+00:00
[2025-03-03T19:34:34.945-0500] {processor.py:208} INFO - Processing /Users/kartikvadhawana/anaconda3/lib/python3.12/site-packages/airflow/example_dags/example_nested_branch_dag.py took 0.053 seconds
[2025-03-03T19:37:11.223-0500] {processor.py:186} INFO - Started process (PID=92884) to work on /Users/kartikvadhawana/anaconda3/lib/python3.12/site-packages/airflow/example_dags/example_nested_branch_dag.py
[2025-03-03T19:37:11.223-0500] {processor.py:914} INFO - Processing file /Users/kartikvadhawana/anaconda3/lib/python3.12/site-packages/airflow/example_dags/example_nested_branch_dag.py for tasks to queue
[2025-03-03T19:37:11.224-0500] {logging_mixin.py:190} INFO - [2025-03-03T19:37:11.224-0500] {dagbag.py:588} INFO - Filling up the DagBag from /Users/kartikvadhawana/anaconda3/lib/python3.12/site-packages/airflow/example_dags/example_nested_branch_dag.py
[2025-03-03T19:37:11.236-0500] {processor.py:925} INFO - DAG(s) 'example_nested_branch_dag' retrieved from /Users/kartikvadhawana/anaconda3/lib/python3.12/site-packages/airflow/example_dags/example_nested_branch_dag.py
[2025-03-03T19:37:11.263-0500] {logging_mixin.py:190} INFO - [2025-03-03T19:37:11.263-0500] {dag.py:3239} INFO - Sync 1 DAGs
[2025-03-03T19:37:11.269-0500] {logging_mixin.py:190} INFO - [2025-03-03T19:37:11.269-0500] {dag.py:4180} INFO - Setting next_dagrun for example_nested_branch_dag to 2025-03-03 00:00:00+00:00, run_after=2025-03-04 00:00:00+00:00
[2025-03-03T19:37:11.274-0500] {processor.py:208} INFO - Processing /Users/kartikvadhawana/anaconda3/lib/python3.12/site-packages/airflow/example_dags/example_nested_branch_dag.py took 0.052 seconds
[2025-03-03T19:39:53.591-0500] {processor.py:186} INFO - Started process (PID=93257) to work on /Users/kartikvadhawana/anaconda3/lib/python3.12/site-packages/airflow/example_dags/example_nested_branch_dag.py
[2025-03-03T19:39:53.591-0500] {processor.py:914} INFO - Processing file /Users/kartikvadhawana/anaconda3/lib/python3.12/site-packages/airflow/example_dags/example_nested_branch_dag.py for tasks to queue
[2025-03-03T19:39:53.592-0500] {logging_mixin.py:190} INFO - [2025-03-03T19:39:53.592-0500] {dagbag.py:588} INFO - Filling up the DagBag from /Users/kartikvadhawana/anaconda3/lib/python3.12/site-packages/airflow/example_dags/example_nested_branch_dag.py
[2025-03-03T19:39:53.605-0500] {processor.py:925} INFO - DAG(s) 'example_nested_branch_dag' retrieved from /Users/kartikvadhawana/anaconda3/lib/python3.12/site-packages/airflow/example_dags/example_nested_branch_dag.py
[2025-03-03T19:39:53.632-0500] {logging_mixin.py:190} INFO - [2025-03-03T19:39:53.632-0500] {dag.py:3239} INFO - Sync 1 DAGs
[2025-03-03T19:39:53.637-0500] {logging_mixin.py:190} INFO - [2025-03-03T19:39:53.637-0500] {dag.py:4180} INFO - Setting next_dagrun for example_nested_branch_dag to 2025-03-03 00:00:00+00:00, run_after=2025-03-04 00:00:00+00:00
[2025-03-03T19:39:53.643-0500] {processor.py:208} INFO - Processing /Users/kartikvadhawana/anaconda3/lib/python3.12/site-packages/airflow/example_dags/example_nested_branch_dag.py took 0.053 seconds
[2025-03-03T19:42:39.972-0500] {processor.py:186} INFO - Started process (PID=93870) to work on /Users/kartikvadhawana/anaconda3/lib/python3.12/site-packages/airflow/example_dags/example_nested_branch_dag.py
[2025-03-03T19:42:39.973-0500] {processor.py:914} INFO - Processing file /Users/kartikvadhawana/anaconda3/lib/python3.12/site-packages/airflow/example_dags/example_nested_branch_dag.py for tasks to queue
[2025-03-03T19:42:39.974-0500] {logging_mixin.py:190} INFO - [2025-03-03T19:42:39.974-0500] {dagbag.py:588} INFO - Filling up the DagBag from /Users/kartikvadhawana/anaconda3/lib/python3.12/site-packages/airflow/example_dags/example_nested_branch_dag.py
[2025-03-03T19:42:39.989-0500] {processor.py:925} INFO - DAG(s) 'example_nested_branch_dag' retrieved from /Users/kartikvadhawana/anaconda3/lib/python3.12/site-packages/airflow/example_dags/example_nested_branch_dag.py
[2025-03-03T19:42:40.017-0500] {logging_mixin.py:190} INFO - [2025-03-03T19:42:40.016-0500] {dag.py:3239} INFO - Sync 1 DAGs
[2025-03-03T19:42:40.023-0500] {logging_mixin.py:190} INFO - [2025-03-03T19:42:40.022-0500] {dag.py:4180} INFO - Setting next_dagrun for example_nested_branch_dag to 2025-03-03 00:00:00+00:00, run_after=2025-03-04 00:00:00+00:00
[2025-03-03T19:42:40.028-0500] {processor.py:208} INFO - Processing /Users/kartikvadhawana/anaconda3/lib/python3.12/site-packages/airflow/example_dags/example_nested_branch_dag.py took 0.056 seconds
[2025-03-03T19:44:32.349-0500] {processor.py:186} INFO - Started process (PID=94082) to work on /Users/kartikvadhawana/anaconda3/lib/python3.12/site-packages/airflow/example_dags/example_nested_branch_dag.py
[2025-03-03T19:44:32.349-0500] {processor.py:914} INFO - Processing file /Users/kartikvadhawana/anaconda3/lib/python3.12/site-packages/airflow/example_dags/example_nested_branch_dag.py for tasks to queue
[2025-03-03T19:44:32.350-0500] {logging_mixin.py:190} INFO - [2025-03-03T19:44:32.350-0500] {dagbag.py:588} INFO - Filling up the DagBag from /Users/kartikvadhawana/anaconda3/lib/python3.12/site-packages/airflow/example_dags/example_nested_branch_dag.py
[2025-03-03T19:44:32.363-0500] {processor.py:925} INFO - DAG(s) 'example_nested_branch_dag' retrieved from /Users/kartikvadhawana/anaconda3/lib/python3.12/site-packages/airflow/example_dags/example_nested_branch_dag.py
[2025-03-03T19:44:32.389-0500] {logging_mixin.py:190} INFO - [2025-03-03T19:44:32.389-0500] {dag.py:3239} INFO - Sync 1 DAGs
[2025-03-03T19:44:32.395-0500] {logging_mixin.py:190} INFO - [2025-03-03T19:44:32.395-0500] {dag.py:4180} INFO - Setting next_dagrun for example_nested_branch_dag to 2025-03-03 00:00:00+00:00, run_after=2025-03-04 00:00:00+00:00
[2025-03-03T19:44:32.400-0500] {processor.py:208} INFO - Processing /Users/kartikvadhawana/anaconda3/lib/python3.12/site-packages/airflow/example_dags/example_nested_branch_dag.py took 0.052 seconds
[2025-03-03T19:49:07.339-0500] {processor.py:186} INFO - Started process (PID=94746) to work on /Users/kartikvadhawana/anaconda3/lib/python3.12/site-packages/airflow/example_dags/example_nested_branch_dag.py
[2025-03-03T19:49:07.340-0500] {processor.py:914} INFO - Processing file /Users/kartikvadhawana/anaconda3/lib/python3.12/site-packages/airflow/example_dags/example_nested_branch_dag.py for tasks to queue
[2025-03-03T19:49:07.341-0500] {logging_mixin.py:190} INFO - [2025-03-03T19:49:07.341-0500] {dagbag.py:588} INFO - Filling up the DagBag from /Users/kartikvadhawana/anaconda3/lib/python3.12/site-packages/airflow/example_dags/example_nested_branch_dag.py
[2025-03-03T19:49:07.353-0500] {processor.py:925} INFO - DAG(s) 'example_nested_branch_dag' retrieved from /Users/kartikvadhawana/anaconda3/lib/python3.12/site-packages/airflow/example_dags/example_nested_branch_dag.py
[2025-03-03T19:49:07.379-0500] {logging_mixin.py:190} INFO - [2025-03-03T19:49:07.379-0500] {dag.py:3239} INFO - Sync 1 DAGs
[2025-03-03T19:49:07.385-0500] {logging_mixin.py:190} INFO - [2025-03-03T19:49:07.385-0500] {dag.py:4180} INFO - Setting next_dagrun for example_nested_branch_dag to 2025-03-03 00:00:00+00:00, run_after=2025-03-04 00:00:00+00:00
[2025-03-03T19:49:07.390-0500] {processor.py:208} INFO - Processing /Users/kartikvadhawana/anaconda3/lib/python3.12/site-packages/airflow/example_dags/example_nested_branch_dag.py took 0.052 seconds
[2025-03-03T19:50:56.815-0500] {processor.py:186} INFO - Started process (PID=94881) to work on /Users/kartikvadhawana/anaconda3/lib/python3.12/site-packages/airflow/example_dags/example_nested_branch_dag.py
[2025-03-03T19:50:56.816-0500] {processor.py:914} INFO - Processing file /Users/kartikvadhawana/anaconda3/lib/python3.12/site-packages/airflow/example_dags/example_nested_branch_dag.py for tasks to queue
[2025-03-03T19:50:56.817-0500] {logging_mixin.py:190} INFO - [2025-03-03T19:50:56.817-0500] {dagbag.py:588} INFO - Filling up the DagBag from /Users/kartikvadhawana/anaconda3/lib/python3.12/site-packages/airflow/example_dags/example_nested_branch_dag.py
[2025-03-03T19:50:56.829-0500] {processor.py:925} INFO - DAG(s) 'example_nested_branch_dag' retrieved from /Users/kartikvadhawana/anaconda3/lib/python3.12/site-packages/airflow/example_dags/example_nested_branch_dag.py
[2025-03-03T19:50:56.855-0500] {logging_mixin.py:190} INFO - [2025-03-03T19:50:56.855-0500] {dag.py:3239} INFO - Sync 1 DAGs
[2025-03-03T19:50:56.860-0500] {logging_mixin.py:190} INFO - [2025-03-03T19:50:56.860-0500] {dag.py:4180} INFO - Setting next_dagrun for example_nested_branch_dag to 2025-03-03 00:00:00+00:00, run_after=2025-03-04 00:00:00+00:00
[2025-03-03T19:50:56.866-0500] {processor.py:208} INFO - Processing /Users/kartikvadhawana/anaconda3/lib/python3.12/site-packages/airflow/example_dags/example_nested_branch_dag.py took 0.052 seconds
[2025-03-03T19:53:37.496-0500] {processor.py:186} INFO - Started process (PID=95226) to work on /Users/kartikvadhawana/anaconda3/lib/python3.12/site-packages/airflow/example_dags/example_nested_branch_dag.py
[2025-03-03T19:53:37.497-0500] {processor.py:914} INFO - Processing file /Users/kartikvadhawana/anaconda3/lib/python3.12/site-packages/airflow/example_dags/example_nested_branch_dag.py for tasks to queue
[2025-03-03T19:53:37.497-0500] {logging_mixin.py:190} INFO - [2025-03-03T19:53:37.497-0500] {dagbag.py:588} INFO - Filling up the DagBag from /Users/kartikvadhawana/anaconda3/lib/python3.12/site-packages/airflow/example_dags/example_nested_branch_dag.py
[2025-03-03T19:53:37.510-0500] {processor.py:925} INFO - DAG(s) 'example_nested_branch_dag' retrieved from /Users/kartikvadhawana/anaconda3/lib/python3.12/site-packages/airflow/example_dags/example_nested_branch_dag.py
[2025-03-03T19:53:37.536-0500] {logging_mixin.py:190} INFO - [2025-03-03T19:53:37.536-0500] {dag.py:3239} INFO - Sync 1 DAGs
[2025-03-03T19:53:37.542-0500] {logging_mixin.py:190} INFO - [2025-03-03T19:53:37.542-0500] {dag.py:4180} INFO - Setting next_dagrun for example_nested_branch_dag to 2025-03-03 00:00:00+00:00, run_after=2025-03-04 00:00:00+00:00
[2025-03-03T19:53:37.547-0500] {processor.py:208} INFO - Processing /Users/kartikvadhawana/anaconda3/lib/python3.12/site-packages/airflow/example_dags/example_nested_branch_dag.py took 0.052 seconds
[2025-03-03T19:56:21.413-0500] {processor.py:186} INFO - Started process (PID=95648) to work on /Users/kartikvadhawana/anaconda3/lib/python3.12/site-packages/airflow/example_dags/example_nested_branch_dag.py
[2025-03-03T19:56:21.414-0500] {processor.py:914} INFO - Processing file /Users/kartikvadhawana/anaconda3/lib/python3.12/site-packages/airflow/example_dags/example_nested_branch_dag.py for tasks to queue
[2025-03-03T19:56:21.414-0500] {logging_mixin.py:190} INFO - [2025-03-03T19:56:21.414-0500] {dagbag.py:588} INFO - Filling up the DagBag from /Users/kartikvadhawana/anaconda3/lib/python3.12/site-packages/airflow/example_dags/example_nested_branch_dag.py
[2025-03-03T19:56:21.427-0500] {processor.py:925} INFO - DAG(s) 'example_nested_branch_dag' retrieved from /Users/kartikvadhawana/anaconda3/lib/python3.12/site-packages/airflow/example_dags/example_nested_branch_dag.py
[2025-03-03T19:56:21.454-0500] {logging_mixin.py:190} INFO - [2025-03-03T19:56:21.453-0500] {dag.py:3239} INFO - Sync 1 DAGs
[2025-03-03T19:56:21.459-0500] {logging_mixin.py:190} INFO - [2025-03-03T19:56:21.459-0500] {dag.py:4180} INFO - Setting next_dagrun for example_nested_branch_dag to 2025-03-03 00:00:00+00:00, run_after=2025-03-04 00:00:00+00:00
[2025-03-03T19:56:21.464-0500] {processor.py:208} INFO - Processing /Users/kartikvadhawana/anaconda3/lib/python3.12/site-packages/airflow/example_dags/example_nested_branch_dag.py took 0.052 seconds
[2025-03-03T19:59:05.846-0500] {processor.py:186} INFO - Started process (PID=95964) to work on /Users/kartikvadhawana/anaconda3/lib/python3.12/site-packages/airflow/example_dags/example_nested_branch_dag.py
[2025-03-03T19:59:05.847-0500] {processor.py:914} INFO - Processing file /Users/kartikvadhawana/anaconda3/lib/python3.12/site-packages/airflow/example_dags/example_nested_branch_dag.py for tasks to queue
[2025-03-03T19:59:05.848-0500] {logging_mixin.py:190} INFO - [2025-03-03T19:59:05.848-0500] {dagbag.py:588} INFO - Filling up the DagBag from /Users/kartikvadhawana/anaconda3/lib/python3.12/site-packages/airflow/example_dags/example_nested_branch_dag.py
[2025-03-03T19:59:05.862-0500] {processor.py:925} INFO - DAG(s) 'example_nested_branch_dag' retrieved from /Users/kartikvadhawana/anaconda3/lib/python3.12/site-packages/airflow/example_dags/example_nested_branch_dag.py
[2025-03-03T19:59:05.891-0500] {logging_mixin.py:190} INFO - [2025-03-03T19:59:05.891-0500] {dag.py:3239} INFO - Sync 1 DAGs
[2025-03-03T19:59:05.897-0500] {logging_mixin.py:190} INFO - [2025-03-03T19:59:05.897-0500] {dag.py:4180} INFO - Setting next_dagrun for example_nested_branch_dag to 2025-03-03 00:00:00+00:00, run_after=2025-03-04 00:00:00+00:00
[2025-03-03T19:59:05.903-0500] {processor.py:208} INFO - Processing /Users/kartikvadhawana/anaconda3/lib/python3.12/site-packages/airflow/example_dags/example_nested_branch_dag.py took 0.058 seconds
