[2025-03-03T19:21:41.627-0500] {processor.py:186} INFO - Started process (PID=89927) to work on /Users/kartikvadhawana/anaconda3/lib/python3.12/site-packages/airflow/example_dags/example_dynamic_task_mapping.py
[2025-03-03T19:21:41.627-0500] {processor.py:914} INFO - Processing file /Users/kartikvadhawana/anaconda3/lib/python3.12/site-packages/airflow/example_dags/example_dynamic_task_mapping.py for tasks to queue
[2025-03-03T19:21:41.627-0500] {logging_mixin.py:190} INFO - [2025-03-03T19:21:41.627-0500] {dagbag.py:588} INFO - Filling up the DagBag from /Users/kartikvadhawana/anaconda3/lib/python3.12/site-packages/airflow/example_dags/example_dynamic_task_mapping.py
[2025-03-03T19:21:41.640-0500] {processor.py:925} INFO - DAG(s) 'example_dynamic_task_mapping' retrieved from /Users/kartikvadhawana/anaconda3/lib/python3.12/site-packages/airflow/example_dags/example_dynamic_task_mapping.py
[2025-03-03T19:21:41.693-0500] {logging_mixin.py:190} INFO - [2025-03-03T19:21:41.692-0500] {override.py:1930} INFO - Created Permission View: can delete on DAG:example_dynamic_task_mapping
[2025-03-03T19:21:41.696-0500] {logging_mixin.py:190} INFO - [2025-03-03T19:21:41.696-0500] {override.py:1930} INFO - Created Permission View: can edit on DAG:example_dynamic_task_mapping
[2025-03-03T19:21:41.697-0500] {logging_mixin.py:190} INFO - [2025-03-03T19:21:41.697-0500] {override.py:1930} INFO - Created Permission View: can read on DAG:example_dynamic_task_mapping
[2025-03-03T19:21:41.699-0500] {logging_mixin.py:190} INFO - [2025-03-03T19:21:41.699-0500] {override.py:1930} INFO - Created Permission View: can delete on DAG Run:example_dynamic_task_mapping
[2025-03-03T19:21:41.701-0500] {logging_mixin.py:190} INFO - [2025-03-03T19:21:41.701-0500] {override.py:1930} INFO - Created Permission View: menu access on DAG Run:example_dynamic_task_mapping
[2025-03-03T19:21:41.702-0500] {logging_mixin.py:190} INFO - [2025-03-03T19:21:41.702-0500] {override.py:1930} INFO - Created Permission View: can create on DAG Run:example_dynamic_task_mapping
[2025-03-03T19:21:41.704-0500] {logging_mixin.py:190} INFO - [2025-03-03T19:21:41.704-0500] {override.py:1930} INFO - Created Permission View: can read on DAG Run:example_dynamic_task_mapping
[2025-03-03T19:21:41.704-0500] {logging_mixin.py:190} INFO - [2025-03-03T19:21:41.704-0500] {dag.py:3239} INFO - Sync 1 DAGs
[2025-03-03T19:21:41.708-0500] {logging_mixin.py:190} INFO - [2025-03-03T19:21:41.708-0500] {dag.py:3262} INFO - Creating ORM DAG for example_dynamic_task_mapping
[2025-03-03T19:21:41.708-0500] {logging_mixin.py:190} INFO - [2025-03-03T19:21:41.708-0500] {dag.py:4180} INFO - Setting next_dagrun for example_dynamic_task_mapping to None, run_after=None
[2025-03-03T19:21:41.713-0500] {processor.py:208} INFO - Processing /Users/kartikvadhawana/anaconda3/lib/python3.12/site-packages/airflow/example_dags/example_dynamic_task_mapping.py took 0.087 seconds
[2025-03-03T19:24:20.576-0500] {processor.py:186} INFO - Started process (PID=90449) to work on /Users/kartikvadhawana/anaconda3/lib/python3.12/site-packages/airflow/example_dags/example_dynamic_task_mapping.py
[2025-03-03T19:24:20.576-0500] {processor.py:914} INFO - Processing file /Users/kartikvadhawana/anaconda3/lib/python3.12/site-packages/airflow/example_dags/example_dynamic_task_mapping.py for tasks to queue
[2025-03-03T19:24:20.577-0500] {logging_mixin.py:190} INFO - [2025-03-03T19:24:20.577-0500] {dagbag.py:588} INFO - Filling up the DagBag from /Users/kartikvadhawana/anaconda3/lib/python3.12/site-packages/airflow/example_dags/example_dynamic_task_mapping.py
[2025-03-03T19:24:20.590-0500] {processor.py:925} INFO - DAG(s) 'example_dynamic_task_mapping' retrieved from /Users/kartikvadhawana/anaconda3/lib/python3.12/site-packages/airflow/example_dags/example_dynamic_task_mapping.py
[2025-03-03T19:24:20.618-0500] {logging_mixin.py:190} INFO - [2025-03-03T19:24:20.618-0500] {dag.py:3239} INFO - Sync 1 DAGs
[2025-03-03T19:24:20.621-0500] {logging_mixin.py:190} INFO - [2025-03-03T19:24:20.621-0500] {dag.py:4180} INFO - Setting next_dagrun for example_dynamic_task_mapping to None, run_after=None
[2025-03-03T19:24:20.628-0500] {processor.py:208} INFO - Processing /Users/kartikvadhawana/anaconda3/lib/python3.12/site-packages/airflow/example_dags/example_dynamic_task_mapping.py took 0.054 seconds
[2025-03-03T19:28:42.098-0500] {processor.py:186} INFO - Started process (PID=91504) to work on /Users/kartikvadhawana/anaconda3/lib/python3.12/site-packages/airflow/example_dags/example_dynamic_task_mapping.py
[2025-03-03T19:28:42.099-0500] {processor.py:914} INFO - Processing file /Users/kartikvadhawana/anaconda3/lib/python3.12/site-packages/airflow/example_dags/example_dynamic_task_mapping.py for tasks to queue
[2025-03-03T19:28:42.099-0500] {logging_mixin.py:190} INFO - [2025-03-03T19:28:42.099-0500] {dagbag.py:588} INFO - Filling up the DagBag from /Users/kartikvadhawana/anaconda3/lib/python3.12/site-packages/airflow/example_dags/example_dynamic_task_mapping.py
[2025-03-03T19:28:42.112-0500] {processor.py:925} INFO - DAG(s) 'example_dynamic_task_mapping' retrieved from /Users/kartikvadhawana/anaconda3/lib/python3.12/site-packages/airflow/example_dags/example_dynamic_task_mapping.py
[2025-03-03T19:28:42.137-0500] {logging_mixin.py:190} INFO - [2025-03-03T19:28:42.137-0500] {dag.py:3239} INFO - Sync 1 DAGs
[2025-03-03T19:28:42.140-0500] {logging_mixin.py:190} INFO - [2025-03-03T19:28:42.140-0500] {dag.py:4180} INFO - Setting next_dagrun for example_dynamic_task_mapping to None, run_after=None
[2025-03-03T19:28:42.146-0500] {processor.py:208} INFO - Processing /Users/kartikvadhawana/anaconda3/lib/python3.12/site-packages/airflow/example_dags/example_dynamic_task_mapping.py took 0.049 seconds
[2025-03-03T19:31:17.136-0500] {processor.py:186} INFO - Started process (PID=91918) to work on /Users/kartikvadhawana/anaconda3/lib/python3.12/site-packages/airflow/example_dags/example_dynamic_task_mapping.py
[2025-03-03T19:31:17.136-0500] {processor.py:914} INFO - Processing file /Users/kartikvadhawana/anaconda3/lib/python3.12/site-packages/airflow/example_dags/example_dynamic_task_mapping.py for tasks to queue
[2025-03-03T19:31:17.137-0500] {logging_mixin.py:190} INFO - [2025-03-03T19:31:17.137-0500] {dagbag.py:588} INFO - Filling up the DagBag from /Users/kartikvadhawana/anaconda3/lib/python3.12/site-packages/airflow/example_dags/example_dynamic_task_mapping.py
[2025-03-03T19:31:17.151-0500] {processor.py:925} INFO - DAG(s) 'example_dynamic_task_mapping' retrieved from /Users/kartikvadhawana/anaconda3/lib/python3.12/site-packages/airflow/example_dags/example_dynamic_task_mapping.py
[2025-03-03T19:31:17.177-0500] {logging_mixin.py:190} INFO - [2025-03-03T19:31:17.177-0500] {dag.py:3239} INFO - Sync 1 DAGs
[2025-03-03T19:31:17.180-0500] {logging_mixin.py:190} INFO - [2025-03-03T19:31:17.180-0500] {dag.py:4180} INFO - Setting next_dagrun for example_dynamic_task_mapping to None, run_after=None
[2025-03-03T19:31:17.186-0500] {processor.py:208} INFO - Processing /Users/kartikvadhawana/anaconda3/lib/python3.12/site-packages/airflow/example_dags/example_dynamic_task_mapping.py took 0.051 seconds
[2025-03-03T19:32:58.338-0500] {processor.py:186} INFO - Started process (PID=92313) to work on /Users/kartikvadhawana/anaconda3/lib/python3.12/site-packages/airflow/example_dags/example_dynamic_task_mapping.py
[2025-03-03T19:32:58.339-0500] {processor.py:914} INFO - Processing file /Users/kartikvadhawana/anaconda3/lib/python3.12/site-packages/airflow/example_dags/example_dynamic_task_mapping.py for tasks to queue
[2025-03-03T19:32:58.339-0500] {logging_mixin.py:190} INFO - [2025-03-03T19:32:58.339-0500] {dagbag.py:588} INFO - Filling up the DagBag from /Users/kartikvadhawana/anaconda3/lib/python3.12/site-packages/airflow/example_dags/example_dynamic_task_mapping.py
[2025-03-03T19:32:58.352-0500] {processor.py:925} INFO - DAG(s) 'example_dynamic_task_mapping' retrieved from /Users/kartikvadhawana/anaconda3/lib/python3.12/site-packages/airflow/example_dags/example_dynamic_task_mapping.py
[2025-03-03T19:32:58.378-0500] {logging_mixin.py:190} INFO - [2025-03-03T19:32:58.378-0500] {dag.py:3239} INFO - Sync 1 DAGs
[2025-03-03T19:32:58.381-0500] {logging_mixin.py:190} INFO - [2025-03-03T19:32:58.381-0500] {dag.py:4180} INFO - Setting next_dagrun for example_dynamic_task_mapping to None, run_after=None
[2025-03-03T19:32:58.387-0500] {processor.py:208} INFO - Processing /Users/kartikvadhawana/anaconda3/lib/python3.12/site-packages/airflow/example_dags/example_dynamic_task_mapping.py took 0.050 seconds
[2025-03-03T19:35:35.386-0500] {processor.py:186} INFO - Started process (PID=92669) to work on /Users/kartikvadhawana/anaconda3/lib/python3.12/site-packages/airflow/example_dags/example_dynamic_task_mapping.py
[2025-03-03T19:35:35.387-0500] {processor.py:914} INFO - Processing file /Users/kartikvadhawana/anaconda3/lib/python3.12/site-packages/airflow/example_dags/example_dynamic_task_mapping.py for tasks to queue
[2025-03-03T19:35:35.388-0500] {logging_mixin.py:190} INFO - [2025-03-03T19:35:35.388-0500] {dagbag.py:588} INFO - Filling up the DagBag from /Users/kartikvadhawana/anaconda3/lib/python3.12/site-packages/airflow/example_dags/example_dynamic_task_mapping.py
[2025-03-03T19:35:35.400-0500] {processor.py:925} INFO - DAG(s) 'example_dynamic_task_mapping' retrieved from /Users/kartikvadhawana/anaconda3/lib/python3.12/site-packages/airflow/example_dags/example_dynamic_task_mapping.py
[2025-03-03T19:35:35.426-0500] {logging_mixin.py:190} INFO - [2025-03-03T19:35:35.426-0500] {dag.py:3239} INFO - Sync 1 DAGs
[2025-03-03T19:35:35.429-0500] {logging_mixin.py:190} INFO - [2025-03-03T19:35:35.429-0500] {dag.py:4180} INFO - Setting next_dagrun for example_dynamic_task_mapping to None, run_after=None
[2025-03-03T19:35:35.435-0500] {processor.py:208} INFO - Processing /Users/kartikvadhawana/anaconda3/lib/python3.12/site-packages/airflow/example_dags/example_dynamic_task_mapping.py took 0.050 seconds
[2025-03-03T19:38:19.142-0500] {processor.py:186} INFO - Started process (PID=93047) to work on /Users/kartikvadhawana/anaconda3/lib/python3.12/site-packages/airflow/example_dags/example_dynamic_task_mapping.py
[2025-03-03T19:38:19.143-0500] {processor.py:914} INFO - Processing file /Users/kartikvadhawana/anaconda3/lib/python3.12/site-packages/airflow/example_dags/example_dynamic_task_mapping.py for tasks to queue
[2025-03-03T19:38:19.144-0500] {logging_mixin.py:190} INFO - [2025-03-03T19:38:19.143-0500] {dagbag.py:588} INFO - Filling up the DagBag from /Users/kartikvadhawana/anaconda3/lib/python3.12/site-packages/airflow/example_dags/example_dynamic_task_mapping.py
[2025-03-03T19:38:19.156-0500] {processor.py:925} INFO - DAG(s) 'example_dynamic_task_mapping' retrieved from /Users/kartikvadhawana/anaconda3/lib/python3.12/site-packages/airflow/example_dags/example_dynamic_task_mapping.py
[2025-03-03T19:38:19.183-0500] {logging_mixin.py:190} INFO - [2025-03-03T19:38:19.182-0500] {dag.py:3239} INFO - Sync 1 DAGs
[2025-03-03T19:38:19.186-0500] {logging_mixin.py:190} INFO - [2025-03-03T19:38:19.186-0500] {dag.py:4180} INFO - Setting next_dagrun for example_dynamic_task_mapping to None, run_after=None
[2025-03-03T19:38:19.191-0500] {processor.py:208} INFO - Processing /Users/kartikvadhawana/anaconda3/lib/python3.12/site-packages/airflow/example_dags/example_dynamic_task_mapping.py took 0.051 seconds
[2025-03-03T19:40:58.154-0500] {processor.py:186} INFO - Started process (PID=93453) to work on /Users/kartikvadhawana/anaconda3/lib/python3.12/site-packages/airflow/example_dags/example_dynamic_task_mapping.py
[2025-03-03T19:40:58.155-0500] {processor.py:914} INFO - Processing file /Users/kartikvadhawana/anaconda3/lib/python3.12/site-packages/airflow/example_dags/example_dynamic_task_mapping.py for tasks to queue
[2025-03-03T19:40:58.156-0500] {logging_mixin.py:190} INFO - [2025-03-03T19:40:58.155-0500] {dagbag.py:588} INFO - Filling up the DagBag from /Users/kartikvadhawana/anaconda3/lib/python3.12/site-packages/airflow/example_dags/example_dynamic_task_mapping.py
[2025-03-03T19:40:58.170-0500] {processor.py:925} INFO - DAG(s) 'example_dynamic_task_mapping' retrieved from /Users/kartikvadhawana/anaconda3/lib/python3.12/site-packages/airflow/example_dags/example_dynamic_task_mapping.py
[2025-03-03T19:40:58.197-0500] {logging_mixin.py:190} INFO - [2025-03-03T19:40:58.197-0500] {dag.py:3239} INFO - Sync 1 DAGs
[2025-03-03T19:40:58.200-0500] {logging_mixin.py:190} INFO - [2025-03-03T19:40:58.200-0500] {dag.py:4180} INFO - Setting next_dagrun for example_dynamic_task_mapping to None, run_after=None
[2025-03-03T19:40:58.206-0500] {processor.py:208} INFO - Processing /Users/kartikvadhawana/anaconda3/lib/python3.12/site-packages/airflow/example_dags/example_dynamic_task_mapping.py took 0.053 seconds
[2025-03-03T19:42:53.510-0500] {processor.py:186} INFO - Started process (PID=93889) to work on /Users/kartikvadhawana/anaconda3/lib/python3.12/site-packages/airflow/example_dags/example_dynamic_task_mapping.py
[2025-03-03T19:42:53.511-0500] {processor.py:914} INFO - Processing file /Users/kartikvadhawana/anaconda3/lib/python3.12/site-packages/airflow/example_dags/example_dynamic_task_mapping.py for tasks to queue
[2025-03-03T19:42:53.512-0500] {logging_mixin.py:190} INFO - [2025-03-03T19:42:53.512-0500] {dagbag.py:588} INFO - Filling up the DagBag from /Users/kartikvadhawana/anaconda3/lib/python3.12/site-packages/airflow/example_dags/example_dynamic_task_mapping.py
[2025-03-03T19:42:53.524-0500] {processor.py:925} INFO - DAG(s) 'example_dynamic_task_mapping' retrieved from /Users/kartikvadhawana/anaconda3/lib/python3.12/site-packages/airflow/example_dags/example_dynamic_task_mapping.py
[2025-03-03T19:42:53.549-0500] {logging_mixin.py:190} INFO - [2025-03-03T19:42:53.549-0500] {dag.py:3239} INFO - Sync 1 DAGs
[2025-03-03T19:42:53.552-0500] {logging_mixin.py:190} INFO - [2025-03-03T19:42:53.552-0500] {dag.py:4180} INFO - Setting next_dagrun for example_dynamic_task_mapping to None, run_after=None
[2025-03-03T19:42:53.558-0500] {processor.py:208} INFO - Processing /Users/kartikvadhawana/anaconda3/lib/python3.12/site-packages/airflow/example_dags/example_dynamic_task_mapping.py took 0.049 seconds
[2025-03-03T19:49:21.966-0500] {processor.py:186} INFO - Started process (PID=94763) to work on /Users/kartikvadhawana/anaconda3/lib/python3.12/site-packages/airflow/example_dags/example_dynamic_task_mapping.py
[2025-03-03T19:49:21.966-0500] {processor.py:914} INFO - Processing file /Users/kartikvadhawana/anaconda3/lib/python3.12/site-packages/airflow/example_dags/example_dynamic_task_mapping.py for tasks to queue
[2025-03-03T19:49:21.967-0500] {logging_mixin.py:190} INFO - [2025-03-03T19:49:21.967-0500] {dagbag.py:588} INFO - Filling up the DagBag from /Users/kartikvadhawana/anaconda3/lib/python3.12/site-packages/airflow/example_dags/example_dynamic_task_mapping.py
[2025-03-03T19:49:21.979-0500] {processor.py:925} INFO - DAG(s) 'example_dynamic_task_mapping' retrieved from /Users/kartikvadhawana/anaconda3/lib/python3.12/site-packages/airflow/example_dags/example_dynamic_task_mapping.py
[2025-03-03T19:49:22.005-0500] {logging_mixin.py:190} INFO - [2025-03-03T19:49:22.005-0500] {dag.py:3239} INFO - Sync 1 DAGs
[2025-03-03T19:49:22.008-0500] {logging_mixin.py:190} INFO - [2025-03-03T19:49:22.008-0500] {dag.py:4180} INFO - Setting next_dagrun for example_dynamic_task_mapping to None, run_after=None
[2025-03-03T19:49:22.014-0500] {processor.py:208} INFO - Processing /Users/kartikvadhawana/anaconda3/lib/python3.12/site-packages/airflow/example_dags/example_dynamic_task_mapping.py took 0.049 seconds
[2025-03-03T19:52:01.077-0500] {processor.py:186} INFO - Started process (PID=94958) to work on /Users/kartikvadhawana/anaconda3/lib/python3.12/site-packages/airflow/example_dags/example_dynamic_task_mapping.py
[2025-03-03T19:52:01.077-0500] {processor.py:914} INFO - Processing file /Users/kartikvadhawana/anaconda3/lib/python3.12/site-packages/airflow/example_dags/example_dynamic_task_mapping.py for tasks to queue
[2025-03-03T19:52:01.078-0500] {logging_mixin.py:190} INFO - [2025-03-03T19:52:01.078-0500] {dagbag.py:588} INFO - Filling up the DagBag from /Users/kartikvadhawana/anaconda3/lib/python3.12/site-packages/airflow/example_dags/example_dynamic_task_mapping.py
[2025-03-03T19:52:01.089-0500] {processor.py:925} INFO - DAG(s) 'example_dynamic_task_mapping' retrieved from /Users/kartikvadhawana/anaconda3/lib/python3.12/site-packages/airflow/example_dags/example_dynamic_task_mapping.py
[2025-03-03T19:52:01.115-0500] {logging_mixin.py:190} INFO - [2025-03-03T19:52:01.115-0500] {dag.py:3239} INFO - Sync 1 DAGs
[2025-03-03T19:52:01.118-0500] {logging_mixin.py:190} INFO - [2025-03-03T19:52:01.118-0500] {dag.py:4180} INFO - Setting next_dagrun for example_dynamic_task_mapping to None, run_after=None
[2025-03-03T19:52:01.123-0500] {processor.py:208} INFO - Processing /Users/kartikvadhawana/anaconda3/lib/python3.12/site-packages/airflow/example_dags/example_dynamic_task_mapping.py took 0.047 seconds
[2025-03-03T19:54:45.338-0500] {processor.py:186} INFO - Started process (PID=95359) to work on /Users/kartikvadhawana/anaconda3/lib/python3.12/site-packages/airflow/example_dags/example_dynamic_task_mapping.py
[2025-03-03T19:54:45.339-0500] {processor.py:914} INFO - Processing file /Users/kartikvadhawana/anaconda3/lib/python3.12/site-packages/airflow/example_dags/example_dynamic_task_mapping.py for tasks to queue
[2025-03-03T19:54:45.340-0500] {logging_mixin.py:190} INFO - [2025-03-03T19:54:45.340-0500] {dagbag.py:588} INFO - Filling up the DagBag from /Users/kartikvadhawana/anaconda3/lib/python3.12/site-packages/airflow/example_dags/example_dynamic_task_mapping.py
[2025-03-03T19:54:45.353-0500] {processor.py:925} INFO - DAG(s) 'example_dynamic_task_mapping' retrieved from /Users/kartikvadhawana/anaconda3/lib/python3.12/site-packages/airflow/example_dags/example_dynamic_task_mapping.py
[2025-03-03T19:54:45.382-0500] {logging_mixin.py:190} INFO - [2025-03-03T19:54:45.382-0500] {dag.py:3239} INFO - Sync 1 DAGs
[2025-03-03T19:54:45.385-0500] {logging_mixin.py:190} INFO - [2025-03-03T19:54:45.385-0500] {dag.py:4180} INFO - Setting next_dagrun for example_dynamic_task_mapping to None, run_after=None
[2025-03-03T19:54:45.392-0500] {processor.py:208} INFO - Processing /Users/kartikvadhawana/anaconda3/lib/python3.12/site-packages/airflow/example_dags/example_dynamic_task_mapping.py took 0.055 seconds
[2025-03-03T19:57:30.481-0500] {processor.py:186} INFO - Started process (PID=95797) to work on /Users/kartikvadhawana/anaconda3/lib/python3.12/site-packages/airflow/example_dags/example_dynamic_task_mapping.py
[2025-03-03T19:57:30.481-0500] {processor.py:914} INFO - Processing file /Users/kartikvadhawana/anaconda3/lib/python3.12/site-packages/airflow/example_dags/example_dynamic_task_mapping.py for tasks to queue
[2025-03-03T19:57:30.482-0500] {logging_mixin.py:190} INFO - [2025-03-03T19:57:30.482-0500] {dagbag.py:588} INFO - Filling up the DagBag from /Users/kartikvadhawana/anaconda3/lib/python3.12/site-packages/airflow/example_dags/example_dynamic_task_mapping.py
[2025-03-03T19:57:30.499-0500] {processor.py:925} INFO - DAG(s) 'example_dynamic_task_mapping' retrieved from /Users/kartikvadhawana/anaconda3/lib/python3.12/site-packages/airflow/example_dags/example_dynamic_task_mapping.py
[2025-03-03T19:57:30.528-0500] {logging_mixin.py:190} INFO - [2025-03-03T19:57:30.528-0500] {dag.py:3239} INFO - Sync 1 DAGs
[2025-03-03T19:57:30.531-0500] {logging_mixin.py:190} INFO - [2025-03-03T19:57:30.531-0500] {dag.py:4180} INFO - Setting next_dagrun for example_dynamic_task_mapping to None, run_after=None
[2025-03-03T19:57:30.537-0500] {processor.py:208} INFO - Processing /Users/kartikvadhawana/anaconda3/lib/python3.12/site-packages/airflow/example_dags/example_dynamic_task_mapping.py took 0.057 seconds
[2025-03-03T20:00:12.593-0500] {processor.py:186} INFO - Started process (PID=96052) to work on /Users/kartikvadhawana/anaconda3/lib/python3.12/site-packages/airflow/example_dags/example_dynamic_task_mapping.py
[2025-03-03T20:00:12.595-0500] {processor.py:914} INFO - Processing file /Users/kartikvadhawana/anaconda3/lib/python3.12/site-packages/airflow/example_dags/example_dynamic_task_mapping.py for tasks to queue
[2025-03-03T20:00:12.595-0500] {logging_mixin.py:190} INFO - [2025-03-03T20:00:12.595-0500] {dagbag.py:588} INFO - Filling up the DagBag from /Users/kartikvadhawana/anaconda3/lib/python3.12/site-packages/airflow/example_dags/example_dynamic_task_mapping.py
[2025-03-03T20:00:12.609-0500] {processor.py:925} INFO - DAG(s) 'example_dynamic_task_mapping' retrieved from /Users/kartikvadhawana/anaconda3/lib/python3.12/site-packages/airflow/example_dags/example_dynamic_task_mapping.py
[2025-03-03T20:00:12.636-0500] {logging_mixin.py:190} INFO - [2025-03-03T20:00:12.636-0500] {dag.py:3239} INFO - Sync 1 DAGs
[2025-03-03T20:00:12.639-0500] {logging_mixin.py:190} INFO - [2025-03-03T20:00:12.639-0500] {dag.py:4180} INFO - Setting next_dagrun for example_dynamic_task_mapping to None, run_after=None
[2025-03-03T20:00:12.645-0500] {processor.py:208} INFO - Processing /Users/kartikvadhawana/anaconda3/lib/python3.12/site-packages/airflow/example_dags/example_dynamic_task_mapping.py took 0.053 seconds
