[2025-03-03T19:22:03.012-0500] {processor.py:186} INFO - Started process (PID=89968) to work on /Users/kartikvadhawana/anaconda3/lib/python3.12/site-packages/airflow/example_dags/example_branch_day_of_week_operator.py
[2025-03-03T19:22:03.012-0500] {processor.py:914} INFO - Processing file /Users/kartikvadhawana/anaconda3/lib/python3.12/site-packages/airflow/example_dags/example_branch_day_of_week_operator.py for tasks to queue
[2025-03-03T19:22:03.012-0500] {logging_mixin.py:190} INFO - [2025-03-03T19:22:03.012-0500] {dagbag.py:588} INFO - Filling up the DagBag from /Users/kartikvadhawana/anaconda3/lib/python3.12/site-packages/airflow/example_dags/example_branch_day_of_week_operator.py
[2025-03-03T19:22:03.016-0500] {processor.py:925} INFO - DAG(s) 'example_weekday_branch_operator' retrieved from /Users/kartikvadhawana/anaconda3/lib/python3.12/site-packages/airflow/example_dags/example_branch_day_of_week_operator.py
[2025-03-03T19:22:03.069-0500] {logging_mixin.py:190} INFO - [2025-03-03T19:22:03.069-0500] {override.py:1930} INFO - Created Permission View: can edit on DAG:example_weekday_branch_operator
[2025-03-03T19:22:03.072-0500] {logging_mixin.py:190} INFO - [2025-03-03T19:22:03.072-0500] {override.py:1930} INFO - Created Permission View: can delete on DAG:example_weekday_branch_operator
[2025-03-03T19:22:03.074-0500] {logging_mixin.py:190} INFO - [2025-03-03T19:22:03.074-0500] {override.py:1930} INFO - Created Permission View: can read on DAG:example_weekday_branch_operator
[2025-03-03T19:22:03.076-0500] {logging_mixin.py:190} INFO - [2025-03-03T19:22:03.076-0500] {override.py:1930} INFO - Created Permission View: menu access on DAG Run:example_weekday_branch_operator
[2025-03-03T19:22:03.077-0500] {logging_mixin.py:190} INFO - [2025-03-03T19:22:03.077-0500] {override.py:1930} INFO - Created Permission View: can delete on DAG Run:example_weekday_branch_operator
[2025-03-03T19:22:03.078-0500] {logging_mixin.py:190} INFO - [2025-03-03T19:22:03.078-0500] {override.py:1930} INFO - Created Permission View: can read on DAG Run:example_weekday_branch_operator
[2025-03-03T19:22:03.080-0500] {logging_mixin.py:190} INFO - [2025-03-03T19:22:03.080-0500] {override.py:1930} INFO - Created Permission View: can create on DAG Run:example_weekday_branch_operator
[2025-03-03T19:22:03.080-0500] {logging_mixin.py:190} INFO - [2025-03-03T19:22:03.080-0500] {dag.py:3239} INFO - Sync 1 DAGs
[2025-03-03T19:22:03.083-0500] {logging_mixin.py:190} INFO - [2025-03-03T19:22:03.083-0500] {dag.py:3262} INFO - Creating ORM DAG for example_weekday_branch_operator
[2025-03-03T19:22:03.086-0500] {logging_mixin.py:190} INFO - [2025-03-03T19:22:03.086-0500] {dag.py:4180} INFO - Setting next_dagrun for example_weekday_branch_operator to 2025-03-03 00:00:00+00:00, run_after=2025-03-04 00:00:00+00:00
[2025-03-03T19:22:03.092-0500] {processor.py:208} INFO - Processing /Users/kartikvadhawana/anaconda3/lib/python3.12/site-packages/airflow/example_dags/example_branch_day_of_week_operator.py took 0.081 seconds
[2025-03-03T19:24:41.654-0500] {processor.py:186} INFO - Started process (PID=90515) to work on /Users/kartikvadhawana/anaconda3/lib/python3.12/site-packages/airflow/example_dags/example_branch_day_of_week_operator.py
[2025-03-03T19:24:41.655-0500] {processor.py:914} INFO - Processing file /Users/kartikvadhawana/anaconda3/lib/python3.12/site-packages/airflow/example_dags/example_branch_day_of_week_operator.py for tasks to queue
[2025-03-03T19:24:41.656-0500] {logging_mixin.py:190} INFO - [2025-03-03T19:24:41.656-0500] {dagbag.py:588} INFO - Filling up the DagBag from /Users/kartikvadhawana/anaconda3/lib/python3.12/site-packages/airflow/example_dags/example_branch_day_of_week_operator.py
[2025-03-03T19:24:41.660-0500] {processor.py:925} INFO - DAG(s) 'example_weekday_branch_operator' retrieved from /Users/kartikvadhawana/anaconda3/lib/python3.12/site-packages/airflow/example_dags/example_branch_day_of_week_operator.py
[2025-03-03T19:24:41.687-0500] {logging_mixin.py:190} INFO - [2025-03-03T19:24:41.686-0500] {dag.py:3239} INFO - Sync 1 DAGs
[2025-03-03T19:24:41.692-0500] {logging_mixin.py:190} INFO - [2025-03-03T19:24:41.692-0500] {dag.py:4180} INFO - Setting next_dagrun for example_weekday_branch_operator to 2025-03-03 00:00:00+00:00, run_after=2025-03-04 00:00:00+00:00
[2025-03-03T19:24:41.697-0500] {processor.py:208} INFO - Processing /Users/kartikvadhawana/anaconda3/lib/python3.12/site-packages/airflow/example_dags/example_branch_day_of_week_operator.py took 0.044 seconds
[2025-03-03T19:29:01.337-0500] {processor.py:186} INFO - Started process (PID=91543) to work on /Users/kartikvadhawana/anaconda3/lib/python3.12/site-packages/airflow/example_dags/example_branch_day_of_week_operator.py
[2025-03-03T19:29:01.338-0500] {processor.py:914} INFO - Processing file /Users/kartikvadhawana/anaconda3/lib/python3.12/site-packages/airflow/example_dags/example_branch_day_of_week_operator.py for tasks to queue
[2025-03-03T19:29:01.339-0500] {logging_mixin.py:190} INFO - [2025-03-03T19:29:01.339-0500] {dagbag.py:588} INFO - Filling up the DagBag from /Users/kartikvadhawana/anaconda3/lib/python3.12/site-packages/airflow/example_dags/example_branch_day_of_week_operator.py
[2025-03-03T19:29:01.343-0500] {processor.py:925} INFO - DAG(s) 'example_weekday_branch_operator' retrieved from /Users/kartikvadhawana/anaconda3/lib/python3.12/site-packages/airflow/example_dags/example_branch_day_of_week_operator.py
[2025-03-03T19:29:01.369-0500] {logging_mixin.py:190} INFO - [2025-03-03T19:29:01.369-0500] {dag.py:3239} INFO - Sync 1 DAGs
[2025-03-03T19:29:01.374-0500] {logging_mixin.py:190} INFO - [2025-03-03T19:29:01.374-0500] {dag.py:4180} INFO - Setting next_dagrun for example_weekday_branch_operator to 2025-03-03 00:00:00+00:00, run_after=2025-03-04 00:00:00+00:00
[2025-03-03T19:29:01.379-0500] {processor.py:208} INFO - Processing /Users/kartikvadhawana/anaconda3/lib/python3.12/site-packages/airflow/example_dags/example_branch_day_of_week_operator.py took 0.043 seconds
[2025-03-03T19:33:18.768-0500] {processor.py:186} INFO - Started process (PID=92361) to work on /Users/kartikvadhawana/anaconda3/lib/python3.12/site-packages/airflow/example_dags/example_branch_day_of_week_operator.py
[2025-03-03T19:33:18.769-0500] {processor.py:914} INFO - Processing file /Users/kartikvadhawana/anaconda3/lib/python3.12/site-packages/airflow/example_dags/example_branch_day_of_week_operator.py for tasks to queue
[2025-03-03T19:33:18.769-0500] {logging_mixin.py:190} INFO - [2025-03-03T19:33:18.769-0500] {dagbag.py:588} INFO - Filling up the DagBag from /Users/kartikvadhawana/anaconda3/lib/python3.12/site-packages/airflow/example_dags/example_branch_day_of_week_operator.py
[2025-03-03T19:33:18.774-0500] {processor.py:925} INFO - DAG(s) 'example_weekday_branch_operator' retrieved from /Users/kartikvadhawana/anaconda3/lib/python3.12/site-packages/airflow/example_dags/example_branch_day_of_week_operator.py
[2025-03-03T19:33:18.801-0500] {logging_mixin.py:190} INFO - [2025-03-03T19:33:18.800-0500] {dag.py:3239} INFO - Sync 1 DAGs
[2025-03-03T19:33:18.806-0500] {logging_mixin.py:190} INFO - [2025-03-03T19:33:18.806-0500] {dag.py:4180} INFO - Setting next_dagrun for example_weekday_branch_operator to 2025-03-03 00:00:00+00:00, run_after=2025-03-04 00:00:00+00:00
[2025-03-03T19:33:18.811-0500] {processor.py:208} INFO - Processing /Users/kartikvadhawana/anaconda3/lib/python3.12/site-packages/airflow/example_dags/example_branch_day_of_week_operator.py took 0.044 seconds
[2025-03-03T19:35:55.546-0500] {processor.py:186} INFO - Started process (PID=92712) to work on /Users/kartikvadhawana/anaconda3/lib/python3.12/site-packages/airflow/example_dags/example_branch_day_of_week_operator.py
[2025-03-03T19:35:55.547-0500] {processor.py:914} INFO - Processing file /Users/kartikvadhawana/anaconda3/lib/python3.12/site-packages/airflow/example_dags/example_branch_day_of_week_operator.py for tasks to queue
[2025-03-03T19:35:55.548-0500] {logging_mixin.py:190} INFO - [2025-03-03T19:35:55.548-0500] {dagbag.py:588} INFO - Filling up the DagBag from /Users/kartikvadhawana/anaconda3/lib/python3.12/site-packages/airflow/example_dags/example_branch_day_of_week_operator.py
[2025-03-03T19:35:55.552-0500] {processor.py:925} INFO - DAG(s) 'example_weekday_branch_operator' retrieved from /Users/kartikvadhawana/anaconda3/lib/python3.12/site-packages/airflow/example_dags/example_branch_day_of_week_operator.py
[2025-03-03T19:35:55.579-0500] {logging_mixin.py:190} INFO - [2025-03-03T19:35:55.578-0500] {dag.py:3239} INFO - Sync 1 DAGs
[2025-03-03T19:35:55.584-0500] {logging_mixin.py:190} INFO - [2025-03-03T19:35:55.584-0500] {dag.py:4180} INFO - Setting next_dagrun for example_weekday_branch_operator to 2025-03-03 00:00:00+00:00, run_after=2025-03-04 00:00:00+00:00
[2025-03-03T19:35:55.589-0500] {processor.py:208} INFO - Processing /Users/kartikvadhawana/anaconda3/lib/python3.12/site-packages/airflow/example_dags/example_branch_day_of_week_operator.py took 0.044 seconds
[2025-03-03T19:38:38.015-0500] {processor.py:186} INFO - Started process (PID=93085) to work on /Users/kartikvadhawana/anaconda3/lib/python3.12/site-packages/airflow/example_dags/example_branch_day_of_week_operator.py
[2025-03-03T19:38:38.016-0500] {processor.py:914} INFO - Processing file /Users/kartikvadhawana/anaconda3/lib/python3.12/site-packages/airflow/example_dags/example_branch_day_of_week_operator.py for tasks to queue
[2025-03-03T19:38:38.017-0500] {logging_mixin.py:190} INFO - [2025-03-03T19:38:38.017-0500] {dagbag.py:588} INFO - Filling up the DagBag from /Users/kartikvadhawana/anaconda3/lib/python3.12/site-packages/airflow/example_dags/example_branch_day_of_week_operator.py
[2025-03-03T19:38:38.021-0500] {processor.py:925} INFO - DAG(s) 'example_weekday_branch_operator' retrieved from /Users/kartikvadhawana/anaconda3/lib/python3.12/site-packages/airflow/example_dags/example_branch_day_of_week_operator.py
[2025-03-03T19:38:38.048-0500] {logging_mixin.py:190} INFO - [2025-03-03T19:38:38.048-0500] {dag.py:3239} INFO - Sync 1 DAGs
[2025-03-03T19:38:38.053-0500] {logging_mixin.py:190} INFO - [2025-03-03T19:38:38.053-0500] {dag.py:4180} INFO - Setting next_dagrun for example_weekday_branch_operator to 2025-03-03 00:00:00+00:00, run_after=2025-03-04 00:00:00+00:00
[2025-03-03T19:38:38.059-0500] {processor.py:208} INFO - Processing /Users/kartikvadhawana/anaconda3/lib/python3.12/site-packages/airflow/example_dags/example_branch_day_of_week_operator.py took 0.044 seconds
[2025-03-03T19:41:18.651-0500] {processor.py:186} INFO - Started process (PID=93545) to work on /Users/kartikvadhawana/anaconda3/lib/python3.12/site-packages/airflow/example_dags/example_branch_day_of_week_operator.py
[2025-03-03T19:41:18.652-0500] {processor.py:914} INFO - Processing file /Users/kartikvadhawana/anaconda3/lib/python3.12/site-packages/airflow/example_dags/example_branch_day_of_week_operator.py for tasks to queue
[2025-03-03T19:41:18.653-0500] {logging_mixin.py:190} INFO - [2025-03-03T19:41:18.653-0500] {dagbag.py:588} INFO - Filling up the DagBag from /Users/kartikvadhawana/anaconda3/lib/python3.12/site-packages/airflow/example_dags/example_branch_day_of_week_operator.py
[2025-03-03T19:41:18.657-0500] {processor.py:925} INFO - DAG(s) 'example_weekday_branch_operator' retrieved from /Users/kartikvadhawana/anaconda3/lib/python3.12/site-packages/airflow/example_dags/example_branch_day_of_week_operator.py
[2025-03-03T19:41:18.683-0500] {logging_mixin.py:190} INFO - [2025-03-03T19:41:18.683-0500] {dag.py:3239} INFO - Sync 1 DAGs
[2025-03-03T19:41:18.688-0500] {logging_mixin.py:190} INFO - [2025-03-03T19:41:18.688-0500] {dag.py:4180} INFO - Setting next_dagrun for example_weekday_branch_operator to 2025-03-03 00:00:00+00:00, run_after=2025-03-04 00:00:00+00:00
[2025-03-03T19:41:18.694-0500] {processor.py:208} INFO - Processing /Users/kartikvadhawana/anaconda3/lib/python3.12/site-packages/airflow/example_dags/example_branch_day_of_week_operator.py took 0.043 seconds
[2025-03-03T19:43:13.713-0500] {processor.py:186} INFO - Started process (PID=93926) to work on /Users/kartikvadhawana/anaconda3/lib/python3.12/site-packages/airflow/example_dags/example_branch_day_of_week_operator.py
[2025-03-03T19:43:13.714-0500] {processor.py:914} INFO - Processing file /Users/kartikvadhawana/anaconda3/lib/python3.12/site-packages/airflow/example_dags/example_branch_day_of_week_operator.py for tasks to queue
[2025-03-03T19:43:13.714-0500] {logging_mixin.py:190} INFO - [2025-03-03T19:43:13.714-0500] {dagbag.py:588} INFO - Filling up the DagBag from /Users/kartikvadhawana/anaconda3/lib/python3.12/site-packages/airflow/example_dags/example_branch_day_of_week_operator.py
[2025-03-03T19:43:13.718-0500] {processor.py:925} INFO - DAG(s) 'example_weekday_branch_operator' retrieved from /Users/kartikvadhawana/anaconda3/lib/python3.12/site-packages/airflow/example_dags/example_branch_day_of_week_operator.py
[2025-03-03T19:43:13.745-0500] {logging_mixin.py:190} INFO - [2025-03-03T19:43:13.744-0500] {dag.py:3239} INFO - Sync 1 DAGs
[2025-03-03T19:43:13.750-0500] {logging_mixin.py:190} INFO - [2025-03-03T19:43:13.750-0500] {dag.py:4180} INFO - Setting next_dagrun for example_weekday_branch_operator to 2025-03-03 00:00:00+00:00, run_after=2025-03-04 00:00:00+00:00
[2025-03-03T19:43:13.755-0500] {processor.py:208} INFO - Processing /Users/kartikvadhawana/anaconda3/lib/python3.12/site-packages/airflow/example_dags/example_branch_day_of_week_operator.py took 0.043 seconds
[2025-03-03T19:49:42.127-0500] {processor.py:186} INFO - Started process (PID=94788) to work on /Users/kartikvadhawana/anaconda3/lib/python3.12/site-packages/airflow/example_dags/example_branch_day_of_week_operator.py
[2025-03-03T19:49:42.128-0500] {processor.py:914} INFO - Processing file /Users/kartikvadhawana/anaconda3/lib/python3.12/site-packages/airflow/example_dags/example_branch_day_of_week_operator.py for tasks to queue
[2025-03-03T19:49:42.129-0500] {logging_mixin.py:190} INFO - [2025-03-03T19:49:42.129-0500] {dagbag.py:588} INFO - Filling up the DagBag from /Users/kartikvadhawana/anaconda3/lib/python3.12/site-packages/airflow/example_dags/example_branch_day_of_week_operator.py
[2025-03-03T19:49:42.134-0500] {processor.py:925} INFO - DAG(s) 'example_weekday_branch_operator' retrieved from /Users/kartikvadhawana/anaconda3/lib/python3.12/site-packages/airflow/example_dags/example_branch_day_of_week_operator.py
[2025-03-03T19:49:42.163-0500] {logging_mixin.py:190} INFO - [2025-03-03T19:49:42.162-0500] {dag.py:3239} INFO - Sync 1 DAGs
[2025-03-03T19:49:42.168-0500] {logging_mixin.py:190} INFO - [2025-03-03T19:49:42.168-0500] {dag.py:4180} INFO - Setting next_dagrun for example_weekday_branch_operator to 2025-03-03 00:00:00+00:00, run_after=2025-03-04 00:00:00+00:00
[2025-03-03T19:49:42.173-0500] {processor.py:208} INFO - Processing /Users/kartikvadhawana/anaconda3/lib/python3.12/site-packages/airflow/example_dags/example_branch_day_of_week_operator.py took 0.047 seconds
[2025-03-03T19:52:20.747-0500] {processor.py:186} INFO - Started process (PID=94983) to work on /Users/kartikvadhawana/anaconda3/lib/python3.12/site-packages/airflow/example_dags/example_branch_day_of_week_operator.py
[2025-03-03T19:52:20.747-0500] {processor.py:914} INFO - Processing file /Users/kartikvadhawana/anaconda3/lib/python3.12/site-packages/airflow/example_dags/example_branch_day_of_week_operator.py for tasks to queue
[2025-03-03T19:52:20.748-0500] {logging_mixin.py:190} INFO - [2025-03-03T19:52:20.748-0500] {dagbag.py:588} INFO - Filling up the DagBag from /Users/kartikvadhawana/anaconda3/lib/python3.12/site-packages/airflow/example_dags/example_branch_day_of_week_operator.py
[2025-03-03T19:52:20.751-0500] {processor.py:925} INFO - DAG(s) 'example_weekday_branch_operator' retrieved from /Users/kartikvadhawana/anaconda3/lib/python3.12/site-packages/airflow/example_dags/example_branch_day_of_week_operator.py
[2025-03-03T19:52:20.778-0500] {logging_mixin.py:190} INFO - [2025-03-03T19:52:20.777-0500] {dag.py:3239} INFO - Sync 1 DAGs
[2025-03-03T19:52:20.782-0500] {logging_mixin.py:190} INFO - [2025-03-03T19:52:20.782-0500] {dag.py:4180} INFO - Setting next_dagrun for example_weekday_branch_operator to 2025-03-03 00:00:00+00:00, run_after=2025-03-04 00:00:00+00:00
[2025-03-03T19:52:20.788-0500] {processor.py:208} INFO - Processing /Users/kartikvadhawana/anaconda3/lib/python3.12/site-packages/airflow/example_dags/example_branch_day_of_week_operator.py took 0.042 seconds
[2025-03-03T19:55:05.402-0500] {processor.py:186} INFO - Started process (PID=95429) to work on /Users/kartikvadhawana/anaconda3/lib/python3.12/site-packages/airflow/example_dags/example_branch_day_of_week_operator.py
[2025-03-03T19:55:05.403-0500] {processor.py:914} INFO - Processing file /Users/kartikvadhawana/anaconda3/lib/python3.12/site-packages/airflow/example_dags/example_branch_day_of_week_operator.py for tasks to queue
[2025-03-03T19:55:05.403-0500] {logging_mixin.py:190} INFO - [2025-03-03T19:55:05.403-0500] {dagbag.py:588} INFO - Filling up the DagBag from /Users/kartikvadhawana/anaconda3/lib/python3.12/site-packages/airflow/example_dags/example_branch_day_of_week_operator.py
[2025-03-03T19:55:05.408-0500] {processor.py:925} INFO - DAG(s) 'example_weekday_branch_operator' retrieved from /Users/kartikvadhawana/anaconda3/lib/python3.12/site-packages/airflow/example_dags/example_branch_day_of_week_operator.py
[2025-03-03T19:55:05.437-0500] {logging_mixin.py:190} INFO - [2025-03-03T19:55:05.436-0500] {dag.py:3239} INFO - Sync 1 DAGs
[2025-03-03T19:55:05.443-0500] {logging_mixin.py:190} INFO - [2025-03-03T19:55:05.443-0500] {dag.py:4180} INFO - Setting next_dagrun for example_weekday_branch_operator to 2025-03-03 00:00:00+00:00, run_after=2025-03-04 00:00:00+00:00
[2025-03-03T19:55:05.449-0500] {processor.py:208} INFO - Processing /Users/kartikvadhawana/anaconda3/lib/python3.12/site-packages/airflow/example_dags/example_branch_day_of_week_operator.py took 0.047 seconds
[2025-03-03T19:57:51.031-0500] {processor.py:186} INFO - Started process (PID=95847) to work on /Users/kartikvadhawana/anaconda3/lib/python3.12/site-packages/airflow/example_dags/example_branch_day_of_week_operator.py
[2025-03-03T19:57:51.032-0500] {processor.py:914} INFO - Processing file /Users/kartikvadhawana/anaconda3/lib/python3.12/site-packages/airflow/example_dags/example_branch_day_of_week_operator.py for tasks to queue
[2025-03-03T19:57:51.033-0500] {logging_mixin.py:190} INFO - [2025-03-03T19:57:51.033-0500] {dagbag.py:588} INFO - Filling up the DagBag from /Users/kartikvadhawana/anaconda3/lib/python3.12/site-packages/airflow/example_dags/example_branch_day_of_week_operator.py
[2025-03-03T19:57:51.037-0500] {processor.py:925} INFO - DAG(s) 'example_weekday_branch_operator' retrieved from /Users/kartikvadhawana/anaconda3/lib/python3.12/site-packages/airflow/example_dags/example_branch_day_of_week_operator.py
[2025-03-03T19:57:51.063-0500] {logging_mixin.py:190} INFO - [2025-03-03T19:57:51.063-0500] {dag.py:3239} INFO - Sync 1 DAGs
[2025-03-03T19:57:51.068-0500] {logging_mixin.py:190} INFO - [2025-03-03T19:57:51.068-0500] {dag.py:4180} INFO - Setting next_dagrun for example_weekday_branch_operator to 2025-03-03 00:00:00+00:00, run_after=2025-03-04 00:00:00+00:00
[2025-03-03T19:57:51.073-0500] {processor.py:208} INFO - Processing /Users/kartikvadhawana/anaconda3/lib/python3.12/site-packages/airflow/example_dags/example_branch_day_of_week_operator.py took 0.043 seconds
[2025-03-03T20:00:32.241-0500] {processor.py:186} INFO - Started process (PID=96077) to work on /Users/kartikvadhawana/anaconda3/lib/python3.12/site-packages/airflow/example_dags/example_branch_day_of_week_operator.py
[2025-03-03T20:00:32.243-0500] {processor.py:914} INFO - Processing file /Users/kartikvadhawana/anaconda3/lib/python3.12/site-packages/airflow/example_dags/example_branch_day_of_week_operator.py for tasks to queue
[2025-03-03T20:00:32.243-0500] {logging_mixin.py:190} INFO - [2025-03-03T20:00:32.243-0500] {dagbag.py:588} INFO - Filling up the DagBag from /Users/kartikvadhawana/anaconda3/lib/python3.12/site-packages/airflow/example_dags/example_branch_day_of_week_operator.py
[2025-03-03T20:00:32.247-0500] {processor.py:925} INFO - DAG(s) 'example_weekday_branch_operator' retrieved from /Users/kartikvadhawana/anaconda3/lib/python3.12/site-packages/airflow/example_dags/example_branch_day_of_week_operator.py
[2025-03-03T20:00:32.274-0500] {logging_mixin.py:190} INFO - [2025-03-03T20:00:32.273-0500] {dag.py:3239} INFO - Sync 1 DAGs
[2025-03-03T20:00:32.279-0500] {logging_mixin.py:190} INFO - [2025-03-03T20:00:32.279-0500] {dag.py:4180} INFO - Setting next_dagrun for example_weekday_branch_operator to 2025-03-03 00:00:00+00:00, run_after=2025-03-04 00:00:00+00:00
[2025-03-03T20:00:32.284-0500] {processor.py:208} INFO - Processing /Users/kartikvadhawana/anaconda3/lib/python3.12/site-packages/airflow/example_dags/example_branch_day_of_week_operator.py took 0.044 seconds
