[2025-03-03T19:21:00.912-0500] {processor.py:186} INFO - Started process (PID=89715) to work on /Users/kartikvadhawana/anaconda3/lib/python3.12/site-packages/airflow/example_dags/example_sla_dag.py
[2025-03-03T19:21:00.913-0500] {processor.py:914} INFO - Processing file /Users/kartikvadhawana/anaconda3/lib/python3.12/site-packages/airflow/example_dags/example_sla_dag.py for tasks to queue
[2025-03-03T19:21:00.913-0500] {logging_mixin.py:190} INFO - [2025-03-03T19:21:00.913-0500] {dagbag.py:588} INFO - Filling up the DagBag from /Users/kartikvadhawana/anaconda3/lib/python3.12/site-packages/airflow/example_dags/example_sla_dag.py
[2025-03-03T19:21:00.925-0500] {processor.py:925} INFO - DAG(s) 'example_sla_dag' retrieved from /Users/kartikvadhawana/anaconda3/lib/python3.12/site-packages/airflow/example_dags/example_sla_dag.py
[2025-03-03T19:21:00.976-0500] {logging_mixin.py:190} INFO - [2025-03-03T19:21:00.976-0500] {override.py:1930} INFO - Created Permission View: can delete on DAG:example_sla_dag
[2025-03-03T19:21:00.979-0500] {logging_mixin.py:190} INFO - [2025-03-03T19:21:00.979-0500] {override.py:1930} INFO - Created Permission View: can edit on DAG:example_sla_dag
[2025-03-03T19:21:00.980-0500] {logging_mixin.py:190} INFO - [2025-03-03T19:21:00.980-0500] {override.py:1930} INFO - Created Permission View: can read on DAG:example_sla_dag
[2025-03-03T19:21:00.982-0500] {logging_mixin.py:190} INFO - [2025-03-03T19:21:00.982-0500] {override.py:1930} INFO - Created Permission View: can delete on DAG Run:example_sla_dag
[2025-03-03T19:21:00.984-0500] {logging_mixin.py:190} INFO - [2025-03-03T19:21:00.984-0500] {override.py:1930} INFO - Created Permission View: menu access on DAG Run:example_sla_dag
[2025-03-03T19:21:00.985-0500] {logging_mixin.py:190} INFO - [2025-03-03T19:21:00.985-0500] {override.py:1930} INFO - Created Permission View: can create on DAG Run:example_sla_dag
[2025-03-03T19:21:00.987-0500] {logging_mixin.py:190} INFO - [2025-03-03T19:21:00.986-0500] {override.py:1930} INFO - Created Permission View: can read on DAG Run:example_sla_dag
[2025-03-03T19:21:00.987-0500] {logging_mixin.py:190} INFO - [2025-03-03T19:21:00.987-0500] {dag.py:3239} INFO - Sync 1 DAGs
[2025-03-03T19:21:00.990-0500] {logging_mixin.py:190} INFO - [2025-03-03T19:21:00.990-0500] {dag.py:3262} INFO - Creating ORM DAG for example_sla_dag
[2025-03-03T19:21:00.993-0500] {logging_mixin.py:190} INFO - [2025-03-03T19:21:00.992-0500] {dag.py:4180} INFO - Setting next_dagrun for example_sla_dag to 2025-03-04 00:18:00+00:00, run_after=2025-03-04 00:20:00+00:00
[2025-03-03T19:21:00.997-0500] {processor.py:208} INFO - Processing /Users/kartikvadhawana/anaconda3/lib/python3.12/site-packages/airflow/example_dags/example_sla_dag.py took 0.085 seconds
[2025-03-03T19:22:48.822-0500] {processor.py:186} INFO - Started process (PID=90123) to work on /Users/kartikvadhawana/anaconda3/lib/python3.12/site-packages/airflow/example_dags/example_sla_dag.py
[2025-03-03T19:22:48.824-0500] {processor.py:914} INFO - Processing file /Users/kartikvadhawana/anaconda3/lib/python3.12/site-packages/airflow/example_dags/example_sla_dag.py for tasks to queue
[2025-03-03T19:22:48.824-0500] {logging_mixin.py:190} INFO - [2025-03-03T19:22:48.824-0500] {dagbag.py:588} INFO - Filling up the DagBag from /Users/kartikvadhawana/anaconda3/lib/python3.12/site-packages/airflow/example_dags/example_sla_dag.py
[2025-03-03T19:22:48.838-0500] {processor.py:925} INFO - DAG(s) 'example_sla_dag' retrieved from /Users/kartikvadhawana/anaconda3/lib/python3.12/site-packages/airflow/example_dags/example_sla_dag.py
[2025-03-03T19:22:48.863-0500] {logging_mixin.py:190} INFO - [2025-03-03T19:22:48.863-0500] {dag.py:3239} INFO - Sync 1 DAGs
[2025-03-03T19:22:48.869-0500] {logging_mixin.py:190} INFO - [2025-03-03T19:22:48.869-0500] {dag.py:4180} INFO - Setting next_dagrun for example_sla_dag to 2025-03-04 00:20:00+00:00, run_after=2025-03-04 00:22:00+00:00
[2025-03-03T19:22:48.875-0500] {processor.py:208} INFO - Processing /Users/kartikvadhawana/anaconda3/lib/python3.12/site-packages/airflow/example_dags/example_sla_dag.py took 0.054 seconds
[2025-03-03T19:24:11.134-0500] {processor.py:186} INFO - Started process (PID=90418) to work on /Users/kartikvadhawana/anaconda3/lib/python3.12/site-packages/airflow/example_dags/example_sla_dag.py
[2025-03-03T19:24:11.135-0500] {processor.py:914} INFO - Processing file /Users/kartikvadhawana/anaconda3/lib/python3.12/site-packages/airflow/example_dags/example_sla_dag.py for tasks to queue
[2025-03-03T19:24:11.135-0500] {logging_mixin.py:190} INFO - [2025-03-03T19:24:11.135-0500] {dagbag.py:588} INFO - Filling up the DagBag from /Users/kartikvadhawana/anaconda3/lib/python3.12/site-packages/airflow/example_dags/example_sla_dag.py
[2025-03-03T19:24:11.148-0500] {processor.py:925} INFO - DAG(s) 'example_sla_dag' retrieved from /Users/kartikvadhawana/anaconda3/lib/python3.12/site-packages/airflow/example_dags/example_sla_dag.py
[2025-03-03T19:24:11.175-0500] {logging_mixin.py:190} INFO - [2025-03-03T19:24:11.175-0500] {dag.py:3239} INFO - Sync 1 DAGs
[2025-03-03T19:24:11.181-0500] {logging_mixin.py:190} INFO - [2025-03-03T19:24:11.181-0500] {dag.py:4180} INFO - Setting next_dagrun for example_sla_dag to 2025-03-04 00:22:00+00:00, run_after=2025-03-04 00:24:00+00:00
[2025-03-03T19:24:11.187-0500] {processor.py:208} INFO - Processing /Users/kartikvadhawana/anaconda3/lib/python3.12/site-packages/airflow/example_dags/example_sla_dag.py took 0.054 seconds
[2025-03-03T19:25:36.774-0500] {processor.py:186} INFO - Started process (PID=90703) to work on /Users/kartikvadhawana/anaconda3/lib/python3.12/site-packages/airflow/example_dags/example_sla_dag.py
[2025-03-03T19:25:36.775-0500] {processor.py:914} INFO - Processing file /Users/kartikvadhawana/anaconda3/lib/python3.12/site-packages/airflow/example_dags/example_sla_dag.py for tasks to queue
[2025-03-03T19:25:36.775-0500] {logging_mixin.py:190} INFO - [2025-03-03T19:25:36.775-0500] {dagbag.py:588} INFO - Filling up the DagBag from /Users/kartikvadhawana/anaconda3/lib/python3.12/site-packages/airflow/example_dags/example_sla_dag.py
[2025-03-03T19:25:36.788-0500] {processor.py:925} INFO - DAG(s) 'example_sla_dag' retrieved from /Users/kartikvadhawana/anaconda3/lib/python3.12/site-packages/airflow/example_dags/example_sla_dag.py
[2025-03-03T19:25:36.813-0500] {logging_mixin.py:190} INFO - [2025-03-03T19:25:36.813-0500] {dag.py:3239} INFO - Sync 1 DAGs
[2025-03-03T19:25:36.819-0500] {logging_mixin.py:190} INFO - [2025-03-03T19:25:36.819-0500] {dag.py:4180} INFO - Setting next_dagrun for example_sla_dag to 2025-03-04 00:22:00+00:00, run_after=2025-03-04 00:24:00+00:00
[2025-03-03T19:25:36.824-0500] {processor.py:208} INFO - Processing /Users/kartikvadhawana/anaconda3/lib/python3.12/site-packages/airflow/example_dags/example_sla_dag.py took 0.052 seconds
[2025-03-03T19:28:00.269-0500] {processor.py:186} INFO - Started process (PID=91368) to work on /Users/kartikvadhawana/anaconda3/lib/python3.12/site-packages/airflow/example_dags/example_sla_dag.py
[2025-03-03T19:28:00.269-0500] {processor.py:914} INFO - Processing file /Users/kartikvadhawana/anaconda3/lib/python3.12/site-packages/airflow/example_dags/example_sla_dag.py for tasks to queue
[2025-03-03T19:28:00.270-0500] {logging_mixin.py:190} INFO - [2025-03-03T19:28:00.270-0500] {dagbag.py:588} INFO - Filling up the DagBag from /Users/kartikvadhawana/anaconda3/lib/python3.12/site-packages/airflow/example_dags/example_sla_dag.py
[2025-03-03T19:28:00.284-0500] {processor.py:925} INFO - DAG(s) 'example_sla_dag' retrieved from /Users/kartikvadhawana/anaconda3/lib/python3.12/site-packages/airflow/example_dags/example_sla_dag.py
[2025-03-03T19:28:00.310-0500] {logging_mixin.py:190} INFO - [2025-03-03T19:28:00.310-0500] {dag.py:3239} INFO - Sync 1 DAGs
[2025-03-03T19:28:00.315-0500] {logging_mixin.py:190} INFO - [2025-03-03T19:28:00.315-0500] {dag.py:4180} INFO - Setting next_dagrun for example_sla_dag to 2025-03-04 00:26:00+00:00, run_after=2025-03-04 00:28:00+00:00
[2025-03-03T19:28:00.321-0500] {processor.py:208} INFO - Processing /Users/kartikvadhawana/anaconda3/lib/python3.12/site-packages/airflow/example_dags/example_sla_dag.py took 0.053 seconds
[2025-03-03T19:29:49.175-0500] {processor.py:186} INFO - Started process (PID=91698) to work on /Users/kartikvadhawana/anaconda3/lib/python3.12/site-packages/airflow/example_dags/example_sla_dag.py
[2025-03-03T19:29:49.176-0500] {processor.py:914} INFO - Processing file /Users/kartikvadhawana/anaconda3/lib/python3.12/site-packages/airflow/example_dags/example_sla_dag.py for tasks to queue
[2025-03-03T19:29:49.177-0500] {logging_mixin.py:190} INFO - [2025-03-03T19:29:49.177-0500] {dagbag.py:588} INFO - Filling up the DagBag from /Users/kartikvadhawana/anaconda3/lib/python3.12/site-packages/airflow/example_dags/example_sla_dag.py
[2025-03-03T19:29:49.189-0500] {processor.py:925} INFO - DAG(s) 'example_sla_dag' retrieved from /Users/kartikvadhawana/anaconda3/lib/python3.12/site-packages/airflow/example_dags/example_sla_dag.py
[2025-03-03T19:29:49.214-0500] {logging_mixin.py:190} INFO - [2025-03-03T19:29:49.214-0500] {dag.py:3239} INFO - Sync 1 DAGs
[2025-03-03T19:29:49.222-0500] {logging_mixin.py:190} INFO - [2025-03-03T19:29:49.222-0500] {dag.py:4180} INFO - Setting next_dagrun for example_sla_dag to 2025-03-04 00:26:00+00:00, run_after=2025-03-04 00:28:00+00:00
[2025-03-03T19:29:49.227-0500] {processor.py:208} INFO - Processing /Users/kartikvadhawana/anaconda3/lib/python3.12/site-packages/airflow/example_dags/example_sla_dag.py took 0.053 seconds
[2025-03-03T19:31:06.157-0500] {processor.py:186} INFO - Started process (PID=91892) to work on /Users/kartikvadhawana/anaconda3/lib/python3.12/site-packages/airflow/example_dags/example_sla_dag.py
[2025-03-03T19:31:06.158-0500] {processor.py:914} INFO - Processing file /Users/kartikvadhawana/anaconda3/lib/python3.12/site-packages/airflow/example_dags/example_sla_dag.py for tasks to queue
[2025-03-03T19:31:06.159-0500] {logging_mixin.py:190} INFO - [2025-03-03T19:31:06.159-0500] {dagbag.py:588} INFO - Filling up the DagBag from /Users/kartikvadhawana/anaconda3/lib/python3.12/site-packages/airflow/example_dags/example_sla_dag.py
[2025-03-03T19:31:06.172-0500] {processor.py:925} INFO - DAG(s) 'example_sla_dag' retrieved from /Users/kartikvadhawana/anaconda3/lib/python3.12/site-packages/airflow/example_dags/example_sla_dag.py
[2025-03-03T19:31:06.197-0500] {logging_mixin.py:190} INFO - [2025-03-03T19:31:06.197-0500] {dag.py:3239} INFO - Sync 1 DAGs
[2025-03-03T19:31:06.203-0500] {logging_mixin.py:190} INFO - [2025-03-03T19:31:06.203-0500] {dag.py:4180} INFO - Setting next_dagrun for example_sla_dag to 2025-03-04 00:28:00+00:00, run_after=2025-03-04 00:30:00+00:00
[2025-03-03T19:31:06.208-0500] {processor.py:208} INFO - Processing /Users/kartikvadhawana/anaconda3/lib/python3.12/site-packages/airflow/example_dags/example_sla_dag.py took 0.052 seconds
[2025-03-03T19:32:16.907-0500] {processor.py:186} INFO - Started process (PID=92209) to work on /Users/kartikvadhawana/anaconda3/lib/python3.12/site-packages/airflow/example_dags/example_sla_dag.py
[2025-03-03T19:32:16.908-0500] {processor.py:914} INFO - Processing file /Users/kartikvadhawana/anaconda3/lib/python3.12/site-packages/airflow/example_dags/example_sla_dag.py for tasks to queue
[2025-03-03T19:32:16.909-0500] {logging_mixin.py:190} INFO - [2025-03-03T19:32:16.908-0500] {dagbag.py:588} INFO - Filling up the DagBag from /Users/kartikvadhawana/anaconda3/lib/python3.12/site-packages/airflow/example_dags/example_sla_dag.py
[2025-03-03T19:32:16.923-0500] {processor.py:925} INFO - DAG(s) 'example_sla_dag' retrieved from /Users/kartikvadhawana/anaconda3/lib/python3.12/site-packages/airflow/example_dags/example_sla_dag.py
[2025-03-03T19:32:16.949-0500] {logging_mixin.py:190} INFO - [2025-03-03T19:32:16.949-0500] {dag.py:3239} INFO - Sync 1 DAGs
[2025-03-03T19:32:16.955-0500] {logging_mixin.py:190} INFO - [2025-03-03T19:32:16.955-0500] {dag.py:4180} INFO - Setting next_dagrun for example_sla_dag to 2025-03-04 00:30:00+00:00, run_after=2025-03-04 00:32:00+00:00
[2025-03-03T19:32:16.961-0500] {processor.py:208} INFO - Processing /Users/kartikvadhawana/anaconda3/lib/python3.12/site-packages/airflow/example_dags/example_sla_dag.py took 0.055 seconds
[2025-03-03T19:34:09.360-0500] {processor.py:186} INFO - Started process (PID=92472) to work on /Users/kartikvadhawana/anaconda3/lib/python3.12/site-packages/airflow/example_dags/example_sla_dag.py
[2025-03-03T19:34:09.361-0500] {processor.py:914} INFO - Processing file /Users/kartikvadhawana/anaconda3/lib/python3.12/site-packages/airflow/example_dags/example_sla_dag.py for tasks to queue
[2025-03-03T19:34:09.361-0500] {logging_mixin.py:190} INFO - [2025-03-03T19:34:09.361-0500] {dagbag.py:588} INFO - Filling up the DagBag from /Users/kartikvadhawana/anaconda3/lib/python3.12/site-packages/airflow/example_dags/example_sla_dag.py
[2025-03-03T19:34:09.374-0500] {processor.py:925} INFO - DAG(s) 'example_sla_dag' retrieved from /Users/kartikvadhawana/anaconda3/lib/python3.12/site-packages/airflow/example_dags/example_sla_dag.py
[2025-03-03T19:34:09.400-0500] {logging_mixin.py:190} INFO - [2025-03-03T19:34:09.400-0500] {dag.py:3239} INFO - Sync 1 DAGs
[2025-03-03T19:34:09.406-0500] {logging_mixin.py:190} INFO - [2025-03-03T19:34:09.406-0500] {dag.py:4180} INFO - Setting next_dagrun for example_sla_dag to 2025-03-04 00:32:00+00:00, run_after=2025-03-04 00:34:00+00:00
[2025-03-03T19:34:09.411-0500] {processor.py:208} INFO - Processing /Users/kartikvadhawana/anaconda3/lib/python3.12/site-packages/airflow/example_dags/example_sla_dag.py took 0.053 seconds
[2025-03-03T19:35:29.483-0500] {processor.py:186} INFO - Started process (PID=92655) to work on /Users/kartikvadhawana/anaconda3/lib/python3.12/site-packages/airflow/example_dags/example_sla_dag.py
[2025-03-03T19:35:29.484-0500] {processor.py:914} INFO - Processing file /Users/kartikvadhawana/anaconda3/lib/python3.12/site-packages/airflow/example_dags/example_sla_dag.py for tasks to queue
[2025-03-03T19:35:29.485-0500] {logging_mixin.py:190} INFO - [2025-03-03T19:35:29.485-0500] {dagbag.py:588} INFO - Filling up the DagBag from /Users/kartikvadhawana/anaconda3/lib/python3.12/site-packages/airflow/example_dags/example_sla_dag.py
[2025-03-03T19:35:29.498-0500] {processor.py:925} INFO - DAG(s) 'example_sla_dag' retrieved from /Users/kartikvadhawana/anaconda3/lib/python3.12/site-packages/airflow/example_dags/example_sla_dag.py
[2025-03-03T19:35:29.524-0500] {logging_mixin.py:190} INFO - [2025-03-03T19:35:29.524-0500] {dag.py:3239} INFO - Sync 1 DAGs
[2025-03-03T19:35:29.529-0500] {logging_mixin.py:190} INFO - [2025-03-03T19:35:29.529-0500] {dag.py:4180} INFO - Setting next_dagrun for example_sla_dag to 2025-03-04 00:32:00+00:00, run_after=2025-03-04 00:34:00+00:00
[2025-03-03T19:35:29.535-0500] {processor.py:208} INFO - Processing /Users/kartikvadhawana/anaconda3/lib/python3.12/site-packages/airflow/example_dags/example_sla_dag.py took 0.053 seconds
[2025-03-03T19:36:47.138-0500] {processor.py:186} INFO - Started process (PID=92830) to work on /Users/kartikvadhawana/anaconda3/lib/python3.12/site-packages/airflow/example_dags/example_sla_dag.py
[2025-03-03T19:36:47.139-0500] {processor.py:914} INFO - Processing file /Users/kartikvadhawana/anaconda3/lib/python3.12/site-packages/airflow/example_dags/example_sla_dag.py for tasks to queue
[2025-03-03T19:36:47.140-0500] {logging_mixin.py:190} INFO - [2025-03-03T19:36:47.139-0500] {dagbag.py:588} INFO - Filling up the DagBag from /Users/kartikvadhawana/anaconda3/lib/python3.12/site-packages/airflow/example_dags/example_sla_dag.py
[2025-03-03T19:36:47.152-0500] {processor.py:925} INFO - DAG(s) 'example_sla_dag' retrieved from /Users/kartikvadhawana/anaconda3/lib/python3.12/site-packages/airflow/example_dags/example_sla_dag.py
[2025-03-03T19:36:47.178-0500] {logging_mixin.py:190} INFO - [2025-03-03T19:36:47.178-0500] {dag.py:3239} INFO - Sync 1 DAGs
[2025-03-03T19:36:47.184-0500] {logging_mixin.py:190} INFO - [2025-03-03T19:36:47.184-0500] {dag.py:4180} INFO - Setting next_dagrun for example_sla_dag to 2025-03-04 00:34:00+00:00, run_after=2025-03-04 00:36:00+00:00
[2025-03-03T19:36:47.189-0500] {processor.py:208} INFO - Processing /Users/kartikvadhawana/anaconda3/lib/python3.12/site-packages/airflow/example_dags/example_sla_dag.py took 0.052 seconds
[2025-03-03T19:38:08.242-0500] {processor.py:186} INFO - Started process (PID=93020) to work on /Users/kartikvadhawana/anaconda3/lib/python3.12/site-packages/airflow/example_dags/example_sla_dag.py
[2025-03-03T19:38:08.243-0500] {processor.py:914} INFO - Processing file /Users/kartikvadhawana/anaconda3/lib/python3.12/site-packages/airflow/example_dags/example_sla_dag.py for tasks to queue
[2025-03-03T19:38:08.243-0500] {logging_mixin.py:190} INFO - [2025-03-03T19:38:08.243-0500] {dagbag.py:588} INFO - Filling up the DagBag from /Users/kartikvadhawana/anaconda3/lib/python3.12/site-packages/airflow/example_dags/example_sla_dag.py
[2025-03-03T19:38:08.256-0500] {processor.py:925} INFO - DAG(s) 'example_sla_dag' retrieved from /Users/kartikvadhawana/anaconda3/lib/python3.12/site-packages/airflow/example_dags/example_sla_dag.py
[2025-03-03T19:38:08.282-0500] {logging_mixin.py:190} INFO - [2025-03-03T19:38:08.282-0500] {dag.py:3239} INFO - Sync 1 DAGs
[2025-03-03T19:38:08.287-0500] {logging_mixin.py:190} INFO - [2025-03-03T19:38:08.287-0500] {dag.py:4180} INFO - Setting next_dagrun for example_sla_dag to 2025-03-04 00:36:00+00:00, run_after=2025-03-04 00:38:00+00:00
[2025-03-03T19:38:08.293-0500] {processor.py:208} INFO - Processing /Users/kartikvadhawana/anaconda3/lib/python3.12/site-packages/airflow/example_dags/example_sla_dag.py took 0.052 seconds
[2025-03-03T19:39:29.488-0500] {processor.py:186} INFO - Started process (PID=93202) to work on /Users/kartikvadhawana/anaconda3/lib/python3.12/site-packages/airflow/example_dags/example_sla_dag.py
[2025-03-03T19:39:29.489-0500] {processor.py:914} INFO - Processing file /Users/kartikvadhawana/anaconda3/lib/python3.12/site-packages/airflow/example_dags/example_sla_dag.py for tasks to queue
[2025-03-03T19:39:29.489-0500] {logging_mixin.py:190} INFO - [2025-03-03T19:39:29.489-0500] {dagbag.py:588} INFO - Filling up the DagBag from /Users/kartikvadhawana/anaconda3/lib/python3.12/site-packages/airflow/example_dags/example_sla_dag.py
[2025-03-03T19:39:29.502-0500] {processor.py:925} INFO - DAG(s) 'example_sla_dag' retrieved from /Users/kartikvadhawana/anaconda3/lib/python3.12/site-packages/airflow/example_dags/example_sla_dag.py
[2025-03-03T19:39:29.527-0500] {logging_mixin.py:190} INFO - [2025-03-03T19:39:29.527-0500] {dag.py:3239} INFO - Sync 1 DAGs
[2025-03-03T19:39:29.533-0500] {logging_mixin.py:190} INFO - [2025-03-03T19:39:29.533-0500] {dag.py:4180} INFO - Setting next_dagrun for example_sla_dag to 2025-03-04 00:36:00+00:00, run_after=2025-03-04 00:38:00+00:00
[2025-03-03T19:39:29.539-0500] {processor.py:208} INFO - Processing /Users/kartikvadhawana/anaconda3/lib/python3.12/site-packages/airflow/example_dags/example_sla_dag.py took 0.052 seconds
[2025-03-03T19:40:49.088-0500] {processor.py:186} INFO - Started process (PID=93427) to work on /Users/kartikvadhawana/anaconda3/lib/python3.12/site-packages/airflow/example_dags/example_sla_dag.py
[2025-03-03T19:40:49.090-0500] {processor.py:914} INFO - Processing file /Users/kartikvadhawana/anaconda3/lib/python3.12/site-packages/airflow/example_dags/example_sla_dag.py for tasks to queue
[2025-03-03T19:40:49.090-0500] {logging_mixin.py:190} INFO - [2025-03-03T19:40:49.090-0500] {dagbag.py:588} INFO - Filling up the DagBag from /Users/kartikvadhawana/anaconda3/lib/python3.12/site-packages/airflow/example_dags/example_sla_dag.py
[2025-03-03T19:40:49.103-0500] {processor.py:925} INFO - DAG(s) 'example_sla_dag' retrieved from /Users/kartikvadhawana/anaconda3/lib/python3.12/site-packages/airflow/example_dags/example_sla_dag.py
[2025-03-03T19:40:49.130-0500] {logging_mixin.py:190} INFO - [2025-03-03T19:40:49.129-0500] {dag.py:3239} INFO - Sync 1 DAGs
[2025-03-03T19:40:49.136-0500] {logging_mixin.py:190} INFO - [2025-03-03T19:40:49.136-0500] {dag.py:4180} INFO - Setting next_dagrun for example_sla_dag to 2025-03-04 00:38:00+00:00, run_after=2025-03-04 00:40:00+00:00
[2025-03-03T19:40:49.142-0500] {processor.py:208} INFO - Processing /Users/kartikvadhawana/anaconda3/lib/python3.12/site-packages/airflow/example_dags/example_sla_dag.py took 0.054 seconds
[2025-03-03T19:42:15.718-0500] {processor.py:186} INFO - Started process (PID=93819) to work on /Users/kartikvadhawana/anaconda3/lib/python3.12/site-packages/airflow/example_dags/example_sla_dag.py
[2025-03-03T19:42:15.719-0500] {processor.py:914} INFO - Processing file /Users/kartikvadhawana/anaconda3/lib/python3.12/site-packages/airflow/example_dags/example_sla_dag.py for tasks to queue
[2025-03-03T19:42:15.719-0500] {logging_mixin.py:190} INFO - [2025-03-03T19:42:15.719-0500] {dagbag.py:588} INFO - Filling up the DagBag from /Users/kartikvadhawana/anaconda3/lib/python3.12/site-packages/airflow/example_dags/example_sla_dag.py
[2025-03-03T19:42:15.732-0500] {processor.py:925} INFO - DAG(s) 'example_sla_dag' retrieved from /Users/kartikvadhawana/anaconda3/lib/python3.12/site-packages/airflow/example_dags/example_sla_dag.py
[2025-03-03T19:42:15.758-0500] {logging_mixin.py:190} INFO - [2025-03-03T19:42:15.758-0500] {dag.py:3239} INFO - Sync 1 DAGs
[2025-03-03T19:42:15.764-0500] {logging_mixin.py:190} INFO - [2025-03-03T19:42:15.764-0500] {dag.py:4180} INFO - Setting next_dagrun for example_sla_dag to 2025-03-04 00:40:00+00:00, run_after=2025-03-04 00:42:00+00:00
[2025-03-03T19:42:15.769-0500] {processor.py:208} INFO - Processing /Users/kartikvadhawana/anaconda3/lib/python3.12/site-packages/airflow/example_dags/example_sla_dag.py took 0.052 seconds
[2025-03-03T19:44:07.507-0500] {processor.py:186} INFO - Started process (PID=94015) to work on /Users/kartikvadhawana/anaconda3/lib/python3.12/site-packages/airflow/example_dags/example_sla_dag.py
[2025-03-03T19:44:07.509-0500] {processor.py:914} INFO - Processing file /Users/kartikvadhawana/anaconda3/lib/python3.12/site-packages/airflow/example_dags/example_sla_dag.py for tasks to queue
[2025-03-03T19:44:07.509-0500] {logging_mixin.py:190} INFO - [2025-03-03T19:44:07.509-0500] {dagbag.py:588} INFO - Filling up the DagBag from /Users/kartikvadhawana/anaconda3/lib/python3.12/site-packages/airflow/example_dags/example_sla_dag.py
[2025-03-03T19:44:07.523-0500] {processor.py:925} INFO - DAG(s) 'example_sla_dag' retrieved from /Users/kartikvadhawana/anaconda3/lib/python3.12/site-packages/airflow/example_dags/example_sla_dag.py
[2025-03-03T19:44:07.548-0500] {logging_mixin.py:190} INFO - [2025-03-03T19:44:07.548-0500] {dag.py:3239} INFO - Sync 1 DAGs
[2025-03-03T19:44:07.554-0500] {logging_mixin.py:190} INFO - [2025-03-03T19:44:07.554-0500] {dag.py:4180} INFO - Setting next_dagrun for example_sla_dag to 2025-03-04 00:42:00+00:00, run_after=2025-03-04 00:44:00+00:00
[2025-03-03T19:44:07.560-0500] {processor.py:208} INFO - Processing /Users/kartikvadhawana/anaconda3/lib/python3.12/site-packages/airflow/example_dags/example_sla_dag.py took 0.055 seconds
[2025-03-03T19:48:41.957-0500] {processor.py:186} INFO - Started process (PID=94689) to work on /Users/kartikvadhawana/anaconda3/lib/python3.12/site-packages/airflow/example_dags/example_sla_dag.py
[2025-03-03T19:48:41.958-0500] {processor.py:914} INFO - Processing file /Users/kartikvadhawana/anaconda3/lib/python3.12/site-packages/airflow/example_dags/example_sla_dag.py for tasks to queue
[2025-03-03T19:48:41.958-0500] {logging_mixin.py:190} INFO - [2025-03-03T19:48:41.958-0500] {dagbag.py:588} INFO - Filling up the DagBag from /Users/kartikvadhawana/anaconda3/lib/python3.12/site-packages/airflow/example_dags/example_sla_dag.py
[2025-03-03T19:48:41.971-0500] {processor.py:925} INFO - DAG(s) 'example_sla_dag' retrieved from /Users/kartikvadhawana/anaconda3/lib/python3.12/site-packages/airflow/example_dags/example_sla_dag.py
[2025-03-03T19:48:41.999-0500] {logging_mixin.py:190} INFO - [2025-03-03T19:48:41.999-0500] {dag.py:3239} INFO - Sync 1 DAGs
[2025-03-03T19:48:42.005-0500] {logging_mixin.py:190} INFO - [2025-03-03T19:48:42.005-0500] {dag.py:4180} INFO - Setting next_dagrun for example_sla_dag to 2025-03-04 00:46:00+00:00, run_after=2025-03-04 00:48:00+00:00
[2025-03-03T19:48:42.011-0500] {processor.py:208} INFO - Processing /Users/kartikvadhawana/anaconda3/lib/python3.12/site-packages/airflow/example_dags/example_sla_dag.py took 0.055 seconds
[2025-03-03T19:50:31.486-0500] {processor.py:186} INFO - Started process (PID=94851) to work on /Users/kartikvadhawana/anaconda3/lib/python3.12/site-packages/airflow/example_dags/example_sla_dag.py
[2025-03-03T19:50:31.487-0500] {processor.py:914} INFO - Processing file /Users/kartikvadhawana/anaconda3/lib/python3.12/site-packages/airflow/example_dags/example_sla_dag.py for tasks to queue
[2025-03-03T19:50:31.487-0500] {logging_mixin.py:190} INFO - [2025-03-03T19:50:31.487-0500] {dagbag.py:588} INFO - Filling up the DagBag from /Users/kartikvadhawana/anaconda3/lib/python3.12/site-packages/airflow/example_dags/example_sla_dag.py
[2025-03-03T19:50:31.499-0500] {processor.py:925} INFO - DAG(s) 'example_sla_dag' retrieved from /Users/kartikvadhawana/anaconda3/lib/python3.12/site-packages/airflow/example_dags/example_sla_dag.py
[2025-03-03T19:50:31.525-0500] {logging_mixin.py:190} INFO - [2025-03-03T19:50:31.524-0500] {dag.py:3239} INFO - Sync 1 DAGs
[2025-03-03T19:50:31.530-0500] {logging_mixin.py:190} INFO - [2025-03-03T19:50:31.530-0500] {dag.py:4180} INFO - Setting next_dagrun for example_sla_dag to 2025-03-04 00:48:00+00:00, run_after=2025-03-04 00:50:00+00:00
[2025-03-03T19:50:31.536-0500] {processor.py:208} INFO - Processing /Users/kartikvadhawana/anaconda3/lib/python3.12/site-packages/airflow/example_dags/example_sla_dag.py took 0.051 seconds
[2025-03-03T19:51:50.499-0500] {processor.py:186} INFO - Started process (PID=94946) to work on /Users/kartikvadhawana/anaconda3/lib/python3.12/site-packages/airflow/example_dags/example_sla_dag.py
[2025-03-03T19:51:50.499-0500] {processor.py:914} INFO - Processing file /Users/kartikvadhawana/anaconda3/lib/python3.12/site-packages/airflow/example_dags/example_sla_dag.py for tasks to queue
[2025-03-03T19:51:50.499-0500] {logging_mixin.py:190} INFO - [2025-03-03T19:51:50.499-0500] {dagbag.py:588} INFO - Filling up the DagBag from /Users/kartikvadhawana/anaconda3/lib/python3.12/site-packages/airflow/example_dags/example_sla_dag.py
[2025-03-03T19:51:50.511-0500] {processor.py:925} INFO - DAG(s) 'example_sla_dag' retrieved from /Users/kartikvadhawana/anaconda3/lib/python3.12/site-packages/airflow/example_dags/example_sla_dag.py
[2025-03-03T19:51:50.537-0500] {logging_mixin.py:190} INFO - [2025-03-03T19:51:50.536-0500] {dag.py:3239} INFO - Sync 1 DAGs
[2025-03-03T19:51:50.542-0500] {logging_mixin.py:190} INFO - [2025-03-03T19:51:50.542-0500] {dag.py:4180} INFO - Setting next_dagrun for example_sla_dag to 2025-03-04 00:48:00+00:00, run_after=2025-03-04 00:50:00+00:00
[2025-03-03T19:51:50.548-0500] {processor.py:208} INFO - Processing /Users/kartikvadhawana/anaconda3/lib/python3.12/site-packages/airflow/example_dags/example_sla_dag.py took 0.050 seconds
[2025-03-03T19:53:12.320-0500] {processor.py:186} INFO - Started process (PID=95161) to work on /Users/kartikvadhawana/anaconda3/lib/python3.12/site-packages/airflow/example_dags/example_sla_dag.py
[2025-03-03T19:53:12.321-0500] {processor.py:914} INFO - Processing file /Users/kartikvadhawana/anaconda3/lib/python3.12/site-packages/airflow/example_dags/example_sla_dag.py for tasks to queue
[2025-03-03T19:53:12.321-0500] {logging_mixin.py:190} INFO - [2025-03-03T19:53:12.321-0500] {dagbag.py:588} INFO - Filling up the DagBag from /Users/kartikvadhawana/anaconda3/lib/python3.12/site-packages/airflow/example_dags/example_sla_dag.py
[2025-03-03T19:53:12.335-0500] {processor.py:925} INFO - DAG(s) 'example_sla_dag' retrieved from /Users/kartikvadhawana/anaconda3/lib/python3.12/site-packages/airflow/example_dags/example_sla_dag.py
[2025-03-03T19:53:12.364-0500] {logging_mixin.py:190} INFO - [2025-03-03T19:53:12.364-0500] {dag.py:3239} INFO - Sync 1 DAGs
[2025-03-03T19:53:12.370-0500] {logging_mixin.py:190} INFO - [2025-03-03T19:53:12.370-0500] {dag.py:4180} INFO - Setting next_dagrun for example_sla_dag to 2025-03-04 00:50:00+00:00, run_after=2025-03-04 00:52:00+00:00
[2025-03-03T19:53:12.377-0500] {processor.py:208} INFO - Processing /Users/kartikvadhawana/anaconda3/lib/python3.12/site-packages/airflow/example_dags/example_sla_dag.py took 0.058 seconds
[2025-03-03T19:54:35.611-0500] {processor.py:186} INFO - Started process (PID=95346) to work on /Users/kartikvadhawana/anaconda3/lib/python3.12/site-packages/airflow/example_dags/example_sla_dag.py
[2025-03-03T19:54:35.612-0500] {processor.py:914} INFO - Processing file /Users/kartikvadhawana/anaconda3/lib/python3.12/site-packages/airflow/example_dags/example_sla_dag.py for tasks to queue
[2025-03-03T19:54:35.613-0500] {logging_mixin.py:190} INFO - [2025-03-03T19:54:35.613-0500] {dagbag.py:588} INFO - Filling up the DagBag from /Users/kartikvadhawana/anaconda3/lib/python3.12/site-packages/airflow/example_dags/example_sla_dag.py
[2025-03-03T19:54:35.626-0500] {processor.py:925} INFO - DAG(s) 'example_sla_dag' retrieved from /Users/kartikvadhawana/anaconda3/lib/python3.12/site-packages/airflow/example_dags/example_sla_dag.py
[2025-03-03T19:54:35.652-0500] {logging_mixin.py:190} INFO - [2025-03-03T19:54:35.652-0500] {dag.py:3239} INFO - Sync 1 DAGs
[2025-03-03T19:54:35.657-0500] {logging_mixin.py:190} INFO - [2025-03-03T19:54:35.657-0500] {dag.py:4180} INFO - Setting next_dagrun for example_sla_dag to 2025-03-04 00:52:00+00:00, run_after=2025-03-04 00:54:00+00:00
[2025-03-03T19:54:35.663-0500] {processor.py:208} INFO - Processing /Users/kartikvadhawana/anaconda3/lib/python3.12/site-packages/airflow/example_dags/example_sla_dag.py took 0.052 seconds
[2025-03-03T19:55:58.290-0500] {processor.py:186} INFO - Started process (PID=95589) to work on /Users/kartikvadhawana/anaconda3/lib/python3.12/site-packages/airflow/example_dags/example_sla_dag.py
[2025-03-03T19:55:58.291-0500] {processor.py:914} INFO - Processing file /Users/kartikvadhawana/anaconda3/lib/python3.12/site-packages/airflow/example_dags/example_sla_dag.py for tasks to queue
[2025-03-03T19:55:58.292-0500] {logging_mixin.py:190} INFO - [2025-03-03T19:55:58.292-0500] {dagbag.py:588} INFO - Filling up the DagBag from /Users/kartikvadhawana/anaconda3/lib/python3.12/site-packages/airflow/example_dags/example_sla_dag.py
[2025-03-03T19:55:58.304-0500] {processor.py:925} INFO - DAG(s) 'example_sla_dag' retrieved from /Users/kartikvadhawana/anaconda3/lib/python3.12/site-packages/airflow/example_dags/example_sla_dag.py
[2025-03-03T19:55:58.330-0500] {logging_mixin.py:190} INFO - [2025-03-03T19:55:58.330-0500] {dag.py:3239} INFO - Sync 1 DAGs
[2025-03-03T19:55:58.335-0500] {logging_mixin.py:190} INFO - [2025-03-03T19:55:58.335-0500] {dag.py:4180} INFO - Setting next_dagrun for example_sla_dag to 2025-03-04 00:52:00+00:00, run_after=2025-03-04 00:54:00+00:00
[2025-03-03T19:55:58.341-0500] {processor.py:208} INFO - Processing /Users/kartikvadhawana/anaconda3/lib/python3.12/site-packages/airflow/example_dags/example_sla_dag.py took 0.052 seconds
[2025-03-03T19:57:20.291-0500] {processor.py:186} INFO - Started process (PID=95780) to work on /Users/kartikvadhawana/anaconda3/lib/python3.12/site-packages/airflow/example_dags/example_sla_dag.py
[2025-03-03T19:57:20.291-0500] {processor.py:914} INFO - Processing file /Users/kartikvadhawana/anaconda3/lib/python3.12/site-packages/airflow/example_dags/example_sla_dag.py for tasks to queue
[2025-03-03T19:57:20.292-0500] {logging_mixin.py:190} INFO - [2025-03-03T19:57:20.292-0500] {dagbag.py:588} INFO - Filling up the DagBag from /Users/kartikvadhawana/anaconda3/lib/python3.12/site-packages/airflow/example_dags/example_sla_dag.py
[2025-03-03T19:57:20.304-0500] {processor.py:925} INFO - DAG(s) 'example_sla_dag' retrieved from /Users/kartikvadhawana/anaconda3/lib/python3.12/site-packages/airflow/example_dags/example_sla_dag.py
[2025-03-03T19:57:20.330-0500] {logging_mixin.py:190} INFO - [2025-03-03T19:57:20.330-0500] {dag.py:3239} INFO - Sync 1 DAGs
[2025-03-03T19:57:20.335-0500] {logging_mixin.py:190} INFO - [2025-03-03T19:57:20.335-0500] {dag.py:4180} INFO - Setting next_dagrun for example_sla_dag to 2025-03-04 00:54:00+00:00, run_after=2025-03-04 00:56:00+00:00
[2025-03-03T19:57:20.341-0500] {processor.py:208} INFO - Processing /Users/kartikvadhawana/anaconda3/lib/python3.12/site-packages/airflow/example_dags/example_sla_dag.py took 0.051 seconds
[2025-03-03T19:58:41.381-0500] {processor.py:186} INFO - Started process (PID=95937) to work on /Users/kartikvadhawana/anaconda3/lib/python3.12/site-packages/airflow/example_dags/example_sla_dag.py
[2025-03-03T19:58:41.382-0500] {processor.py:914} INFO - Processing file /Users/kartikvadhawana/anaconda3/lib/python3.12/site-packages/airflow/example_dags/example_sla_dag.py for tasks to queue
[2025-03-03T19:58:41.383-0500] {logging_mixin.py:190} INFO - [2025-03-03T19:58:41.383-0500] {dagbag.py:588} INFO - Filling up the DagBag from /Users/kartikvadhawana/anaconda3/lib/python3.12/site-packages/airflow/example_dags/example_sla_dag.py
[2025-03-03T19:58:41.395-0500] {processor.py:925} INFO - DAG(s) 'example_sla_dag' retrieved from /Users/kartikvadhawana/anaconda3/lib/python3.12/site-packages/airflow/example_dags/example_sla_dag.py
[2025-03-03T19:58:41.421-0500] {logging_mixin.py:190} INFO - [2025-03-03T19:58:41.420-0500] {dag.py:3239} INFO - Sync 1 DAGs
[2025-03-03T19:58:41.426-0500] {logging_mixin.py:190} INFO - [2025-03-03T19:58:41.426-0500] {dag.py:4180} INFO - Setting next_dagrun for example_sla_dag to 2025-03-04 00:56:00+00:00, run_after=2025-03-04 00:58:00+00:00
[2025-03-03T19:58:41.432-0500] {processor.py:208} INFO - Processing /Users/kartikvadhawana/anaconda3/lib/python3.12/site-packages/airflow/example_dags/example_sla_dag.py took 0.052 seconds
[2025-03-03T20:00:02.699-0500] {processor.py:186} INFO - Started process (PID=96039) to work on /Users/kartikvadhawana/anaconda3/lib/python3.12/site-packages/airflow/example_dags/example_sla_dag.py
[2025-03-03T20:00:02.699-0500] {processor.py:914} INFO - Processing file /Users/kartikvadhawana/anaconda3/lib/python3.12/site-packages/airflow/example_dags/example_sla_dag.py for tasks to queue
[2025-03-03T20:00:02.700-0500] {logging_mixin.py:190} INFO - [2025-03-03T20:00:02.700-0500] {dagbag.py:588} INFO - Filling up the DagBag from /Users/kartikvadhawana/anaconda3/lib/python3.12/site-packages/airflow/example_dags/example_sla_dag.py
[2025-03-03T20:00:02.713-0500] {processor.py:925} INFO - DAG(s) 'example_sla_dag' retrieved from /Users/kartikvadhawana/anaconda3/lib/python3.12/site-packages/airflow/example_dags/example_sla_dag.py
[2025-03-03T20:00:02.741-0500] {logging_mixin.py:190} INFO - [2025-03-03T20:00:02.741-0500] {dag.py:3239} INFO - Sync 1 DAGs
[2025-03-03T20:00:02.747-0500] {logging_mixin.py:190} INFO - [2025-03-03T20:00:02.747-0500] {dag.py:4180} INFO - Setting next_dagrun for example_sla_dag to 2025-03-04 00:58:00+00:00, run_after=2025-03-04 01:00:00+00:00
[2025-03-03T20:00:02.753-0500] {processor.py:208} INFO - Processing /Users/kartikvadhawana/anaconda3/lib/python3.12/site-packages/airflow/example_dags/example_sla_dag.py took 0.055 seconds
