[2025-03-03T19:21:13.987-0500] {processor.py:186} INFO - Started process (PID=89782) to work on /Users/kartikvadhawana/anaconda3/lib/python3.12/site-packages/airflow/example_dags/example_sensor_decorator.py
[2025-03-03T19:21:13.988-0500] {processor.py:914} INFO - Processing file /Users/kartikvadhawana/anaconda3/lib/python3.12/site-packages/airflow/example_dags/example_sensor_decorator.py for tasks to queue
[2025-03-03T19:21:13.988-0500] {logging_mixin.py:190} INFO - [2025-03-03T19:21:13.988-0500] {dagbag.py:588} INFO - Filling up the DagBag from /Users/kartikvadhawana/anaconda3/lib/python3.12/site-packages/airflow/example_dags/example_sensor_decorator.py
[2025-03-03T19:21:14.000-0500] {processor.py:925} INFO - DAG(s) 'example_sensor_decorator' retrieved from /Users/kartikvadhawana/anaconda3/lib/python3.12/site-packages/airflow/example_dags/example_sensor_decorator.py
[2025-03-03T19:21:14.095-0500] {logging_mixin.py:190} INFO - [2025-03-03T19:21:14.095-0500] {utils.py:160} INFO - NumExpr defaulting to 8 threads.
[2025-03-03T19:21:14.240-0500] {logging_mixin.py:190} INFO - [2025-03-03T19:21:14.239-0500] {override.py:1930} INFO - Created Permission View: can edit on DAG:example_sensor_decorator
[2025-03-03T19:21:14.242-0500] {logging_mixin.py:190} INFO - [2025-03-03T19:21:14.242-0500] {override.py:1930} INFO - Created Permission View: can delete on DAG:example_sensor_decorator
[2025-03-03T19:21:14.244-0500] {logging_mixin.py:190} INFO - [2025-03-03T19:21:14.243-0500] {override.py:1930} INFO - Created Permission View: can read on DAG:example_sensor_decorator
[2025-03-03T19:21:14.246-0500] {logging_mixin.py:190} INFO - [2025-03-03T19:21:14.246-0500] {override.py:1930} INFO - Created Permission View: menu access on DAG Run:example_sensor_decorator
[2025-03-03T19:21:14.247-0500] {logging_mixin.py:190} INFO - [2025-03-03T19:21:14.247-0500] {override.py:1930} INFO - Created Permission View: can create on DAG Run:example_sensor_decorator
[2025-03-03T19:21:14.249-0500] {logging_mixin.py:190} INFO - [2025-03-03T19:21:14.249-0500] {override.py:1930} INFO - Created Permission View: can delete on DAG Run:example_sensor_decorator
[2025-03-03T19:21:14.251-0500] {logging_mixin.py:190} INFO - [2025-03-03T19:21:14.251-0500] {override.py:1930} INFO - Created Permission View: can read on DAG Run:example_sensor_decorator
[2025-03-03T19:21:14.251-0500] {logging_mixin.py:190} INFO - [2025-03-03T19:21:14.251-0500] {dag.py:3239} INFO - Sync 1 DAGs
[2025-03-03T19:21:14.255-0500] {logging_mixin.py:190} INFO - [2025-03-03T19:21:14.255-0500] {dag.py:3262} INFO - Creating ORM DAG for example_sensor_decorator
[2025-03-03T19:21:14.255-0500] {logging_mixin.py:190} INFO - [2025-03-03T19:21:14.255-0500] {dag.py:4180} INFO - Setting next_dagrun for example_sensor_decorator to None, run_after=None
[2025-03-03T19:21:14.260-0500] {processor.py:208} INFO - Processing /Users/kartikvadhawana/anaconda3/lib/python3.12/site-packages/airflow/example_dags/example_sensor_decorator.py took 0.273 seconds
[2025-03-03T19:23:01.799-0500] {processor.py:186} INFO - Started process (PID=90143) to work on /Users/kartikvadhawana/anaconda3/lib/python3.12/site-packages/airflow/example_dags/example_sensor_decorator.py
[2025-03-03T19:23:01.800-0500] {processor.py:914} INFO - Processing file /Users/kartikvadhawana/anaconda3/lib/python3.12/site-packages/airflow/example_dags/example_sensor_decorator.py for tasks to queue
[2025-03-03T19:23:01.800-0500] {logging_mixin.py:190} INFO - [2025-03-03T19:23:01.800-0500] {dagbag.py:588} INFO - Filling up the DagBag from /Users/kartikvadhawana/anaconda3/lib/python3.12/site-packages/airflow/example_dags/example_sensor_decorator.py
[2025-03-03T19:23:01.815-0500] {processor.py:925} INFO - DAG(s) 'example_sensor_decorator' retrieved from /Users/kartikvadhawana/anaconda3/lib/python3.12/site-packages/airflow/example_dags/example_sensor_decorator.py
[2025-03-03T19:23:01.925-0500] {logging_mixin.py:190} INFO - [2025-03-03T19:23:01.925-0500] {utils.py:160} INFO - NumExpr defaulting to 8 threads.
[2025-03-03T19:23:02.071-0500] {logging_mixin.py:190} INFO - [2025-03-03T19:23:02.070-0500] {dag.py:3239} INFO - Sync 1 DAGs
[2025-03-03T19:23:02.074-0500] {logging_mixin.py:190} INFO - [2025-03-03T19:23:02.074-0500] {dag.py:4180} INFO - Setting next_dagrun for example_sensor_decorator to None, run_after=None
[2025-03-03T19:23:02.081-0500] {processor.py:208} INFO - Processing /Users/kartikvadhawana/anaconda3/lib/python3.12/site-packages/airflow/example_dags/example_sensor_decorator.py took 0.284 seconds
[2025-03-03T19:25:50.564-0500] {processor.py:186} INFO - Started process (PID=90781) to work on /Users/kartikvadhawana/anaconda3/lib/python3.12/site-packages/airflow/example_dags/example_sensor_decorator.py
[2025-03-03T19:25:50.565-0500] {processor.py:914} INFO - Processing file /Users/kartikvadhawana/anaconda3/lib/python3.12/site-packages/airflow/example_dags/example_sensor_decorator.py for tasks to queue
[2025-03-03T19:25:50.565-0500] {logging_mixin.py:190} INFO - [2025-03-03T19:25:50.565-0500] {dagbag.py:588} INFO - Filling up the DagBag from /Users/kartikvadhawana/anaconda3/lib/python3.12/site-packages/airflow/example_dags/example_sensor_decorator.py
[2025-03-03T19:25:50.577-0500] {processor.py:925} INFO - DAG(s) 'example_sensor_decorator' retrieved from /Users/kartikvadhawana/anaconda3/lib/python3.12/site-packages/airflow/example_dags/example_sensor_decorator.py
[2025-03-03T19:25:50.672-0500] {logging_mixin.py:190} INFO - [2025-03-03T19:25:50.672-0500] {utils.py:160} INFO - NumExpr defaulting to 8 threads.
[2025-03-03T19:25:50.786-0500] {logging_mixin.py:190} INFO - [2025-03-03T19:25:50.786-0500] {dag.py:3239} INFO - Sync 1 DAGs
[2025-03-03T19:25:50.789-0500] {logging_mixin.py:190} INFO - [2025-03-03T19:25:50.789-0500] {dag.py:4180} INFO - Setting next_dagrun for example_sensor_decorator to None, run_after=None
[2025-03-03T19:25:50.795-0500] {processor.py:208} INFO - Processing /Users/kartikvadhawana/anaconda3/lib/python3.12/site-packages/airflow/example_dags/example_sensor_decorator.py took 0.232 seconds
[2025-03-03T19:28:12.769-0500] {processor.py:186} INFO - Started process (PID=91389) to work on /Users/kartikvadhawana/anaconda3/lib/python3.12/site-packages/airflow/example_dags/example_sensor_decorator.py
[2025-03-03T19:28:12.770-0500] {processor.py:914} INFO - Processing file /Users/kartikvadhawana/anaconda3/lib/python3.12/site-packages/airflow/example_dags/example_sensor_decorator.py for tasks to queue
[2025-03-03T19:28:12.770-0500] {logging_mixin.py:190} INFO - [2025-03-03T19:28:12.770-0500] {dagbag.py:588} INFO - Filling up the DagBag from /Users/kartikvadhawana/anaconda3/lib/python3.12/site-packages/airflow/example_dags/example_sensor_decorator.py
[2025-03-03T19:28:12.783-0500] {processor.py:925} INFO - DAG(s) 'example_sensor_decorator' retrieved from /Users/kartikvadhawana/anaconda3/lib/python3.12/site-packages/airflow/example_dags/example_sensor_decorator.py
[2025-03-03T19:28:12.879-0500] {logging_mixin.py:190} INFO - [2025-03-03T19:28:12.879-0500] {utils.py:160} INFO - NumExpr defaulting to 8 threads.
[2025-03-03T19:28:12.997-0500] {logging_mixin.py:190} INFO - [2025-03-03T19:28:12.997-0500] {dag.py:3239} INFO - Sync 1 DAGs
[2025-03-03T19:28:13.000-0500] {logging_mixin.py:190} INFO - [2025-03-03T19:28:13.000-0500] {dag.py:4180} INFO - Setting next_dagrun for example_sensor_decorator to None, run_after=None
[2025-03-03T19:28:13.005-0500] {processor.py:208} INFO - Processing /Users/kartikvadhawana/anaconda3/lib/python3.12/site-packages/airflow/example_dags/example_sensor_decorator.py took 0.238 seconds
[2025-03-03T19:30:01.074-0500] {processor.py:186} INFO - Started process (PID=91727) to work on /Users/kartikvadhawana/anaconda3/lib/python3.12/site-packages/airflow/example_dags/example_sensor_decorator.py
[2025-03-03T19:30:01.075-0500] {processor.py:914} INFO - Processing file /Users/kartikvadhawana/anaconda3/lib/python3.12/site-packages/airflow/example_dags/example_sensor_decorator.py for tasks to queue
[2025-03-03T19:30:01.075-0500] {logging_mixin.py:190} INFO - [2025-03-03T19:30:01.075-0500] {dagbag.py:588} INFO - Filling up the DagBag from /Users/kartikvadhawana/anaconda3/lib/python3.12/site-packages/airflow/example_dags/example_sensor_decorator.py
[2025-03-03T19:30:01.087-0500] {processor.py:925} INFO - DAG(s) 'example_sensor_decorator' retrieved from /Users/kartikvadhawana/anaconda3/lib/python3.12/site-packages/airflow/example_dags/example_sensor_decorator.py
[2025-03-03T19:30:01.182-0500] {logging_mixin.py:190} INFO - [2025-03-03T19:30:01.182-0500] {utils.py:160} INFO - NumExpr defaulting to 8 threads.
[2025-03-03T19:30:01.298-0500] {logging_mixin.py:190} INFO - [2025-03-03T19:30:01.298-0500] {dag.py:3239} INFO - Sync 1 DAGs
[2025-03-03T19:30:01.301-0500] {logging_mixin.py:190} INFO - [2025-03-03T19:30:01.301-0500] {dag.py:4180} INFO - Setting next_dagrun for example_sensor_decorator to None, run_after=None
[2025-03-03T19:30:01.307-0500] {processor.py:208} INFO - Processing /Users/kartikvadhawana/anaconda3/lib/python3.12/site-packages/airflow/example_dags/example_sensor_decorator.py took 0.234 seconds
[2025-03-03T19:32:30.116-0500] {processor.py:186} INFO - Started process (PID=92248) to work on /Users/kartikvadhawana/anaconda3/lib/python3.12/site-packages/airflow/example_dags/example_sensor_decorator.py
[2025-03-03T19:32:30.117-0500] {processor.py:914} INFO - Processing file /Users/kartikvadhawana/anaconda3/lib/python3.12/site-packages/airflow/example_dags/example_sensor_decorator.py for tasks to queue
[2025-03-03T19:32:30.117-0500] {logging_mixin.py:190} INFO - [2025-03-03T19:32:30.117-0500] {dagbag.py:588} INFO - Filling up the DagBag from /Users/kartikvadhawana/anaconda3/lib/python3.12/site-packages/airflow/example_dags/example_sensor_decorator.py
[2025-03-03T19:32:30.131-0500] {processor.py:925} INFO - DAG(s) 'example_sensor_decorator' retrieved from /Users/kartikvadhawana/anaconda3/lib/python3.12/site-packages/airflow/example_dags/example_sensor_decorator.py
[2025-03-03T19:32:30.230-0500] {logging_mixin.py:190} INFO - [2025-03-03T19:32:30.230-0500] {utils.py:160} INFO - NumExpr defaulting to 8 threads.
[2025-03-03T19:32:30.377-0500] {logging_mixin.py:190} INFO - [2025-03-03T19:32:30.377-0500] {dag.py:3239} INFO - Sync 1 DAGs
[2025-03-03T19:32:30.381-0500] {logging_mixin.py:190} INFO - [2025-03-03T19:32:30.381-0500] {dag.py:4180} INFO - Setting next_dagrun for example_sensor_decorator to None, run_after=None
[2025-03-03T19:32:30.386-0500] {processor.py:208} INFO - Processing /Users/kartikvadhawana/anaconda3/lib/python3.12/site-packages/airflow/example_dags/example_sensor_decorator.py took 0.271 seconds
[2025-03-03T19:34:21.264-0500] {processor.py:186} INFO - Started process (PID=92501) to work on /Users/kartikvadhawana/anaconda3/lib/python3.12/site-packages/airflow/example_dags/example_sensor_decorator.py
[2025-03-03T19:34:21.265-0500] {processor.py:914} INFO - Processing file /Users/kartikvadhawana/anaconda3/lib/python3.12/site-packages/airflow/example_dags/example_sensor_decorator.py for tasks to queue
[2025-03-03T19:34:21.265-0500] {logging_mixin.py:190} INFO - [2025-03-03T19:34:21.265-0500] {dagbag.py:588} INFO - Filling up the DagBag from /Users/kartikvadhawana/anaconda3/lib/python3.12/site-packages/airflow/example_dags/example_sensor_decorator.py
[2025-03-03T19:34:21.279-0500] {processor.py:925} INFO - DAG(s) 'example_sensor_decorator' retrieved from /Users/kartikvadhawana/anaconda3/lib/python3.12/site-packages/airflow/example_dags/example_sensor_decorator.py
[2025-03-03T19:34:21.410-0500] {logging_mixin.py:190} INFO - [2025-03-03T19:34:21.410-0500] {utils.py:160} INFO - NumExpr defaulting to 8 threads.
[2025-03-03T19:34:21.560-0500] {logging_mixin.py:190} INFO - [2025-03-03T19:34:21.560-0500] {dag.py:3239} INFO - Sync 1 DAGs
[2025-03-03T19:34:21.564-0500] {logging_mixin.py:190} INFO - [2025-03-03T19:34:21.564-0500] {dag.py:4180} INFO - Setting next_dagrun for example_sensor_decorator to None, run_after=None
[2025-03-03T19:34:21.570-0500] {processor.py:208} INFO - Processing /Users/kartikvadhawana/anaconda3/lib/python3.12/site-packages/airflow/example_dags/example_sensor_decorator.py took 0.308 seconds
[2025-03-03T19:36:58.086-0500] {processor.py:186} INFO - Started process (PID=92856) to work on /Users/kartikvadhawana/anaconda3/lib/python3.12/site-packages/airflow/example_dags/example_sensor_decorator.py
[2025-03-03T19:36:58.087-0500] {processor.py:914} INFO - Processing file /Users/kartikvadhawana/anaconda3/lib/python3.12/site-packages/airflow/example_dags/example_sensor_decorator.py for tasks to queue
[2025-03-03T19:36:58.088-0500] {logging_mixin.py:190} INFO - [2025-03-03T19:36:58.088-0500] {dagbag.py:588} INFO - Filling up the DagBag from /Users/kartikvadhawana/anaconda3/lib/python3.12/site-packages/airflow/example_dags/example_sensor_decorator.py
[2025-03-03T19:36:58.100-0500] {processor.py:925} INFO - DAG(s) 'example_sensor_decorator' retrieved from /Users/kartikvadhawana/anaconda3/lib/python3.12/site-packages/airflow/example_dags/example_sensor_decorator.py
[2025-03-03T19:36:58.201-0500] {logging_mixin.py:190} INFO - [2025-03-03T19:36:58.201-0500] {utils.py:160} INFO - NumExpr defaulting to 8 threads.
[2025-03-03T19:36:58.323-0500] {logging_mixin.py:190} INFO - [2025-03-03T19:36:58.323-0500] {dag.py:3239} INFO - Sync 1 DAGs
[2025-03-03T19:36:58.326-0500] {logging_mixin.py:190} INFO - [2025-03-03T19:36:58.326-0500] {dag.py:4180} INFO - Setting next_dagrun for example_sensor_decorator to None, run_after=None
[2025-03-03T19:36:58.332-0500] {processor.py:208} INFO - Processing /Users/kartikvadhawana/anaconda3/lib/python3.12/site-packages/airflow/example_dags/example_sensor_decorator.py took 0.247 seconds
[2025-03-03T19:39:40.452-0500] {processor.py:186} INFO - Started process (PID=93228) to work on /Users/kartikvadhawana/anaconda3/lib/python3.12/site-packages/airflow/example_dags/example_sensor_decorator.py
[2025-03-03T19:39:40.453-0500] {processor.py:914} INFO - Processing file /Users/kartikvadhawana/anaconda3/lib/python3.12/site-packages/airflow/example_dags/example_sensor_decorator.py for tasks to queue
[2025-03-03T19:39:40.454-0500] {logging_mixin.py:190} INFO - [2025-03-03T19:39:40.454-0500] {dagbag.py:588} INFO - Filling up the DagBag from /Users/kartikvadhawana/anaconda3/lib/python3.12/site-packages/airflow/example_dags/example_sensor_decorator.py
[2025-03-03T19:39:40.467-0500] {processor.py:925} INFO - DAG(s) 'example_sensor_decorator' retrieved from /Users/kartikvadhawana/anaconda3/lib/python3.12/site-packages/airflow/example_dags/example_sensor_decorator.py
[2025-03-03T19:39:40.567-0500] {logging_mixin.py:190} INFO - [2025-03-03T19:39:40.566-0500] {utils.py:160} INFO - NumExpr defaulting to 8 threads.
[2025-03-03T19:39:40.690-0500] {logging_mixin.py:190} INFO - [2025-03-03T19:39:40.690-0500] {dag.py:3239} INFO - Sync 1 DAGs
[2025-03-03T19:39:40.693-0500] {logging_mixin.py:190} INFO - [2025-03-03T19:39:40.693-0500] {dag.py:4180} INFO - Setting next_dagrun for example_sensor_decorator to None, run_after=None
[2025-03-03T19:39:40.699-0500] {processor.py:208} INFO - Processing /Users/kartikvadhawana/anaconda3/lib/python3.12/site-packages/airflow/example_dags/example_sensor_decorator.py took 0.248 seconds
[2025-03-03T19:42:26.791-0500] {processor.py:186} INFO - Started process (PID=93844) to work on /Users/kartikvadhawana/anaconda3/lib/python3.12/site-packages/airflow/example_dags/example_sensor_decorator.py
[2025-03-03T19:42:26.792-0500] {processor.py:914} INFO - Processing file /Users/kartikvadhawana/anaconda3/lib/python3.12/site-packages/airflow/example_dags/example_sensor_decorator.py for tasks to queue
[2025-03-03T19:42:26.793-0500] {logging_mixin.py:190} INFO - [2025-03-03T19:42:26.793-0500] {dagbag.py:588} INFO - Filling up the DagBag from /Users/kartikvadhawana/anaconda3/lib/python3.12/site-packages/airflow/example_dags/example_sensor_decorator.py
[2025-03-03T19:42:26.805-0500] {processor.py:925} INFO - DAG(s) 'example_sensor_decorator' retrieved from /Users/kartikvadhawana/anaconda3/lib/python3.12/site-packages/airflow/example_dags/example_sensor_decorator.py
[2025-03-03T19:42:26.900-0500] {logging_mixin.py:190} INFO - [2025-03-03T19:42:26.900-0500] {utils.py:160} INFO - NumExpr defaulting to 8 threads.
[2025-03-03T19:42:27.015-0500] {logging_mixin.py:190} INFO - [2025-03-03T19:42:27.015-0500] {dag.py:3239} INFO - Sync 1 DAGs
[2025-03-03T19:42:27.018-0500] {logging_mixin.py:190} INFO - [2025-03-03T19:42:27.018-0500] {dag.py:4180} INFO - Setting next_dagrun for example_sensor_decorator to None, run_after=None
[2025-03-03T19:42:27.024-0500] {processor.py:208} INFO - Processing /Users/kartikvadhawana/anaconda3/lib/python3.12/site-packages/airflow/example_dags/example_sensor_decorator.py took 0.234 seconds
[2025-03-03T19:44:20.254-0500] {processor.py:186} INFO - Started process (PID=94049) to work on /Users/kartikvadhawana/anaconda3/lib/python3.12/site-packages/airflow/example_dags/example_sensor_decorator.py
[2025-03-03T19:44:20.255-0500] {processor.py:914} INFO - Processing file /Users/kartikvadhawana/anaconda3/lib/python3.12/site-packages/airflow/example_dags/example_sensor_decorator.py for tasks to queue
[2025-03-03T19:44:20.255-0500] {logging_mixin.py:190} INFO - [2025-03-03T19:44:20.255-0500] {dagbag.py:588} INFO - Filling up the DagBag from /Users/kartikvadhawana/anaconda3/lib/python3.12/site-packages/airflow/example_dags/example_sensor_decorator.py
[2025-03-03T19:44:20.267-0500] {processor.py:925} INFO - DAG(s) 'example_sensor_decorator' retrieved from /Users/kartikvadhawana/anaconda3/lib/python3.12/site-packages/airflow/example_dags/example_sensor_decorator.py
[2025-03-03T19:44:20.362-0500] {logging_mixin.py:190} INFO - [2025-03-03T19:44:20.362-0500] {utils.py:160} INFO - NumExpr defaulting to 8 threads.
[2025-03-03T19:44:20.479-0500] {logging_mixin.py:190} INFO - [2025-03-03T19:44:20.479-0500] {dag.py:3239} INFO - Sync 1 DAGs
[2025-03-03T19:44:20.483-0500] {logging_mixin.py:190} INFO - [2025-03-03T19:44:20.483-0500] {dag.py:4180} INFO - Setting next_dagrun for example_sensor_decorator to None, run_after=None
[2025-03-03T19:44:20.488-0500] {processor.py:208} INFO - Processing /Users/kartikvadhawana/anaconda3/lib/python3.12/site-packages/airflow/example_dags/example_sensor_decorator.py took 0.236 seconds
[2025-03-03T19:48:55.069-0500] {processor.py:186} INFO - Started process (PID=94725) to work on /Users/kartikvadhawana/anaconda3/lib/python3.12/site-packages/airflow/example_dags/example_sensor_decorator.py
[2025-03-03T19:48:55.070-0500] {processor.py:914} INFO - Processing file /Users/kartikvadhawana/anaconda3/lib/python3.12/site-packages/airflow/example_dags/example_sensor_decorator.py for tasks to queue
[2025-03-03T19:48:55.071-0500] {logging_mixin.py:190} INFO - [2025-03-03T19:48:55.071-0500] {dagbag.py:588} INFO - Filling up the DagBag from /Users/kartikvadhawana/anaconda3/lib/python3.12/site-packages/airflow/example_dags/example_sensor_decorator.py
[2025-03-03T19:48:55.084-0500] {processor.py:925} INFO - DAG(s) 'example_sensor_decorator' retrieved from /Users/kartikvadhawana/anaconda3/lib/python3.12/site-packages/airflow/example_dags/example_sensor_decorator.py
[2025-03-03T19:48:55.183-0500] {logging_mixin.py:190} INFO - [2025-03-03T19:48:55.183-0500] {utils.py:160} INFO - NumExpr defaulting to 8 threads.
[2025-03-03T19:48:55.302-0500] {logging_mixin.py:190} INFO - [2025-03-03T19:48:55.302-0500] {dag.py:3239} INFO - Sync 1 DAGs
[2025-03-03T19:48:55.305-0500] {logging_mixin.py:190} INFO - [2025-03-03T19:48:55.305-0500] {dag.py:4180} INFO - Setting next_dagrun for example_sensor_decorator to None, run_after=None
[2025-03-03T19:48:55.310-0500] {processor.py:208} INFO - Processing /Users/kartikvadhawana/anaconda3/lib/python3.12/site-packages/airflow/example_dags/example_sensor_decorator.py took 0.242 seconds
[2025-03-03T19:50:44.011-0500] {processor.py:186} INFO - Started process (PID=94866) to work on /Users/kartikvadhawana/anaconda3/lib/python3.12/site-packages/airflow/example_dags/example_sensor_decorator.py
[2025-03-03T19:50:44.012-0500] {processor.py:914} INFO - Processing file /Users/kartikvadhawana/anaconda3/lib/python3.12/site-packages/airflow/example_dags/example_sensor_decorator.py for tasks to queue
[2025-03-03T19:50:44.013-0500] {logging_mixin.py:190} INFO - [2025-03-03T19:50:44.012-0500] {dagbag.py:588} INFO - Filling up the DagBag from /Users/kartikvadhawana/anaconda3/lib/python3.12/site-packages/airflow/example_dags/example_sensor_decorator.py
[2025-03-03T19:50:44.024-0500] {processor.py:925} INFO - DAG(s) 'example_sensor_decorator' retrieved from /Users/kartikvadhawana/anaconda3/lib/python3.12/site-packages/airflow/example_dags/example_sensor_decorator.py
[2025-03-03T19:50:44.119-0500] {logging_mixin.py:190} INFO - [2025-03-03T19:50:44.119-0500] {utils.py:160} INFO - NumExpr defaulting to 8 threads.
[2025-03-03T19:50:44.233-0500] {logging_mixin.py:190} INFO - [2025-03-03T19:50:44.233-0500] {dag.py:3239} INFO - Sync 1 DAGs
[2025-03-03T19:50:44.236-0500] {logging_mixin.py:190} INFO - [2025-03-03T19:50:44.236-0500] {dag.py:4180} INFO - Setting next_dagrun for example_sensor_decorator to None, run_after=None
[2025-03-03T19:50:44.242-0500] {processor.py:208} INFO - Processing /Users/kartikvadhawana/anaconda3/lib/python3.12/site-packages/airflow/example_dags/example_sensor_decorator.py took 0.232 seconds
[2025-03-03T19:53:25.500-0500] {processor.py:186} INFO - Started process (PID=95204) to work on /Users/kartikvadhawana/anaconda3/lib/python3.12/site-packages/airflow/example_dags/example_sensor_decorator.py
[2025-03-03T19:53:25.501-0500] {processor.py:914} INFO - Processing file /Users/kartikvadhawana/anaconda3/lib/python3.12/site-packages/airflow/example_dags/example_sensor_decorator.py for tasks to queue
[2025-03-03T19:53:25.502-0500] {logging_mixin.py:190} INFO - [2025-03-03T19:53:25.502-0500] {dagbag.py:588} INFO - Filling up the DagBag from /Users/kartikvadhawana/anaconda3/lib/python3.12/site-packages/airflow/example_dags/example_sensor_decorator.py
[2025-03-03T19:53:25.514-0500] {processor.py:925} INFO - DAG(s) 'example_sensor_decorator' retrieved from /Users/kartikvadhawana/anaconda3/lib/python3.12/site-packages/airflow/example_dags/example_sensor_decorator.py
[2025-03-03T19:53:25.609-0500] {logging_mixin.py:190} INFO - [2025-03-03T19:53:25.609-0500] {utils.py:160} INFO - NumExpr defaulting to 8 threads.
[2025-03-03T19:53:25.723-0500] {logging_mixin.py:190} INFO - [2025-03-03T19:53:25.723-0500] {dag.py:3239} INFO - Sync 1 DAGs
[2025-03-03T19:53:25.726-0500] {logging_mixin.py:190} INFO - [2025-03-03T19:53:25.726-0500] {dag.py:4180} INFO - Setting next_dagrun for example_sensor_decorator to None, run_after=None
[2025-03-03T19:53:25.732-0500] {processor.py:208} INFO - Processing /Users/kartikvadhawana/anaconda3/lib/python3.12/site-packages/airflow/example_dags/example_sensor_decorator.py took 0.233 seconds
[2025-03-03T19:56:09.477-0500] {processor.py:186} INFO - Started process (PID=95623) to work on /Users/kartikvadhawana/anaconda3/lib/python3.12/site-packages/airflow/example_dags/example_sensor_decorator.py
[2025-03-03T19:56:09.478-0500] {processor.py:914} INFO - Processing file /Users/kartikvadhawana/anaconda3/lib/python3.12/site-packages/airflow/example_dags/example_sensor_decorator.py for tasks to queue
[2025-03-03T19:56:09.479-0500] {logging_mixin.py:190} INFO - [2025-03-03T19:56:09.478-0500] {dagbag.py:588} INFO - Filling up the DagBag from /Users/kartikvadhawana/anaconda3/lib/python3.12/site-packages/airflow/example_dags/example_sensor_decorator.py
[2025-03-03T19:56:09.491-0500] {processor.py:925} INFO - DAG(s) 'example_sensor_decorator' retrieved from /Users/kartikvadhawana/anaconda3/lib/python3.12/site-packages/airflow/example_dags/example_sensor_decorator.py
[2025-03-03T19:56:09.586-0500] {logging_mixin.py:190} INFO - [2025-03-03T19:56:09.586-0500] {utils.py:160} INFO - NumExpr defaulting to 8 threads.
[2025-03-03T19:56:09.706-0500] {logging_mixin.py:190} INFO - [2025-03-03T19:56:09.706-0500] {dag.py:3239} INFO - Sync 1 DAGs
[2025-03-03T19:56:09.709-0500] {logging_mixin.py:190} INFO - [2025-03-03T19:56:09.709-0500] {dag.py:4180} INFO - Setting next_dagrun for example_sensor_decorator to None, run_after=None
[2025-03-03T19:56:09.715-0500] {processor.py:208} INFO - Processing /Users/kartikvadhawana/anaconda3/lib/python3.12/site-packages/airflow/example_dags/example_sensor_decorator.py took 0.239 seconds
[2025-03-03T19:58:52.513-0500] {processor.py:186} INFO - Started process (PID=95950) to work on /Users/kartikvadhawana/anaconda3/lib/python3.12/site-packages/airflow/example_dags/example_sensor_decorator.py
[2025-03-03T19:58:52.514-0500] {processor.py:914} INFO - Processing file /Users/kartikvadhawana/anaconda3/lib/python3.12/site-packages/airflow/example_dags/example_sensor_decorator.py for tasks to queue
[2025-03-03T19:58:52.514-0500] {logging_mixin.py:190} INFO - [2025-03-03T19:58:52.514-0500] {dagbag.py:588} INFO - Filling up the DagBag from /Users/kartikvadhawana/anaconda3/lib/python3.12/site-packages/airflow/example_dags/example_sensor_decorator.py
[2025-03-03T19:58:52.527-0500] {processor.py:925} INFO - DAG(s) 'example_sensor_decorator' retrieved from /Users/kartikvadhawana/anaconda3/lib/python3.12/site-packages/airflow/example_dags/example_sensor_decorator.py
[2025-03-03T19:58:52.622-0500] {logging_mixin.py:190} INFO - [2025-03-03T19:58:52.621-0500] {utils.py:160} INFO - NumExpr defaulting to 8 threads.
[2025-03-03T19:58:52.736-0500] {logging_mixin.py:190} INFO - [2025-03-03T19:58:52.736-0500] {dag.py:3239} INFO - Sync 1 DAGs
[2025-03-03T19:58:52.739-0500] {logging_mixin.py:190} INFO - [2025-03-03T19:58:52.739-0500] {dag.py:4180} INFO - Setting next_dagrun for example_sensor_decorator to None, run_after=None
[2025-03-03T19:58:52.745-0500] {processor.py:208} INFO - Processing /Users/kartikvadhawana/anaconda3/lib/python3.12/site-packages/airflow/example_dags/example_sensor_decorator.py took 0.233 seconds
