[2025-03-03T19:21:55.720-0500] {processor.py:186} INFO - Started process (PID=89949) to work on /Users/kartikvadhawana/anaconda3/lib/python3.12/site-packages/airflow/example_dags/example_branch_python_dop_operator_3.py
[2025-03-03T19:21:55.721-0500] {processor.py:914} INFO - Processing file /Users/kartikvadhawana/anaconda3/lib/python3.12/site-packages/airflow/example_dags/example_branch_python_dop_operator_3.py for tasks to queue
[2025-03-03T19:21:55.721-0500] {logging_mixin.py:190} INFO - [2025-03-03T19:21:55.721-0500] {dagbag.py:588} INFO - Filling up the DagBag from /Users/kartikvadhawana/anaconda3/lib/python3.12/site-packages/airflow/example_dags/example_branch_python_dop_operator_3.py
[2025-03-03T19:21:55.733-0500] {processor.py:925} INFO - DAG(s) 'example_branch_dop_operator_v3' retrieved from /Users/kartikvadhawana/anaconda3/lib/python3.12/site-packages/airflow/example_dags/example_branch_python_dop_operator_3.py
[2025-03-03T19:21:55.783-0500] {logging_mixin.py:190} INFO - [2025-03-03T19:21:55.783-0500] {override.py:1930} INFO - Created Permission View: can edit on DAG:example_branch_dop_operator_v3
[2025-03-03T19:21:55.786-0500] {logging_mixin.py:190} INFO - [2025-03-03T19:21:55.786-0500] {override.py:1930} INFO - Created Permission View: can delete on DAG:example_branch_dop_operator_v3
[2025-03-03T19:21:55.788-0500] {logging_mixin.py:190} INFO - [2025-03-03T19:21:55.787-0500] {override.py:1930} INFO - Created Permission View: can read on DAG:example_branch_dop_operator_v3
[2025-03-03T19:21:55.789-0500] {logging_mixin.py:190} INFO - [2025-03-03T19:21:55.789-0500] {override.py:1930} INFO - Created Permission View: menu access on DAG Run:example_branch_dop_operator_v3
[2025-03-03T19:21:55.791-0500] {logging_mixin.py:190} INFO - [2025-03-03T19:21:55.791-0500] {override.py:1930} INFO - Created Permission View: can create on DAG Run:example_branch_dop_operator_v3
[2025-03-03T19:21:55.792-0500] {logging_mixin.py:190} INFO - [2025-03-03T19:21:55.792-0500] {override.py:1930} INFO - Created Permission View: can delete on DAG Run:example_branch_dop_operator_v3
[2025-03-03T19:21:55.793-0500] {logging_mixin.py:190} INFO - [2025-03-03T19:21:55.793-0500] {override.py:1930} INFO - Created Permission View: can read on DAG Run:example_branch_dop_operator_v3
[2025-03-03T19:21:55.794-0500] {logging_mixin.py:190} INFO - [2025-03-03T19:21:55.794-0500] {dag.py:3239} INFO - Sync 1 DAGs
[2025-03-03T19:21:55.797-0500] {logging_mixin.py:190} INFO - [2025-03-03T19:21:55.797-0500] {dag.py:3262} INFO - Creating ORM DAG for example_branch_dop_operator_v3
[2025-03-03T19:21:55.800-0500] {logging_mixin.py:190} INFO - [2025-03-03T19:21:55.800-0500] {dag.py:4180} INFO - Setting next_dagrun for example_branch_dop_operator_v3 to 2025-03-04 00:20:00+00:00, run_after=2025-03-04 00:21:00+00:00
[2025-03-03T19:21:55.804-0500] {processor.py:208} INFO - Processing /Users/kartikvadhawana/anaconda3/lib/python3.12/site-packages/airflow/example_dags/example_branch_python_dop_operator_3.py took 0.085 seconds
[2025-03-03T19:24:33.529-0500] {processor.py:186} INFO - Started process (PID=90491) to work on /Users/kartikvadhawana/anaconda3/lib/python3.12/site-packages/airflow/example_dags/example_branch_python_dop_operator_3.py
[2025-03-03T19:24:33.529-0500] {processor.py:914} INFO - Processing file /Users/kartikvadhawana/anaconda3/lib/python3.12/site-packages/airflow/example_dags/example_branch_python_dop_operator_3.py for tasks to queue
[2025-03-03T19:24:33.530-0500] {logging_mixin.py:190} INFO - [2025-03-03T19:24:33.530-0500] {dagbag.py:588} INFO - Filling up the DagBag from /Users/kartikvadhawana/anaconda3/lib/python3.12/site-packages/airflow/example_dags/example_branch_python_dop_operator_3.py
[2025-03-03T19:24:33.543-0500] {processor.py:925} INFO - DAG(s) 'example_branch_dop_operator_v3' retrieved from /Users/kartikvadhawana/anaconda3/lib/python3.12/site-packages/airflow/example_dags/example_branch_python_dop_operator_3.py
[2025-03-03T19:24:33.568-0500] {logging_mixin.py:190} INFO - [2025-03-03T19:24:33.568-0500] {dag.py:3239} INFO - Sync 1 DAGs
[2025-03-03T19:24:33.574-0500] {logging_mixin.py:190} INFO - [2025-03-03T19:24:33.574-0500] {dag.py:4180} INFO - Setting next_dagrun for example_branch_dop_operator_v3 to 2025-03-04 00:23:00+00:00, run_after=2025-03-04 00:24:00+00:00
[2025-03-03T19:24:33.579-0500] {processor.py:208} INFO - Processing /Users/kartikvadhawana/anaconda3/lib/python3.12/site-packages/airflow/example_dags/example_branch_python_dop_operator_3.py took 0.051 seconds
[2025-03-03T19:28:53.870-0500] {processor.py:186} INFO - Started process (PID=91535) to work on /Users/kartikvadhawana/anaconda3/lib/python3.12/site-packages/airflow/example_dags/example_branch_python_dop_operator_3.py
[2025-03-03T19:28:53.871-0500] {processor.py:914} INFO - Processing file /Users/kartikvadhawana/anaconda3/lib/python3.12/site-packages/airflow/example_dags/example_branch_python_dop_operator_3.py for tasks to queue
[2025-03-03T19:28:53.872-0500] {logging_mixin.py:190} INFO - [2025-03-03T19:28:53.872-0500] {dagbag.py:588} INFO - Filling up the DagBag from /Users/kartikvadhawana/anaconda3/lib/python3.12/site-packages/airflow/example_dags/example_branch_python_dop_operator_3.py
[2025-03-03T19:28:53.884-0500] {processor.py:925} INFO - DAG(s) 'example_branch_dop_operator_v3' retrieved from /Users/kartikvadhawana/anaconda3/lib/python3.12/site-packages/airflow/example_dags/example_branch_python_dop_operator_3.py
[2025-03-03T19:28:53.910-0500] {logging_mixin.py:190} INFO - [2025-03-03T19:28:53.909-0500] {dag.py:3239} INFO - Sync 1 DAGs
[2025-03-03T19:28:53.916-0500] {logging_mixin.py:190} INFO - [2025-03-03T19:28:53.916-0500] {dag.py:4180} INFO - Setting next_dagrun for example_branch_dop_operator_v3 to 2025-03-04 00:27:00+00:00, run_after=2025-03-04 00:28:00+00:00
[2025-03-03T19:28:53.921-0500] {processor.py:208} INFO - Processing /Users/kartikvadhawana/anaconda3/lib/python3.12/site-packages/airflow/example_dags/example_branch_python_dop_operator_3.py took 0.052 seconds
[2025-03-03T19:33:11.048-0500] {processor.py:186} INFO - Started process (PID=92347) to work on /Users/kartikvadhawana/anaconda3/lib/python3.12/site-packages/airflow/example_dags/example_branch_python_dop_operator_3.py
[2025-03-03T19:33:11.049-0500] {processor.py:914} INFO - Processing file /Users/kartikvadhawana/anaconda3/lib/python3.12/site-packages/airflow/example_dags/example_branch_python_dop_operator_3.py for tasks to queue
[2025-03-03T19:33:11.050-0500] {logging_mixin.py:190} INFO - [2025-03-03T19:33:11.050-0500] {dagbag.py:588} INFO - Filling up the DagBag from /Users/kartikvadhawana/anaconda3/lib/python3.12/site-packages/airflow/example_dags/example_branch_python_dop_operator_3.py
[2025-03-03T19:33:11.063-0500] {processor.py:925} INFO - DAG(s) 'example_branch_dop_operator_v3' retrieved from /Users/kartikvadhawana/anaconda3/lib/python3.12/site-packages/airflow/example_dags/example_branch_python_dop_operator_3.py
[2025-03-03T19:33:11.089-0500] {logging_mixin.py:190} INFO - [2025-03-03T19:33:11.089-0500] {dag.py:3239} INFO - Sync 1 DAGs
[2025-03-03T19:33:11.095-0500] {logging_mixin.py:190} INFO - [2025-03-03T19:33:11.095-0500] {dag.py:4180} INFO - Setting next_dagrun for example_branch_dop_operator_v3 to 2025-03-04 00:32:00+00:00, run_after=2025-03-04 00:33:00+00:00
[2025-03-03T19:33:11.100-0500] {processor.py:208} INFO - Processing /Users/kartikvadhawana/anaconda3/lib/python3.12/site-packages/airflow/example_dags/example_branch_python_dop_operator_3.py took 0.053 seconds
[2025-03-03T19:35:48.565-0500] {processor.py:186} INFO - Started process (PID=92699) to work on /Users/kartikvadhawana/anaconda3/lib/python3.12/site-packages/airflow/example_dags/example_branch_python_dop_operator_3.py
[2025-03-03T19:35:48.566-0500] {processor.py:914} INFO - Processing file /Users/kartikvadhawana/anaconda3/lib/python3.12/site-packages/airflow/example_dags/example_branch_python_dop_operator_3.py for tasks to queue
[2025-03-03T19:35:48.567-0500] {logging_mixin.py:190} INFO - [2025-03-03T19:35:48.566-0500] {dagbag.py:588} INFO - Filling up the DagBag from /Users/kartikvadhawana/anaconda3/lib/python3.12/site-packages/airflow/example_dags/example_branch_python_dop_operator_3.py
[2025-03-03T19:35:48.580-0500] {processor.py:925} INFO - DAG(s) 'example_branch_dop_operator_v3' retrieved from /Users/kartikvadhawana/anaconda3/lib/python3.12/site-packages/airflow/example_dags/example_branch_python_dop_operator_3.py
[2025-03-03T19:35:48.605-0500] {logging_mixin.py:190} INFO - [2025-03-03T19:35:48.605-0500] {dag.py:3239} INFO - Sync 1 DAGs
[2025-03-03T19:35:48.611-0500] {logging_mixin.py:190} INFO - [2025-03-03T19:35:48.611-0500] {dag.py:4180} INFO - Setting next_dagrun for example_branch_dop_operator_v3 to 2025-03-04 00:34:00+00:00, run_after=2025-03-04 00:35:00+00:00
[2025-03-03T19:35:48.617-0500] {processor.py:208} INFO - Processing /Users/kartikvadhawana/anaconda3/lib/python3.12/site-packages/airflow/example_dags/example_branch_python_dop_operator_3.py took 0.053 seconds
[2025-03-03T19:38:32.077-0500] {processor.py:186} INFO - Started process (PID=93072) to work on /Users/kartikvadhawana/anaconda3/lib/python3.12/site-packages/airflow/example_dags/example_branch_python_dop_operator_3.py
[2025-03-03T19:38:32.079-0500] {processor.py:914} INFO - Processing file /Users/kartikvadhawana/anaconda3/lib/python3.12/site-packages/airflow/example_dags/example_branch_python_dop_operator_3.py for tasks to queue
[2025-03-03T19:38:32.079-0500] {logging_mixin.py:190} INFO - [2025-03-03T19:38:32.079-0500] {dagbag.py:588} INFO - Filling up the DagBag from /Users/kartikvadhawana/anaconda3/lib/python3.12/site-packages/airflow/example_dags/example_branch_python_dop_operator_3.py
[2025-03-03T19:38:32.092-0500] {processor.py:925} INFO - DAG(s) 'example_branch_dop_operator_v3' retrieved from /Users/kartikvadhawana/anaconda3/lib/python3.12/site-packages/airflow/example_dags/example_branch_python_dop_operator_3.py
[2025-03-03T19:38:32.118-0500] {logging_mixin.py:190} INFO - [2025-03-03T19:38:32.117-0500] {dag.py:3239} INFO - Sync 1 DAGs
[2025-03-03T19:38:32.123-0500] {logging_mixin.py:190} INFO - [2025-03-03T19:38:32.123-0500] {dag.py:4180} INFO - Setting next_dagrun for example_branch_dop_operator_v3 to 2025-03-04 00:37:00+00:00, run_after=2025-03-04 00:38:00+00:00
[2025-03-03T19:38:32.129-0500] {processor.py:208} INFO - Processing /Users/kartikvadhawana/anaconda3/lib/python3.12/site-packages/airflow/example_dags/example_branch_python_dop_operator_3.py took 0.053 seconds
[2025-03-03T19:41:11.034-0500] {processor.py:186} INFO - Started process (PID=93510) to work on /Users/kartikvadhawana/anaconda3/lib/python3.12/site-packages/airflow/example_dags/example_branch_python_dop_operator_3.py
[2025-03-03T19:41:11.035-0500] {processor.py:914} INFO - Processing file /Users/kartikvadhawana/anaconda3/lib/python3.12/site-packages/airflow/example_dags/example_branch_python_dop_operator_3.py for tasks to queue
[2025-03-03T19:41:11.036-0500] {logging_mixin.py:190} INFO - [2025-03-03T19:41:11.036-0500] {dagbag.py:588} INFO - Filling up the DagBag from /Users/kartikvadhawana/anaconda3/lib/python3.12/site-packages/airflow/example_dags/example_branch_python_dop_operator_3.py
[2025-03-03T19:41:11.050-0500] {processor.py:925} INFO - DAG(s) 'example_branch_dop_operator_v3' retrieved from /Users/kartikvadhawana/anaconda3/lib/python3.12/site-packages/airflow/example_dags/example_branch_python_dop_operator_3.py
[2025-03-03T19:41:11.076-0500] {logging_mixin.py:190} INFO - [2025-03-03T19:41:11.076-0500] {dag.py:3239} INFO - Sync 1 DAGs
[2025-03-03T19:41:11.082-0500] {logging_mixin.py:190} INFO - [2025-03-03T19:41:11.082-0500] {dag.py:4180} INFO - Setting next_dagrun for example_branch_dop_operator_v3 to 2025-03-04 00:40:00+00:00, run_after=2025-03-04 00:41:00+00:00
[2025-03-03T19:41:11.088-0500] {processor.py:208} INFO - Processing /Users/kartikvadhawana/anaconda3/lib/python3.12/site-packages/airflow/example_dags/example_branch_python_dop_operator_3.py took 0.055 seconds
[2025-03-03T19:43:07.831-0500] {processor.py:186} INFO - Started process (PID=93914) to work on /Users/kartikvadhawana/anaconda3/lib/python3.12/site-packages/airflow/example_dags/example_branch_python_dop_operator_3.py
[2025-03-03T19:43:07.831-0500] {processor.py:914} INFO - Processing file /Users/kartikvadhawana/anaconda3/lib/python3.12/site-packages/airflow/example_dags/example_branch_python_dop_operator_3.py for tasks to queue
[2025-03-03T19:43:07.832-0500] {logging_mixin.py:190} INFO - [2025-03-03T19:43:07.832-0500] {dagbag.py:588} INFO - Filling up the DagBag from /Users/kartikvadhawana/anaconda3/lib/python3.12/site-packages/airflow/example_dags/example_branch_python_dop_operator_3.py
[2025-03-03T19:43:07.845-0500] {processor.py:925} INFO - DAG(s) 'example_branch_dop_operator_v3' retrieved from /Users/kartikvadhawana/anaconda3/lib/python3.12/site-packages/airflow/example_dags/example_branch_python_dop_operator_3.py
[2025-03-03T19:43:07.870-0500] {logging_mixin.py:190} INFO - [2025-03-03T19:43:07.870-0500] {dag.py:3239} INFO - Sync 1 DAGs
[2025-03-03T19:43:07.876-0500] {logging_mixin.py:190} INFO - [2025-03-03T19:43:07.876-0500] {dag.py:4180} INFO - Setting next_dagrun for example_branch_dop_operator_v3 to 2025-03-04 00:42:00+00:00, run_after=2025-03-04 00:43:00+00:00
[2025-03-03T19:43:07.882-0500] {processor.py:208} INFO - Processing /Users/kartikvadhawana/anaconda3/lib/python3.12/site-packages/airflow/example_dags/example_branch_python_dop_operator_3.py took 0.052 seconds
[2025-03-03T19:49:35.171-0500] {processor.py:186} INFO - Started process (PID=94779) to work on /Users/kartikvadhawana/anaconda3/lib/python3.12/site-packages/airflow/example_dags/example_branch_python_dop_operator_3.py
[2025-03-03T19:49:35.172-0500] {processor.py:914} INFO - Processing file /Users/kartikvadhawana/anaconda3/lib/python3.12/site-packages/airflow/example_dags/example_branch_python_dop_operator_3.py for tasks to queue
[2025-03-03T19:49:35.172-0500] {logging_mixin.py:190} INFO - [2025-03-03T19:49:35.172-0500] {dagbag.py:588} INFO - Filling up the DagBag from /Users/kartikvadhawana/anaconda3/lib/python3.12/site-packages/airflow/example_dags/example_branch_python_dop_operator_3.py
[2025-03-03T19:49:35.186-0500] {processor.py:925} INFO - DAG(s) 'example_branch_dop_operator_v3' retrieved from /Users/kartikvadhawana/anaconda3/lib/python3.12/site-packages/airflow/example_dags/example_branch_python_dop_operator_3.py
[2025-03-03T19:49:35.213-0500] {logging_mixin.py:190} INFO - [2025-03-03T19:49:35.213-0500] {dag.py:3239} INFO - Sync 1 DAGs
[2025-03-03T19:49:35.219-0500] {logging_mixin.py:190} INFO - [2025-03-03T19:49:35.219-0500] {dag.py:4180} INFO - Setting next_dagrun for example_branch_dop_operator_v3 to 2025-03-04 00:48:00+00:00, run_after=2025-03-04 00:49:00+00:00
[2025-03-03T19:49:35.225-0500] {processor.py:208} INFO - Processing /Users/kartikvadhawana/anaconda3/lib/python3.12/site-packages/airflow/example_dags/example_branch_python_dop_operator_3.py took 0.055 seconds
[2025-03-03T19:52:13.799-0500] {processor.py:186} INFO - Started process (PID=94974) to work on /Users/kartikvadhawana/anaconda3/lib/python3.12/site-packages/airflow/example_dags/example_branch_python_dop_operator_3.py
[2025-03-03T19:52:13.799-0500] {processor.py:914} INFO - Processing file /Users/kartikvadhawana/anaconda3/lib/python3.12/site-packages/airflow/example_dags/example_branch_python_dop_operator_3.py for tasks to queue
[2025-03-03T19:52:13.799-0500] {logging_mixin.py:190} INFO - [2025-03-03T19:52:13.799-0500] {dagbag.py:588} INFO - Filling up the DagBag from /Users/kartikvadhawana/anaconda3/lib/python3.12/site-packages/airflow/example_dags/example_branch_python_dop_operator_3.py
[2025-03-03T19:52:13.811-0500] {processor.py:925} INFO - DAG(s) 'example_branch_dop_operator_v3' retrieved from /Users/kartikvadhawana/anaconda3/lib/python3.12/site-packages/airflow/example_dags/example_branch_python_dop_operator_3.py
[2025-03-03T19:52:13.837-0500] {logging_mixin.py:190} INFO - [2025-03-03T19:52:13.837-0500] {dag.py:3239} INFO - Sync 1 DAGs
[2025-03-03T19:52:13.842-0500] {logging_mixin.py:190} INFO - [2025-03-03T19:52:13.842-0500] {dag.py:4180} INFO - Setting next_dagrun for example_branch_dop_operator_v3 to 2025-03-04 00:51:00+00:00, run_after=2025-03-04 00:52:00+00:00
[2025-03-03T19:52:13.848-0500] {processor.py:208} INFO - Processing /Users/kartikvadhawana/anaconda3/lib/python3.12/site-packages/airflow/example_dags/example_branch_python_dop_operator_3.py took 0.051 seconds
[2025-03-03T19:54:59.498-0500] {processor.py:186} INFO - Started process (PID=95398) to work on /Users/kartikvadhawana/anaconda3/lib/python3.12/site-packages/airflow/example_dags/example_branch_python_dop_operator_3.py
[2025-03-03T19:54:59.499-0500] {processor.py:914} INFO - Processing file /Users/kartikvadhawana/anaconda3/lib/python3.12/site-packages/airflow/example_dags/example_branch_python_dop_operator_3.py for tasks to queue
[2025-03-03T19:54:59.499-0500] {logging_mixin.py:190} INFO - [2025-03-03T19:54:59.499-0500] {dagbag.py:588} INFO - Filling up the DagBag from /Users/kartikvadhawana/anaconda3/lib/python3.12/site-packages/airflow/example_dags/example_branch_python_dop_operator_3.py
[2025-03-03T19:54:59.513-0500] {processor.py:925} INFO - DAG(s) 'example_branch_dop_operator_v3' retrieved from /Users/kartikvadhawana/anaconda3/lib/python3.12/site-packages/airflow/example_dags/example_branch_python_dop_operator_3.py
[2025-03-03T19:54:59.540-0500] {logging_mixin.py:190} INFO - [2025-03-03T19:54:59.540-0500] {dag.py:3239} INFO - Sync 1 DAGs
[2025-03-03T19:54:59.546-0500] {logging_mixin.py:190} INFO - [2025-03-03T19:54:59.546-0500] {dag.py:4180} INFO - Setting next_dagrun for example_branch_dop_operator_v3 to 2025-03-04 00:53:00+00:00, run_after=2025-03-04 00:54:00+00:00
[2025-03-03T19:54:59.551-0500] {processor.py:208} INFO - Processing /Users/kartikvadhawana/anaconda3/lib/python3.12/site-packages/airflow/example_dags/example_branch_python_dop_operator_3.py took 0.054 seconds
[2025-03-03T19:57:44.087-0500] {processor.py:186} INFO - Started process (PID=95828) to work on /Users/kartikvadhawana/anaconda3/lib/python3.12/site-packages/airflow/example_dags/example_branch_python_dop_operator_3.py
[2025-03-03T19:57:44.089-0500] {processor.py:914} INFO - Processing file /Users/kartikvadhawana/anaconda3/lib/python3.12/site-packages/airflow/example_dags/example_branch_python_dop_operator_3.py for tasks to queue
[2025-03-03T19:57:44.089-0500] {logging_mixin.py:190} INFO - [2025-03-03T19:57:44.089-0500] {dagbag.py:588} INFO - Filling up the DagBag from /Users/kartikvadhawana/anaconda3/lib/python3.12/site-packages/airflow/example_dags/example_branch_python_dop_operator_3.py
[2025-03-03T19:57:44.102-0500] {processor.py:925} INFO - DAG(s) 'example_branch_dop_operator_v3' retrieved from /Users/kartikvadhawana/anaconda3/lib/python3.12/site-packages/airflow/example_dags/example_branch_python_dop_operator_3.py
[2025-03-03T19:57:44.129-0500] {logging_mixin.py:190} INFO - [2025-03-03T19:57:44.129-0500] {dag.py:3239} INFO - Sync 1 DAGs
[2025-03-03T19:57:44.135-0500] {logging_mixin.py:190} INFO - [2025-03-03T19:57:44.135-0500] {dag.py:4180} INFO - Setting next_dagrun for example_branch_dop_operator_v3 to 2025-03-04 00:56:00+00:00, run_after=2025-03-04 00:57:00+00:00
[2025-03-03T19:57:44.141-0500] {processor.py:208} INFO - Processing /Users/kartikvadhawana/anaconda3/lib/python3.12/site-packages/airflow/example_dags/example_branch_python_dop_operator_3.py took 0.054 seconds
[2025-03-03T20:00:26.564-0500] {processor.py:186} INFO - Started process (PID=96067) to work on /Users/kartikvadhawana/anaconda3/lib/python3.12/site-packages/airflow/example_dags/example_branch_python_dop_operator_3.py
[2025-03-03T20:00:26.565-0500] {processor.py:914} INFO - Processing file /Users/kartikvadhawana/anaconda3/lib/python3.12/site-packages/airflow/example_dags/example_branch_python_dop_operator_3.py for tasks to queue
[2025-03-03T20:00:26.566-0500] {logging_mixin.py:190} INFO - [2025-03-03T20:00:26.566-0500] {dagbag.py:588} INFO - Filling up the DagBag from /Users/kartikvadhawana/anaconda3/lib/python3.12/site-packages/airflow/example_dags/example_branch_python_dop_operator_3.py
[2025-03-03T20:00:26.578-0500] {processor.py:925} INFO - DAG(s) 'example_branch_dop_operator_v3' retrieved from /Users/kartikvadhawana/anaconda3/lib/python3.12/site-packages/airflow/example_dags/example_branch_python_dop_operator_3.py
[2025-03-03T20:00:26.603-0500] {logging_mixin.py:190} INFO - [2025-03-03T20:00:26.603-0500] {dag.py:3239} INFO - Sync 1 DAGs
[2025-03-03T20:00:26.609-0500] {logging_mixin.py:190} INFO - [2025-03-03T20:00:26.609-0500] {dag.py:4180} INFO - Setting next_dagrun for example_branch_dop_operator_v3 to 2025-03-04 00:59:00+00:00, run_after=2025-03-04 01:00:00+00:00
[2025-03-03T20:00:26.615-0500] {processor.py:208} INFO - Processing /Users/kartikvadhawana/anaconda3/lib/python3.12/site-packages/airflow/example_dags/example_branch_python_dop_operator_3.py took 0.052 seconds
