[2025-03-03T19:21:25.768-0500] {processor.py:186} INFO - Started process (PID=89825) to work on /Users/kartikvadhawana/anaconda3/lib/python3.12/site-packages/airflow/example_dags/example_outlet_event_extra.py
[2025-03-03T19:21:25.768-0500] {processor.py:914} INFO - Processing file /Users/kartikvadhawana/anaconda3/lib/python3.12/site-packages/airflow/example_dags/example_outlet_event_extra.py for tasks to queue
[2025-03-03T19:21:25.769-0500] {logging_mixin.py:190} INFO - [2025-03-03T19:21:25.769-0500] {dagbag.py:588} INFO - Filling up the DagBag from /Users/kartikvadhawana/anaconda3/lib/python3.12/site-packages/airflow/example_dags/example_outlet_event_extra.py
[2025-03-03T19:21:25.802-0500] {processor.py:925} INFO - DAG(s) 'dataset_with_extra_by_yield', 'dataset_with_extra_from_classic_operator', 'dataset_with_extra_by_context' retrieved from /Users/kartikvadhawana/anaconda3/lib/python3.12/site-packages/airflow/example_dags/example_outlet_event_extra.py
[2025-03-03T19:21:25.852-0500] {logging_mixin.py:190} INFO - [2025-03-03T19:21:25.852-0500] {override.py:1930} INFO - Created Permission View: can delete on DAG:dataset_with_extra_by_yield
[2025-03-03T19:21:25.854-0500] {logging_mixin.py:190} INFO - [2025-03-03T19:21:25.854-0500] {override.py:1930} INFO - Created Permission View: can read on DAG:dataset_with_extra_by_yield
[2025-03-03T19:21:25.856-0500] {logging_mixin.py:190} INFO - [2025-03-03T19:21:25.856-0500] {override.py:1930} INFO - Created Permission View: can edit on DAG:dataset_with_extra_by_yield
[2025-03-03T19:21:25.858-0500] {logging_mixin.py:190} INFO - [2025-03-03T19:21:25.858-0500] {override.py:1930} INFO - Created Permission View: can delete on DAG Run:dataset_with_extra_by_yield
[2025-03-03T19:21:25.859-0500] {logging_mixin.py:190} INFO - [2025-03-03T19:21:25.859-0500] {override.py:1930} INFO - Created Permission View: can read on DAG Run:dataset_with_extra_by_yield
[2025-03-03T19:21:25.861-0500] {logging_mixin.py:190} INFO - [2025-03-03T19:21:25.861-0500] {override.py:1930} INFO - Created Permission View: menu access on DAG Run:dataset_with_extra_by_yield
[2025-03-03T19:21:25.862-0500] {logging_mixin.py:190} INFO - [2025-03-03T19:21:25.862-0500] {override.py:1930} INFO - Created Permission View: can create on DAG Run:dataset_with_extra_by_yield
[2025-03-03T19:21:25.866-0500] {logging_mixin.py:190} INFO - [2025-03-03T19:21:25.866-0500] {override.py:1930} INFO - Created Permission View: can delete on DAG:dataset_with_extra_from_classic_operator
[2025-03-03T19:21:25.867-0500] {logging_mixin.py:190} INFO - [2025-03-03T19:21:25.867-0500] {override.py:1930} INFO - Created Permission View: can read on DAG:dataset_with_extra_from_classic_operator
[2025-03-03T19:21:25.869-0500] {logging_mixin.py:190} INFO - [2025-03-03T19:21:25.868-0500] {override.py:1930} INFO - Created Permission View: can edit on DAG:dataset_with_extra_from_classic_operator
[2025-03-03T19:21:25.870-0500] {logging_mixin.py:190} INFO - [2025-03-03T19:21:25.870-0500] {override.py:1930} INFO - Created Permission View: can delete on DAG Run:dataset_with_extra_from_classic_operator
[2025-03-03T19:21:25.872-0500] {logging_mixin.py:190} INFO - [2025-03-03T19:21:25.872-0500] {override.py:1930} INFO - Created Permission View: can read on DAG Run:dataset_with_extra_from_classic_operator
[2025-03-03T19:21:25.873-0500] {logging_mixin.py:190} INFO - [2025-03-03T19:21:25.873-0500] {override.py:1930} INFO - Created Permission View: menu access on DAG Run:dataset_with_extra_from_classic_operator
[2025-03-03T19:21:25.874-0500] {logging_mixin.py:190} INFO - [2025-03-03T19:21:25.874-0500] {override.py:1930} INFO - Created Permission View: can create on DAG Run:dataset_with_extra_from_classic_operator
[2025-03-03T19:21:25.877-0500] {logging_mixin.py:190} INFO - [2025-03-03T19:21:25.877-0500] {override.py:1930} INFO - Created Permission View: can delete on DAG:dataset_with_extra_by_context
[2025-03-03T19:21:25.879-0500] {logging_mixin.py:190} INFO - [2025-03-03T19:21:25.879-0500] {override.py:1930} INFO - Created Permission View: can read on DAG:dataset_with_extra_by_context
[2025-03-03T19:21:25.880-0500] {logging_mixin.py:190} INFO - [2025-03-03T19:21:25.880-0500] {override.py:1930} INFO - Created Permission View: can edit on DAG:dataset_with_extra_by_context
[2025-03-03T19:21:25.882-0500] {logging_mixin.py:190} INFO - [2025-03-03T19:21:25.882-0500] {override.py:1930} INFO - Created Permission View: can delete on DAG Run:dataset_with_extra_by_context
[2025-03-03T19:21:25.884-0500] {logging_mixin.py:190} INFO - [2025-03-03T19:21:25.884-0500] {override.py:1930} INFO - Created Permission View: can read on DAG Run:dataset_with_extra_by_context
[2025-03-03T19:21:25.885-0500] {logging_mixin.py:190} INFO - [2025-03-03T19:21:25.885-0500] {override.py:1930} INFO - Created Permission View: menu access on DAG Run:dataset_with_extra_by_context
[2025-03-03T19:21:25.887-0500] {logging_mixin.py:190} INFO - [2025-03-03T19:21:25.887-0500] {override.py:1930} INFO - Created Permission View: can create on DAG Run:dataset_with_extra_by_context
[2025-03-03T19:21:25.887-0500] {logging_mixin.py:190} INFO - [2025-03-03T19:21:25.887-0500] {dag.py:3239} INFO - Sync 3 DAGs
[2025-03-03T19:21:25.890-0500] {logging_mixin.py:190} INFO - [2025-03-03T19:21:25.890-0500] {dag.py:3262} INFO - Creating ORM DAG for dataset_with_extra_from_classic_operator
[2025-03-03T19:21:25.890-0500] {logging_mixin.py:190} INFO - [2025-03-03T19:21:25.890-0500] {dag.py:3262} INFO - Creating ORM DAG for dataset_with_extra_by_yield
[2025-03-03T19:21:25.890-0500] {logging_mixin.py:190} INFO - [2025-03-03T19:21:25.890-0500] {dag.py:3262} INFO - Creating ORM DAG for dataset_with_extra_by_context
[2025-03-03T19:21:25.893-0500] {logging_mixin.py:190} INFO - [2025-03-03T19:21:25.893-0500] {dag.py:4180} INFO - Setting next_dagrun for dataset_with_extra_by_context to 2025-03-03 00:00:00+00:00, run_after=2025-03-04 00:00:00+00:00
[2025-03-03T19:21:25.893-0500] {logging_mixin.py:190} INFO - [2025-03-03T19:21:25.893-0500] {dag.py:4180} INFO - Setting next_dagrun for dataset_with_extra_by_yield to 2025-03-03 00:00:00+00:00, run_after=2025-03-04 00:00:00+00:00
[2025-03-03T19:21:25.894-0500] {logging_mixin.py:190} INFO - [2025-03-03T19:21:25.894-0500] {dag.py:4180} INFO - Setting next_dagrun for dataset_with_extra_from_classic_operator to 2025-03-03 00:00:00+00:00, run_after=2025-03-04 00:00:00+00:00
[2025-03-03T19:21:25.972-0500] {logging_mixin.py:190} INFO - [2025-03-03T19:21:25.972-0500] {utils.py:160} INFO - NumExpr defaulting to 8 threads.
[2025-03-03T19:21:26.080-0500] {processor.py:208} INFO - Processing /Users/kartikvadhawana/anaconda3/lib/python3.12/site-packages/airflow/example_dags/example_outlet_event_extra.py took 0.313 seconds
[2025-03-03T19:23:13.402-0500] {processor.py:186} INFO - Started process (PID=90186) to work on /Users/kartikvadhawana/anaconda3/lib/python3.12/site-packages/airflow/example_dags/example_outlet_event_extra.py
[2025-03-03T19:23:13.403-0500] {processor.py:914} INFO - Processing file /Users/kartikvadhawana/anaconda3/lib/python3.12/site-packages/airflow/example_dags/example_outlet_event_extra.py for tasks to queue
[2025-03-03T19:23:13.403-0500] {logging_mixin.py:190} INFO - [2025-03-03T19:23:13.403-0500] {dagbag.py:588} INFO - Filling up the DagBag from /Users/kartikvadhawana/anaconda3/lib/python3.12/site-packages/airflow/example_dags/example_outlet_event_extra.py
[2025-03-03T19:23:13.443-0500] {processor.py:925} INFO - DAG(s) 'dataset_with_extra_by_yield', 'dataset_with_extra_by_context', 'dataset_with_extra_from_classic_operator' retrieved from /Users/kartikvadhawana/anaconda3/lib/python3.12/site-packages/airflow/example_dags/example_outlet_event_extra.py
[2025-03-03T19:23:13.469-0500] {logging_mixin.py:190} INFO - [2025-03-03T19:23:13.469-0500] {dag.py:3239} INFO - Sync 3 DAGs
[2025-03-03T19:23:13.474-0500] {logging_mixin.py:190} INFO - [2025-03-03T19:23:13.474-0500] {dag.py:4180} INFO - Setting next_dagrun for dataset_with_extra_by_context to 2025-03-03 00:00:00+00:00, run_after=2025-03-04 00:00:00+00:00
[2025-03-03T19:23:13.475-0500] {logging_mixin.py:190} INFO - [2025-03-03T19:23:13.475-0500] {dag.py:4180} INFO - Setting next_dagrun for dataset_with_extra_by_yield to 2025-03-03 00:00:00+00:00, run_after=2025-03-04 00:00:00+00:00
[2025-03-03T19:23:13.476-0500] {logging_mixin.py:190} INFO - [2025-03-03T19:23:13.476-0500] {dag.py:4180} INFO - Setting next_dagrun for dataset_with_extra_from_classic_operator to 2025-03-03 00:00:00+00:00, run_after=2025-03-04 00:00:00+00:00
[2025-03-03T19:23:13.481-0500] {processor.py:208} INFO - Processing /Users/kartikvadhawana/anaconda3/lib/python3.12/site-packages/airflow/example_dags/example_outlet_event_extra.py took 0.080 seconds
[2025-03-03T19:26:01.728-0500] {processor.py:186} INFO - Started process (PID=90853) to work on /Users/kartikvadhawana/anaconda3/lib/python3.12/site-packages/airflow/example_dags/example_outlet_event_extra.py
[2025-03-03T19:26:01.729-0500] {processor.py:914} INFO - Processing file /Users/kartikvadhawana/anaconda3/lib/python3.12/site-packages/airflow/example_dags/example_outlet_event_extra.py for tasks to queue
[2025-03-03T19:26:01.730-0500] {logging_mixin.py:190} INFO - [2025-03-03T19:26:01.730-0500] {dagbag.py:588} INFO - Filling up the DagBag from /Users/kartikvadhawana/anaconda3/lib/python3.12/site-packages/airflow/example_dags/example_outlet_event_extra.py
[2025-03-03T19:26:01.762-0500] {processor.py:925} INFO - DAG(s) 'dataset_with_extra_from_classic_operator', 'dataset_with_extra_by_context', 'dataset_with_extra_by_yield' retrieved from /Users/kartikvadhawana/anaconda3/lib/python3.12/site-packages/airflow/example_dags/example_outlet_event_extra.py
[2025-03-03T19:26:01.789-0500] {logging_mixin.py:190} INFO - [2025-03-03T19:26:01.789-0500] {dag.py:3239} INFO - Sync 3 DAGs
[2025-03-03T19:26:01.794-0500] {logging_mixin.py:190} INFO - [2025-03-03T19:26:01.794-0500] {dag.py:4180} INFO - Setting next_dagrun for dataset_with_extra_by_context to 2025-03-03 00:00:00+00:00, run_after=2025-03-04 00:00:00+00:00
[2025-03-03T19:26:01.795-0500] {logging_mixin.py:190} INFO - [2025-03-03T19:26:01.795-0500] {dag.py:4180} INFO - Setting next_dagrun for dataset_with_extra_by_yield to 2025-03-03 00:00:00+00:00, run_after=2025-03-04 00:00:00+00:00
[2025-03-03T19:26:01.796-0500] {logging_mixin.py:190} INFO - [2025-03-03T19:26:01.796-0500] {dag.py:4180} INFO - Setting next_dagrun for dataset_with_extra_from_classic_operator to 2025-03-03 00:00:00+00:00, run_after=2025-03-04 00:00:00+00:00
[2025-03-03T19:26:01.801-0500] {processor.py:208} INFO - Processing /Users/kartikvadhawana/anaconda3/lib/python3.12/site-packages/airflow/example_dags/example_outlet_event_extra.py took 0.075 seconds
[2025-03-03T19:28:23.933-0500] {processor.py:186} INFO - Started process (PID=91415) to work on /Users/kartikvadhawana/anaconda3/lib/python3.12/site-packages/airflow/example_dags/example_outlet_event_extra.py
[2025-03-03T19:28:23.934-0500] {processor.py:914} INFO - Processing file /Users/kartikvadhawana/anaconda3/lib/python3.12/site-packages/airflow/example_dags/example_outlet_event_extra.py for tasks to queue
[2025-03-03T19:28:23.934-0500] {logging_mixin.py:190} INFO - [2025-03-03T19:28:23.934-0500] {dagbag.py:588} INFO - Filling up the DagBag from /Users/kartikvadhawana/anaconda3/lib/python3.12/site-packages/airflow/example_dags/example_outlet_event_extra.py
[2025-03-03T19:28:23.983-0500] {processor.py:925} INFO - DAG(s) 'dataset_with_extra_by_yield', 'dataset_with_extra_by_context', 'dataset_with_extra_from_classic_operator' retrieved from /Users/kartikvadhawana/anaconda3/lib/python3.12/site-packages/airflow/example_dags/example_outlet_event_extra.py
[2025-03-03T19:28:24.011-0500] {logging_mixin.py:190} INFO - [2025-03-03T19:28:24.011-0500] {dag.py:3239} INFO - Sync 3 DAGs
[2025-03-03T19:28:24.018-0500] {logging_mixin.py:190} INFO - [2025-03-03T19:28:24.017-0500] {dag.py:4180} INFO - Setting next_dagrun for dataset_with_extra_by_context to 2025-03-03 00:00:00+00:00, run_after=2025-03-04 00:00:00+00:00
[2025-03-03T19:28:24.019-0500] {logging_mixin.py:190} INFO - [2025-03-03T19:28:24.019-0500] {dag.py:4180} INFO - Setting next_dagrun for dataset_with_extra_by_yield to 2025-03-03 00:00:00+00:00, run_after=2025-03-04 00:00:00+00:00
[2025-03-03T19:28:24.019-0500] {logging_mixin.py:190} INFO - [2025-03-03T19:28:24.019-0500] {dag.py:4180} INFO - Setting next_dagrun for dataset_with_extra_from_classic_operator to 2025-03-03 00:00:00+00:00, run_after=2025-03-04 00:00:00+00:00
[2025-03-03T19:28:24.025-0500] {processor.py:208} INFO - Processing /Users/kartikvadhawana/anaconda3/lib/python3.12/site-packages/airflow/example_dags/example_outlet_event_extra.py took 0.094 seconds
[2025-03-03T19:30:12.182-0500] {processor.py:186} INFO - Started process (PID=91762) to work on /Users/kartikvadhawana/anaconda3/lib/python3.12/site-packages/airflow/example_dags/example_outlet_event_extra.py
[2025-03-03T19:30:12.184-0500] {processor.py:914} INFO - Processing file /Users/kartikvadhawana/anaconda3/lib/python3.12/site-packages/airflow/example_dags/example_outlet_event_extra.py for tasks to queue
[2025-03-03T19:30:12.184-0500] {logging_mixin.py:190} INFO - [2025-03-03T19:30:12.184-0500] {dagbag.py:588} INFO - Filling up the DagBag from /Users/kartikvadhawana/anaconda3/lib/python3.12/site-packages/airflow/example_dags/example_outlet_event_extra.py
[2025-03-03T19:30:12.223-0500] {processor.py:925} INFO - DAG(s) 'dataset_with_extra_by_context', 'dataset_with_extra_from_classic_operator', 'dataset_with_extra_by_yield' retrieved from /Users/kartikvadhawana/anaconda3/lib/python3.12/site-packages/airflow/example_dags/example_outlet_event_extra.py
[2025-03-03T19:30:12.249-0500] {logging_mixin.py:190} INFO - [2025-03-03T19:30:12.249-0500] {dag.py:3239} INFO - Sync 3 DAGs
[2025-03-03T19:30:12.255-0500] {logging_mixin.py:190} INFO - [2025-03-03T19:30:12.255-0500] {dag.py:4180} INFO - Setting next_dagrun for dataset_with_extra_by_context to 2025-03-03 00:00:00+00:00, run_after=2025-03-04 00:00:00+00:00
[2025-03-03T19:30:12.256-0500] {logging_mixin.py:190} INFO - [2025-03-03T19:30:12.256-0500] {dag.py:4180} INFO - Setting next_dagrun for dataset_with_extra_by_yield to 2025-03-03 00:00:00+00:00, run_after=2025-03-04 00:00:00+00:00
[2025-03-03T19:30:12.256-0500] {logging_mixin.py:190} INFO - [2025-03-03T19:30:12.256-0500] {dag.py:4180} INFO - Setting next_dagrun for dataset_with_extra_from_classic_operator to 2025-03-03 00:00:00+00:00, run_after=2025-03-04 00:00:00+00:00
[2025-03-03T19:30:12.262-0500] {processor.py:208} INFO - Processing /Users/kartikvadhawana/anaconda3/lib/python3.12/site-packages/airflow/example_dags/example_outlet_event_extra.py took 0.080 seconds
[2025-03-03T19:32:42.145-0500] {processor.py:186} INFO - Started process (PID=92278) to work on /Users/kartikvadhawana/anaconda3/lib/python3.12/site-packages/airflow/example_dags/example_outlet_event_extra.py
[2025-03-03T19:32:42.145-0500] {processor.py:914} INFO - Processing file /Users/kartikvadhawana/anaconda3/lib/python3.12/site-packages/airflow/example_dags/example_outlet_event_extra.py for tasks to queue
[2025-03-03T19:32:42.146-0500] {logging_mixin.py:190} INFO - [2025-03-03T19:32:42.146-0500] {dagbag.py:588} INFO - Filling up the DagBag from /Users/kartikvadhawana/anaconda3/lib/python3.12/site-packages/airflow/example_dags/example_outlet_event_extra.py
[2025-03-03T19:32:42.191-0500] {processor.py:925} INFO - DAG(s) 'dataset_with_extra_by_yield', 'dataset_with_extra_from_classic_operator', 'dataset_with_extra_by_context' retrieved from /Users/kartikvadhawana/anaconda3/lib/python3.12/site-packages/airflow/example_dags/example_outlet_event_extra.py
[2025-03-03T19:32:42.218-0500] {logging_mixin.py:190} INFO - [2025-03-03T19:32:42.218-0500] {dag.py:3239} INFO - Sync 3 DAGs
[2025-03-03T19:32:42.224-0500] {logging_mixin.py:190} INFO - [2025-03-03T19:32:42.224-0500] {dag.py:4180} INFO - Setting next_dagrun for dataset_with_extra_by_context to 2025-03-03 00:00:00+00:00, run_after=2025-03-04 00:00:00+00:00
[2025-03-03T19:32:42.225-0500] {logging_mixin.py:190} INFO - [2025-03-03T19:32:42.225-0500] {dag.py:4180} INFO - Setting next_dagrun for dataset_with_extra_by_yield to 2025-03-03 00:00:00+00:00, run_after=2025-03-04 00:00:00+00:00
[2025-03-03T19:32:42.225-0500] {logging_mixin.py:190} INFO - [2025-03-03T19:32:42.225-0500] {dag.py:4180} INFO - Setting next_dagrun for dataset_with_extra_from_classic_operator to 2025-03-03 00:00:00+00:00, run_after=2025-03-04 00:00:00+00:00
[2025-03-03T19:32:42.231-0500] {processor.py:208} INFO - Processing /Users/kartikvadhawana/anaconda3/lib/python3.12/site-packages/airflow/example_dags/example_outlet_event_extra.py took 0.088 seconds
[2025-03-03T19:34:32.944-0500] {processor.py:186} INFO - Started process (PID=92527) to work on /Users/kartikvadhawana/anaconda3/lib/python3.12/site-packages/airflow/example_dags/example_outlet_event_extra.py
[2025-03-03T19:34:32.945-0500] {processor.py:914} INFO - Processing file /Users/kartikvadhawana/anaconda3/lib/python3.12/site-packages/airflow/example_dags/example_outlet_event_extra.py for tasks to queue
[2025-03-03T19:34:32.946-0500] {logging_mixin.py:190} INFO - [2025-03-03T19:34:32.945-0500] {dagbag.py:588} INFO - Filling up the DagBag from /Users/kartikvadhawana/anaconda3/lib/python3.12/site-packages/airflow/example_dags/example_outlet_event_extra.py
[2025-03-03T19:34:32.985-0500] {processor.py:925} INFO - DAG(s) 'dataset_with_extra_by_yield', 'dataset_with_extra_by_context', 'dataset_with_extra_from_classic_operator' retrieved from /Users/kartikvadhawana/anaconda3/lib/python3.12/site-packages/airflow/example_dags/example_outlet_event_extra.py
[2025-03-03T19:34:33.012-0500] {logging_mixin.py:190} INFO - [2025-03-03T19:34:33.012-0500] {dag.py:3239} INFO - Sync 3 DAGs
[2025-03-03T19:34:33.018-0500] {logging_mixin.py:190} INFO - [2025-03-03T19:34:33.018-0500] {dag.py:4180} INFO - Setting next_dagrun for dataset_with_extra_by_context to 2025-03-03 00:00:00+00:00, run_after=2025-03-04 00:00:00+00:00
[2025-03-03T19:34:33.019-0500] {logging_mixin.py:190} INFO - [2025-03-03T19:34:33.019-0500] {dag.py:4180} INFO - Setting next_dagrun for dataset_with_extra_by_yield to 2025-03-03 00:00:00+00:00, run_after=2025-03-04 00:00:00+00:00
[2025-03-03T19:34:33.019-0500] {logging_mixin.py:190} INFO - [2025-03-03T19:34:33.019-0500] {dag.py:4180} INFO - Setting next_dagrun for dataset_with_extra_from_classic_operator to 2025-03-03 00:00:00+00:00, run_after=2025-03-04 00:00:00+00:00
[2025-03-03T19:34:33.025-0500] {processor.py:208} INFO - Processing /Users/kartikvadhawana/anaconda3/lib/python3.12/site-packages/airflow/example_dags/example_outlet_event_extra.py took 0.082 seconds
[2025-03-03T19:37:09.247-0500] {processor.py:186} INFO - Started process (PID=92881) to work on /Users/kartikvadhawana/anaconda3/lib/python3.12/site-packages/airflow/example_dags/example_outlet_event_extra.py
[2025-03-03T19:37:09.248-0500] {processor.py:914} INFO - Processing file /Users/kartikvadhawana/anaconda3/lib/python3.12/site-packages/airflow/example_dags/example_outlet_event_extra.py for tasks to queue
[2025-03-03T19:37:09.249-0500] {logging_mixin.py:190} INFO - [2025-03-03T19:37:09.249-0500] {dagbag.py:588} INFO - Filling up the DagBag from /Users/kartikvadhawana/anaconda3/lib/python3.12/site-packages/airflow/example_dags/example_outlet_event_extra.py
[2025-03-03T19:37:09.288-0500] {processor.py:925} INFO - DAG(s) 'dataset_with_extra_by_yield', 'dataset_with_extra_by_context', 'dataset_with_extra_from_classic_operator' retrieved from /Users/kartikvadhawana/anaconda3/lib/python3.12/site-packages/airflow/example_dags/example_outlet_event_extra.py
[2025-03-03T19:37:09.315-0500] {logging_mixin.py:190} INFO - [2025-03-03T19:37:09.315-0500] {dag.py:3239} INFO - Sync 3 DAGs
[2025-03-03T19:37:09.320-0500] {logging_mixin.py:190} INFO - [2025-03-03T19:37:09.320-0500] {dag.py:4180} INFO - Setting next_dagrun for dataset_with_extra_by_context to 2025-03-03 00:00:00+00:00, run_after=2025-03-04 00:00:00+00:00
[2025-03-03T19:37:09.322-0500] {logging_mixin.py:190} INFO - [2025-03-03T19:37:09.322-0500] {dag.py:4180} INFO - Setting next_dagrun for dataset_with_extra_by_yield to 2025-03-03 00:00:00+00:00, run_after=2025-03-04 00:00:00+00:00
[2025-03-03T19:37:09.322-0500] {logging_mixin.py:190} INFO - [2025-03-03T19:37:09.322-0500] {dag.py:4180} INFO - Setting next_dagrun for dataset_with_extra_from_classic_operator to 2025-03-03 00:00:00+00:00, run_after=2025-03-04 00:00:00+00:00
[2025-03-03T19:37:09.328-0500] {processor.py:208} INFO - Processing /Users/kartikvadhawana/anaconda3/lib/python3.12/site-packages/airflow/example_dags/example_outlet_event_extra.py took 0.082 seconds
[2025-03-03T19:39:51.622-0500] {processor.py:186} INFO - Started process (PID=93251) to work on /Users/kartikvadhawana/anaconda3/lib/python3.12/site-packages/airflow/example_dags/example_outlet_event_extra.py
[2025-03-03T19:39:51.623-0500] {processor.py:914} INFO - Processing file /Users/kartikvadhawana/anaconda3/lib/python3.12/site-packages/airflow/example_dags/example_outlet_event_extra.py for tasks to queue
[2025-03-03T19:39:51.624-0500] {logging_mixin.py:190} INFO - [2025-03-03T19:39:51.624-0500] {dagbag.py:588} INFO - Filling up the DagBag from /Users/kartikvadhawana/anaconda3/lib/python3.12/site-packages/airflow/example_dags/example_outlet_event_extra.py
[2025-03-03T19:39:51.663-0500] {processor.py:925} INFO - DAG(s) 'dataset_with_extra_by_yield', 'dataset_with_extra_from_classic_operator', 'dataset_with_extra_by_context' retrieved from /Users/kartikvadhawana/anaconda3/lib/python3.12/site-packages/airflow/example_dags/example_outlet_event_extra.py
[2025-03-03T19:39:51.690-0500] {logging_mixin.py:190} INFO - [2025-03-03T19:39:51.690-0500] {dag.py:3239} INFO - Sync 3 DAGs
[2025-03-03T19:39:51.695-0500] {logging_mixin.py:190} INFO - [2025-03-03T19:39:51.695-0500] {dag.py:4180} INFO - Setting next_dagrun for dataset_with_extra_by_context to 2025-03-03 00:00:00+00:00, run_after=2025-03-04 00:00:00+00:00
[2025-03-03T19:39:51.697-0500] {logging_mixin.py:190} INFO - [2025-03-03T19:39:51.697-0500] {dag.py:4180} INFO - Setting next_dagrun for dataset_with_extra_by_yield to 2025-03-03 00:00:00+00:00, run_after=2025-03-04 00:00:00+00:00
[2025-03-03T19:39:51.697-0500] {logging_mixin.py:190} INFO - [2025-03-03T19:39:51.697-0500] {dag.py:4180} INFO - Setting next_dagrun for dataset_with_extra_from_classic_operator to 2025-03-03 00:00:00+00:00, run_after=2025-03-04 00:00:00+00:00
[2025-03-03T19:39:51.703-0500] {processor.py:208} INFO - Processing /Users/kartikvadhawana/anaconda3/lib/python3.12/site-packages/airflow/example_dags/example_outlet_event_extra.py took 0.082 seconds
[2025-03-03T19:42:37.889-0500] {processor.py:186} INFO - Started process (PID=93868) to work on /Users/kartikvadhawana/anaconda3/lib/python3.12/site-packages/airflow/example_dags/example_outlet_event_extra.py
[2025-03-03T19:42:37.890-0500] {processor.py:914} INFO - Processing file /Users/kartikvadhawana/anaconda3/lib/python3.12/site-packages/airflow/example_dags/example_outlet_event_extra.py for tasks to queue
[2025-03-03T19:42:37.891-0500] {logging_mixin.py:190} INFO - [2025-03-03T19:42:37.891-0500] {dagbag.py:588} INFO - Filling up the DagBag from /Users/kartikvadhawana/anaconda3/lib/python3.12/site-packages/airflow/example_dags/example_outlet_event_extra.py
[2025-03-03T19:42:37.930-0500] {processor.py:925} INFO - DAG(s) 'dataset_with_extra_by_yield', 'dataset_with_extra_from_classic_operator', 'dataset_with_extra_by_context' retrieved from /Users/kartikvadhawana/anaconda3/lib/python3.12/site-packages/airflow/example_dags/example_outlet_event_extra.py
[2025-03-03T19:42:37.956-0500] {logging_mixin.py:190} INFO - [2025-03-03T19:42:37.956-0500] {dag.py:3239} INFO - Sync 3 DAGs
[2025-03-03T19:42:37.962-0500] {logging_mixin.py:190} INFO - [2025-03-03T19:42:37.962-0500] {dag.py:4180} INFO - Setting next_dagrun for dataset_with_extra_by_context to 2025-03-03 00:00:00+00:00, run_after=2025-03-04 00:00:00+00:00
[2025-03-03T19:42:37.963-0500] {logging_mixin.py:190} INFO - [2025-03-03T19:42:37.963-0500] {dag.py:4180} INFO - Setting next_dagrun for dataset_with_extra_by_yield to 2025-03-03 00:00:00+00:00, run_after=2025-03-04 00:00:00+00:00
[2025-03-03T19:42:37.964-0500] {logging_mixin.py:190} INFO - [2025-03-03T19:42:37.964-0500] {dag.py:4180} INFO - Setting next_dagrun for dataset_with_extra_from_classic_operator to 2025-03-03 00:00:00+00:00, run_after=2025-03-04 00:00:00+00:00
[2025-03-03T19:42:37.969-0500] {processor.py:208} INFO - Processing /Users/kartikvadhawana/anaconda3/lib/python3.12/site-packages/airflow/example_dags/example_outlet_event_extra.py took 0.081 seconds
[2025-03-03T19:44:30.477-0500] {processor.py:186} INFO - Started process (PID=94079) to work on /Users/kartikvadhawana/anaconda3/lib/python3.12/site-packages/airflow/example_dags/example_outlet_event_extra.py
[2025-03-03T19:44:30.477-0500] {processor.py:914} INFO - Processing file /Users/kartikvadhawana/anaconda3/lib/python3.12/site-packages/airflow/example_dags/example_outlet_event_extra.py for tasks to queue
[2025-03-03T19:44:30.478-0500] {logging_mixin.py:190} INFO - [2025-03-03T19:44:30.478-0500] {dagbag.py:588} INFO - Filling up the DagBag from /Users/kartikvadhawana/anaconda3/lib/python3.12/site-packages/airflow/example_dags/example_outlet_event_extra.py
[2025-03-03T19:44:30.531-0500] {processor.py:925} INFO - DAG(s) 'dataset_with_extra_from_classic_operator', 'dataset_with_extra_by_yield', 'dataset_with_extra_by_context' retrieved from /Users/kartikvadhawana/anaconda3/lib/python3.12/site-packages/airflow/example_dags/example_outlet_event_extra.py
[2025-03-03T19:44:30.561-0500] {logging_mixin.py:190} INFO - [2025-03-03T19:44:30.560-0500] {dag.py:3239} INFO - Sync 3 DAGs
[2025-03-03T19:44:30.568-0500] {logging_mixin.py:190} INFO - [2025-03-03T19:44:30.568-0500] {dag.py:4180} INFO - Setting next_dagrun for dataset_with_extra_by_context to 2025-03-03 00:00:00+00:00, run_after=2025-03-04 00:00:00+00:00
[2025-03-03T19:44:30.569-0500] {logging_mixin.py:190} INFO - [2025-03-03T19:44:30.569-0500] {dag.py:4180} INFO - Setting next_dagrun for dataset_with_extra_by_yield to 2025-03-03 00:00:00+00:00, run_after=2025-03-04 00:00:00+00:00
[2025-03-03T19:44:30.570-0500] {logging_mixin.py:190} INFO - [2025-03-03T19:44:30.570-0500] {dag.py:4180} INFO - Setting next_dagrun for dataset_with_extra_from_classic_operator to 2025-03-03 00:00:00+00:00, run_after=2025-03-04 00:00:00+00:00
[2025-03-03T19:44:30.576-0500] {processor.py:208} INFO - Processing /Users/kartikvadhawana/anaconda3/lib/python3.12/site-packages/airflow/example_dags/example_outlet_event_extra.py took 0.100 seconds
[2025-03-03T19:49:05.276-0500] {processor.py:186} INFO - Started process (PID=94743) to work on /Users/kartikvadhawana/anaconda3/lib/python3.12/site-packages/airflow/example_dags/example_outlet_event_extra.py
[2025-03-03T19:49:05.276-0500] {processor.py:914} INFO - Processing file /Users/kartikvadhawana/anaconda3/lib/python3.12/site-packages/airflow/example_dags/example_outlet_event_extra.py for tasks to queue
[2025-03-03T19:49:05.277-0500] {logging_mixin.py:190} INFO - [2025-03-03T19:49:05.277-0500] {dagbag.py:588} INFO - Filling up the DagBag from /Users/kartikvadhawana/anaconda3/lib/python3.12/site-packages/airflow/example_dags/example_outlet_event_extra.py
[2025-03-03T19:49:05.321-0500] {processor.py:925} INFO - DAG(s) 'dataset_with_extra_from_classic_operator', 'dataset_with_extra_by_yield', 'dataset_with_extra_by_context' retrieved from /Users/kartikvadhawana/anaconda3/lib/python3.12/site-packages/airflow/example_dags/example_outlet_event_extra.py
[2025-03-03T19:49:05.348-0500] {logging_mixin.py:190} INFO - [2025-03-03T19:49:05.348-0500] {dag.py:3239} INFO - Sync 3 DAGs
[2025-03-03T19:49:05.354-0500] {logging_mixin.py:190} INFO - [2025-03-03T19:49:05.354-0500] {dag.py:4180} INFO - Setting next_dagrun for dataset_with_extra_by_context to 2025-03-03 00:00:00+00:00, run_after=2025-03-04 00:00:00+00:00
[2025-03-03T19:49:05.355-0500] {logging_mixin.py:190} INFO - [2025-03-03T19:49:05.355-0500] {dag.py:4180} INFO - Setting next_dagrun for dataset_with_extra_by_yield to 2025-03-03 00:00:00+00:00, run_after=2025-03-04 00:00:00+00:00
[2025-03-03T19:49:05.356-0500] {logging_mixin.py:190} INFO - [2025-03-03T19:49:05.356-0500] {dag.py:4180} INFO - Setting next_dagrun for dataset_with_extra_from_classic_operator to 2025-03-03 00:00:00+00:00, run_after=2025-03-04 00:00:00+00:00
[2025-03-03T19:49:05.362-0500] {processor.py:208} INFO - Processing /Users/kartikvadhawana/anaconda3/lib/python3.12/site-packages/airflow/example_dags/example_outlet_event_extra.py took 0.087 seconds
[2025-03-03T19:50:54.911-0500] {processor.py:186} INFO - Started process (PID=94879) to work on /Users/kartikvadhawana/anaconda3/lib/python3.12/site-packages/airflow/example_dags/example_outlet_event_extra.py
[2025-03-03T19:50:54.912-0500] {processor.py:914} INFO - Processing file /Users/kartikvadhawana/anaconda3/lib/python3.12/site-packages/airflow/example_dags/example_outlet_event_extra.py for tasks to queue
[2025-03-03T19:50:54.913-0500] {logging_mixin.py:190} INFO - [2025-03-03T19:50:54.913-0500] {dagbag.py:588} INFO - Filling up the DagBag from /Users/kartikvadhawana/anaconda3/lib/python3.12/site-packages/airflow/example_dags/example_outlet_event_extra.py
[2025-03-03T19:50:54.945-0500] {processor.py:925} INFO - DAG(s) 'dataset_with_extra_by_yield', 'dataset_with_extra_by_context', 'dataset_with_extra_from_classic_operator' retrieved from /Users/kartikvadhawana/anaconda3/lib/python3.12/site-packages/airflow/example_dags/example_outlet_event_extra.py
[2025-03-03T19:50:54.971-0500] {logging_mixin.py:190} INFO - [2025-03-03T19:50:54.971-0500] {dag.py:3239} INFO - Sync 3 DAGs
[2025-03-03T19:50:54.976-0500] {logging_mixin.py:190} INFO - [2025-03-03T19:50:54.976-0500] {dag.py:4180} INFO - Setting next_dagrun for dataset_with_extra_by_context to 2025-03-03 00:00:00+00:00, run_after=2025-03-04 00:00:00+00:00
[2025-03-03T19:50:54.978-0500] {logging_mixin.py:190} INFO - [2025-03-03T19:50:54.978-0500] {dag.py:4180} INFO - Setting next_dagrun for dataset_with_extra_by_yield to 2025-03-03 00:00:00+00:00, run_after=2025-03-04 00:00:00+00:00
[2025-03-03T19:50:54.978-0500] {logging_mixin.py:190} INFO - [2025-03-03T19:50:54.978-0500] {dag.py:4180} INFO - Setting next_dagrun for dataset_with_extra_from_classic_operator to 2025-03-03 00:00:00+00:00, run_after=2025-03-04 00:00:00+00:00
[2025-03-03T19:50:54.984-0500] {processor.py:208} INFO - Processing /Users/kartikvadhawana/anaconda3/lib/python3.12/site-packages/airflow/example_dags/example_outlet_event_extra.py took 0.074 seconds
[2025-03-03T19:53:36.594-0500] {processor.py:186} INFO - Started process (PID=95224) to work on /Users/kartikvadhawana/anaconda3/lib/python3.12/site-packages/airflow/example_dags/example_outlet_event_extra.py
[2025-03-03T19:53:36.595-0500] {processor.py:914} INFO - Processing file /Users/kartikvadhawana/anaconda3/lib/python3.12/site-packages/airflow/example_dags/example_outlet_event_extra.py for tasks to queue
[2025-03-03T19:53:36.595-0500] {logging_mixin.py:190} INFO - [2025-03-03T19:53:36.595-0500] {dagbag.py:588} INFO - Filling up the DagBag from /Users/kartikvadhawana/anaconda3/lib/python3.12/site-packages/airflow/example_dags/example_outlet_event_extra.py
[2025-03-03T19:53:36.635-0500] {processor.py:925} INFO - DAG(s) 'dataset_with_extra_by_yield', 'dataset_with_extra_by_context', 'dataset_with_extra_from_classic_operator' retrieved from /Users/kartikvadhawana/anaconda3/lib/python3.12/site-packages/airflow/example_dags/example_outlet_event_extra.py
[2025-03-03T19:53:36.661-0500] {logging_mixin.py:190} INFO - [2025-03-03T19:53:36.661-0500] {dag.py:3239} INFO - Sync 3 DAGs
[2025-03-03T19:53:36.666-0500] {logging_mixin.py:190} INFO - [2025-03-03T19:53:36.666-0500] {dag.py:4180} INFO - Setting next_dagrun for dataset_with_extra_by_context to 2025-03-03 00:00:00+00:00, run_after=2025-03-04 00:00:00+00:00
[2025-03-03T19:53:36.668-0500] {logging_mixin.py:190} INFO - [2025-03-03T19:53:36.668-0500] {dag.py:4180} INFO - Setting next_dagrun for dataset_with_extra_by_yield to 2025-03-03 00:00:00+00:00, run_after=2025-03-04 00:00:00+00:00
[2025-03-03T19:53:36.668-0500] {logging_mixin.py:190} INFO - [2025-03-03T19:53:36.668-0500] {dag.py:4180} INFO - Setting next_dagrun for dataset_with_extra_from_classic_operator to 2025-03-03 00:00:00+00:00, run_after=2025-03-04 00:00:00+00:00
[2025-03-03T19:53:36.673-0500] {processor.py:208} INFO - Processing /Users/kartikvadhawana/anaconda3/lib/python3.12/site-packages/airflow/example_dags/example_outlet_event_extra.py took 0.081 seconds
[2025-03-03T19:56:19.460-0500] {processor.py:186} INFO - Started process (PID=95646) to work on /Users/kartikvadhawana/anaconda3/lib/python3.12/site-packages/airflow/example_dags/example_outlet_event_extra.py
[2025-03-03T19:56:19.461-0500] {processor.py:914} INFO - Processing file /Users/kartikvadhawana/anaconda3/lib/python3.12/site-packages/airflow/example_dags/example_outlet_event_extra.py for tasks to queue
[2025-03-03T19:56:19.461-0500] {logging_mixin.py:190} INFO - [2025-03-03T19:56:19.461-0500] {dagbag.py:588} INFO - Filling up the DagBag from /Users/kartikvadhawana/anaconda3/lib/python3.12/site-packages/airflow/example_dags/example_outlet_event_extra.py
[2025-03-03T19:56:19.506-0500] {processor.py:925} INFO - DAG(s) 'dataset_with_extra_by_context', 'dataset_with_extra_from_classic_operator', 'dataset_with_extra_by_yield' retrieved from /Users/kartikvadhawana/anaconda3/lib/python3.12/site-packages/airflow/example_dags/example_outlet_event_extra.py
[2025-03-03T19:56:19.532-0500] {logging_mixin.py:190} INFO - [2025-03-03T19:56:19.532-0500] {dag.py:3239} INFO - Sync 3 DAGs
[2025-03-03T19:56:19.538-0500] {logging_mixin.py:190} INFO - [2025-03-03T19:56:19.538-0500] {dag.py:4180} INFO - Setting next_dagrun for dataset_with_extra_by_context to 2025-03-03 00:00:00+00:00, run_after=2025-03-04 00:00:00+00:00
[2025-03-03T19:56:19.539-0500] {logging_mixin.py:190} INFO - [2025-03-03T19:56:19.539-0500] {dag.py:4180} INFO - Setting next_dagrun for dataset_with_extra_by_yield to 2025-03-03 00:00:00+00:00, run_after=2025-03-04 00:00:00+00:00
[2025-03-03T19:56:19.540-0500] {logging_mixin.py:190} INFO - [2025-03-03T19:56:19.539-0500] {dag.py:4180} INFO - Setting next_dagrun for dataset_with_extra_from_classic_operator to 2025-03-03 00:00:00+00:00, run_after=2025-03-04 00:00:00+00:00
[2025-03-03T19:56:19.545-0500] {processor.py:208} INFO - Processing /Users/kartikvadhawana/anaconda3/lib/python3.12/site-packages/airflow/example_dags/example_outlet_event_extra.py took 0.086 seconds
[2025-03-03T19:59:03.695-0500] {processor.py:186} INFO - Started process (PID=95962) to work on /Users/kartikvadhawana/anaconda3/lib/python3.12/site-packages/airflow/example_dags/example_outlet_event_extra.py
[2025-03-03T19:59:03.696-0500] {processor.py:914} INFO - Processing file /Users/kartikvadhawana/anaconda3/lib/python3.12/site-packages/airflow/example_dags/example_outlet_event_extra.py for tasks to queue
[2025-03-03T19:59:03.697-0500] {logging_mixin.py:190} INFO - [2025-03-03T19:59:03.697-0500] {dagbag.py:588} INFO - Filling up the DagBag from /Users/kartikvadhawana/anaconda3/lib/python3.12/site-packages/airflow/example_dags/example_outlet_event_extra.py
[2025-03-03T19:59:03.745-0500] {processor.py:925} INFO - DAG(s) 'dataset_with_extra_by_yield', 'dataset_with_extra_by_context', 'dataset_with_extra_from_classic_operator' retrieved from /Users/kartikvadhawana/anaconda3/lib/python3.12/site-packages/airflow/example_dags/example_outlet_event_extra.py
[2025-03-03T19:59:03.774-0500] {logging_mixin.py:190} INFO - [2025-03-03T19:59:03.774-0500] {dag.py:3239} INFO - Sync 3 DAGs
[2025-03-03T19:59:03.781-0500] {logging_mixin.py:190} INFO - [2025-03-03T19:59:03.780-0500] {dag.py:4180} INFO - Setting next_dagrun for dataset_with_extra_by_context to 2025-03-03 00:00:00+00:00, run_after=2025-03-04 00:00:00+00:00
[2025-03-03T19:59:03.782-0500] {logging_mixin.py:190} INFO - [2025-03-03T19:59:03.782-0500] {dag.py:4180} INFO - Setting next_dagrun for dataset_with_extra_by_yield to 2025-03-03 00:00:00+00:00, run_after=2025-03-04 00:00:00+00:00
[2025-03-03T19:59:03.782-0500] {logging_mixin.py:190} INFO - [2025-03-03T19:59:03.782-0500] {dag.py:4180} INFO - Setting next_dagrun for dataset_with_extra_from_classic_operator to 2025-03-03 00:00:00+00:00, run_after=2025-03-04 00:00:00+00:00
[2025-03-03T19:59:03.789-0500] {processor.py:208} INFO - Processing /Users/kartikvadhawana/anaconda3/lib/python3.12/site-packages/airflow/example_dags/example_outlet_event_extra.py took 0.095 seconds
