[2025-03-03T19:21:08.641-0500] {processor.py:186} INFO - Started process (PID=89754) to work on /Users/kartikvadhawana/anaconda3/lib/python3.12/site-packages/airflow/example_dags/example_setup_teardown_taskflow.py
[2025-03-03T19:21:08.642-0500] {processor.py:914} INFO - Processing file /Users/kartikvadhawana/anaconda3/lib/python3.12/site-packages/airflow/example_dags/example_setup_teardown_taskflow.py for tasks to queue
[2025-03-03T19:21:08.642-0500] {logging_mixin.py:190} INFO - [2025-03-03T19:21:08.642-0500] {dagbag.py:588} INFO - Filling up the DagBag from /Users/kartikvadhawana/anaconda3/lib/python3.12/site-packages/airflow/example_dags/example_setup_teardown_taskflow.py
[2025-03-03T19:21:08.655-0500] {processor.py:925} INFO - DAG(s) 'example_setup_teardown_taskflow' retrieved from /Users/kartikvadhawana/anaconda3/lib/python3.12/site-packages/airflow/example_dags/example_setup_teardown_taskflow.py
[2025-03-03T19:21:08.705-0500] {logging_mixin.py:190} INFO - [2025-03-03T19:21:08.705-0500] {override.py:1930} INFO - Created Permission View: can delete on DAG:example_setup_teardown_taskflow
[2025-03-03T19:21:08.708-0500] {logging_mixin.py:190} INFO - [2025-03-03T19:21:08.707-0500] {override.py:1930} INFO - Created Permission View: can read on DAG:example_setup_teardown_taskflow
[2025-03-03T19:21:08.710-0500] {logging_mixin.py:190} INFO - [2025-03-03T19:21:08.709-0500] {override.py:1930} INFO - Created Permission View: can edit on DAG:example_setup_teardown_taskflow
[2025-03-03T19:21:08.712-0500] {logging_mixin.py:190} INFO - [2025-03-03T19:21:08.712-0500] {override.py:1930} INFO - Created Permission View: menu access on DAG Run:example_setup_teardown_taskflow
[2025-03-03T19:21:08.713-0500] {logging_mixin.py:190} INFO - [2025-03-03T19:21:08.713-0500] {override.py:1930} INFO - Created Permission View: can create on DAG Run:example_setup_teardown_taskflow
[2025-03-03T19:21:08.714-0500] {logging_mixin.py:190} INFO - [2025-03-03T19:21:08.714-0500] {override.py:1930} INFO - Created Permission View: can read on DAG Run:example_setup_teardown_taskflow
[2025-03-03T19:21:08.716-0500] {logging_mixin.py:190} INFO - [2025-03-03T19:21:08.716-0500] {override.py:1930} INFO - Created Permission View: can delete on DAG Run:example_setup_teardown_taskflow
[2025-03-03T19:21:08.716-0500] {logging_mixin.py:190} INFO - [2025-03-03T19:21:08.716-0500] {dag.py:3239} INFO - Sync 1 DAGs
[2025-03-03T19:21:08.719-0500] {logging_mixin.py:190} INFO - [2025-03-03T19:21:08.719-0500] {dag.py:3262} INFO - Creating ORM DAG for example_setup_teardown_taskflow
[2025-03-03T19:21:08.719-0500] {logging_mixin.py:190} INFO - [2025-03-03T19:21:08.719-0500] {dag.py:4180} INFO - Setting next_dagrun for example_setup_teardown_taskflow to None, run_after=None
[2025-03-03T19:21:08.723-0500] {processor.py:208} INFO - Processing /Users/kartikvadhawana/anaconda3/lib/python3.12/site-packages/airflow/example_dags/example_setup_teardown_taskflow.py took 0.083 seconds
[2025-03-03T19:22:55.730-0500] {processor.py:186} INFO - Started process (PID=90135) to work on /Users/kartikvadhawana/anaconda3/lib/python3.12/site-packages/airflow/example_dags/example_setup_teardown_taskflow.py
[2025-03-03T19:22:55.731-0500] {processor.py:914} INFO - Processing file /Users/kartikvadhawana/anaconda3/lib/python3.12/site-packages/airflow/example_dags/example_setup_teardown_taskflow.py for tasks to queue
[2025-03-03T19:22:55.731-0500] {logging_mixin.py:190} INFO - [2025-03-03T19:22:55.731-0500] {dagbag.py:588} INFO - Filling up the DagBag from /Users/kartikvadhawana/anaconda3/lib/python3.12/site-packages/airflow/example_dags/example_setup_teardown_taskflow.py
[2025-03-03T19:22:55.746-0500] {processor.py:925} INFO - DAG(s) 'example_setup_teardown_taskflow' retrieved from /Users/kartikvadhawana/anaconda3/lib/python3.12/site-packages/airflow/example_dags/example_setup_teardown_taskflow.py
[2025-03-03T19:22:55.774-0500] {logging_mixin.py:190} INFO - [2025-03-03T19:22:55.774-0500] {dag.py:3239} INFO - Sync 1 DAGs
[2025-03-03T19:22:55.778-0500] {logging_mixin.py:190} INFO - [2025-03-03T19:22:55.778-0500] {dag.py:4180} INFO - Setting next_dagrun for example_setup_teardown_taskflow to None, run_after=None
[2025-03-03T19:22:55.784-0500] {processor.py:208} INFO - Processing /Users/kartikvadhawana/anaconda3/lib/python3.12/site-packages/airflow/example_dags/example_setup_teardown_taskflow.py took 0.056 seconds
[2025-03-03T19:24:17.047-0500] {processor.py:186} INFO - Started process (PID=90441) to work on /Users/kartikvadhawana/anaconda3/lib/python3.12/site-packages/airflow/example_dags/example_setup_teardown_taskflow.py
[2025-03-03T19:24:17.048-0500] {processor.py:914} INFO - Processing file /Users/kartikvadhawana/anaconda3/lib/python3.12/site-packages/airflow/example_dags/example_setup_teardown_taskflow.py for tasks to queue
[2025-03-03T19:24:17.048-0500] {logging_mixin.py:190} INFO - [2025-03-03T19:24:17.048-0500] {dagbag.py:588} INFO - Filling up the DagBag from /Users/kartikvadhawana/anaconda3/lib/python3.12/site-packages/airflow/example_dags/example_setup_teardown_taskflow.py
[2025-03-03T19:24:17.061-0500] {processor.py:925} INFO - DAG(s) 'example_setup_teardown_taskflow' retrieved from /Users/kartikvadhawana/anaconda3/lib/python3.12/site-packages/airflow/example_dags/example_setup_teardown_taskflow.py
[2025-03-03T19:24:17.089-0500] {logging_mixin.py:190} INFO - [2025-03-03T19:24:17.089-0500] {dag.py:3239} INFO - Sync 1 DAGs
[2025-03-03T19:24:17.092-0500] {logging_mixin.py:190} INFO - [2025-03-03T19:24:17.092-0500] {dag.py:4180} INFO - Setting next_dagrun for example_setup_teardown_taskflow to None, run_after=None
[2025-03-03T19:24:17.099-0500] {processor.py:208} INFO - Processing /Users/kartikvadhawana/anaconda3/lib/python3.12/site-packages/airflow/example_dags/example_setup_teardown_taskflow.py took 0.053 seconds
[2025-03-03T19:25:44.356-0500] {processor.py:186} INFO - Started process (PID=90756) to work on /Users/kartikvadhawana/anaconda3/lib/python3.12/site-packages/airflow/example_dags/example_setup_teardown_taskflow.py
[2025-03-03T19:25:44.356-0500] {processor.py:914} INFO - Processing file /Users/kartikvadhawana/anaconda3/lib/python3.12/site-packages/airflow/example_dags/example_setup_teardown_taskflow.py for tasks to queue
[2025-03-03T19:25:44.357-0500] {logging_mixin.py:190} INFO - [2025-03-03T19:25:44.357-0500] {dagbag.py:588} INFO - Filling up the DagBag from /Users/kartikvadhawana/anaconda3/lib/python3.12/site-packages/airflow/example_dags/example_setup_teardown_taskflow.py
[2025-03-03T19:25:44.371-0500] {processor.py:925} INFO - DAG(s) 'example_setup_teardown_taskflow' retrieved from /Users/kartikvadhawana/anaconda3/lib/python3.12/site-packages/airflow/example_dags/example_setup_teardown_taskflow.py
[2025-03-03T19:25:44.400-0500] {logging_mixin.py:190} INFO - [2025-03-03T19:25:44.400-0500] {dag.py:3239} INFO - Sync 1 DAGs
[2025-03-03T19:25:44.404-0500] {logging_mixin.py:190} INFO - [2025-03-03T19:25:44.404-0500] {dag.py:4180} INFO - Setting next_dagrun for example_setup_teardown_taskflow to None, run_after=None
[2025-03-03T19:25:44.411-0500] {processor.py:208} INFO - Processing /Users/kartikvadhawana/anaconda3/lib/python3.12/site-packages/airflow/example_dags/example_setup_teardown_taskflow.py took 0.056 seconds
[2025-03-03T19:28:07.752-0500] {processor.py:186} INFO - Started process (PID=91377) to work on /Users/kartikvadhawana/anaconda3/lib/python3.12/site-packages/airflow/example_dags/example_setup_teardown_taskflow.py
[2025-03-03T19:28:07.752-0500] {processor.py:914} INFO - Processing file /Users/kartikvadhawana/anaconda3/lib/python3.12/site-packages/airflow/example_dags/example_setup_teardown_taskflow.py for tasks to queue
[2025-03-03T19:28:07.753-0500] {logging_mixin.py:190} INFO - [2025-03-03T19:28:07.753-0500] {dagbag.py:588} INFO - Filling up the DagBag from /Users/kartikvadhawana/anaconda3/lib/python3.12/site-packages/airflow/example_dags/example_setup_teardown_taskflow.py
[2025-03-03T19:28:07.767-0500] {processor.py:925} INFO - DAG(s) 'example_setup_teardown_taskflow' retrieved from /Users/kartikvadhawana/anaconda3/lib/python3.12/site-packages/airflow/example_dags/example_setup_teardown_taskflow.py
[2025-03-03T19:28:07.795-0500] {logging_mixin.py:190} INFO - [2025-03-03T19:28:07.795-0500] {dag.py:3239} INFO - Sync 1 DAGs
[2025-03-03T19:28:07.798-0500] {logging_mixin.py:190} INFO - [2025-03-03T19:28:07.798-0500] {dag.py:4180} INFO - Setting next_dagrun for example_setup_teardown_taskflow to None, run_after=None
[2025-03-03T19:28:07.804-0500] {processor.py:208} INFO - Processing /Users/kartikvadhawana/anaconda3/lib/python3.12/site-packages/airflow/example_dags/example_setup_teardown_taskflow.py took 0.053 seconds
[2025-03-03T19:29:55.209-0500] {processor.py:186} INFO - Started process (PID=91716) to work on /Users/kartikvadhawana/anaconda3/lib/python3.12/site-packages/airflow/example_dags/example_setup_teardown_taskflow.py
[2025-03-03T19:29:55.210-0500] {processor.py:914} INFO - Processing file /Users/kartikvadhawana/anaconda3/lib/python3.12/site-packages/airflow/example_dags/example_setup_teardown_taskflow.py for tasks to queue
[2025-03-03T19:29:55.211-0500] {logging_mixin.py:190} INFO - [2025-03-03T19:29:55.211-0500] {dagbag.py:588} INFO - Filling up the DagBag from /Users/kartikvadhawana/anaconda3/lib/python3.12/site-packages/airflow/example_dags/example_setup_teardown_taskflow.py
[2025-03-03T19:29:55.223-0500] {processor.py:925} INFO - DAG(s) 'example_setup_teardown_taskflow' retrieved from /Users/kartikvadhawana/anaconda3/lib/python3.12/site-packages/airflow/example_dags/example_setup_teardown_taskflow.py
[2025-03-03T19:29:55.249-0500] {logging_mixin.py:190} INFO - [2025-03-03T19:29:55.249-0500] {dag.py:3239} INFO - Sync 1 DAGs
[2025-03-03T19:29:55.252-0500] {logging_mixin.py:190} INFO - [2025-03-03T19:29:55.252-0500] {dag.py:4180} INFO - Setting next_dagrun for example_setup_teardown_taskflow to None, run_after=None
[2025-03-03T19:29:55.258-0500] {processor.py:208} INFO - Processing /Users/kartikvadhawana/anaconda3/lib/python3.12/site-packages/airflow/example_dags/example_setup_teardown_taskflow.py took 0.049 seconds
[2025-03-03T19:32:25.021-0500] {processor.py:186} INFO - Started process (PID=92235) to work on /Users/kartikvadhawana/anaconda3/lib/python3.12/site-packages/airflow/example_dags/example_setup_teardown_taskflow.py
[2025-03-03T19:32:25.021-0500] {processor.py:914} INFO - Processing file /Users/kartikvadhawana/anaconda3/lib/python3.12/site-packages/airflow/example_dags/example_setup_teardown_taskflow.py for tasks to queue
[2025-03-03T19:32:25.022-0500] {logging_mixin.py:190} INFO - [2025-03-03T19:32:25.022-0500] {dagbag.py:588} INFO - Filling up the DagBag from /Users/kartikvadhawana/anaconda3/lib/python3.12/site-packages/airflow/example_dags/example_setup_teardown_taskflow.py
[2025-03-03T19:32:25.035-0500] {processor.py:925} INFO - DAG(s) 'example_setup_teardown_taskflow' retrieved from /Users/kartikvadhawana/anaconda3/lib/python3.12/site-packages/airflow/example_dags/example_setup_teardown_taskflow.py
[2025-03-03T19:32:25.062-0500] {logging_mixin.py:190} INFO - [2025-03-03T19:32:25.062-0500] {dag.py:3239} INFO - Sync 1 DAGs
[2025-03-03T19:32:25.065-0500] {logging_mixin.py:190} INFO - [2025-03-03T19:32:25.065-0500] {dag.py:4180} INFO - Setting next_dagrun for example_setup_teardown_taskflow to None, run_after=None
[2025-03-03T19:32:25.071-0500] {processor.py:208} INFO - Processing /Users/kartikvadhawana/anaconda3/lib/python3.12/site-packages/airflow/example_dags/example_setup_teardown_taskflow.py took 0.052 seconds
[2025-03-03T19:34:16.209-0500] {processor.py:186} INFO - Started process (PID=92490) to work on /Users/kartikvadhawana/anaconda3/lib/python3.12/site-packages/airflow/example_dags/example_setup_teardown_taskflow.py
[2025-03-03T19:34:16.210-0500] {processor.py:914} INFO - Processing file /Users/kartikvadhawana/anaconda3/lib/python3.12/site-packages/airflow/example_dags/example_setup_teardown_taskflow.py for tasks to queue
[2025-03-03T19:34:16.211-0500] {logging_mixin.py:190} INFO - [2025-03-03T19:34:16.210-0500] {dagbag.py:588} INFO - Filling up the DagBag from /Users/kartikvadhawana/anaconda3/lib/python3.12/site-packages/airflow/example_dags/example_setup_teardown_taskflow.py
[2025-03-03T19:34:16.223-0500] {processor.py:925} INFO - DAG(s) 'example_setup_teardown_taskflow' retrieved from /Users/kartikvadhawana/anaconda3/lib/python3.12/site-packages/airflow/example_dags/example_setup_teardown_taskflow.py
[2025-03-03T19:34:16.250-0500] {logging_mixin.py:190} INFO - [2025-03-03T19:34:16.249-0500] {dag.py:3239} INFO - Sync 1 DAGs
[2025-03-03T19:34:16.253-0500] {logging_mixin.py:190} INFO - [2025-03-03T19:34:16.252-0500] {dag.py:4180} INFO - Setting next_dagrun for example_setup_teardown_taskflow to None, run_after=None
[2025-03-03T19:34:16.258-0500] {processor.py:208} INFO - Processing /Users/kartikvadhawana/anaconda3/lib/python3.12/site-packages/airflow/example_dags/example_setup_teardown_taskflow.py took 0.050 seconds
[2025-03-03T19:36:52.797-0500] {processor.py:186} INFO - Started process (PID=92845) to work on /Users/kartikvadhawana/anaconda3/lib/python3.12/site-packages/airflow/example_dags/example_setup_teardown_taskflow.py
[2025-03-03T19:36:52.798-0500] {processor.py:914} INFO - Processing file /Users/kartikvadhawana/anaconda3/lib/python3.12/site-packages/airflow/example_dags/example_setup_teardown_taskflow.py for tasks to queue
[2025-03-03T19:36:52.799-0500] {logging_mixin.py:190} INFO - [2025-03-03T19:36:52.798-0500] {dagbag.py:588} INFO - Filling up the DagBag from /Users/kartikvadhawana/anaconda3/lib/python3.12/site-packages/airflow/example_dags/example_setup_teardown_taskflow.py
[2025-03-03T19:36:52.811-0500] {processor.py:925} INFO - DAG(s) 'example_setup_teardown_taskflow' retrieved from /Users/kartikvadhawana/anaconda3/lib/python3.12/site-packages/airflow/example_dags/example_setup_teardown_taskflow.py
[2025-03-03T19:36:52.838-0500] {logging_mixin.py:190} INFO - [2025-03-03T19:36:52.837-0500] {dag.py:3239} INFO - Sync 1 DAGs
[2025-03-03T19:36:52.841-0500] {logging_mixin.py:190} INFO - [2025-03-03T19:36:52.841-0500] {dag.py:4180} INFO - Setting next_dagrun for example_setup_teardown_taskflow to None, run_after=None
[2025-03-03T19:36:52.847-0500] {processor.py:208} INFO - Processing /Users/kartikvadhawana/anaconda3/lib/python3.12/site-packages/airflow/example_dags/example_setup_teardown_taskflow.py took 0.051 seconds
[2025-03-03T19:38:15.277-0500] {processor.py:186} INFO - Started process (PID=93038) to work on /Users/kartikvadhawana/anaconda3/lib/python3.12/site-packages/airflow/example_dags/example_setup_teardown_taskflow.py
[2025-03-03T19:38:15.278-0500] {processor.py:914} INFO - Processing file /Users/kartikvadhawana/anaconda3/lib/python3.12/site-packages/airflow/example_dags/example_setup_teardown_taskflow.py for tasks to queue
[2025-03-03T19:38:15.279-0500] {logging_mixin.py:190} INFO - [2025-03-03T19:38:15.279-0500] {dagbag.py:588} INFO - Filling up the DagBag from /Users/kartikvadhawana/anaconda3/lib/python3.12/site-packages/airflow/example_dags/example_setup_teardown_taskflow.py
[2025-03-03T19:38:15.292-0500] {processor.py:925} INFO - DAG(s) 'example_setup_teardown_taskflow' retrieved from /Users/kartikvadhawana/anaconda3/lib/python3.12/site-packages/airflow/example_dags/example_setup_teardown_taskflow.py
[2025-03-03T19:38:15.318-0500] {logging_mixin.py:190} INFO - [2025-03-03T19:38:15.318-0500] {dag.py:3239} INFO - Sync 1 DAGs
[2025-03-03T19:38:15.321-0500] {logging_mixin.py:190} INFO - [2025-03-03T19:38:15.321-0500] {dag.py:4180} INFO - Setting next_dagrun for example_setup_teardown_taskflow to None, run_after=None
[2025-03-03T19:38:15.327-0500] {processor.py:208} INFO - Processing /Users/kartikvadhawana/anaconda3/lib/python3.12/site-packages/airflow/example_dags/example_setup_teardown_taskflow.py took 0.051 seconds
[2025-03-03T19:40:54.733-0500] {processor.py:186} INFO - Started process (PID=93442) to work on /Users/kartikvadhawana/anaconda3/lib/python3.12/site-packages/airflow/example_dags/example_setup_teardown_taskflow.py
[2025-03-03T19:40:54.734-0500] {processor.py:914} INFO - Processing file /Users/kartikvadhawana/anaconda3/lib/python3.12/site-packages/airflow/example_dags/example_setup_teardown_taskflow.py for tasks to queue
[2025-03-03T19:40:54.734-0500] {logging_mixin.py:190} INFO - [2025-03-03T19:40:54.734-0500] {dagbag.py:588} INFO - Filling up the DagBag from /Users/kartikvadhawana/anaconda3/lib/python3.12/site-packages/airflow/example_dags/example_setup_teardown_taskflow.py
[2025-03-03T19:40:54.747-0500] {processor.py:925} INFO - DAG(s) 'example_setup_teardown_taskflow' retrieved from /Users/kartikvadhawana/anaconda3/lib/python3.12/site-packages/airflow/example_dags/example_setup_teardown_taskflow.py
[2025-03-03T19:40:54.772-0500] {logging_mixin.py:190} INFO - [2025-03-03T19:40:54.772-0500] {dag.py:3239} INFO - Sync 1 DAGs
[2025-03-03T19:40:54.775-0500] {logging_mixin.py:190} INFO - [2025-03-03T19:40:54.775-0500] {dag.py:4180} INFO - Setting next_dagrun for example_setup_teardown_taskflow to None, run_after=None
[2025-03-03T19:40:54.781-0500] {processor.py:208} INFO - Processing /Users/kartikvadhawana/anaconda3/lib/python3.12/site-packages/airflow/example_dags/example_setup_teardown_taskflow.py took 0.049 seconds
[2025-03-03T19:42:20.873-0500] {processor.py:186} INFO - Started process (PID=93832) to work on /Users/kartikvadhawana/anaconda3/lib/python3.12/site-packages/airflow/example_dags/example_setup_teardown_taskflow.py
[2025-03-03T19:42:20.874-0500] {processor.py:914} INFO - Processing file /Users/kartikvadhawana/anaconda3/lib/python3.12/site-packages/airflow/example_dags/example_setup_teardown_taskflow.py for tasks to queue
[2025-03-03T19:42:20.875-0500] {logging_mixin.py:190} INFO - [2025-03-03T19:42:20.875-0500] {dagbag.py:588} INFO - Filling up the DagBag from /Users/kartikvadhawana/anaconda3/lib/python3.12/site-packages/airflow/example_dags/example_setup_teardown_taskflow.py
[2025-03-03T19:42:20.887-0500] {processor.py:925} INFO - DAG(s) 'example_setup_teardown_taskflow' retrieved from /Users/kartikvadhawana/anaconda3/lib/python3.12/site-packages/airflow/example_dags/example_setup_teardown_taskflow.py
[2025-03-03T19:42:20.913-0500] {logging_mixin.py:190} INFO - [2025-03-03T19:42:20.913-0500] {dag.py:3239} INFO - Sync 1 DAGs
[2025-03-03T19:42:20.916-0500] {logging_mixin.py:190} INFO - [2025-03-03T19:42:20.916-0500] {dag.py:4180} INFO - Setting next_dagrun for example_setup_teardown_taskflow to None, run_after=None
[2025-03-03T19:42:20.922-0500] {processor.py:208} INFO - Processing /Users/kartikvadhawana/anaconda3/lib/python3.12/site-packages/airflow/example_dags/example_setup_teardown_taskflow.py took 0.050 seconds
[2025-03-03T19:44:14.377-0500] {processor.py:186} INFO - Started process (PID=94033) to work on /Users/kartikvadhawana/anaconda3/lib/python3.12/site-packages/airflow/example_dags/example_setup_teardown_taskflow.py
[2025-03-03T19:44:14.378-0500] {processor.py:914} INFO - Processing file /Users/kartikvadhawana/anaconda3/lib/python3.12/site-packages/airflow/example_dags/example_setup_teardown_taskflow.py for tasks to queue
[2025-03-03T19:44:14.378-0500] {logging_mixin.py:190} INFO - [2025-03-03T19:44:14.378-0500] {dagbag.py:588} INFO - Filling up the DagBag from /Users/kartikvadhawana/anaconda3/lib/python3.12/site-packages/airflow/example_dags/example_setup_teardown_taskflow.py
[2025-03-03T19:44:14.391-0500] {processor.py:925} INFO - DAG(s) 'example_setup_teardown_taskflow' retrieved from /Users/kartikvadhawana/anaconda3/lib/python3.12/site-packages/airflow/example_dags/example_setup_teardown_taskflow.py
[2025-03-03T19:44:14.417-0500] {logging_mixin.py:190} INFO - [2025-03-03T19:44:14.417-0500] {dag.py:3239} INFO - Sync 1 DAGs
[2025-03-03T19:44:14.420-0500] {logging_mixin.py:190} INFO - [2025-03-03T19:44:14.420-0500] {dag.py:4180} INFO - Setting next_dagrun for example_setup_teardown_taskflow to None, run_after=None
[2025-03-03T19:44:14.426-0500] {processor.py:208} INFO - Processing /Users/kartikvadhawana/anaconda3/lib/python3.12/site-packages/airflow/example_dags/example_setup_teardown_taskflow.py took 0.050 seconds
[2025-03-03T19:48:49.176-0500] {processor.py:186} INFO - Started process (PID=94703) to work on /Users/kartikvadhawana/anaconda3/lib/python3.12/site-packages/airflow/example_dags/example_setup_teardown_taskflow.py
[2025-03-03T19:48:49.177-0500] {processor.py:914} INFO - Processing file /Users/kartikvadhawana/anaconda3/lib/python3.12/site-packages/airflow/example_dags/example_setup_teardown_taskflow.py for tasks to queue
[2025-03-03T19:48:49.177-0500] {logging_mixin.py:190} INFO - [2025-03-03T19:48:49.177-0500] {dagbag.py:588} INFO - Filling up the DagBag from /Users/kartikvadhawana/anaconda3/lib/python3.12/site-packages/airflow/example_dags/example_setup_teardown_taskflow.py
[2025-03-03T19:48:49.190-0500] {processor.py:925} INFO - DAG(s) 'example_setup_teardown_taskflow' retrieved from /Users/kartikvadhawana/anaconda3/lib/python3.12/site-packages/airflow/example_dags/example_setup_teardown_taskflow.py
[2025-03-03T19:48:49.216-0500] {logging_mixin.py:190} INFO - [2025-03-03T19:48:49.216-0500] {dag.py:3239} INFO - Sync 1 DAGs
[2025-03-03T19:48:49.219-0500] {logging_mixin.py:190} INFO - [2025-03-03T19:48:49.219-0500] {dag.py:4180} INFO - Setting next_dagrun for example_setup_teardown_taskflow to None, run_after=None
[2025-03-03T19:48:49.224-0500] {processor.py:208} INFO - Processing /Users/kartikvadhawana/anaconda3/lib/python3.12/site-packages/airflow/example_dags/example_setup_teardown_taskflow.py took 0.049 seconds
[2025-03-03T19:50:38.184-0500] {processor.py:186} INFO - Started process (PID=94860) to work on /Users/kartikvadhawana/anaconda3/lib/python3.12/site-packages/airflow/example_dags/example_setup_teardown_taskflow.py
[2025-03-03T19:50:38.185-0500] {processor.py:914} INFO - Processing file /Users/kartikvadhawana/anaconda3/lib/python3.12/site-packages/airflow/example_dags/example_setup_teardown_taskflow.py for tasks to queue
[2025-03-03T19:50:38.186-0500] {logging_mixin.py:190} INFO - [2025-03-03T19:50:38.186-0500] {dagbag.py:588} INFO - Filling up the DagBag from /Users/kartikvadhawana/anaconda3/lib/python3.12/site-packages/airflow/example_dags/example_setup_teardown_taskflow.py
[2025-03-03T19:50:38.198-0500] {processor.py:925} INFO - DAG(s) 'example_setup_teardown_taskflow' retrieved from /Users/kartikvadhawana/anaconda3/lib/python3.12/site-packages/airflow/example_dags/example_setup_teardown_taskflow.py
[2025-03-03T19:50:38.225-0500] {logging_mixin.py:190} INFO - [2025-03-03T19:50:38.225-0500] {dag.py:3239} INFO - Sync 1 DAGs
[2025-03-03T19:50:38.228-0500] {logging_mixin.py:190} INFO - [2025-03-03T19:50:38.228-0500] {dag.py:4180} INFO - Setting next_dagrun for example_setup_teardown_taskflow to None, run_after=None
[2025-03-03T19:50:38.233-0500] {processor.py:208} INFO - Processing /Users/kartikvadhawana/anaconda3/lib/python3.12/site-packages/airflow/example_dags/example_setup_teardown_taskflow.py took 0.050 seconds
[2025-03-03T19:53:19.557-0500] {processor.py:186} INFO - Started process (PID=95169) to work on /Users/kartikvadhawana/anaconda3/lib/python3.12/site-packages/airflow/example_dags/example_setup_teardown_taskflow.py
[2025-03-03T19:53:19.558-0500] {processor.py:914} INFO - Processing file /Users/kartikvadhawana/anaconda3/lib/python3.12/site-packages/airflow/example_dags/example_setup_teardown_taskflow.py for tasks to queue
[2025-03-03T19:53:19.558-0500] {logging_mixin.py:190} INFO - [2025-03-03T19:53:19.558-0500] {dagbag.py:588} INFO - Filling up the DagBag from /Users/kartikvadhawana/anaconda3/lib/python3.12/site-packages/airflow/example_dags/example_setup_teardown_taskflow.py
[2025-03-03T19:53:19.571-0500] {processor.py:925} INFO - DAG(s) 'example_setup_teardown_taskflow' retrieved from /Users/kartikvadhawana/anaconda3/lib/python3.12/site-packages/airflow/example_dags/example_setup_teardown_taskflow.py
[2025-03-03T19:53:19.599-0500] {logging_mixin.py:190} INFO - [2025-03-03T19:53:19.598-0500] {dag.py:3239} INFO - Sync 1 DAGs
[2025-03-03T19:53:19.602-0500] {logging_mixin.py:190} INFO - [2025-03-03T19:53:19.602-0500] {dag.py:4180} INFO - Setting next_dagrun for example_setup_teardown_taskflow to None, run_after=None
[2025-03-03T19:53:19.608-0500] {processor.py:208} INFO - Processing /Users/kartikvadhawana/anaconda3/lib/python3.12/site-packages/airflow/example_dags/example_setup_teardown_taskflow.py took 0.052 seconds
[2025-03-03T19:54:41.491-0500] {processor.py:186} INFO - Started process (PID=95354) to work on /Users/kartikvadhawana/anaconda3/lib/python3.12/site-packages/airflow/example_dags/example_setup_teardown_taskflow.py
[2025-03-03T19:54:41.492-0500] {processor.py:914} INFO - Processing file /Users/kartikvadhawana/anaconda3/lib/python3.12/site-packages/airflow/example_dags/example_setup_teardown_taskflow.py for tasks to queue
[2025-03-03T19:54:41.492-0500] {logging_mixin.py:190} INFO - [2025-03-03T19:54:41.492-0500] {dagbag.py:588} INFO - Filling up the DagBag from /Users/kartikvadhawana/anaconda3/lib/python3.12/site-packages/airflow/example_dags/example_setup_teardown_taskflow.py
[2025-03-03T19:54:41.505-0500] {processor.py:925} INFO - DAG(s) 'example_setup_teardown_taskflow' retrieved from /Users/kartikvadhawana/anaconda3/lib/python3.12/site-packages/airflow/example_dags/example_setup_teardown_taskflow.py
[2025-03-03T19:54:41.530-0500] {logging_mixin.py:190} INFO - [2025-03-03T19:54:41.530-0500] {dag.py:3239} INFO - Sync 1 DAGs
[2025-03-03T19:54:41.533-0500] {logging_mixin.py:190} INFO - [2025-03-03T19:54:41.533-0500] {dag.py:4180} INFO - Setting next_dagrun for example_setup_teardown_taskflow to None, run_after=None
[2025-03-03T19:54:41.539-0500] {processor.py:208} INFO - Processing /Users/kartikvadhawana/anaconda3/lib/python3.12/site-packages/airflow/example_dags/example_setup_teardown_taskflow.py took 0.050 seconds
[2025-03-03T19:56:04.221-0500] {processor.py:186} INFO - Started process (PID=95611) to work on /Users/kartikvadhawana/anaconda3/lib/python3.12/site-packages/airflow/example_dags/example_setup_teardown_taskflow.py
[2025-03-03T19:56:04.222-0500] {processor.py:914} INFO - Processing file /Users/kartikvadhawana/anaconda3/lib/python3.12/site-packages/airflow/example_dags/example_setup_teardown_taskflow.py for tasks to queue
[2025-03-03T19:56:04.223-0500] {logging_mixin.py:190} INFO - [2025-03-03T19:56:04.222-0500] {dagbag.py:588} INFO - Filling up the DagBag from /Users/kartikvadhawana/anaconda3/lib/python3.12/site-packages/airflow/example_dags/example_setup_teardown_taskflow.py
[2025-03-03T19:56:04.235-0500] {processor.py:925} INFO - DAG(s) 'example_setup_teardown_taskflow' retrieved from /Users/kartikvadhawana/anaconda3/lib/python3.12/site-packages/airflow/example_dags/example_setup_teardown_taskflow.py
[2025-03-03T19:56:04.262-0500] {logging_mixin.py:190} INFO - [2025-03-03T19:56:04.262-0500] {dag.py:3239} INFO - Sync 1 DAGs
[2025-03-03T19:56:04.265-0500] {logging_mixin.py:190} INFO - [2025-03-03T19:56:04.265-0500] {dag.py:4180} INFO - Setting next_dagrun for example_setup_teardown_taskflow to None, run_after=None
[2025-03-03T19:56:04.271-0500] {processor.py:208} INFO - Processing /Users/kartikvadhawana/anaconda3/lib/python3.12/site-packages/airflow/example_dags/example_setup_teardown_taskflow.py took 0.051 seconds
[2025-03-03T19:57:26.382-0500] {processor.py:186} INFO - Started process (PID=95790) to work on /Users/kartikvadhawana/anaconda3/lib/python3.12/site-packages/airflow/example_dags/example_setup_teardown_taskflow.py
[2025-03-03T19:57:26.383-0500] {processor.py:914} INFO - Processing file /Users/kartikvadhawana/anaconda3/lib/python3.12/site-packages/airflow/example_dags/example_setup_teardown_taskflow.py for tasks to queue
[2025-03-03T19:57:26.384-0500] {logging_mixin.py:190} INFO - [2025-03-03T19:57:26.384-0500] {dagbag.py:588} INFO - Filling up the DagBag from /Users/kartikvadhawana/anaconda3/lib/python3.12/site-packages/airflow/example_dags/example_setup_teardown_taskflow.py
[2025-03-03T19:57:26.397-0500] {processor.py:925} INFO - DAG(s) 'example_setup_teardown_taskflow' retrieved from /Users/kartikvadhawana/anaconda3/lib/python3.12/site-packages/airflow/example_dags/example_setup_teardown_taskflow.py
[2025-03-03T19:57:26.423-0500] {logging_mixin.py:190} INFO - [2025-03-03T19:57:26.423-0500] {dag.py:3239} INFO - Sync 1 DAGs
[2025-03-03T19:57:26.426-0500] {logging_mixin.py:190} INFO - [2025-03-03T19:57:26.426-0500] {dag.py:4180} INFO - Setting next_dagrun for example_setup_teardown_taskflow to None, run_after=None
[2025-03-03T19:57:26.432-0500] {processor.py:208} INFO - Processing /Users/kartikvadhawana/anaconda3/lib/python3.12/site-packages/airflow/example_dags/example_setup_teardown_taskflow.py took 0.051 seconds
[2025-03-03T20:00:08.706-0500] {processor.py:186} INFO - Started process (PID=96048) to work on /Users/kartikvadhawana/anaconda3/lib/python3.12/site-packages/airflow/example_dags/example_setup_teardown_taskflow.py
[2025-03-03T20:00:08.706-0500] {processor.py:914} INFO - Processing file /Users/kartikvadhawana/anaconda3/lib/python3.12/site-packages/airflow/example_dags/example_setup_teardown_taskflow.py for tasks to queue
[2025-03-03T20:00:08.707-0500] {logging_mixin.py:190} INFO - [2025-03-03T20:00:08.707-0500] {dagbag.py:588} INFO - Filling up the DagBag from /Users/kartikvadhawana/anaconda3/lib/python3.12/site-packages/airflow/example_dags/example_setup_teardown_taskflow.py
[2025-03-03T20:00:08.721-0500] {processor.py:925} INFO - DAG(s) 'example_setup_teardown_taskflow' retrieved from /Users/kartikvadhawana/anaconda3/lib/python3.12/site-packages/airflow/example_dags/example_setup_teardown_taskflow.py
[2025-03-03T20:00:08.749-0500] {logging_mixin.py:190} INFO - [2025-03-03T20:00:08.749-0500] {dag.py:3239} INFO - Sync 1 DAGs
[2025-03-03T20:00:08.752-0500] {logging_mixin.py:190} INFO - [2025-03-03T20:00:08.752-0500] {dag.py:4180} INFO - Setting next_dagrun for example_setup_teardown_taskflow to None, run_after=None
[2025-03-03T20:00:08.759-0500] {processor.py:208} INFO - Processing /Users/kartikvadhawana/anaconda3/lib/python3.12/site-packages/airflow/example_dags/example_setup_teardown_taskflow.py took 0.054 seconds
