[2025-03-03T19:21:49.769-0500] {processor.py:186} INFO - Started process (PID=89943) to work on /Users/kartikvadhawana/anaconda3/lib/python3.12/site-packages/airflow/example_dags/example_dataset_alias.py
[2025-03-03T19:21:49.770-0500] {processor.py:914} INFO - Processing file /Users/kartikvadhawana/anaconda3/lib/python3.12/site-packages/airflow/example_dags/example_dataset_alias.py for tasks to queue
[2025-03-03T19:21:49.770-0500] {logging_mixin.py:190} INFO - [2025-03-03T19:21:49.770-0500] {dagbag.py:588} INFO - Filling up the DagBag from /Users/kartikvadhawana/anaconda3/lib/python3.12/site-packages/airflow/example_dags/example_dataset_alias.py
[2025-03-03T19:21:49.821-0500] {processor.py:925} INFO - DAG(s) 'dataset_alias_example_alias_producer', 'dataset_s3_bucket_consumer', 'dataset_s3_bucket_producer', 'dataset_alias_example_alias_consumer' retrieved from /Users/kartikvadhawana/anaconda3/lib/python3.12/site-packages/airflow/example_dags/example_dataset_alias.py
[2025-03-03T19:21:49.852-0500] {logging_mixin.py:190} INFO - [2025-03-03T19:21:49.852-0500] {override.py:1930} INFO - Created Permission View: can read on DAG:dataset_alias_example_alias_producer
[2025-03-03T19:21:49.854-0500] {logging_mixin.py:190} INFO - [2025-03-03T19:21:49.854-0500] {override.py:1930} INFO - Created Permission View: can delete on DAG:dataset_alias_example_alias_producer
[2025-03-03T19:21:49.856-0500] {logging_mixin.py:190} INFO - [2025-03-03T19:21:49.856-0500] {override.py:1930} INFO - Created Permission View: can edit on DAG:dataset_alias_example_alias_producer
[2025-03-03T19:21:49.858-0500] {logging_mixin.py:190} INFO - [2025-03-03T19:21:49.858-0500] {override.py:1930} INFO - Created Permission View: can read on DAG Run:dataset_alias_example_alias_producer
[2025-03-03T19:21:49.859-0500] {logging_mixin.py:190} INFO - [2025-03-03T19:21:49.859-0500] {override.py:1930} INFO - Created Permission View: menu access on DAG Run:dataset_alias_example_alias_producer
[2025-03-03T19:21:49.861-0500] {logging_mixin.py:190} INFO - [2025-03-03T19:21:49.861-0500] {override.py:1930} INFO - Created Permission View: can create on DAG Run:dataset_alias_example_alias_producer
[2025-03-03T19:21:49.862-0500] {logging_mixin.py:190} INFO - [2025-03-03T19:21:49.862-0500] {override.py:1930} INFO - Created Permission View: can delete on DAG Run:dataset_alias_example_alias_producer
[2025-03-03T19:21:49.865-0500] {logging_mixin.py:190} INFO - [2025-03-03T19:21:49.865-0500] {override.py:1930} INFO - Created Permission View: can read on DAG:dataset_s3_bucket_consumer
[2025-03-03T19:21:49.866-0500] {logging_mixin.py:190} INFO - [2025-03-03T19:21:49.866-0500] {override.py:1930} INFO - Created Permission View: can delete on DAG:dataset_s3_bucket_consumer
[2025-03-03T19:21:49.868-0500] {logging_mixin.py:190} INFO - [2025-03-03T19:21:49.868-0500] {override.py:1930} INFO - Created Permission View: can edit on DAG:dataset_s3_bucket_consumer
[2025-03-03T19:21:49.870-0500] {logging_mixin.py:190} INFO - [2025-03-03T19:21:49.870-0500] {override.py:1930} INFO - Created Permission View: can read on DAG Run:dataset_s3_bucket_consumer
[2025-03-03T19:21:49.871-0500] {logging_mixin.py:190} INFO - [2025-03-03T19:21:49.871-0500] {override.py:1930} INFO - Created Permission View: menu access on DAG Run:dataset_s3_bucket_consumer
[2025-03-03T19:21:49.872-0500] {logging_mixin.py:190} INFO - [2025-03-03T19:21:49.872-0500] {override.py:1930} INFO - Created Permission View: can create on DAG Run:dataset_s3_bucket_consumer
[2025-03-03T19:21:49.874-0500] {logging_mixin.py:190} INFO - [2025-03-03T19:21:49.874-0500] {override.py:1930} INFO - Created Permission View: can delete on DAG Run:dataset_s3_bucket_consumer
[2025-03-03T19:21:49.877-0500] {logging_mixin.py:190} INFO - [2025-03-03T19:21:49.876-0500] {override.py:1930} INFO - Created Permission View: can read on DAG:dataset_s3_bucket_producer
[2025-03-03T19:21:49.878-0500] {logging_mixin.py:190} INFO - [2025-03-03T19:21:49.878-0500] {override.py:1930} INFO - Created Permission View: can delete on DAG:dataset_s3_bucket_producer
[2025-03-03T19:21:49.879-0500] {logging_mixin.py:190} INFO - [2025-03-03T19:21:49.879-0500] {override.py:1930} INFO - Created Permission View: can edit on DAG:dataset_s3_bucket_producer
[2025-03-03T19:21:49.881-0500] {logging_mixin.py:190} INFO - [2025-03-03T19:21:49.881-0500] {override.py:1930} INFO - Created Permission View: can read on DAG Run:dataset_s3_bucket_producer
[2025-03-03T19:21:49.882-0500] {logging_mixin.py:190} INFO - [2025-03-03T19:21:49.882-0500] {override.py:1930} INFO - Created Permission View: menu access on DAG Run:dataset_s3_bucket_producer
[2025-03-03T19:21:49.884-0500] {logging_mixin.py:190} INFO - [2025-03-03T19:21:49.884-0500] {override.py:1930} INFO - Created Permission View: can create on DAG Run:dataset_s3_bucket_producer
[2025-03-03T19:21:49.885-0500] {logging_mixin.py:190} INFO - [2025-03-03T19:21:49.885-0500] {override.py:1930} INFO - Created Permission View: can delete on DAG Run:dataset_s3_bucket_producer
[2025-03-03T19:21:49.888-0500] {logging_mixin.py:190} INFO - [2025-03-03T19:21:49.888-0500] {override.py:1930} INFO - Created Permission View: can read on DAG:dataset_alias_example_alias_consumer
[2025-03-03T19:21:49.889-0500] {logging_mixin.py:190} INFO - [2025-03-03T19:21:49.889-0500] {override.py:1930} INFO - Created Permission View: can delete on DAG:dataset_alias_example_alias_consumer
[2025-03-03T19:21:49.890-0500] {logging_mixin.py:190} INFO - [2025-03-03T19:21:49.890-0500] {override.py:1930} INFO - Created Permission View: can edit on DAG:dataset_alias_example_alias_consumer
[2025-03-03T19:21:49.892-0500] {logging_mixin.py:190} INFO - [2025-03-03T19:21:49.892-0500] {override.py:1930} INFO - Created Permission View: can read on DAG Run:dataset_alias_example_alias_consumer
[2025-03-03T19:21:49.893-0500] {logging_mixin.py:190} INFO - [2025-03-03T19:21:49.893-0500] {override.py:1930} INFO - Created Permission View: menu access on DAG Run:dataset_alias_example_alias_consumer
[2025-03-03T19:21:49.895-0500] {logging_mixin.py:190} INFO - [2025-03-03T19:21:49.895-0500] {override.py:1930} INFO - Created Permission View: can create on DAG Run:dataset_alias_example_alias_consumer
[2025-03-03T19:21:49.896-0500] {logging_mixin.py:190} INFO - [2025-03-03T19:21:49.896-0500] {override.py:1930} INFO - Created Permission View: can delete on DAG Run:dataset_alias_example_alias_consumer
[2025-03-03T19:21:49.896-0500] {logging_mixin.py:190} INFO - [2025-03-03T19:21:49.896-0500] {dag.py:3239} INFO - Sync 4 DAGs
[2025-03-03T19:21:49.899-0500] {logging_mixin.py:190} INFO - [2025-03-03T19:21:49.899-0500] {dag.py:3262} INFO - Creating ORM DAG for dataset_s3_bucket_consumer
[2025-03-03T19:21:49.900-0500] {logging_mixin.py:190} INFO - [2025-03-03T19:21:49.899-0500] {dag.py:3262} INFO - Creating ORM DAG for dataset_alias_example_alias_consumer
[2025-03-03T19:21:49.900-0500] {logging_mixin.py:190} INFO - [2025-03-03T19:21:49.900-0500] {dag.py:3262} INFO - Creating ORM DAG for dataset_s3_bucket_producer
[2025-03-03T19:21:49.900-0500] {logging_mixin.py:190} INFO - [2025-03-03T19:21:49.900-0500] {dag.py:3262} INFO - Creating ORM DAG for dataset_alias_example_alias_producer
[2025-03-03T19:21:49.902-0500] {logging_mixin.py:190} INFO - [2025-03-03T19:21:49.902-0500] {dag.py:4180} INFO - Setting next_dagrun for dataset_alias_example_alias_consumer to None, run_after=None
[2025-03-03T19:21:49.902-0500] {logging_mixin.py:190} INFO - [2025-03-03T19:21:49.902-0500] {dag.py:4180} INFO - Setting next_dagrun for dataset_alias_example_alias_producer to None, run_after=None
[2025-03-03T19:21:49.902-0500] {logging_mixin.py:190} INFO - [2025-03-03T19:21:49.902-0500] {dag.py:4180} INFO - Setting next_dagrun for dataset_s3_bucket_consumer to None, run_after=None
[2025-03-03T19:21:49.902-0500] {logging_mixin.py:190} INFO - [2025-03-03T19:21:49.902-0500] {dag.py:4180} INFO - Setting next_dagrun for dataset_s3_bucket_producer to None, run_after=None
[2025-03-03T19:21:49.978-0500] {logging_mixin.py:190} INFO - [2025-03-03T19:21:49.978-0500] {utils.py:160} INFO - NumExpr defaulting to 8 threads.
[2025-03-03T19:21:50.088-0500] {processor.py:208} INFO - Processing /Users/kartikvadhawana/anaconda3/lib/python3.12/site-packages/airflow/example_dags/example_dataset_alias.py took 0.320 seconds
[2025-03-03T19:24:28.356-0500] {processor.py:186} INFO - Started process (PID=90475) to work on /Users/kartikvadhawana/anaconda3/lib/python3.12/site-packages/airflow/example_dags/example_dataset_alias.py
[2025-03-03T19:24:28.357-0500] {processor.py:914} INFO - Processing file /Users/kartikvadhawana/anaconda3/lib/python3.12/site-packages/airflow/example_dags/example_dataset_alias.py for tasks to queue
[2025-03-03T19:24:28.358-0500] {logging_mixin.py:190} INFO - [2025-03-03T19:24:28.357-0500] {dagbag.py:588} INFO - Filling up the DagBag from /Users/kartikvadhawana/anaconda3/lib/python3.12/site-packages/airflow/example_dags/example_dataset_alias.py
[2025-03-03T19:24:28.410-0500] {processor.py:925} INFO - DAG(s) 'dataset_alias_example_alias_consumer', 'dataset_alias_example_alias_producer', 'dataset_s3_bucket_producer', 'dataset_s3_bucket_consumer' retrieved from /Users/kartikvadhawana/anaconda3/lib/python3.12/site-packages/airflow/example_dags/example_dataset_alias.py
[2025-03-03T19:24:28.417-0500] {logging_mixin.py:190} INFO - [2025-03-03T19:24:28.417-0500] {dag.py:3239} INFO - Sync 4 DAGs
[2025-03-03T19:24:28.422-0500] {logging_mixin.py:190} INFO - [2025-03-03T19:24:28.422-0500] {dag.py:4180} INFO - Setting next_dagrun for dataset_alias_example_alias_consumer to None, run_after=None
[2025-03-03T19:24:28.423-0500] {logging_mixin.py:190} INFO - [2025-03-03T19:24:28.422-0500] {dag.py:4180} INFO - Setting next_dagrun for dataset_alias_example_alias_producer to None, run_after=None
[2025-03-03T19:24:28.423-0500] {logging_mixin.py:190} INFO - [2025-03-03T19:24:28.423-0500] {dag.py:4180} INFO - Setting next_dagrun for dataset_s3_bucket_consumer to None, run_after=None
[2025-03-03T19:24:28.423-0500] {logging_mixin.py:190} INFO - [2025-03-03T19:24:28.423-0500] {dag.py:4180} INFO - Setting next_dagrun for dataset_s3_bucket_producer to None, run_after=None
[2025-03-03T19:24:28.429-0500] {processor.py:208} INFO - Processing /Users/kartikvadhawana/anaconda3/lib/python3.12/site-packages/airflow/example_dags/example_dataset_alias.py took 0.074 seconds
[2025-03-03T19:28:48.913-0500] {processor.py:186} INFO - Started process (PID=91529) to work on /Users/kartikvadhawana/anaconda3/lib/python3.12/site-packages/airflow/example_dags/example_dataset_alias.py
[2025-03-03T19:28:48.914-0500] {processor.py:914} INFO - Processing file /Users/kartikvadhawana/anaconda3/lib/python3.12/site-packages/airflow/example_dags/example_dataset_alias.py for tasks to queue
[2025-03-03T19:28:48.915-0500] {logging_mixin.py:190} INFO - [2025-03-03T19:28:48.915-0500] {dagbag.py:588} INFO - Filling up the DagBag from /Users/kartikvadhawana/anaconda3/lib/python3.12/site-packages/airflow/example_dags/example_dataset_alias.py
[2025-03-03T19:28:48.968-0500] {processor.py:925} INFO - DAG(s) 'dataset_s3_bucket_consumer', 'dataset_s3_bucket_producer', 'dataset_alias_example_alias_consumer', 'dataset_alias_example_alias_producer' retrieved from /Users/kartikvadhawana/anaconda3/lib/python3.12/site-packages/airflow/example_dags/example_dataset_alias.py
[2025-03-03T19:28:48.975-0500] {logging_mixin.py:190} INFO - [2025-03-03T19:28:48.975-0500] {dag.py:3239} INFO - Sync 4 DAGs
[2025-03-03T19:28:48.980-0500] {logging_mixin.py:190} INFO - [2025-03-03T19:28:48.980-0500] {dag.py:4180} INFO - Setting next_dagrun for dataset_alias_example_alias_consumer to None, run_after=None
[2025-03-03T19:28:48.981-0500] {logging_mixin.py:190} INFO - [2025-03-03T19:28:48.981-0500] {dag.py:4180} INFO - Setting next_dagrun for dataset_alias_example_alias_producer to None, run_after=None
[2025-03-03T19:28:48.981-0500] {logging_mixin.py:190} INFO - [2025-03-03T19:28:48.981-0500] {dag.py:4180} INFO - Setting next_dagrun for dataset_s3_bucket_consumer to None, run_after=None
[2025-03-03T19:28:48.981-0500] {logging_mixin.py:190} INFO - [2025-03-03T19:28:48.981-0500] {dag.py:4180} INFO - Setting next_dagrun for dataset_s3_bucket_producer to None, run_after=None
[2025-03-03T19:28:48.987-0500] {processor.py:208} INFO - Processing /Users/kartikvadhawana/anaconda3/lib/python3.12/site-packages/airflow/example_dags/example_dataset_alias.py took 0.075 seconds
[2025-03-03T19:31:24.612-0500] {processor.py:186} INFO - Started process (PID=91945) to work on /Users/kartikvadhawana/anaconda3/lib/python3.12/site-packages/airflow/example_dags/example_dataset_alias.py
[2025-03-03T19:31:24.613-0500] {processor.py:914} INFO - Processing file /Users/kartikvadhawana/anaconda3/lib/python3.12/site-packages/airflow/example_dags/example_dataset_alias.py for tasks to queue
[2025-03-03T19:31:24.614-0500] {logging_mixin.py:190} INFO - [2025-03-03T19:31:24.614-0500] {dagbag.py:588} INFO - Filling up the DagBag from /Users/kartikvadhawana/anaconda3/lib/python3.12/site-packages/airflow/example_dags/example_dataset_alias.py
[2025-03-03T19:31:24.668-0500] {processor.py:925} INFO - DAG(s) 'dataset_s3_bucket_consumer', 'dataset_s3_bucket_producer', 'dataset_alias_example_alias_consumer', 'dataset_alias_example_alias_producer' retrieved from /Users/kartikvadhawana/anaconda3/lib/python3.12/site-packages/airflow/example_dags/example_dataset_alias.py
[2025-03-03T19:31:24.675-0500] {logging_mixin.py:190} INFO - [2025-03-03T19:31:24.675-0500] {dag.py:3239} INFO - Sync 4 DAGs
[2025-03-03T19:31:24.680-0500] {logging_mixin.py:190} INFO - [2025-03-03T19:31:24.680-0500] {dag.py:4180} INFO - Setting next_dagrun for dataset_alias_example_alias_consumer to None, run_after=None
[2025-03-03T19:31:24.681-0500] {logging_mixin.py:190} INFO - [2025-03-03T19:31:24.681-0500] {dag.py:4180} INFO - Setting next_dagrun for dataset_alias_example_alias_producer to None, run_after=None
[2025-03-03T19:31:24.681-0500] {logging_mixin.py:190} INFO - [2025-03-03T19:31:24.681-0500] {dag.py:4180} INFO - Setting next_dagrun for dataset_s3_bucket_consumer to None, run_after=None
[2025-03-03T19:31:24.681-0500] {logging_mixin.py:190} INFO - [2025-03-03T19:31:24.681-0500] {dag.py:4180} INFO - Setting next_dagrun for dataset_s3_bucket_producer to None, run_after=None
[2025-03-03T19:31:24.687-0500] {processor.py:208} INFO - Processing /Users/kartikvadhawana/anaconda3/lib/python3.12/site-packages/airflow/example_dags/example_dataset_alias.py took 0.076 seconds
[2025-03-03T19:33:06.000-0500] {processor.py:186} INFO - Started process (PID=92332) to work on /Users/kartikvadhawana/anaconda3/lib/python3.12/site-packages/airflow/example_dags/example_dataset_alias.py
[2025-03-03T19:33:06.001-0500] {processor.py:914} INFO - Processing file /Users/kartikvadhawana/anaconda3/lib/python3.12/site-packages/airflow/example_dags/example_dataset_alias.py for tasks to queue
[2025-03-03T19:33:06.001-0500] {logging_mixin.py:190} INFO - [2025-03-03T19:33:06.001-0500] {dagbag.py:588} INFO - Filling up the DagBag from /Users/kartikvadhawana/anaconda3/lib/python3.12/site-packages/airflow/example_dags/example_dataset_alias.py
[2025-03-03T19:33:06.055-0500] {processor.py:925} INFO - DAG(s) 'dataset_alias_example_alias_producer', 'dataset_alias_example_alias_consumer', 'dataset_s3_bucket_consumer', 'dataset_s3_bucket_producer' retrieved from /Users/kartikvadhawana/anaconda3/lib/python3.12/site-packages/airflow/example_dags/example_dataset_alias.py
[2025-03-03T19:33:06.062-0500] {logging_mixin.py:190} INFO - [2025-03-03T19:33:06.062-0500] {dag.py:3239} INFO - Sync 4 DAGs
[2025-03-03T19:33:06.067-0500] {logging_mixin.py:190} INFO - [2025-03-03T19:33:06.067-0500] {dag.py:4180} INFO - Setting next_dagrun for dataset_alias_example_alias_consumer to None, run_after=None
[2025-03-03T19:33:06.068-0500] {logging_mixin.py:190} INFO - [2025-03-03T19:33:06.068-0500] {dag.py:4180} INFO - Setting next_dagrun for dataset_alias_example_alias_producer to None, run_after=None
[2025-03-03T19:33:06.068-0500] {logging_mixin.py:190} INFO - [2025-03-03T19:33:06.068-0500] {dag.py:4180} INFO - Setting next_dagrun for dataset_s3_bucket_consumer to None, run_after=None
[2025-03-03T19:33:06.068-0500] {logging_mixin.py:190} INFO - [2025-03-03T19:33:06.068-0500] {dag.py:4180} INFO - Setting next_dagrun for dataset_s3_bucket_producer to None, run_after=None
[2025-03-03T19:33:06.074-0500] {processor.py:208} INFO - Processing /Users/kartikvadhawana/anaconda3/lib/python3.12/site-packages/airflow/example_dags/example_dataset_alias.py took 0.075 seconds
[2025-03-03T19:35:42.671-0500] {processor.py:186} INFO - Started process (PID=92687) to work on /Users/kartikvadhawana/anaconda3/lib/python3.12/site-packages/airflow/example_dags/example_dataset_alias.py
[2025-03-03T19:35:42.672-0500] {processor.py:914} INFO - Processing file /Users/kartikvadhawana/anaconda3/lib/python3.12/site-packages/airflow/example_dags/example_dataset_alias.py for tasks to queue
[2025-03-03T19:35:42.673-0500] {logging_mixin.py:190} INFO - [2025-03-03T19:35:42.673-0500] {dagbag.py:588} INFO - Filling up the DagBag from /Users/kartikvadhawana/anaconda3/lib/python3.12/site-packages/airflow/example_dags/example_dataset_alias.py
[2025-03-03T19:35:42.726-0500] {processor.py:925} INFO - DAG(s) 'dataset_alias_example_alias_producer', 'dataset_s3_bucket_producer', 'dataset_s3_bucket_consumer', 'dataset_alias_example_alias_consumer' retrieved from /Users/kartikvadhawana/anaconda3/lib/python3.12/site-packages/airflow/example_dags/example_dataset_alias.py
[2025-03-03T19:35:42.734-0500] {logging_mixin.py:190} INFO - [2025-03-03T19:35:42.733-0500] {dag.py:3239} INFO - Sync 4 DAGs
[2025-03-03T19:35:42.739-0500] {logging_mixin.py:190} INFO - [2025-03-03T19:35:42.738-0500] {dag.py:4180} INFO - Setting next_dagrun for dataset_alias_example_alias_consumer to None, run_after=None
[2025-03-03T19:35:42.739-0500] {logging_mixin.py:190} INFO - [2025-03-03T19:35:42.739-0500] {dag.py:4180} INFO - Setting next_dagrun for dataset_alias_example_alias_producer to None, run_after=None
[2025-03-03T19:35:42.739-0500] {logging_mixin.py:190} INFO - [2025-03-03T19:35:42.739-0500] {dag.py:4180} INFO - Setting next_dagrun for dataset_s3_bucket_consumer to None, run_after=None
[2025-03-03T19:35:42.740-0500] {logging_mixin.py:190} INFO - [2025-03-03T19:35:42.740-0500] {dag.py:4180} INFO - Setting next_dagrun for dataset_s3_bucket_producer to None, run_after=None
[2025-03-03T19:35:42.745-0500] {processor.py:208} INFO - Processing /Users/kartikvadhawana/anaconda3/lib/python3.12/site-packages/airflow/example_dags/example_dataset_alias.py took 0.075 seconds
[2025-03-03T19:38:26.165-0500] {processor.py:186} INFO - Started process (PID=93060) to work on /Users/kartikvadhawana/anaconda3/lib/python3.12/site-packages/airflow/example_dags/example_dataset_alias.py
[2025-03-03T19:38:26.166-0500] {processor.py:914} INFO - Processing file /Users/kartikvadhawana/anaconda3/lib/python3.12/site-packages/airflow/example_dags/example_dataset_alias.py for tasks to queue
[2025-03-03T19:38:26.167-0500] {logging_mixin.py:190} INFO - [2025-03-03T19:38:26.167-0500] {dagbag.py:588} INFO - Filling up the DagBag from /Users/kartikvadhawana/anaconda3/lib/python3.12/site-packages/airflow/example_dags/example_dataset_alias.py
[2025-03-03T19:38:26.222-0500] {processor.py:925} INFO - DAG(s) 'dataset_s3_bucket_consumer', 'dataset_alias_example_alias_consumer', 'dataset_alias_example_alias_producer', 'dataset_s3_bucket_producer' retrieved from /Users/kartikvadhawana/anaconda3/lib/python3.12/site-packages/airflow/example_dags/example_dataset_alias.py
[2025-03-03T19:38:26.230-0500] {logging_mixin.py:190} INFO - [2025-03-03T19:38:26.229-0500] {dag.py:3239} INFO - Sync 4 DAGs
[2025-03-03T19:38:26.235-0500] {logging_mixin.py:190} INFO - [2025-03-03T19:38:26.235-0500] {dag.py:4180} INFO - Setting next_dagrun for dataset_alias_example_alias_consumer to None, run_after=None
[2025-03-03T19:38:26.235-0500] {logging_mixin.py:190} INFO - [2025-03-03T19:38:26.235-0500] {dag.py:4180} INFO - Setting next_dagrun for dataset_alias_example_alias_producer to None, run_after=None
[2025-03-03T19:38:26.235-0500] {logging_mixin.py:190} INFO - [2025-03-03T19:38:26.235-0500] {dag.py:4180} INFO - Setting next_dagrun for dataset_s3_bucket_consumer to None, run_after=None
[2025-03-03T19:38:26.236-0500] {logging_mixin.py:190} INFO - [2025-03-03T19:38:26.236-0500] {dag.py:4180} INFO - Setting next_dagrun for dataset_s3_bucket_producer to None, run_after=None
[2025-03-03T19:38:26.242-0500] {processor.py:208} INFO - Processing /Users/kartikvadhawana/anaconda3/lib/python3.12/site-packages/airflow/example_dags/example_dataset_alias.py took 0.078 seconds
[2025-03-03T19:41:05.487-0500] {processor.py:186} INFO - Started process (PID=93487) to work on /Users/kartikvadhawana/anaconda3/lib/python3.12/site-packages/airflow/example_dags/example_dataset_alias.py
[2025-03-03T19:41:05.488-0500] {processor.py:914} INFO - Processing file /Users/kartikvadhawana/anaconda3/lib/python3.12/site-packages/airflow/example_dags/example_dataset_alias.py for tasks to queue
[2025-03-03T19:41:05.488-0500] {logging_mixin.py:190} INFO - [2025-03-03T19:41:05.488-0500] {dagbag.py:588} INFO - Filling up the DagBag from /Users/kartikvadhawana/anaconda3/lib/python3.12/site-packages/airflow/example_dags/example_dataset_alias.py
[2025-03-03T19:41:05.541-0500] {processor.py:925} INFO - DAG(s) 'dataset_s3_bucket_producer', 'dataset_alias_example_alias_consumer', 'dataset_s3_bucket_consumer', 'dataset_alias_example_alias_producer' retrieved from /Users/kartikvadhawana/anaconda3/lib/python3.12/site-packages/airflow/example_dags/example_dataset_alias.py
[2025-03-03T19:41:05.548-0500] {logging_mixin.py:190} INFO - [2025-03-03T19:41:05.548-0500] {dag.py:3239} INFO - Sync 4 DAGs
[2025-03-03T19:41:05.553-0500] {logging_mixin.py:190} INFO - [2025-03-03T19:41:05.553-0500] {dag.py:4180} INFO - Setting next_dagrun for dataset_alias_example_alias_consumer to None, run_after=None
[2025-03-03T19:41:05.553-0500] {logging_mixin.py:190} INFO - [2025-03-03T19:41:05.553-0500] {dag.py:4180} INFO - Setting next_dagrun for dataset_alias_example_alias_producer to None, run_after=None
[2025-03-03T19:41:05.554-0500] {logging_mixin.py:190} INFO - [2025-03-03T19:41:05.553-0500] {dag.py:4180} INFO - Setting next_dagrun for dataset_s3_bucket_consumer to None, run_after=None
[2025-03-03T19:41:05.554-0500] {logging_mixin.py:190} INFO - [2025-03-03T19:41:05.554-0500] {dag.py:4180} INFO - Setting next_dagrun for dataset_s3_bucket_producer to None, run_after=None
[2025-03-03T19:41:05.560-0500] {processor.py:208} INFO - Processing /Users/kartikvadhawana/anaconda3/lib/python3.12/site-packages/airflow/example_dags/example_dataset_alias.py took 0.074 seconds
[2025-03-03T19:43:01.845-0500] {processor.py:186} INFO - Started process (PID=93902) to work on /Users/kartikvadhawana/anaconda3/lib/python3.12/site-packages/airflow/example_dags/example_dataset_alias.py
[2025-03-03T19:43:01.846-0500] {processor.py:914} INFO - Processing file /Users/kartikvadhawana/anaconda3/lib/python3.12/site-packages/airflow/example_dags/example_dataset_alias.py for tasks to queue
[2025-03-03T19:43:01.846-0500] {logging_mixin.py:190} INFO - [2025-03-03T19:43:01.846-0500] {dagbag.py:588} INFO - Filling up the DagBag from /Users/kartikvadhawana/anaconda3/lib/python3.12/site-packages/airflow/example_dags/example_dataset_alias.py
[2025-03-03T19:43:01.901-0500] {processor.py:925} INFO - DAG(s) 'dataset_alias_example_alias_producer', 'dataset_s3_bucket_consumer', 'dataset_s3_bucket_producer', 'dataset_alias_example_alias_consumer' retrieved from /Users/kartikvadhawana/anaconda3/lib/python3.12/site-packages/airflow/example_dags/example_dataset_alias.py
[2025-03-03T19:43:01.910-0500] {logging_mixin.py:190} INFO - [2025-03-03T19:43:01.909-0500] {dag.py:3239} INFO - Sync 4 DAGs
[2025-03-03T19:43:01.915-0500] {logging_mixin.py:190} INFO - [2025-03-03T19:43:01.915-0500] {dag.py:4180} INFO - Setting next_dagrun for dataset_alias_example_alias_consumer to None, run_after=None
[2025-03-03T19:43:01.915-0500] {logging_mixin.py:190} INFO - [2025-03-03T19:43:01.915-0500] {dag.py:4180} INFO - Setting next_dagrun for dataset_alias_example_alias_producer to None, run_after=None
[2025-03-03T19:43:01.916-0500] {logging_mixin.py:190} INFO - [2025-03-03T19:43:01.916-0500] {dag.py:4180} INFO - Setting next_dagrun for dataset_s3_bucket_consumer to None, run_after=None
[2025-03-03T19:43:01.916-0500] {logging_mixin.py:190} INFO - [2025-03-03T19:43:01.916-0500] {dag.py:4180} INFO - Setting next_dagrun for dataset_s3_bucket_producer to None, run_after=None
[2025-03-03T19:43:01.922-0500] {processor.py:208} INFO - Processing /Users/kartikvadhawana/anaconda3/lib/python3.12/site-packages/airflow/example_dags/example_dataset_alias.py took 0.078 seconds
[2025-03-03T19:49:29.950-0500] {processor.py:186} INFO - Started process (PID=94773) to work on /Users/kartikvadhawana/anaconda3/lib/python3.12/site-packages/airflow/example_dags/example_dataset_alias.py
[2025-03-03T19:49:29.951-0500] {processor.py:914} INFO - Processing file /Users/kartikvadhawana/anaconda3/lib/python3.12/site-packages/airflow/example_dags/example_dataset_alias.py for tasks to queue
[2025-03-03T19:49:29.951-0500] {logging_mixin.py:190} INFO - [2025-03-03T19:49:29.951-0500] {dagbag.py:588} INFO - Filling up the DagBag from /Users/kartikvadhawana/anaconda3/lib/python3.12/site-packages/airflow/example_dags/example_dataset_alias.py
[2025-03-03T19:49:30.008-0500] {processor.py:925} INFO - DAG(s) 'dataset_s3_bucket_consumer', 'dataset_alias_example_alias_consumer', 'dataset_alias_example_alias_producer', 'dataset_s3_bucket_producer' retrieved from /Users/kartikvadhawana/anaconda3/lib/python3.12/site-packages/airflow/example_dags/example_dataset_alias.py
[2025-03-03T19:49:30.016-0500] {logging_mixin.py:190} INFO - [2025-03-03T19:49:30.016-0500] {dag.py:3239} INFO - Sync 4 DAGs
[2025-03-03T19:49:30.021-0500] {logging_mixin.py:190} INFO - [2025-03-03T19:49:30.021-0500] {dag.py:4180} INFO - Setting next_dagrun for dataset_alias_example_alias_consumer to None, run_after=None
[2025-03-03T19:49:30.022-0500] {logging_mixin.py:190} INFO - [2025-03-03T19:49:30.022-0500] {dag.py:4180} INFO - Setting next_dagrun for dataset_alias_example_alias_producer to None, run_after=None
[2025-03-03T19:49:30.022-0500] {logging_mixin.py:190} INFO - [2025-03-03T19:49:30.022-0500] {dag.py:4180} INFO - Setting next_dagrun for dataset_s3_bucket_consumer to None, run_after=None
[2025-03-03T19:49:30.022-0500] {logging_mixin.py:190} INFO - [2025-03-03T19:49:30.022-0500] {dag.py:4180} INFO - Setting next_dagrun for dataset_s3_bucket_producer to None, run_after=None
[2025-03-03T19:49:30.029-0500] {processor.py:208} INFO - Processing /Users/kartikvadhawana/anaconda3/lib/python3.12/site-packages/airflow/example_dags/example_dataset_alias.py took 0.081 seconds
[2025-03-03T19:52:08.623-0500] {processor.py:186} INFO - Started process (PID=94967) to work on /Users/kartikvadhawana/anaconda3/lib/python3.12/site-packages/airflow/example_dags/example_dataset_alias.py
[2025-03-03T19:52:08.624-0500] {processor.py:914} INFO - Processing file /Users/kartikvadhawana/anaconda3/lib/python3.12/site-packages/airflow/example_dags/example_dataset_alias.py for tasks to queue
[2025-03-03T19:52:08.624-0500] {logging_mixin.py:190} INFO - [2025-03-03T19:52:08.624-0500] {dagbag.py:588} INFO - Filling up the DagBag from /Users/kartikvadhawana/anaconda3/lib/python3.12/site-packages/airflow/example_dags/example_dataset_alias.py
[2025-03-03T19:52:08.676-0500] {processor.py:925} INFO - DAG(s) 'dataset_alias_example_alias_consumer', 'dataset_s3_bucket_producer', 'dataset_s3_bucket_consumer', 'dataset_alias_example_alias_producer' retrieved from /Users/kartikvadhawana/anaconda3/lib/python3.12/site-packages/airflow/example_dags/example_dataset_alias.py
[2025-03-03T19:52:08.683-0500] {logging_mixin.py:190} INFO - [2025-03-03T19:52:08.683-0500] {dag.py:3239} INFO - Sync 4 DAGs
[2025-03-03T19:52:08.688-0500] {logging_mixin.py:190} INFO - [2025-03-03T19:52:08.688-0500] {dag.py:4180} INFO - Setting next_dagrun for dataset_alias_example_alias_consumer to None, run_after=None
[2025-03-03T19:52:08.689-0500] {logging_mixin.py:190} INFO - [2025-03-03T19:52:08.689-0500] {dag.py:4180} INFO - Setting next_dagrun for dataset_alias_example_alias_producer to None, run_after=None
[2025-03-03T19:52:08.689-0500] {logging_mixin.py:190} INFO - [2025-03-03T19:52:08.689-0500] {dag.py:4180} INFO - Setting next_dagrun for dataset_s3_bucket_consumer to None, run_after=None
[2025-03-03T19:52:08.689-0500] {logging_mixin.py:190} INFO - [2025-03-03T19:52:08.689-0500] {dag.py:4180} INFO - Setting next_dagrun for dataset_s3_bucket_producer to None, run_after=None
[2025-03-03T19:52:08.695-0500] {processor.py:208} INFO - Processing /Users/kartikvadhawana/anaconda3/lib/python3.12/site-packages/airflow/example_dags/example_dataset_alias.py took 0.073 seconds
[2025-03-03T19:54:53.465-0500] {processor.py:186} INFO - Started process (PID=95373) to work on /Users/kartikvadhawana/anaconda3/lib/python3.12/site-packages/airflow/example_dags/example_dataset_alias.py
[2025-03-03T19:54:53.465-0500] {processor.py:914} INFO - Processing file /Users/kartikvadhawana/anaconda3/lib/python3.12/site-packages/airflow/example_dags/example_dataset_alias.py for tasks to queue
[2025-03-03T19:54:53.466-0500] {logging_mixin.py:190} INFO - [2025-03-03T19:54:53.466-0500] {dagbag.py:588} INFO - Filling up the DagBag from /Users/kartikvadhawana/anaconda3/lib/python3.12/site-packages/airflow/example_dags/example_dataset_alias.py
[2025-03-03T19:54:53.519-0500] {processor.py:925} INFO - DAG(s) 'dataset_s3_bucket_consumer', 'dataset_alias_example_alias_producer', 'dataset_s3_bucket_producer', 'dataset_alias_example_alias_consumer' retrieved from /Users/kartikvadhawana/anaconda3/lib/python3.12/site-packages/airflow/example_dags/example_dataset_alias.py
[2025-03-03T19:54:53.527-0500] {logging_mixin.py:190} INFO - [2025-03-03T19:54:53.526-0500] {dag.py:3239} INFO - Sync 4 DAGs
[2025-03-03T19:54:53.531-0500] {logging_mixin.py:190} INFO - [2025-03-03T19:54:53.531-0500] {dag.py:4180} INFO - Setting next_dagrun for dataset_alias_example_alias_consumer to None, run_after=None
[2025-03-03T19:54:53.532-0500] {logging_mixin.py:190} INFO - [2025-03-03T19:54:53.532-0500] {dag.py:4180} INFO - Setting next_dagrun for dataset_alias_example_alias_producer to None, run_after=None
[2025-03-03T19:54:53.532-0500] {logging_mixin.py:190} INFO - [2025-03-03T19:54:53.532-0500] {dag.py:4180} INFO - Setting next_dagrun for dataset_s3_bucket_consumer to None, run_after=None
[2025-03-03T19:54:53.532-0500] {logging_mixin.py:190} INFO - [2025-03-03T19:54:53.532-0500] {dag.py:4180} INFO - Setting next_dagrun for dataset_s3_bucket_producer to None, run_after=None
[2025-03-03T19:54:53.538-0500] {processor.py:208} INFO - Processing /Users/kartikvadhawana/anaconda3/lib/python3.12/site-packages/airflow/example_dags/example_dataset_alias.py took 0.075 seconds
[2025-03-03T19:57:38.149-0500] {processor.py:186} INFO - Started process (PID=95813) to work on /Users/kartikvadhawana/anaconda3/lib/python3.12/site-packages/airflow/example_dags/example_dataset_alias.py
[2025-03-03T19:57:38.150-0500] {processor.py:914} INFO - Processing file /Users/kartikvadhawana/anaconda3/lib/python3.12/site-packages/airflow/example_dags/example_dataset_alias.py for tasks to queue
[2025-03-03T19:57:38.150-0500] {logging_mixin.py:190} INFO - [2025-03-03T19:57:38.150-0500] {dagbag.py:588} INFO - Filling up the DagBag from /Users/kartikvadhawana/anaconda3/lib/python3.12/site-packages/airflow/example_dags/example_dataset_alias.py
[2025-03-03T19:57:38.204-0500] {processor.py:925} INFO - DAG(s) 'dataset_s3_bucket_producer', 'dataset_alias_example_alias_consumer', 'dataset_alias_example_alias_producer', 'dataset_s3_bucket_consumer' retrieved from /Users/kartikvadhawana/anaconda3/lib/python3.12/site-packages/airflow/example_dags/example_dataset_alias.py
[2025-03-03T19:57:38.211-0500] {logging_mixin.py:190} INFO - [2025-03-03T19:57:38.211-0500] {dag.py:3239} INFO - Sync 4 DAGs
[2025-03-03T19:57:38.216-0500] {logging_mixin.py:190} INFO - [2025-03-03T19:57:38.216-0500] {dag.py:4180} INFO - Setting next_dagrun for dataset_alias_example_alias_consumer to None, run_after=None
[2025-03-03T19:57:38.216-0500] {logging_mixin.py:190} INFO - [2025-03-03T19:57:38.216-0500] {dag.py:4180} INFO - Setting next_dagrun for dataset_alias_example_alias_producer to None, run_after=None
[2025-03-03T19:57:38.217-0500] {logging_mixin.py:190} INFO - [2025-03-03T19:57:38.217-0500] {dag.py:4180} INFO - Setting next_dagrun for dataset_s3_bucket_consumer to None, run_after=None
[2025-03-03T19:57:38.217-0500] {logging_mixin.py:190} INFO - [2025-03-03T19:57:38.217-0500] {dag.py:4180} INFO - Setting next_dagrun for dataset_s3_bucket_producer to None, run_after=None
[2025-03-03T19:57:38.223-0500] {processor.py:208} INFO - Processing /Users/kartikvadhawana/anaconda3/lib/python3.12/site-packages/airflow/example_dags/example_dataset_alias.py took 0.075 seconds
[2025-03-03T20:00:20.613-0500] {processor.py:186} INFO - Started process (PID=96061) to work on /Users/kartikvadhawana/anaconda3/lib/python3.12/site-packages/airflow/example_dags/example_dataset_alias.py
[2025-03-03T20:00:20.615-0500] {processor.py:914} INFO - Processing file /Users/kartikvadhawana/anaconda3/lib/python3.12/site-packages/airflow/example_dags/example_dataset_alias.py for tasks to queue
[2025-03-03T20:00:20.615-0500] {logging_mixin.py:190} INFO - [2025-03-03T20:00:20.615-0500] {dagbag.py:588} INFO - Filling up the DagBag from /Users/kartikvadhawana/anaconda3/lib/python3.12/site-packages/airflow/example_dags/example_dataset_alias.py
[2025-03-03T20:00:20.668-0500] {processor.py:925} INFO - DAG(s) 'dataset_s3_bucket_consumer', 'dataset_alias_example_alias_consumer', 'dataset_s3_bucket_producer', 'dataset_alias_example_alias_producer' retrieved from /Users/kartikvadhawana/anaconda3/lib/python3.12/site-packages/airflow/example_dags/example_dataset_alias.py
[2025-03-03T20:00:20.675-0500] {logging_mixin.py:190} INFO - [2025-03-03T20:00:20.675-0500] {dag.py:3239} INFO - Sync 4 DAGs
[2025-03-03T20:00:20.680-0500] {logging_mixin.py:190} INFO - [2025-03-03T20:00:20.680-0500] {dag.py:4180} INFO - Setting next_dagrun for dataset_alias_example_alias_consumer to None, run_after=None
[2025-03-03T20:00:20.680-0500] {logging_mixin.py:190} INFO - [2025-03-03T20:00:20.680-0500] {dag.py:4180} INFO - Setting next_dagrun for dataset_alias_example_alias_producer to None, run_after=None
[2025-03-03T20:00:20.680-0500] {logging_mixin.py:190} INFO - [2025-03-03T20:00:20.680-0500] {dag.py:4180} INFO - Setting next_dagrun for dataset_s3_bucket_consumer to None, run_after=None
[2025-03-03T20:00:20.681-0500] {logging_mixin.py:190} INFO - [2025-03-03T20:00:20.681-0500] {dag.py:4180} INFO - Setting next_dagrun for dataset_s3_bucket_producer to None, run_after=None
[2025-03-03T20:00:20.687-0500] {processor.py:208} INFO - Processing /Users/kartikvadhawana/anaconda3/lib/python3.12/site-packages/airflow/example_dags/example_dataset_alias.py took 0.074 seconds
