[2025-03-03T19:22:04.930-0500] {processor.py:186} INFO - Started process (PID=89977) to work on /Users/kartikvadhawana/anaconda3/lib/python3.12/site-packages/airflow/example_dags/example_branch_datetime_operator.py
[2025-03-03T19:22:04.930-0500] {processor.py:914} INFO - Processing file /Users/kartikvadhawana/anaconda3/lib/python3.12/site-packages/airflow/example_dags/example_branch_datetime_operator.py for tasks to queue
[2025-03-03T19:22:04.931-0500] {logging_mixin.py:190} INFO - [2025-03-03T19:22:04.930-0500] {dagbag.py:588} INFO - Filling up the DagBag from /Users/kartikvadhawana/anaconda3/lib/python3.12/site-packages/airflow/example_dags/example_branch_datetime_operator.py
[2025-03-03T19:22:04.935-0500] {processor.py:925} INFO - DAG(s) 'example_branch_datetime_operator', 'example_branch_datetime_operator_3', 'example_branch_datetime_operator_2' retrieved from /Users/kartikvadhawana/anaconda3/lib/python3.12/site-packages/airflow/example_dags/example_branch_datetime_operator.py
[2025-03-03T19:22:04.986-0500] {logging_mixin.py:190} INFO - [2025-03-03T19:22:04.986-0500] {override.py:1930} INFO - Created Permission View: can read on DAG:example_branch_datetime_operator
[2025-03-03T19:22:04.989-0500] {logging_mixin.py:190} INFO - [2025-03-03T19:22:04.989-0500] {override.py:1930} INFO - Created Permission View: can delete on DAG:example_branch_datetime_operator
[2025-03-03T19:22:04.990-0500] {logging_mixin.py:190} INFO - [2025-03-03T19:22:04.990-0500] {override.py:1930} INFO - Created Permission View: can edit on DAG:example_branch_datetime_operator
[2025-03-03T19:22:04.992-0500] {logging_mixin.py:190} INFO - [2025-03-03T19:22:04.992-0500] {override.py:1930} INFO - Created Permission View: can read on DAG Run:example_branch_datetime_operator
[2025-03-03T19:22:04.994-0500] {logging_mixin.py:190} INFO - [2025-03-03T19:22:04.994-0500] {override.py:1930} INFO - Created Permission View: menu access on DAG Run:example_branch_datetime_operator
[2025-03-03T19:22:04.995-0500] {logging_mixin.py:190} INFO - [2025-03-03T19:22:04.995-0500] {override.py:1930} INFO - Created Permission View: can delete on DAG Run:example_branch_datetime_operator
[2025-03-03T19:22:04.996-0500] {logging_mixin.py:190} INFO - [2025-03-03T19:22:04.996-0500] {override.py:1930} INFO - Created Permission View: can create on DAG Run:example_branch_datetime_operator
[2025-03-03T19:22:04.999-0500] {logging_mixin.py:190} INFO - [2025-03-03T19:22:04.999-0500] {override.py:1930} INFO - Created Permission View: can read on DAG:example_branch_datetime_operator_3
[2025-03-03T19:22:05.001-0500] {logging_mixin.py:190} INFO - [2025-03-03T19:22:05.001-0500] {override.py:1930} INFO - Created Permission View: can delete on DAG:example_branch_datetime_operator_3
[2025-03-03T19:22:05.002-0500] {logging_mixin.py:190} INFO - [2025-03-03T19:22:05.002-0500] {override.py:1930} INFO - Created Permission View: can edit on DAG:example_branch_datetime_operator_3
[2025-03-03T19:22:05.004-0500] {logging_mixin.py:190} INFO - [2025-03-03T19:22:05.004-0500] {override.py:1930} INFO - Created Permission View: can read on DAG Run:example_branch_datetime_operator_3
[2025-03-03T19:22:05.005-0500] {logging_mixin.py:190} INFO - [2025-03-03T19:22:05.005-0500] {override.py:1930} INFO - Created Permission View: menu access on DAG Run:example_branch_datetime_operator_3
[2025-03-03T19:22:05.007-0500] {logging_mixin.py:190} INFO - [2025-03-03T19:22:05.006-0500] {override.py:1930} INFO - Created Permission View: can delete on DAG Run:example_branch_datetime_operator_3
[2025-03-03T19:22:05.008-0500] {logging_mixin.py:190} INFO - [2025-03-03T19:22:05.008-0500] {override.py:1930} INFO - Created Permission View: can create on DAG Run:example_branch_datetime_operator_3
[2025-03-03T19:22:05.011-0500] {logging_mixin.py:190} INFO - [2025-03-03T19:22:05.011-0500] {override.py:1930} INFO - Created Permission View: can read on DAG:example_branch_datetime_operator_2
[2025-03-03T19:22:05.012-0500] {logging_mixin.py:190} INFO - [2025-03-03T19:22:05.012-0500] {override.py:1930} INFO - Created Permission View: can delete on DAG:example_branch_datetime_operator_2
[2025-03-03T19:22:05.013-0500] {logging_mixin.py:190} INFO - [2025-03-03T19:22:05.013-0500] {override.py:1930} INFO - Created Permission View: can edit on DAG:example_branch_datetime_operator_2
[2025-03-03T19:22:05.015-0500] {logging_mixin.py:190} INFO - [2025-03-03T19:22:05.015-0500] {override.py:1930} INFO - Created Permission View: can read on DAG Run:example_branch_datetime_operator_2
[2025-03-03T19:22:05.016-0500] {logging_mixin.py:190} INFO - [2025-03-03T19:22:05.016-0500] {override.py:1930} INFO - Created Permission View: menu access on DAG Run:example_branch_datetime_operator_2
[2025-03-03T19:22:05.018-0500] {logging_mixin.py:190} INFO - [2025-03-03T19:22:05.018-0500] {override.py:1930} INFO - Created Permission View: can delete on DAG Run:example_branch_datetime_operator_2
[2025-03-03T19:22:05.019-0500] {logging_mixin.py:190} INFO - [2025-03-03T19:22:05.019-0500] {override.py:1930} INFO - Created Permission View: can create on DAG Run:example_branch_datetime_operator_2
[2025-03-03T19:22:05.019-0500] {logging_mixin.py:190} INFO - [2025-03-03T19:22:05.019-0500] {dag.py:3239} INFO - Sync 3 DAGs
[2025-03-03T19:22:05.022-0500] {logging_mixin.py:190} INFO - [2025-03-03T19:22:05.022-0500] {dag.py:3262} INFO - Creating ORM DAG for example_branch_datetime_operator_2
[2025-03-03T19:22:05.023-0500] {logging_mixin.py:190} INFO - [2025-03-03T19:22:05.022-0500] {dag.py:3262} INFO - Creating ORM DAG for example_branch_datetime_operator
[2025-03-03T19:22:05.023-0500] {logging_mixin.py:190} INFO - [2025-03-03T19:22:05.023-0500] {dag.py:3262} INFO - Creating ORM DAG for example_branch_datetime_operator_3
[2025-03-03T19:22:05.025-0500] {logging_mixin.py:190} INFO - [2025-03-03T19:22:05.025-0500] {dag.py:4180} INFO - Setting next_dagrun for example_branch_datetime_operator to 2025-03-03 00:00:00+00:00, run_after=2025-03-04 00:00:00+00:00
[2025-03-03T19:22:05.025-0500] {logging_mixin.py:190} INFO - [2025-03-03T19:22:05.025-0500] {dag.py:4180} INFO - Setting next_dagrun for example_branch_datetime_operator_2 to 2025-03-03 00:00:00+00:00, run_after=2025-03-04 00:00:00+00:00
[2025-03-03T19:22:05.026-0500] {logging_mixin.py:190} INFO - [2025-03-03T19:22:05.026-0500] {dag.py:4180} INFO - Setting next_dagrun for example_branch_datetime_operator_3 to 2025-03-03 00:00:00+00:00, run_after=2025-03-04 00:00:00+00:00
[2025-03-03T19:22:05.031-0500] {processor.py:208} INFO - Processing /Users/kartikvadhawana/anaconda3/lib/python3.12/site-packages/airflow/example_dags/example_branch_datetime_operator.py took 0.102 seconds
[2025-03-03T19:24:43.664-0500] {processor.py:186} INFO - Started process (PID=90520) to work on /Users/kartikvadhawana/anaconda3/lib/python3.12/site-packages/airflow/example_dags/example_branch_datetime_operator.py
[2025-03-03T19:24:43.665-0500] {processor.py:914} INFO - Processing file /Users/kartikvadhawana/anaconda3/lib/python3.12/site-packages/airflow/example_dags/example_branch_datetime_operator.py for tasks to queue
[2025-03-03T19:24:43.665-0500] {logging_mixin.py:190} INFO - [2025-03-03T19:24:43.665-0500] {dagbag.py:588} INFO - Filling up the DagBag from /Users/kartikvadhawana/anaconda3/lib/python3.12/site-packages/airflow/example_dags/example_branch_datetime_operator.py
[2025-03-03T19:24:43.670-0500] {processor.py:925} INFO - DAG(s) 'example_branch_datetime_operator_3', 'example_branch_datetime_operator_2', 'example_branch_datetime_operator' retrieved from /Users/kartikvadhawana/anaconda3/lib/python3.12/site-packages/airflow/example_dags/example_branch_datetime_operator.py
[2025-03-03T19:24:43.698-0500] {logging_mixin.py:190} INFO - [2025-03-03T19:24:43.698-0500] {dag.py:3239} INFO - Sync 3 DAGs
[2025-03-03T19:24:43.703-0500] {logging_mixin.py:190} INFO - [2025-03-03T19:24:43.703-0500] {dag.py:4180} INFO - Setting next_dagrun for example_branch_datetime_operator to 2025-03-03 00:00:00+00:00, run_after=2025-03-04 00:00:00+00:00
[2025-03-03T19:24:43.704-0500] {logging_mixin.py:190} INFO - [2025-03-03T19:24:43.704-0500] {dag.py:4180} INFO - Setting next_dagrun for example_branch_datetime_operator_2 to 2025-03-03 00:00:00+00:00, run_after=2025-03-04 00:00:00+00:00
[2025-03-03T19:24:43.705-0500] {logging_mixin.py:190} INFO - [2025-03-03T19:24:43.705-0500] {dag.py:4180} INFO - Setting next_dagrun for example_branch_datetime_operator_3 to 2025-03-03 00:00:00+00:00, run_after=2025-03-04 00:00:00+00:00
[2025-03-03T19:24:43.710-0500] {processor.py:208} INFO - Processing /Users/kartikvadhawana/anaconda3/lib/python3.12/site-packages/airflow/example_dags/example_branch_datetime_operator.py took 0.047 seconds
[2025-03-03T19:29:03.251-0500] {processor.py:186} INFO - Started process (PID=91545) to work on /Users/kartikvadhawana/anaconda3/lib/python3.12/site-packages/airflow/example_dags/example_branch_datetime_operator.py
[2025-03-03T19:29:03.252-0500] {processor.py:914} INFO - Processing file /Users/kartikvadhawana/anaconda3/lib/python3.12/site-packages/airflow/example_dags/example_branch_datetime_operator.py for tasks to queue
[2025-03-03T19:29:03.253-0500] {logging_mixin.py:190} INFO - [2025-03-03T19:29:03.253-0500] {dagbag.py:588} INFO - Filling up the DagBag from /Users/kartikvadhawana/anaconda3/lib/python3.12/site-packages/airflow/example_dags/example_branch_datetime_operator.py
[2025-03-03T19:29:03.257-0500] {processor.py:925} INFO - DAG(s) 'example_branch_datetime_operator_3', 'example_branch_datetime_operator_2', 'example_branch_datetime_operator' retrieved from /Users/kartikvadhawana/anaconda3/lib/python3.12/site-packages/airflow/example_dags/example_branch_datetime_operator.py
[2025-03-03T19:29:03.286-0500] {logging_mixin.py:190} INFO - [2025-03-03T19:29:03.286-0500] {dag.py:3239} INFO - Sync 3 DAGs
[2025-03-03T19:29:03.292-0500] {logging_mixin.py:190} INFO - [2025-03-03T19:29:03.292-0500] {dag.py:4180} INFO - Setting next_dagrun for example_branch_datetime_operator to 2025-03-03 00:00:00+00:00, run_after=2025-03-04 00:00:00+00:00
[2025-03-03T19:29:03.293-0500] {logging_mixin.py:190} INFO - [2025-03-03T19:29:03.293-0500] {dag.py:4180} INFO - Setting next_dagrun for example_branch_datetime_operator_2 to 2025-03-03 00:00:00+00:00, run_after=2025-03-04 00:00:00+00:00
[2025-03-03T19:29:03.294-0500] {logging_mixin.py:190} INFO - [2025-03-03T19:29:03.294-0500] {dag.py:4180} INFO - Setting next_dagrun for example_branch_datetime_operator_3 to 2025-03-03 00:00:00+00:00, run_after=2025-03-04 00:00:00+00:00
[2025-03-03T19:29:03.299-0500] {processor.py:208} INFO - Processing /Users/kartikvadhawana/anaconda3/lib/python3.12/site-packages/airflow/example_dags/example_branch_datetime_operator.py took 0.049 seconds
[2025-03-03T19:33:20.712-0500] {processor.py:186} INFO - Started process (PID=92367) to work on /Users/kartikvadhawana/anaconda3/lib/python3.12/site-packages/airflow/example_dags/example_branch_datetime_operator.py
[2025-03-03T19:33:20.713-0500] {processor.py:914} INFO - Processing file /Users/kartikvadhawana/anaconda3/lib/python3.12/site-packages/airflow/example_dags/example_branch_datetime_operator.py for tasks to queue
[2025-03-03T19:33:20.714-0500] {logging_mixin.py:190} INFO - [2025-03-03T19:33:20.714-0500] {dagbag.py:588} INFO - Filling up the DagBag from /Users/kartikvadhawana/anaconda3/lib/python3.12/site-packages/airflow/example_dags/example_branch_datetime_operator.py
[2025-03-03T19:33:20.718-0500] {processor.py:925} INFO - DAG(s) 'example_branch_datetime_operator_2', 'example_branch_datetime_operator', 'example_branch_datetime_operator_3' retrieved from /Users/kartikvadhawana/anaconda3/lib/python3.12/site-packages/airflow/example_dags/example_branch_datetime_operator.py
[2025-03-03T19:33:20.746-0500] {logging_mixin.py:190} INFO - [2025-03-03T19:33:20.746-0500] {dag.py:3239} INFO - Sync 3 DAGs
[2025-03-03T19:33:20.752-0500] {logging_mixin.py:190} INFO - [2025-03-03T19:33:20.752-0500] {dag.py:4180} INFO - Setting next_dagrun for example_branch_datetime_operator to 2025-03-03 00:00:00+00:00, run_after=2025-03-04 00:00:00+00:00
[2025-03-03T19:33:20.753-0500] {logging_mixin.py:190} INFO - [2025-03-03T19:33:20.753-0500] {dag.py:4180} INFO - Setting next_dagrun for example_branch_datetime_operator_2 to 2025-03-03 00:00:00+00:00, run_after=2025-03-04 00:00:00+00:00
[2025-03-03T19:33:20.753-0500] {logging_mixin.py:190} INFO - [2025-03-03T19:33:20.753-0500] {dag.py:4180} INFO - Setting next_dagrun for example_branch_datetime_operator_3 to 2025-03-03 00:00:00+00:00, run_after=2025-03-04 00:00:00+00:00
[2025-03-03T19:33:20.758-0500] {processor.py:208} INFO - Processing /Users/kartikvadhawana/anaconda3/lib/python3.12/site-packages/airflow/example_dags/example_branch_datetime_operator.py took 0.047 seconds
[2025-03-03T19:35:57.491-0500] {processor.py:186} INFO - Started process (PID=92719) to work on /Users/kartikvadhawana/anaconda3/lib/python3.12/site-packages/airflow/example_dags/example_branch_datetime_operator.py
[2025-03-03T19:35:57.491-0500] {processor.py:914} INFO - Processing file /Users/kartikvadhawana/anaconda3/lib/python3.12/site-packages/airflow/example_dags/example_branch_datetime_operator.py for tasks to queue
[2025-03-03T19:35:57.492-0500] {logging_mixin.py:190} INFO - [2025-03-03T19:35:57.492-0500] {dagbag.py:588} INFO - Filling up the DagBag from /Users/kartikvadhawana/anaconda3/lib/python3.12/site-packages/airflow/example_dags/example_branch_datetime_operator.py
[2025-03-03T19:35:57.496-0500] {processor.py:925} INFO - DAG(s) 'example_branch_datetime_operator_2', 'example_branch_datetime_operator_3', 'example_branch_datetime_operator' retrieved from /Users/kartikvadhawana/anaconda3/lib/python3.12/site-packages/airflow/example_dags/example_branch_datetime_operator.py
[2025-03-03T19:35:57.526-0500] {logging_mixin.py:190} INFO - [2025-03-03T19:35:57.526-0500] {dag.py:3239} INFO - Sync 3 DAGs
[2025-03-03T19:35:57.531-0500] {logging_mixin.py:190} INFO - [2025-03-03T19:35:57.531-0500] {dag.py:4180} INFO - Setting next_dagrun for example_branch_datetime_operator to 2025-03-03 00:00:00+00:00, run_after=2025-03-04 00:00:00+00:00
[2025-03-03T19:35:57.532-0500] {logging_mixin.py:190} INFO - [2025-03-03T19:35:57.532-0500] {dag.py:4180} INFO - Setting next_dagrun for example_branch_datetime_operator_2 to 2025-03-03 00:00:00+00:00, run_after=2025-03-04 00:00:00+00:00
[2025-03-03T19:35:57.533-0500] {logging_mixin.py:190} INFO - [2025-03-03T19:35:57.533-0500] {dag.py:4180} INFO - Setting next_dagrun for example_branch_datetime_operator_3 to 2025-03-03 00:00:00+00:00, run_after=2025-03-04 00:00:00+00:00
[2025-03-03T19:35:57.538-0500] {processor.py:208} INFO - Processing /Users/kartikvadhawana/anaconda3/lib/python3.12/site-packages/airflow/example_dags/example_branch_datetime_operator.py took 0.048 seconds
[2025-03-03T19:38:39.949-0500] {processor.py:186} INFO - Started process (PID=93092) to work on /Users/kartikvadhawana/anaconda3/lib/python3.12/site-packages/airflow/example_dags/example_branch_datetime_operator.py
[2025-03-03T19:38:39.950-0500] {processor.py:914} INFO - Processing file /Users/kartikvadhawana/anaconda3/lib/python3.12/site-packages/airflow/example_dags/example_branch_datetime_operator.py for tasks to queue
[2025-03-03T19:38:39.950-0500] {logging_mixin.py:190} INFO - [2025-03-03T19:38:39.950-0500] {dagbag.py:588} INFO - Filling up the DagBag from /Users/kartikvadhawana/anaconda3/lib/python3.12/site-packages/airflow/example_dags/example_branch_datetime_operator.py
[2025-03-03T19:38:39.955-0500] {processor.py:925} INFO - DAG(s) 'example_branch_datetime_operator_2', 'example_branch_datetime_operator', 'example_branch_datetime_operator_3' retrieved from /Users/kartikvadhawana/anaconda3/lib/python3.12/site-packages/airflow/example_dags/example_branch_datetime_operator.py
[2025-03-03T19:38:39.984-0500] {logging_mixin.py:190} INFO - [2025-03-03T19:38:39.984-0500] {dag.py:3239} INFO - Sync 3 DAGs
[2025-03-03T19:38:39.989-0500] {logging_mixin.py:190} INFO - [2025-03-03T19:38:39.989-0500] {dag.py:4180} INFO - Setting next_dagrun for example_branch_datetime_operator to 2025-03-03 00:00:00+00:00, run_after=2025-03-04 00:00:00+00:00
[2025-03-03T19:38:39.991-0500] {logging_mixin.py:190} INFO - [2025-03-03T19:38:39.991-0500] {dag.py:4180} INFO - Setting next_dagrun for example_branch_datetime_operator_2 to 2025-03-03 00:00:00+00:00, run_after=2025-03-04 00:00:00+00:00
[2025-03-03T19:38:39.991-0500] {logging_mixin.py:190} INFO - [2025-03-03T19:38:39.991-0500] {dag.py:4180} INFO - Setting next_dagrun for example_branch_datetime_operator_3 to 2025-03-03 00:00:00+00:00, run_after=2025-03-04 00:00:00+00:00
[2025-03-03T19:38:39.996-0500] {processor.py:208} INFO - Processing /Users/kartikvadhawana/anaconda3/lib/python3.12/site-packages/airflow/example_dags/example_branch_datetime_operator.py took 0.049 seconds
[2025-03-03T19:41:19.992-0500] {processor.py:186} INFO - Started process (PID=93547) to work on /Users/kartikvadhawana/anaconda3/lib/python3.12/site-packages/airflow/example_dags/example_branch_datetime_operator.py
[2025-03-03T19:41:19.993-0500] {processor.py:914} INFO - Processing file /Users/kartikvadhawana/anaconda3/lib/python3.12/site-packages/airflow/example_dags/example_branch_datetime_operator.py for tasks to queue
[2025-03-03T19:41:19.994-0500] {logging_mixin.py:190} INFO - [2025-03-03T19:41:19.994-0500] {dagbag.py:588} INFO - Filling up the DagBag from /Users/kartikvadhawana/anaconda3/lib/python3.12/site-packages/airflow/example_dags/example_branch_datetime_operator.py
[2025-03-03T19:41:19.999-0500] {processor.py:925} INFO - DAG(s) 'example_branch_datetime_operator', 'example_branch_datetime_operator_3', 'example_branch_datetime_operator_2' retrieved from /Users/kartikvadhawana/anaconda3/lib/python3.12/site-packages/airflow/example_dags/example_branch_datetime_operator.py
[2025-03-03T19:41:20.027-0500] {logging_mixin.py:190} INFO - [2025-03-03T19:41:20.027-0500] {dag.py:3239} INFO - Sync 3 DAGs
[2025-03-03T19:41:20.032-0500] {logging_mixin.py:190} INFO - [2025-03-03T19:41:20.032-0500] {dag.py:4180} INFO - Setting next_dagrun for example_branch_datetime_operator to 2025-03-03 00:00:00+00:00, run_after=2025-03-04 00:00:00+00:00
[2025-03-03T19:41:20.033-0500] {logging_mixin.py:190} INFO - [2025-03-03T19:41:20.033-0500] {dag.py:4180} INFO - Setting next_dagrun for example_branch_datetime_operator_2 to 2025-03-03 00:00:00+00:00, run_after=2025-03-04 00:00:00+00:00
[2025-03-03T19:41:20.034-0500] {logging_mixin.py:190} INFO - [2025-03-03T19:41:20.034-0500] {dag.py:4180} INFO - Setting next_dagrun for example_branch_datetime_operator_3 to 2025-03-03 00:00:00+00:00, run_after=2025-03-04 00:00:00+00:00
[2025-03-03T19:41:20.038-0500] {processor.py:208} INFO - Processing /Users/kartikvadhawana/anaconda3/lib/python3.12/site-packages/airflow/example_dags/example_branch_datetime_operator.py took 0.047 seconds
[2025-03-03T19:43:15.668-0500] {processor.py:186} INFO - Started process (PID=93933) to work on /Users/kartikvadhawana/anaconda3/lib/python3.12/site-packages/airflow/example_dags/example_branch_datetime_operator.py
[2025-03-03T19:43:15.668-0500] {processor.py:914} INFO - Processing file /Users/kartikvadhawana/anaconda3/lib/python3.12/site-packages/airflow/example_dags/example_branch_datetime_operator.py for tasks to queue
[2025-03-03T19:43:15.669-0500] {logging_mixin.py:190} INFO - [2025-03-03T19:43:15.669-0500] {dagbag.py:588} INFO - Filling up the DagBag from /Users/kartikvadhawana/anaconda3/lib/python3.12/site-packages/airflow/example_dags/example_branch_datetime_operator.py
[2025-03-03T19:43:15.673-0500] {processor.py:925} INFO - DAG(s) 'example_branch_datetime_operator', 'example_branch_datetime_operator_3', 'example_branch_datetime_operator_2' retrieved from /Users/kartikvadhawana/anaconda3/lib/python3.12/site-packages/airflow/example_dags/example_branch_datetime_operator.py
[2025-03-03T19:43:15.702-0500] {logging_mixin.py:190} INFO - [2025-03-03T19:43:15.702-0500] {dag.py:3239} INFO - Sync 3 DAGs
[2025-03-03T19:43:15.707-0500] {logging_mixin.py:190} INFO - [2025-03-03T19:43:15.707-0500] {dag.py:4180} INFO - Setting next_dagrun for example_branch_datetime_operator to 2025-03-03 00:00:00+00:00, run_after=2025-03-04 00:00:00+00:00
[2025-03-03T19:43:15.708-0500] {logging_mixin.py:190} INFO - [2025-03-03T19:43:15.708-0500] {dag.py:4180} INFO - Setting next_dagrun for example_branch_datetime_operator_2 to 2025-03-03 00:00:00+00:00, run_after=2025-03-04 00:00:00+00:00
[2025-03-03T19:43:15.709-0500] {logging_mixin.py:190} INFO - [2025-03-03T19:43:15.709-0500] {dag.py:4180} INFO - Setting next_dagrun for example_branch_datetime_operator_3 to 2025-03-03 00:00:00+00:00, run_after=2025-03-04 00:00:00+00:00
[2025-03-03T19:43:15.713-0500] {processor.py:208} INFO - Processing /Users/kartikvadhawana/anaconda3/lib/python3.12/site-packages/airflow/example_dags/example_branch_datetime_operator.py took 0.047 seconds
[2025-03-03T19:49:43.895-0500] {processor.py:186} INFO - Started process (PID=94792) to work on /Users/kartikvadhawana/anaconda3/lib/python3.12/site-packages/airflow/example_dags/example_branch_datetime_operator.py
[2025-03-03T19:49:43.895-0500] {processor.py:914} INFO - Processing file /Users/kartikvadhawana/anaconda3/lib/python3.12/site-packages/airflow/example_dags/example_branch_datetime_operator.py for tasks to queue
[2025-03-03T19:49:43.896-0500] {logging_mixin.py:190} INFO - [2025-03-03T19:49:43.896-0500] {dagbag.py:588} INFO - Filling up the DagBag from /Users/kartikvadhawana/anaconda3/lib/python3.12/site-packages/airflow/example_dags/example_branch_datetime_operator.py
[2025-03-03T19:49:43.900-0500] {processor.py:925} INFO - DAG(s) 'example_branch_datetime_operator_3', 'example_branch_datetime_operator', 'example_branch_datetime_operator_2' retrieved from /Users/kartikvadhawana/anaconda3/lib/python3.12/site-packages/airflow/example_dags/example_branch_datetime_operator.py
[2025-03-03T19:49:43.928-0500] {logging_mixin.py:190} INFO - [2025-03-03T19:49:43.928-0500] {dag.py:3239} INFO - Sync 3 DAGs
[2025-03-03T19:49:43.933-0500] {logging_mixin.py:190} INFO - [2025-03-03T19:49:43.933-0500] {dag.py:4180} INFO - Setting next_dagrun for example_branch_datetime_operator to 2025-03-03 00:00:00+00:00, run_after=2025-03-04 00:00:00+00:00
[2025-03-03T19:49:43.934-0500] {logging_mixin.py:190} INFO - [2025-03-03T19:49:43.934-0500] {dag.py:4180} INFO - Setting next_dagrun for example_branch_datetime_operator_2 to 2025-03-03 00:00:00+00:00, run_after=2025-03-04 00:00:00+00:00
[2025-03-03T19:49:43.935-0500] {logging_mixin.py:190} INFO - [2025-03-03T19:49:43.934-0500] {dag.py:4180} INFO - Setting next_dagrun for example_branch_datetime_operator_3 to 2025-03-03 00:00:00+00:00, run_after=2025-03-04 00:00:00+00:00
[2025-03-03T19:49:43.939-0500] {processor.py:208} INFO - Processing /Users/kartikvadhawana/anaconda3/lib/python3.12/site-packages/airflow/example_dags/example_branch_datetime_operator.py took 0.045 seconds
[2025-03-03T19:52:22.684-0500] {processor.py:186} INFO - Started process (PID=94985) to work on /Users/kartikvadhawana/anaconda3/lib/python3.12/site-packages/airflow/example_dags/example_branch_datetime_operator.py
[2025-03-03T19:52:22.684-0500] {processor.py:914} INFO - Processing file /Users/kartikvadhawana/anaconda3/lib/python3.12/site-packages/airflow/example_dags/example_branch_datetime_operator.py for tasks to queue
[2025-03-03T19:52:22.685-0500] {logging_mixin.py:190} INFO - [2025-03-03T19:52:22.685-0500] {dagbag.py:588} INFO - Filling up the DagBag from /Users/kartikvadhawana/anaconda3/lib/python3.12/site-packages/airflow/example_dags/example_branch_datetime_operator.py
[2025-03-03T19:52:22.689-0500] {processor.py:925} INFO - DAG(s) 'example_branch_datetime_operator', 'example_branch_datetime_operator_2', 'example_branch_datetime_operator_3' retrieved from /Users/kartikvadhawana/anaconda3/lib/python3.12/site-packages/airflow/example_dags/example_branch_datetime_operator.py
[2025-03-03T19:52:22.719-0500] {logging_mixin.py:190} INFO - [2025-03-03T19:52:22.719-0500] {dag.py:3239} INFO - Sync 3 DAGs
[2025-03-03T19:52:22.725-0500] {logging_mixin.py:190} INFO - [2025-03-03T19:52:22.725-0500] {dag.py:4180} INFO - Setting next_dagrun for example_branch_datetime_operator to 2025-03-03 00:00:00+00:00, run_after=2025-03-04 00:00:00+00:00
[2025-03-03T19:52:22.726-0500] {logging_mixin.py:190} INFO - [2025-03-03T19:52:22.726-0500] {dag.py:4180} INFO - Setting next_dagrun for example_branch_datetime_operator_2 to 2025-03-03 00:00:00+00:00, run_after=2025-03-04 00:00:00+00:00
[2025-03-03T19:52:22.727-0500] {logging_mixin.py:190} INFO - [2025-03-03T19:52:22.727-0500] {dag.py:4180} INFO - Setting next_dagrun for example_branch_datetime_operator_3 to 2025-03-03 00:00:00+00:00, run_after=2025-03-04 00:00:00+00:00
[2025-03-03T19:52:22.732-0500] {processor.py:208} INFO - Processing /Users/kartikvadhawana/anaconda3/lib/python3.12/site-packages/airflow/example_dags/example_branch_datetime_operator.py took 0.049 seconds
[2025-03-03T19:55:07.416-0500] {processor.py:186} INFO - Started process (PID=95439) to work on /Users/kartikvadhawana/anaconda3/lib/python3.12/site-packages/airflow/example_dags/example_branch_datetime_operator.py
[2025-03-03T19:55:07.416-0500] {processor.py:914} INFO - Processing file /Users/kartikvadhawana/anaconda3/lib/python3.12/site-packages/airflow/example_dags/example_branch_datetime_operator.py for tasks to queue
[2025-03-03T19:55:07.417-0500] {logging_mixin.py:190} INFO - [2025-03-03T19:55:07.417-0500] {dagbag.py:588} INFO - Filling up the DagBag from /Users/kartikvadhawana/anaconda3/lib/python3.12/site-packages/airflow/example_dags/example_branch_datetime_operator.py
[2025-03-03T19:55:07.422-0500] {processor.py:925} INFO - DAG(s) 'example_branch_datetime_operator_2', 'example_branch_datetime_operator', 'example_branch_datetime_operator_3' retrieved from /Users/kartikvadhawana/anaconda3/lib/python3.12/site-packages/airflow/example_dags/example_branch_datetime_operator.py
[2025-03-03T19:55:07.451-0500] {logging_mixin.py:190} INFO - [2025-03-03T19:55:07.450-0500] {dag.py:3239} INFO - Sync 3 DAGs
[2025-03-03T19:55:07.456-0500] {logging_mixin.py:190} INFO - [2025-03-03T19:55:07.456-0500] {dag.py:4180} INFO - Setting next_dagrun for example_branch_datetime_operator to 2025-03-03 00:00:00+00:00, run_after=2025-03-04 00:00:00+00:00
[2025-03-03T19:55:07.457-0500] {logging_mixin.py:190} INFO - [2025-03-03T19:55:07.457-0500] {dag.py:4180} INFO - Setting next_dagrun for example_branch_datetime_operator_2 to 2025-03-03 00:00:00+00:00, run_after=2025-03-04 00:00:00+00:00
[2025-03-03T19:55:07.458-0500] {logging_mixin.py:190} INFO - [2025-03-03T19:55:07.458-0500] {dag.py:4180} INFO - Setting next_dagrun for example_branch_datetime_operator_3 to 2025-03-03 00:00:00+00:00, run_after=2025-03-04 00:00:00+00:00
[2025-03-03T19:55:07.463-0500] {processor.py:208} INFO - Processing /Users/kartikvadhawana/anaconda3/lib/python3.12/site-packages/airflow/example_dags/example_branch_datetime_operator.py took 0.048 seconds
[2025-03-03T19:57:52.130-0500] {processor.py:186} INFO - Started process (PID=95849) to work on /Users/kartikvadhawana/anaconda3/lib/python3.12/site-packages/airflow/example_dags/example_branch_datetime_operator.py
[2025-03-03T19:57:52.131-0500] {processor.py:914} INFO - Processing file /Users/kartikvadhawana/anaconda3/lib/python3.12/site-packages/airflow/example_dags/example_branch_datetime_operator.py for tasks to queue
[2025-03-03T19:57:52.132-0500] {logging_mixin.py:190} INFO - [2025-03-03T19:57:52.132-0500] {dagbag.py:588} INFO - Filling up the DagBag from /Users/kartikvadhawana/anaconda3/lib/python3.12/site-packages/airflow/example_dags/example_branch_datetime_operator.py
[2025-03-03T19:57:52.137-0500] {processor.py:925} INFO - DAG(s) 'example_branch_datetime_operator', 'example_branch_datetime_operator_2', 'example_branch_datetime_operator_3' retrieved from /Users/kartikvadhawana/anaconda3/lib/python3.12/site-packages/airflow/example_dags/example_branch_datetime_operator.py
[2025-03-03T19:57:52.164-0500] {logging_mixin.py:190} INFO - [2025-03-03T19:57:52.164-0500] {dag.py:3239} INFO - Sync 3 DAGs
[2025-03-03T19:57:52.169-0500] {logging_mixin.py:190} INFO - [2025-03-03T19:57:52.169-0500] {dag.py:4180} INFO - Setting next_dagrun for example_branch_datetime_operator to 2025-03-03 00:00:00+00:00, run_after=2025-03-04 00:00:00+00:00
[2025-03-03T19:57:52.171-0500] {logging_mixin.py:190} INFO - [2025-03-03T19:57:52.170-0500] {dag.py:4180} INFO - Setting next_dagrun for example_branch_datetime_operator_2 to 2025-03-03 00:00:00+00:00, run_after=2025-03-04 00:00:00+00:00
[2025-03-03T19:57:52.171-0500] {logging_mixin.py:190} INFO - [2025-03-03T19:57:52.171-0500] {dag.py:4180} INFO - Setting next_dagrun for example_branch_datetime_operator_3 to 2025-03-03 00:00:00+00:00, run_after=2025-03-04 00:00:00+00:00
[2025-03-03T19:57:52.176-0500] {processor.py:208} INFO - Processing /Users/kartikvadhawana/anaconda3/lib/python3.12/site-packages/airflow/example_dags/example_branch_datetime_operator.py took 0.046 seconds
[2025-03-03T20:00:34.138-0500] {processor.py:186} INFO - Started process (PID=96079) to work on /Users/kartikvadhawana/anaconda3/lib/python3.12/site-packages/airflow/example_dags/example_branch_datetime_operator.py
[2025-03-03T20:00:34.139-0500] {processor.py:914} INFO - Processing file /Users/kartikvadhawana/anaconda3/lib/python3.12/site-packages/airflow/example_dags/example_branch_datetime_operator.py for tasks to queue
[2025-03-03T20:00:34.139-0500] {logging_mixin.py:190} INFO - [2025-03-03T20:00:34.139-0500] {dagbag.py:588} INFO - Filling up the DagBag from /Users/kartikvadhawana/anaconda3/lib/python3.12/site-packages/airflow/example_dags/example_branch_datetime_operator.py
[2025-03-03T20:00:34.144-0500] {processor.py:925} INFO - DAG(s) 'example_branch_datetime_operator_3', 'example_branch_datetime_operator_2', 'example_branch_datetime_operator' retrieved from /Users/kartikvadhawana/anaconda3/lib/python3.12/site-packages/airflow/example_dags/example_branch_datetime_operator.py
[2025-03-03T20:00:34.172-0500] {logging_mixin.py:190} INFO - [2025-03-03T20:00:34.172-0500] {dag.py:3239} INFO - Sync 3 DAGs
[2025-03-03T20:00:34.177-0500] {logging_mixin.py:190} INFO - [2025-03-03T20:00:34.177-0500] {dag.py:4180} INFO - Setting next_dagrun for example_branch_datetime_operator to 2025-03-03 00:00:00+00:00, run_after=2025-03-04 00:00:00+00:00
[2025-03-03T20:00:34.178-0500] {logging_mixin.py:190} INFO - [2025-03-03T20:00:34.178-0500] {dag.py:4180} INFO - Setting next_dagrun for example_branch_datetime_operator_2 to 2025-03-03 00:00:00+00:00, run_after=2025-03-04 00:00:00+00:00
[2025-03-03T20:00:34.179-0500] {logging_mixin.py:190} INFO - [2025-03-03T20:00:34.179-0500] {dag.py:4180} INFO - Setting next_dagrun for example_branch_datetime_operator_3 to 2025-03-03 00:00:00+00:00, run_after=2025-03-04 00:00:00+00:00
[2025-03-03T20:00:34.183-0500] {processor.py:208} INFO - Processing /Users/kartikvadhawana/anaconda3/lib/python3.12/site-packages/airflow/example_dags/example_branch_datetime_operator.py took 0.046 seconds
