[2025-03-03T19:20:45.523-0500] {processor.py:186} INFO - Started process (PID=89640) to work on /Users/kartikvadhawana/anaconda3/lib/python3.12/site-packages/airflow/example_dags/example_xcom.py
[2025-03-03T19:20:45.523-0500] {processor.py:914} INFO - Processing file /Users/kartikvadhawana/anaconda3/lib/python3.12/site-packages/airflow/example_dags/example_xcom.py for tasks to queue
[2025-03-03T19:20:45.524-0500] {logging_mixin.py:190} INFO - [2025-03-03T19:20:45.524-0500] {dagbag.py:588} INFO - Filling up the DagBag from /Users/kartikvadhawana/anaconda3/lib/python3.12/site-packages/airflow/example_dags/example_xcom.py
[2025-03-03T19:20:45.536-0500] {processor.py:925} INFO - DAG(s) 'example_xcom' retrieved from /Users/kartikvadhawana/anaconda3/lib/python3.12/site-packages/airflow/example_dags/example_xcom.py
[2025-03-03T19:20:45.588-0500] {logging_mixin.py:190} INFO - [2025-03-03T19:20:45.588-0500] {override.py:1930} INFO - Created Permission View: can read on DAG:example_xcom
[2025-03-03T19:20:45.591-0500] {logging_mixin.py:190} INFO - [2025-03-03T19:20:45.591-0500] {override.py:1930} INFO - Created Permission View: can edit on DAG:example_xcom
[2025-03-03T19:20:45.593-0500] {logging_mixin.py:190} INFO - [2025-03-03T19:20:45.593-0500] {override.py:1930} INFO - Created Permission View: can delete on DAG:example_xcom
[2025-03-03T19:20:45.595-0500] {logging_mixin.py:190} INFO - [2025-03-03T19:20:45.595-0500] {override.py:1930} INFO - Created Permission View: can create on DAG Run:example_xcom
[2025-03-03T19:20:45.596-0500] {logging_mixin.py:190} INFO - [2025-03-03T19:20:45.596-0500] {override.py:1930} INFO - Created Permission View: menu access on DAG Run:example_xcom
[2025-03-03T19:20:45.598-0500] {logging_mixin.py:190} INFO - [2025-03-03T19:20:45.598-0500] {override.py:1930} INFO - Created Permission View: can read on DAG Run:example_xcom
[2025-03-03T19:20:45.599-0500] {logging_mixin.py:190} INFO - [2025-03-03T19:20:45.599-0500] {override.py:1930} INFO - Created Permission View: can delete on DAG Run:example_xcom
[2025-03-03T19:20:45.599-0500] {logging_mixin.py:190} INFO - [2025-03-03T19:20:45.599-0500] {dag.py:3239} INFO - Sync 1 DAGs
[2025-03-03T19:20:45.602-0500] {logging_mixin.py:190} INFO - [2025-03-03T19:20:45.602-0500] {dag.py:3262} INFO - Creating ORM DAG for example_xcom
[2025-03-03T19:20:45.604-0500] {logging_mixin.py:190} INFO - [2025-03-03T19:20:45.604-0500] {dag.py:4180} INFO - Setting next_dagrun for example_xcom to 2021-01-01 00:00:00+00:00, run_after=2021-01-01 00:00:00+00:00
[2025-03-03T19:20:45.609-0500] {processor.py:208} INFO - Processing /Users/kartikvadhawana/anaconda3/lib/python3.12/site-packages/airflow/example_dags/example_xcom.py took 0.087 seconds
[2025-03-03T19:22:33.603-0500] {processor.py:186} INFO - Started process (PID=90064) to work on /Users/kartikvadhawana/anaconda3/lib/python3.12/site-packages/airflow/example_dags/example_xcom.py
[2025-03-03T19:22:33.604-0500] {processor.py:914} INFO - Processing file /Users/kartikvadhawana/anaconda3/lib/python3.12/site-packages/airflow/example_dags/example_xcom.py for tasks to queue
[2025-03-03T19:22:33.604-0500] {logging_mixin.py:190} INFO - [2025-03-03T19:22:33.604-0500] {dagbag.py:588} INFO - Filling up the DagBag from /Users/kartikvadhawana/anaconda3/lib/python3.12/site-packages/airflow/example_dags/example_xcom.py
[2025-03-03T19:22:33.616-0500] {processor.py:925} INFO - DAG(s) 'example_xcom' retrieved from /Users/kartikvadhawana/anaconda3/lib/python3.12/site-packages/airflow/example_dags/example_xcom.py
[2025-03-03T19:22:33.642-0500] {logging_mixin.py:190} INFO - [2025-03-03T19:22:33.642-0500] {dag.py:3239} INFO - Sync 1 DAGs
[2025-03-03T19:22:33.647-0500] {logging_mixin.py:190} INFO - [2025-03-03T19:22:33.647-0500] {dag.py:4180} INFO - Setting next_dagrun for example_xcom to 2021-01-01 00:00:00+00:00, run_after=2021-01-01 00:00:00+00:00
[2025-03-03T19:22:33.652-0500] {processor.py:208} INFO - Processing /Users/kartikvadhawana/anaconda3/lib/python3.12/site-packages/airflow/example_dags/example_xcom.py took 0.050 seconds
[2025-03-03T19:23:54.991-0500] {processor.py:186} INFO - Started process (PID=90334) to work on /Users/kartikvadhawana/anaconda3/lib/python3.12/site-packages/airflow/example_dags/example_xcom.py
[2025-03-03T19:23:54.992-0500] {processor.py:914} INFO - Processing file /Users/kartikvadhawana/anaconda3/lib/python3.12/site-packages/airflow/example_dags/example_xcom.py for tasks to queue
[2025-03-03T19:23:54.992-0500] {logging_mixin.py:190} INFO - [2025-03-03T19:23:54.992-0500] {dagbag.py:588} INFO - Filling up the DagBag from /Users/kartikvadhawana/anaconda3/lib/python3.12/site-packages/airflow/example_dags/example_xcom.py
[2025-03-03T19:23:55.005-0500] {processor.py:925} INFO - DAG(s) 'example_xcom' retrieved from /Users/kartikvadhawana/anaconda3/lib/python3.12/site-packages/airflow/example_dags/example_xcom.py
[2025-03-03T19:23:55.030-0500] {logging_mixin.py:190} INFO - [2025-03-03T19:23:55.030-0500] {dag.py:3239} INFO - Sync 1 DAGs
[2025-03-03T19:23:55.035-0500] {logging_mixin.py:190} INFO - [2025-03-03T19:23:55.035-0500] {dag.py:4180} INFO - Setting next_dagrun for example_xcom to 2021-01-01 00:00:00+00:00, run_after=2021-01-01 00:00:00+00:00
[2025-03-03T19:23:55.040-0500] {processor.py:208} INFO - Processing /Users/kartikvadhawana/anaconda3/lib/python3.12/site-packages/airflow/example_dags/example_xcom.py took 0.051 seconds
[2025-03-03T19:25:19.220-0500] {processor.py:186} INFO - Started process (PID=90641) to work on /Users/kartikvadhawana/anaconda3/lib/python3.12/site-packages/airflow/example_dags/example_xcom.py
[2025-03-03T19:25:19.221-0500] {processor.py:914} INFO - Processing file /Users/kartikvadhawana/anaconda3/lib/python3.12/site-packages/airflow/example_dags/example_xcom.py for tasks to queue
[2025-03-03T19:25:19.222-0500] {logging_mixin.py:190} INFO - [2025-03-03T19:25:19.221-0500] {dagbag.py:588} INFO - Filling up the DagBag from /Users/kartikvadhawana/anaconda3/lib/python3.12/site-packages/airflow/example_dags/example_xcom.py
[2025-03-03T19:25:19.239-0500] {processor.py:925} INFO - DAG(s) 'example_xcom' retrieved from /Users/kartikvadhawana/anaconda3/lib/python3.12/site-packages/airflow/example_dags/example_xcom.py
[2025-03-03T19:25:19.273-0500] {logging_mixin.py:190} INFO - [2025-03-03T19:25:19.273-0500] {dag.py:3239} INFO - Sync 1 DAGs
[2025-03-03T19:25:19.279-0500] {logging_mixin.py:190} INFO - [2025-03-03T19:25:19.279-0500] {dag.py:4180} INFO - Setting next_dagrun for example_xcom to 2021-01-01 00:00:00+00:00, run_after=2021-01-01 00:00:00+00:00
[2025-03-03T19:25:19.286-0500] {processor.py:208} INFO - Processing /Users/kartikvadhawana/anaconda3/lib/python3.12/site-packages/airflow/example_dags/example_xcom.py took 0.067 seconds
[2025-03-03T19:27:45.971-0500] {processor.py:186} INFO - Started process (PID=91329) to work on /Users/kartikvadhawana/anaconda3/lib/python3.12/site-packages/airflow/example_dags/example_xcom.py
[2025-03-03T19:27:45.972-0500] {processor.py:914} INFO - Processing file /Users/kartikvadhawana/anaconda3/lib/python3.12/site-packages/airflow/example_dags/example_xcom.py for tasks to queue
[2025-03-03T19:27:45.973-0500] {logging_mixin.py:190} INFO - [2025-03-03T19:27:45.973-0500] {dagbag.py:588} INFO - Filling up the DagBag from /Users/kartikvadhawana/anaconda3/lib/python3.12/site-packages/airflow/example_dags/example_xcom.py
[2025-03-03T19:27:45.985-0500] {processor.py:925} INFO - DAG(s) 'example_xcom' retrieved from /Users/kartikvadhawana/anaconda3/lib/python3.12/site-packages/airflow/example_dags/example_xcom.py
[2025-03-03T19:27:46.011-0500] {logging_mixin.py:190} INFO - [2025-03-03T19:27:46.011-0500] {dag.py:3239} INFO - Sync 1 DAGs
[2025-03-03T19:27:46.016-0500] {logging_mixin.py:190} INFO - [2025-03-03T19:27:46.016-0500] {dag.py:4180} INFO - Setting next_dagrun for example_xcom to 2021-01-01 00:00:00+00:00, run_after=2021-01-01 00:00:00+00:00
[2025-03-03T19:27:46.021-0500] {processor.py:208} INFO - Processing /Users/kartikvadhawana/anaconda3/lib/python3.12/site-packages/airflow/example_dags/example_xcom.py took 0.051 seconds
[2025-03-03T19:29:34.052-0500] {processor.py:186} INFO - Started process (PID=91656) to work on /Users/kartikvadhawana/anaconda3/lib/python3.12/site-packages/airflow/example_dags/example_xcom.py
[2025-03-03T19:29:34.053-0500] {processor.py:914} INFO - Processing file /Users/kartikvadhawana/anaconda3/lib/python3.12/site-packages/airflow/example_dags/example_xcom.py for tasks to queue
[2025-03-03T19:29:34.054-0500] {logging_mixin.py:190} INFO - [2025-03-03T19:29:34.054-0500] {dagbag.py:588} INFO - Filling up the DagBag from /Users/kartikvadhawana/anaconda3/lib/python3.12/site-packages/airflow/example_dags/example_xcom.py
[2025-03-03T19:29:34.066-0500] {processor.py:925} INFO - DAG(s) 'example_xcom' retrieved from /Users/kartikvadhawana/anaconda3/lib/python3.12/site-packages/airflow/example_dags/example_xcom.py
[2025-03-03T19:29:34.092-0500] {logging_mixin.py:190} INFO - [2025-03-03T19:29:34.092-0500] {dag.py:3239} INFO - Sync 1 DAGs
[2025-03-03T19:29:34.097-0500] {logging_mixin.py:190} INFO - [2025-03-03T19:29:34.097-0500] {dag.py:4180} INFO - Setting next_dagrun for example_xcom to 2021-01-01 00:00:00+00:00, run_after=2021-01-01 00:00:00+00:00
[2025-03-03T19:29:34.102-0500] {processor.py:208} INFO - Processing /Users/kartikvadhawana/anaconda3/lib/python3.12/site-packages/airflow/example_dags/example_xcom.py took 0.051 seconds
[2025-03-03T19:30:51.360-0500] {processor.py:186} INFO - Started process (PID=91860) to work on /Users/kartikvadhawana/anaconda3/lib/python3.12/site-packages/airflow/example_dags/example_xcom.py
[2025-03-03T19:30:51.361-0500] {processor.py:914} INFO - Processing file /Users/kartikvadhawana/anaconda3/lib/python3.12/site-packages/airflow/example_dags/example_xcom.py for tasks to queue
[2025-03-03T19:30:51.362-0500] {logging_mixin.py:190} INFO - [2025-03-03T19:30:51.362-0500] {dagbag.py:588} INFO - Filling up the DagBag from /Users/kartikvadhawana/anaconda3/lib/python3.12/site-packages/airflow/example_dags/example_xcom.py
[2025-03-03T19:30:51.374-0500] {processor.py:925} INFO - DAG(s) 'example_xcom' retrieved from /Users/kartikvadhawana/anaconda3/lib/python3.12/site-packages/airflow/example_dags/example_xcom.py
[2025-03-03T19:30:51.400-0500] {logging_mixin.py:190} INFO - [2025-03-03T19:30:51.399-0500] {dag.py:3239} INFO - Sync 1 DAGs
[2025-03-03T19:30:51.405-0500] {logging_mixin.py:190} INFO - [2025-03-03T19:30:51.404-0500] {dag.py:4180} INFO - Setting next_dagrun for example_xcom to 2021-01-01 00:00:00+00:00, run_after=2021-01-01 00:00:00+00:00
[2025-03-03T19:30:51.410-0500] {processor.py:208} INFO - Processing /Users/kartikvadhawana/anaconda3/lib/python3.12/site-packages/airflow/example_dags/example_xcom.py took 0.051 seconds
[2025-03-03T19:32:02.396-0500] {processor.py:186} INFO - Started process (PID=92141) to work on /Users/kartikvadhawana/anaconda3/lib/python3.12/site-packages/airflow/example_dags/example_xcom.py
[2025-03-03T19:32:02.397-0500] {processor.py:914} INFO - Processing file /Users/kartikvadhawana/anaconda3/lib/python3.12/site-packages/airflow/example_dags/example_xcom.py for tasks to queue
[2025-03-03T19:32:02.397-0500] {logging_mixin.py:190} INFO - [2025-03-03T19:32:02.397-0500] {dagbag.py:588} INFO - Filling up the DagBag from /Users/kartikvadhawana/anaconda3/lib/python3.12/site-packages/airflow/example_dags/example_xcom.py
[2025-03-03T19:32:02.409-0500] {processor.py:925} INFO - DAG(s) 'example_xcom' retrieved from /Users/kartikvadhawana/anaconda3/lib/python3.12/site-packages/airflow/example_dags/example_xcom.py
[2025-03-03T19:32:02.435-0500] {logging_mixin.py:190} INFO - [2025-03-03T19:32:02.435-0500] {dag.py:3239} INFO - Sync 1 DAGs
[2025-03-03T19:32:02.440-0500] {logging_mixin.py:190} INFO - [2025-03-03T19:32:02.440-0500] {dag.py:4180} INFO - Setting next_dagrun for example_xcom to 2021-01-01 00:00:00+00:00, run_after=2021-01-01 00:00:00+00:00
[2025-03-03T19:32:02.445-0500] {processor.py:208} INFO - Processing /Users/kartikvadhawana/anaconda3/lib/python3.12/site-packages/airflow/example_dags/example_xcom.py took 0.051 seconds
[2025-03-03T19:33:54.367-0500] {processor.py:186} INFO - Started process (PID=92440) to work on /Users/kartikvadhawana/anaconda3/lib/python3.12/site-packages/airflow/example_dags/example_xcom.py
[2025-03-03T19:33:54.368-0500] {processor.py:914} INFO - Processing file /Users/kartikvadhawana/anaconda3/lib/python3.12/site-packages/airflow/example_dags/example_xcom.py for tasks to queue
[2025-03-03T19:33:54.368-0500] {logging_mixin.py:190} INFO - [2025-03-03T19:33:54.368-0500] {dagbag.py:588} INFO - Filling up the DagBag from /Users/kartikvadhawana/anaconda3/lib/python3.12/site-packages/airflow/example_dags/example_xcom.py
[2025-03-03T19:33:54.381-0500] {processor.py:925} INFO - DAG(s) 'example_xcom' retrieved from /Users/kartikvadhawana/anaconda3/lib/python3.12/site-packages/airflow/example_dags/example_xcom.py
[2025-03-03T19:33:54.407-0500] {logging_mixin.py:190} INFO - [2025-03-03T19:33:54.407-0500] {dag.py:3239} INFO - Sync 1 DAGs
[2025-03-03T19:33:54.412-0500] {logging_mixin.py:190} INFO - [2025-03-03T19:33:54.412-0500] {dag.py:4180} INFO - Setting next_dagrun for example_xcom to 2021-01-01 00:00:00+00:00, run_after=2021-01-01 00:00:00+00:00
[2025-03-03T19:33:54.417-0500] {processor.py:208} INFO - Processing /Users/kartikvadhawana/anaconda3/lib/python3.12/site-packages/airflow/example_dags/example_xcom.py took 0.052 seconds
[2025-03-03T19:35:14.312-0500] {processor.py:186} INFO - Started process (PID=92622) to work on /Users/kartikvadhawana/anaconda3/lib/python3.12/site-packages/airflow/example_dags/example_xcom.py
[2025-03-03T19:35:14.313-0500] {processor.py:914} INFO - Processing file /Users/kartikvadhawana/anaconda3/lib/python3.12/site-packages/airflow/example_dags/example_xcom.py for tasks to queue
[2025-03-03T19:35:14.313-0500] {logging_mixin.py:190} INFO - [2025-03-03T19:35:14.313-0500] {dagbag.py:588} INFO - Filling up the DagBag from /Users/kartikvadhawana/anaconda3/lib/python3.12/site-packages/airflow/example_dags/example_xcom.py
[2025-03-03T19:35:14.326-0500] {processor.py:925} INFO - DAG(s) 'example_xcom' retrieved from /Users/kartikvadhawana/anaconda3/lib/python3.12/site-packages/airflow/example_dags/example_xcom.py
[2025-03-03T19:35:14.353-0500] {logging_mixin.py:190} INFO - [2025-03-03T19:35:14.353-0500] {dag.py:3239} INFO - Sync 1 DAGs
[2025-03-03T19:35:14.358-0500] {logging_mixin.py:190} INFO - [2025-03-03T19:35:14.358-0500] {dag.py:4180} INFO - Setting next_dagrun for example_xcom to 2021-01-01 00:00:00+00:00, run_after=2021-01-01 00:00:00+00:00
[2025-03-03T19:35:14.364-0500] {processor.py:208} INFO - Processing /Users/kartikvadhawana/anaconda3/lib/python3.12/site-packages/airflow/example_dags/example_xcom.py took 0.053 seconds
[2025-03-03T19:36:31.980-0500] {processor.py:186} INFO - Started process (PID=92793) to work on /Users/kartikvadhawana/anaconda3/lib/python3.12/site-packages/airflow/example_dags/example_xcom.py
[2025-03-03T19:36:31.981-0500] {processor.py:914} INFO - Processing file /Users/kartikvadhawana/anaconda3/lib/python3.12/site-packages/airflow/example_dags/example_xcom.py for tasks to queue
[2025-03-03T19:36:31.981-0500] {logging_mixin.py:190} INFO - [2025-03-03T19:36:31.981-0500] {dagbag.py:588} INFO - Filling up the DagBag from /Users/kartikvadhawana/anaconda3/lib/python3.12/site-packages/airflow/example_dags/example_xcom.py
[2025-03-03T19:36:31.994-0500] {processor.py:925} INFO - DAG(s) 'example_xcom' retrieved from /Users/kartikvadhawana/anaconda3/lib/python3.12/site-packages/airflow/example_dags/example_xcom.py
[2025-03-03T19:36:32.021-0500] {logging_mixin.py:190} INFO - [2025-03-03T19:36:32.021-0500] {dag.py:3239} INFO - Sync 1 DAGs
[2025-03-03T19:36:32.026-0500] {logging_mixin.py:190} INFO - [2025-03-03T19:36:32.026-0500] {dag.py:4180} INFO - Setting next_dagrun for example_xcom to 2021-01-01 00:00:00+00:00, run_after=2021-01-01 00:00:00+00:00
[2025-03-03T19:36:32.032-0500] {processor.py:208} INFO - Processing /Users/kartikvadhawana/anaconda3/lib/python3.12/site-packages/airflow/example_dags/example_xcom.py took 0.053 seconds
[2025-03-03T19:37:52.302-0500] {processor.py:186} INFO - Started process (PID=92985) to work on /Users/kartikvadhawana/anaconda3/lib/python3.12/site-packages/airflow/example_dags/example_xcom.py
[2025-03-03T19:37:52.303-0500] {processor.py:914} INFO - Processing file /Users/kartikvadhawana/anaconda3/lib/python3.12/site-packages/airflow/example_dags/example_xcom.py for tasks to queue
[2025-03-03T19:37:52.303-0500] {logging_mixin.py:190} INFO - [2025-03-03T19:37:52.303-0500] {dagbag.py:588} INFO - Filling up the DagBag from /Users/kartikvadhawana/anaconda3/lib/python3.12/site-packages/airflow/example_dags/example_xcom.py
[2025-03-03T19:37:52.316-0500] {processor.py:925} INFO - DAG(s) 'example_xcom' retrieved from /Users/kartikvadhawana/anaconda3/lib/python3.12/site-packages/airflow/example_dags/example_xcom.py
[2025-03-03T19:37:52.343-0500] {logging_mixin.py:190} INFO - [2025-03-03T19:37:52.343-0500] {dag.py:3239} INFO - Sync 1 DAGs
[2025-03-03T19:37:52.349-0500] {logging_mixin.py:190} INFO - [2025-03-03T19:37:52.349-0500] {dag.py:4180} INFO - Setting next_dagrun for example_xcom to 2021-01-01 00:00:00+00:00, run_after=2021-01-01 00:00:00+00:00
[2025-03-03T19:37:52.355-0500] {processor.py:208} INFO - Processing /Users/kartikvadhawana/anaconda3/lib/python3.12/site-packages/airflow/example_dags/example_xcom.py took 0.054 seconds
[2025-03-03T19:39:15.345-0500] {processor.py:186} INFO - Started process (PID=93171) to work on /Users/kartikvadhawana/anaconda3/lib/python3.12/site-packages/airflow/example_dags/example_xcom.py
[2025-03-03T19:39:15.346-0500] {processor.py:914} INFO - Processing file /Users/kartikvadhawana/anaconda3/lib/python3.12/site-packages/airflow/example_dags/example_xcom.py for tasks to queue
[2025-03-03T19:39:15.346-0500] {logging_mixin.py:190} INFO - [2025-03-03T19:39:15.346-0500] {dagbag.py:588} INFO - Filling up the DagBag from /Users/kartikvadhawana/anaconda3/lib/python3.12/site-packages/airflow/example_dags/example_xcom.py
[2025-03-03T19:39:15.359-0500] {processor.py:925} INFO - DAG(s) 'example_xcom' retrieved from /Users/kartikvadhawana/anaconda3/lib/python3.12/site-packages/airflow/example_dags/example_xcom.py
[2025-03-03T19:39:15.386-0500] {logging_mixin.py:190} INFO - [2025-03-03T19:39:15.386-0500] {dag.py:3239} INFO - Sync 1 DAGs
[2025-03-03T19:39:15.392-0500] {logging_mixin.py:190} INFO - [2025-03-03T19:39:15.391-0500] {dag.py:4180} INFO - Setting next_dagrun for example_xcom to 2021-01-01 00:00:00+00:00, run_after=2021-01-01 00:00:00+00:00
[2025-03-03T19:39:15.397-0500] {processor.py:208} INFO - Processing /Users/kartikvadhawana/anaconda3/lib/python3.12/site-packages/airflow/example_dags/example_xcom.py took 0.053 seconds
[2025-03-03T19:40:34.132-0500] {processor.py:186} INFO - Started process (PID=93365) to work on /Users/kartikvadhawana/anaconda3/lib/python3.12/site-packages/airflow/example_dags/example_xcom.py
[2025-03-03T19:40:34.132-0500] {processor.py:914} INFO - Processing file /Users/kartikvadhawana/anaconda3/lib/python3.12/site-packages/airflow/example_dags/example_xcom.py for tasks to queue
[2025-03-03T19:40:34.132-0500] {logging_mixin.py:190} INFO - [2025-03-03T19:40:34.132-0500] {dagbag.py:588} INFO - Filling up the DagBag from /Users/kartikvadhawana/anaconda3/lib/python3.12/site-packages/airflow/example_dags/example_xcom.py
[2025-03-03T19:40:34.145-0500] {processor.py:925} INFO - DAG(s) 'example_xcom' retrieved from /Users/kartikvadhawana/anaconda3/lib/python3.12/site-packages/airflow/example_dags/example_xcom.py
[2025-03-03T19:40:34.171-0500] {logging_mixin.py:190} INFO - [2025-03-03T19:40:34.171-0500] {dag.py:3239} INFO - Sync 1 DAGs
[2025-03-03T19:40:34.176-0500] {logging_mixin.py:190} INFO - [2025-03-03T19:40:34.176-0500] {dag.py:4180} INFO - Setting next_dagrun for example_xcom to 2021-01-01 00:00:00+00:00, run_after=2021-01-01 00:00:00+00:00
[2025-03-03T19:40:34.181-0500] {processor.py:208} INFO - Processing /Users/kartikvadhawana/anaconda3/lib/python3.12/site-packages/airflow/example_dags/example_xcom.py took 0.051 seconds
[2025-03-03T19:42:01.711-0500] {processor.py:186} INFO - Started process (PID=93788) to work on /Users/kartikvadhawana/anaconda3/lib/python3.12/site-packages/airflow/example_dags/example_xcom.py
[2025-03-03T19:42:01.713-0500] {processor.py:914} INFO - Processing file /Users/kartikvadhawana/anaconda3/lib/python3.12/site-packages/airflow/example_dags/example_xcom.py for tasks to queue
[2025-03-03T19:42:01.713-0500] {logging_mixin.py:190} INFO - [2025-03-03T19:42:01.713-0500] {dagbag.py:588} INFO - Filling up the DagBag from /Users/kartikvadhawana/anaconda3/lib/python3.12/site-packages/airflow/example_dags/example_xcom.py
[2025-03-03T19:42:01.725-0500] {processor.py:925} INFO - DAG(s) 'example_xcom' retrieved from /Users/kartikvadhawana/anaconda3/lib/python3.12/site-packages/airflow/example_dags/example_xcom.py
[2025-03-03T19:42:01.751-0500] {logging_mixin.py:190} INFO - [2025-03-03T19:42:01.751-0500] {dag.py:3239} INFO - Sync 1 DAGs
[2025-03-03T19:42:01.756-0500] {logging_mixin.py:190} INFO - [2025-03-03T19:42:01.756-0500] {dag.py:4180} INFO - Setting next_dagrun for example_xcom to 2021-01-01 00:00:00+00:00, run_after=2021-01-01 00:00:00+00:00
[2025-03-03T19:42:01.761-0500] {processor.py:208} INFO - Processing /Users/kartikvadhawana/anaconda3/lib/python3.12/site-packages/airflow/example_dags/example_xcom.py took 0.051 seconds
[2025-03-03T19:43:50.153-0500] {processor.py:186} INFO - Started process (PID=93981) to work on /Users/kartikvadhawana/anaconda3/lib/python3.12/site-packages/airflow/example_dags/example_xcom.py
[2025-03-03T19:43:50.154-0500] {processor.py:914} INFO - Processing file /Users/kartikvadhawana/anaconda3/lib/python3.12/site-packages/airflow/example_dags/example_xcom.py for tasks to queue
[2025-03-03T19:43:50.154-0500] {logging_mixin.py:190} INFO - [2025-03-03T19:43:50.154-0500] {dagbag.py:588} INFO - Filling up the DagBag from /Users/kartikvadhawana/anaconda3/lib/python3.12/site-packages/airflow/example_dags/example_xcom.py
[2025-03-03T19:43:50.168-0500] {processor.py:925} INFO - DAG(s) 'example_xcom' retrieved from /Users/kartikvadhawana/anaconda3/lib/python3.12/site-packages/airflow/example_dags/example_xcom.py
[2025-03-03T19:43:50.195-0500] {logging_mixin.py:190} INFO - [2025-03-03T19:43:50.195-0500] {dag.py:3239} INFO - Sync 1 DAGs
[2025-03-03T19:43:50.201-0500] {logging_mixin.py:190} INFO - [2025-03-03T19:43:50.201-0500] {dag.py:4180} INFO - Setting next_dagrun for example_xcom to 2021-01-01 00:00:00+00:00, run_after=2021-01-01 00:00:00+00:00
[2025-03-03T19:43:50.207-0500] {processor.py:208} INFO - Processing /Users/kartikvadhawana/anaconda3/lib/python3.12/site-packages/airflow/example_dags/example_xcom.py took 0.055 seconds
[2025-03-03T19:45:12.667-0500] {processor.py:186} INFO - Started process (PID=94171) to work on /Users/kartikvadhawana/anaconda3/lib/python3.12/site-packages/airflow/example_dags/example_xcom.py
[2025-03-03T19:45:12.667-0500] {processor.py:914} INFO - Processing file /Users/kartikvadhawana/anaconda3/lib/python3.12/site-packages/airflow/example_dags/example_xcom.py for tasks to queue
[2025-03-03T19:45:12.668-0500] {logging_mixin.py:190} INFO - [2025-03-03T19:45:12.668-0500] {dagbag.py:588} INFO - Filling up the DagBag from /Users/kartikvadhawana/anaconda3/lib/python3.12/site-packages/airflow/example_dags/example_xcom.py
[2025-03-03T19:45:12.681-0500] {processor.py:925} INFO - DAG(s) 'example_xcom' retrieved from /Users/kartikvadhawana/anaconda3/lib/python3.12/site-packages/airflow/example_dags/example_xcom.py
[2025-03-03T19:45:12.709-0500] {logging_mixin.py:190} INFO - [2025-03-03T19:45:12.708-0500] {dag.py:3239} INFO - Sync 1 DAGs
[2025-03-03T19:45:12.714-0500] {logging_mixin.py:190} INFO - [2025-03-03T19:45:12.714-0500] {dag.py:4180} INFO - Setting next_dagrun for example_xcom to 2021-01-01 00:00:00+00:00, run_after=2021-01-01 00:00:00+00:00
[2025-03-03T19:45:12.720-0500] {processor.py:208} INFO - Processing /Users/kartikvadhawana/anaconda3/lib/python3.12/site-packages/airflow/example_dags/example_xcom.py took 0.054 seconds
[2025-03-03T19:48:25.976-0500] {processor.py:186} INFO - Started process (PID=94662) to work on /Users/kartikvadhawana/anaconda3/lib/python3.12/site-packages/airflow/example_dags/example_xcom.py
[2025-03-03T19:48:25.976-0500] {processor.py:914} INFO - Processing file /Users/kartikvadhawana/anaconda3/lib/python3.12/site-packages/airflow/example_dags/example_xcom.py for tasks to queue
[2025-03-03T19:48:25.977-0500] {logging_mixin.py:190} INFO - [2025-03-03T19:48:25.977-0500] {dagbag.py:588} INFO - Filling up the DagBag from /Users/kartikvadhawana/anaconda3/lib/python3.12/site-packages/airflow/example_dags/example_xcom.py
[2025-03-03T19:48:25.989-0500] {processor.py:925} INFO - DAG(s) 'example_xcom' retrieved from /Users/kartikvadhawana/anaconda3/lib/python3.12/site-packages/airflow/example_dags/example_xcom.py
[2025-03-03T19:48:26.015-0500] {logging_mixin.py:190} INFO - [2025-03-03T19:48:26.015-0500] {dag.py:3239} INFO - Sync 1 DAGs
[2025-03-03T19:48:26.021-0500] {logging_mixin.py:190} INFO - [2025-03-03T19:48:26.021-0500] {dag.py:4180} INFO - Setting next_dagrun for example_xcom to 2021-01-01 00:00:00+00:00, run_after=2021-01-01 00:00:00+00:00
[2025-03-03T19:48:26.026-0500] {processor.py:208} INFO - Processing /Users/kartikvadhawana/anaconda3/lib/python3.12/site-packages/airflow/example_dags/example_xcom.py took 0.051 seconds
[2025-03-03T19:50:17.470-0500] {processor.py:186} INFO - Started process (PID=94834) to work on /Users/kartikvadhawana/anaconda3/lib/python3.12/site-packages/airflow/example_dags/example_xcom.py
[2025-03-03T19:50:17.472-0500] {processor.py:914} INFO - Processing file /Users/kartikvadhawana/anaconda3/lib/python3.12/site-packages/airflow/example_dags/example_xcom.py for tasks to queue
[2025-03-03T19:50:17.472-0500] {logging_mixin.py:190} INFO - [2025-03-03T19:50:17.472-0500] {dagbag.py:588} INFO - Filling up the DagBag from /Users/kartikvadhawana/anaconda3/lib/python3.12/site-packages/airflow/example_dags/example_xcom.py
[2025-03-03T19:50:17.484-0500] {processor.py:925} INFO - DAG(s) 'example_xcom' retrieved from /Users/kartikvadhawana/anaconda3/lib/python3.12/site-packages/airflow/example_dags/example_xcom.py
[2025-03-03T19:50:17.511-0500] {logging_mixin.py:190} INFO - [2025-03-03T19:50:17.511-0500] {dag.py:3239} INFO - Sync 1 DAGs
[2025-03-03T19:50:17.516-0500] {logging_mixin.py:190} INFO - [2025-03-03T19:50:17.516-0500] {dag.py:4180} INFO - Setting next_dagrun for example_xcom to 2021-01-01 00:00:00+00:00, run_after=2021-01-01 00:00:00+00:00
[2025-03-03T19:50:17.521-0500] {processor.py:208} INFO - Processing /Users/kartikvadhawana/anaconda3/lib/python3.12/site-packages/airflow/example_dags/example_xcom.py took 0.052 seconds
[2025-03-03T19:51:36.029-0500] {processor.py:186} INFO - Started process (PID=94929) to work on /Users/kartikvadhawana/anaconda3/lib/python3.12/site-packages/airflow/example_dags/example_xcom.py
[2025-03-03T19:51:36.029-0500] {processor.py:914} INFO - Processing file /Users/kartikvadhawana/anaconda3/lib/python3.12/site-packages/airflow/example_dags/example_xcom.py for tasks to queue
[2025-03-03T19:51:36.030-0500] {logging_mixin.py:190} INFO - [2025-03-03T19:51:36.029-0500] {dagbag.py:588} INFO - Filling up the DagBag from /Users/kartikvadhawana/anaconda3/lib/python3.12/site-packages/airflow/example_dags/example_xcom.py
[2025-03-03T19:51:36.041-0500] {processor.py:925} INFO - DAG(s) 'example_xcom' retrieved from /Users/kartikvadhawana/anaconda3/lib/python3.12/site-packages/airflow/example_dags/example_xcom.py
[2025-03-03T19:51:36.067-0500] {logging_mixin.py:190} INFO - [2025-03-03T19:51:36.067-0500] {dag.py:3239} INFO - Sync 1 DAGs
[2025-03-03T19:51:36.072-0500] {logging_mixin.py:190} INFO - [2025-03-03T19:51:36.072-0500] {dag.py:4180} INFO - Setting next_dagrun for example_xcom to 2021-01-01 00:00:00+00:00, run_after=2021-01-01 00:00:00+00:00
[2025-03-03T19:51:36.077-0500] {processor.py:208} INFO - Processing /Users/kartikvadhawana/anaconda3/lib/python3.12/site-packages/airflow/example_dags/example_xcom.py took 0.050 seconds
[2025-03-03T19:52:57.214-0500] {processor.py:186} INFO - Started process (PID=95124) to work on /Users/kartikvadhawana/anaconda3/lib/python3.12/site-packages/airflow/example_dags/example_xcom.py
[2025-03-03T19:52:57.216-0500] {processor.py:914} INFO - Processing file /Users/kartikvadhawana/anaconda3/lib/python3.12/site-packages/airflow/example_dags/example_xcom.py for tasks to queue
[2025-03-03T19:52:57.216-0500] {logging_mixin.py:190} INFO - [2025-03-03T19:52:57.216-0500] {dagbag.py:588} INFO - Filling up the DagBag from /Users/kartikvadhawana/anaconda3/lib/python3.12/site-packages/airflow/example_dags/example_xcom.py
[2025-03-03T19:52:57.228-0500] {processor.py:925} INFO - DAG(s) 'example_xcom' retrieved from /Users/kartikvadhawana/anaconda3/lib/python3.12/site-packages/airflow/example_dags/example_xcom.py
[2025-03-03T19:52:57.254-0500] {logging_mixin.py:190} INFO - [2025-03-03T19:52:57.254-0500] {dag.py:3239} INFO - Sync 1 DAGs
[2025-03-03T19:52:57.259-0500] {logging_mixin.py:190} INFO - [2025-03-03T19:52:57.259-0500] {dag.py:4180} INFO - Setting next_dagrun for example_xcom to 2021-01-01 00:00:00+00:00, run_after=2021-01-01 00:00:00+00:00
[2025-03-03T19:52:57.264-0500] {processor.py:208} INFO - Processing /Users/kartikvadhawana/anaconda3/lib/python3.12/site-packages/airflow/example_dags/example_xcom.py took 0.051 seconds
[2025-03-03T19:54:19.518-0500] {processor.py:186} INFO - Started process (PID=95318) to work on /Users/kartikvadhawana/anaconda3/lib/python3.12/site-packages/airflow/example_dags/example_xcom.py
[2025-03-03T19:54:19.519-0500] {processor.py:914} INFO - Processing file /Users/kartikvadhawana/anaconda3/lib/python3.12/site-packages/airflow/example_dags/example_xcom.py for tasks to queue
[2025-03-03T19:54:19.519-0500] {logging_mixin.py:190} INFO - [2025-03-03T19:54:19.519-0500] {dagbag.py:588} INFO - Filling up the DagBag from /Users/kartikvadhawana/anaconda3/lib/python3.12/site-packages/airflow/example_dags/example_xcom.py
[2025-03-03T19:54:19.532-0500] {processor.py:925} INFO - DAG(s) 'example_xcom' retrieved from /Users/kartikvadhawana/anaconda3/lib/python3.12/site-packages/airflow/example_dags/example_xcom.py
[2025-03-03T19:54:19.559-0500] {logging_mixin.py:190} INFO - [2025-03-03T19:54:19.559-0500] {dag.py:3239} INFO - Sync 1 DAGs
[2025-03-03T19:54:19.564-0500] {logging_mixin.py:190} INFO - [2025-03-03T19:54:19.564-0500] {dag.py:4180} INFO - Setting next_dagrun for example_xcom to 2021-01-01 00:00:00+00:00, run_after=2021-01-01 00:00:00+00:00
[2025-03-03T19:54:19.570-0500] {processor.py:208} INFO - Processing /Users/kartikvadhawana/anaconda3/lib/python3.12/site-packages/airflow/example_dags/example_xcom.py took 0.052 seconds
[2025-03-03T19:55:43.012-0500] {processor.py:186} INFO - Started process (PID=95520) to work on /Users/kartikvadhawana/anaconda3/lib/python3.12/site-packages/airflow/example_dags/example_xcom.py
[2025-03-03T19:55:43.012-0500] {processor.py:914} INFO - Processing file /Users/kartikvadhawana/anaconda3/lib/python3.12/site-packages/airflow/example_dags/example_xcom.py for tasks to queue
[2025-03-03T19:55:43.013-0500] {logging_mixin.py:190} INFO - [2025-03-03T19:55:43.013-0500] {dagbag.py:588} INFO - Filling up the DagBag from /Users/kartikvadhawana/anaconda3/lib/python3.12/site-packages/airflow/example_dags/example_xcom.py
[2025-03-03T19:55:43.026-0500] {processor.py:925} INFO - DAG(s) 'example_xcom' retrieved from /Users/kartikvadhawana/anaconda3/lib/python3.12/site-packages/airflow/example_dags/example_xcom.py
[2025-03-03T19:55:43.053-0500] {logging_mixin.py:190} INFO - [2025-03-03T19:55:43.053-0500] {dag.py:3239} INFO - Sync 1 DAGs
[2025-03-03T19:55:43.059-0500] {logging_mixin.py:190} INFO - [2025-03-03T19:55:43.058-0500] {dag.py:4180} INFO - Setting next_dagrun for example_xcom to 2021-01-01 00:00:00+00:00, run_after=2021-01-01 00:00:00+00:00
[2025-03-03T19:55:43.064-0500] {processor.py:208} INFO - Processing /Users/kartikvadhawana/anaconda3/lib/python3.12/site-packages/airflow/example_dags/example_xcom.py took 0.053 seconds
[2025-03-03T19:57:04.367-0500] {processor.py:186} INFO - Started process (PID=95758) to work on /Users/kartikvadhawana/anaconda3/lib/python3.12/site-packages/airflow/example_dags/example_xcom.py
[2025-03-03T19:57:04.368-0500] {processor.py:914} INFO - Processing file /Users/kartikvadhawana/anaconda3/lib/python3.12/site-packages/airflow/example_dags/example_xcom.py for tasks to queue
[2025-03-03T19:57:04.368-0500] {logging_mixin.py:190} INFO - [2025-03-03T19:57:04.368-0500] {dagbag.py:588} INFO - Filling up the DagBag from /Users/kartikvadhawana/anaconda3/lib/python3.12/site-packages/airflow/example_dags/example_xcom.py
[2025-03-03T19:57:04.381-0500] {processor.py:925} INFO - DAG(s) 'example_xcom' retrieved from /Users/kartikvadhawana/anaconda3/lib/python3.12/site-packages/airflow/example_dags/example_xcom.py
[2025-03-03T19:57:04.407-0500] {logging_mixin.py:190} INFO - [2025-03-03T19:57:04.407-0500] {dag.py:3239} INFO - Sync 1 DAGs
[2025-03-03T19:57:04.412-0500] {logging_mixin.py:190} INFO - [2025-03-03T19:57:04.412-0500] {dag.py:4180} INFO - Setting next_dagrun for example_xcom to 2021-01-01 00:00:00+00:00, run_after=2021-01-01 00:00:00+00:00
[2025-03-03T19:57:04.418-0500] {processor.py:208} INFO - Processing /Users/kartikvadhawana/anaconda3/lib/python3.12/site-packages/airflow/example_dags/example_xcom.py took 0.052 seconds
[2025-03-03T19:58:26.940-0500] {processor.py:186} INFO - Started process (PID=95911) to work on /Users/kartikvadhawana/anaconda3/lib/python3.12/site-packages/airflow/example_dags/example_xcom.py
[2025-03-03T19:58:26.941-0500] {processor.py:914} INFO - Processing file /Users/kartikvadhawana/anaconda3/lib/python3.12/site-packages/airflow/example_dags/example_xcom.py for tasks to queue
[2025-03-03T19:58:26.942-0500] {logging_mixin.py:190} INFO - [2025-03-03T19:58:26.942-0500] {dagbag.py:588} INFO - Filling up the DagBag from /Users/kartikvadhawana/anaconda3/lib/python3.12/site-packages/airflow/example_dags/example_xcom.py
[2025-03-03T19:58:26.954-0500] {processor.py:925} INFO - DAG(s) 'example_xcom' retrieved from /Users/kartikvadhawana/anaconda3/lib/python3.12/site-packages/airflow/example_dags/example_xcom.py
[2025-03-03T19:58:26.980-0500] {logging_mixin.py:190} INFO - [2025-03-03T19:58:26.980-0500] {dag.py:3239} INFO - Sync 1 DAGs
[2025-03-03T19:58:26.985-0500] {logging_mixin.py:190} INFO - [2025-03-03T19:58:26.985-0500] {dag.py:4180} INFO - Setting next_dagrun for example_xcom to 2021-01-01 00:00:00+00:00, run_after=2021-01-01 00:00:00+00:00
[2025-03-03T19:58:26.990-0500] {processor.py:208} INFO - Processing /Users/kartikvadhawana/anaconda3/lib/python3.12/site-packages/airflow/example_dags/example_xcom.py took 0.051 seconds
[2025-03-03T19:59:47.273-0500] {processor.py:186} INFO - Started process (PID=96018) to work on /Users/kartikvadhawana/anaconda3/lib/python3.12/site-packages/airflow/example_dags/example_xcom.py
[2025-03-03T19:59:47.274-0500] {processor.py:914} INFO - Processing file /Users/kartikvadhawana/anaconda3/lib/python3.12/site-packages/airflow/example_dags/example_xcom.py for tasks to queue
[2025-03-03T19:59:47.275-0500] {logging_mixin.py:190} INFO - [2025-03-03T19:59:47.275-0500] {dagbag.py:588} INFO - Filling up the DagBag from /Users/kartikvadhawana/anaconda3/lib/python3.12/site-packages/airflow/example_dags/example_xcom.py
[2025-03-03T19:59:47.287-0500] {processor.py:925} INFO - DAG(s) 'example_xcom' retrieved from /Users/kartikvadhawana/anaconda3/lib/python3.12/site-packages/airflow/example_dags/example_xcom.py
[2025-03-03T19:59:47.313-0500] {logging_mixin.py:190} INFO - [2025-03-03T19:59:47.313-0500] {dag.py:3239} INFO - Sync 1 DAGs
[2025-03-03T19:59:47.318-0500] {logging_mixin.py:190} INFO - [2025-03-03T19:59:47.318-0500] {dag.py:4180} INFO - Setting next_dagrun for example_xcom to 2021-01-01 00:00:00+00:00, run_after=2021-01-01 00:00:00+00:00
[2025-03-03T19:59:47.323-0500] {processor.py:208} INFO - Processing /Users/kartikvadhawana/anaconda3/lib/python3.12/site-packages/airflow/example_dags/example_xcom.py took 0.051 seconds
