[2025-03-03T19:21:30.948-0500] {processor.py:186} INFO - Started process (PID=89840) to work on /Users/kartikvadhawana/anaconda3/lib/python3.12/site-packages/airflow/example_dags/example_latest_only_with_trigger.py
[2025-03-03T19:21:30.948-0500] {processor.py:914} INFO - Processing file /Users/kartikvadhawana/anaconda3/lib/python3.12/site-packages/airflow/example_dags/example_latest_only_with_trigger.py for tasks to queue
[2025-03-03T19:21:30.948-0500] {logging_mixin.py:190} INFO - [2025-03-03T19:21:30.948-0500] {dagbag.py:588} INFO - Filling up the DagBag from /Users/kartikvadhawana/anaconda3/lib/python3.12/site-packages/airflow/example_dags/example_latest_only_with_trigger.py
[2025-03-03T19:21:30.951-0500] {processor.py:925} INFO - DAG(s) 'latest_only_with_trigger' retrieved from /Users/kartikvadhawana/anaconda3/lib/python3.12/site-packages/airflow/example_dags/example_latest_only_with_trigger.py
[2025-03-03T19:21:31.002-0500] {logging_mixin.py:190} INFO - [2025-03-03T19:21:31.002-0500] {override.py:1930} INFO - Created Permission View: can edit on DAG:latest_only_with_trigger
[2025-03-03T19:21:31.005-0500] {logging_mixin.py:190} INFO - [2025-03-03T19:21:31.005-0500] {override.py:1930} INFO - Created Permission View: can read on DAG:latest_only_with_trigger
[2025-03-03T19:21:31.006-0500] {logging_mixin.py:190} INFO - [2025-03-03T19:21:31.006-0500] {override.py:1930} INFO - Created Permission View: can delete on DAG:latest_only_with_trigger
[2025-03-03T19:21:31.008-0500] {logging_mixin.py:190} INFO - [2025-03-03T19:21:31.008-0500] {override.py:1930} INFO - Created Permission View: menu access on DAG Run:latest_only_with_trigger
[2025-03-03T19:21:31.009-0500] {logging_mixin.py:190} INFO - [2025-03-03T19:21:31.009-0500] {override.py:1930} INFO - Created Permission View: can create on DAG Run:latest_only_with_trigger
[2025-03-03T19:21:31.011-0500] {logging_mixin.py:190} INFO - [2025-03-03T19:21:31.011-0500] {override.py:1930} INFO - Created Permission View: can read on DAG Run:latest_only_with_trigger
[2025-03-03T19:21:31.012-0500] {logging_mixin.py:190} INFO - [2025-03-03T19:21:31.012-0500] {override.py:1930} INFO - Created Permission View: can delete on DAG Run:latest_only_with_trigger
[2025-03-03T19:21:31.012-0500] {logging_mixin.py:190} INFO - [2025-03-03T19:21:31.012-0500] {dag.py:3239} INFO - Sync 1 DAGs
[2025-03-03T19:21:31.015-0500] {logging_mixin.py:190} INFO - [2025-03-03T19:21:31.015-0500] {dag.py:3262} INFO - Creating ORM DAG for latest_only_with_trigger
[2025-03-03T19:21:31.017-0500] {logging_mixin.py:190} INFO - [2025-03-03T19:21:31.017-0500] {dag.py:4180} INFO - Setting next_dagrun for latest_only_with_trigger to 2025-03-03 20:00:00+00:00, run_after=2025-03-04 00:00:00+00:00
[2025-03-03T19:21:31.022-0500] {processor.py:208} INFO - Processing /Users/kartikvadhawana/anaconda3/lib/python3.12/site-packages/airflow/example_dags/example_latest_only_with_trigger.py took 0.076 seconds
[2025-03-03T19:23:18.758-0500] {processor.py:186} INFO - Started process (PID=90192) to work on /Users/kartikvadhawana/anaconda3/lib/python3.12/site-packages/airflow/example_dags/example_latest_only_with_trigger.py
[2025-03-03T19:23:18.759-0500] {processor.py:914} INFO - Processing file /Users/kartikvadhawana/anaconda3/lib/python3.12/site-packages/airflow/example_dags/example_latest_only_with_trigger.py for tasks to queue
[2025-03-03T19:23:18.760-0500] {logging_mixin.py:190} INFO - [2025-03-03T19:23:18.760-0500] {dagbag.py:588} INFO - Filling up the DagBag from /Users/kartikvadhawana/anaconda3/lib/python3.12/site-packages/airflow/example_dags/example_latest_only_with_trigger.py
[2025-03-03T19:23:18.763-0500] {processor.py:925} INFO - DAG(s) 'latest_only_with_trigger' retrieved from /Users/kartikvadhawana/anaconda3/lib/python3.12/site-packages/airflow/example_dags/example_latest_only_with_trigger.py
[2025-03-03T19:23:18.789-0500] {logging_mixin.py:190} INFO - [2025-03-03T19:23:18.789-0500] {dag.py:3239} INFO - Sync 1 DAGs
[2025-03-03T19:23:18.794-0500] {logging_mixin.py:190} INFO - [2025-03-03T19:23:18.794-0500] {dag.py:4180} INFO - Setting next_dagrun for latest_only_with_trigger to 2025-03-03 20:00:00+00:00, run_after=2025-03-04 00:00:00+00:00
[2025-03-03T19:23:18.799-0500] {processor.py:208} INFO - Processing /Users/kartikvadhawana/anaconda3/lib/python3.12/site-packages/airflow/example_dags/example_latest_only_with_trigger.py took 0.042 seconds
[2025-03-03T19:26:07.836-0500] {processor.py:186} INFO - Started process (PID=90874) to work on /Users/kartikvadhawana/anaconda3/lib/python3.12/site-packages/airflow/example_dags/example_latest_only_with_trigger.py
[2025-03-03T19:26:07.837-0500] {processor.py:914} INFO - Processing file /Users/kartikvadhawana/anaconda3/lib/python3.12/site-packages/airflow/example_dags/example_latest_only_with_trigger.py for tasks to queue
[2025-03-03T19:26:07.838-0500] {logging_mixin.py:190} INFO - [2025-03-03T19:26:07.838-0500] {dagbag.py:588} INFO - Filling up the DagBag from /Users/kartikvadhawana/anaconda3/lib/python3.12/site-packages/airflow/example_dags/example_latest_only_with_trigger.py
[2025-03-03T19:26:07.841-0500] {processor.py:925} INFO - DAG(s) 'latest_only_with_trigger' retrieved from /Users/kartikvadhawana/anaconda3/lib/python3.12/site-packages/airflow/example_dags/example_latest_only_with_trigger.py
[2025-03-03T19:26:07.867-0500] {logging_mixin.py:190} INFO - [2025-03-03T19:26:07.867-0500] {dag.py:3239} INFO - Sync 1 DAGs
[2025-03-03T19:26:07.872-0500] {logging_mixin.py:190} INFO - [2025-03-03T19:26:07.872-0500] {dag.py:4180} INFO - Setting next_dagrun for latest_only_with_trigger to 2025-03-03 20:00:00+00:00, run_after=2025-03-04 00:00:00+00:00
[2025-03-03T19:26:07.877-0500] {processor.py:208} INFO - Processing /Users/kartikvadhawana/anaconda3/lib/python3.12/site-packages/airflow/example_dags/example_latest_only_with_trigger.py took 0.042 seconds
[2025-03-03T19:28:29.987-0500] {processor.py:186} INFO - Started process (PID=91440) to work on /Users/kartikvadhawana/anaconda3/lib/python3.12/site-packages/airflow/example_dags/example_latest_only_with_trigger.py
[2025-03-03T19:28:29.988-0500] {processor.py:914} INFO - Processing file /Users/kartikvadhawana/anaconda3/lib/python3.12/site-packages/airflow/example_dags/example_latest_only_with_trigger.py for tasks to queue
[2025-03-03T19:28:29.988-0500] {logging_mixin.py:190} INFO - [2025-03-03T19:28:29.988-0500] {dagbag.py:588} INFO - Filling up the DagBag from /Users/kartikvadhawana/anaconda3/lib/python3.12/site-packages/airflow/example_dags/example_latest_only_with_trigger.py
[2025-03-03T19:28:29.991-0500] {processor.py:925} INFO - DAG(s) 'latest_only_with_trigger' retrieved from /Users/kartikvadhawana/anaconda3/lib/python3.12/site-packages/airflow/example_dags/example_latest_only_with_trigger.py
[2025-03-03T19:28:30.020-0500] {logging_mixin.py:190} INFO - [2025-03-03T19:28:30.020-0500] {dag.py:3239} INFO - Sync 1 DAGs
[2025-03-03T19:28:30.025-0500] {logging_mixin.py:190} INFO - [2025-03-03T19:28:30.025-0500] {dag.py:4180} INFO - Setting next_dagrun for latest_only_with_trigger to 2025-03-03 20:00:00+00:00, run_after=2025-03-04 00:00:00+00:00
[2025-03-03T19:28:30.031-0500] {processor.py:208} INFO - Processing /Users/kartikvadhawana/anaconda3/lib/python3.12/site-packages/airflow/example_dags/example_latest_only_with_trigger.py took 0.045 seconds
[2025-03-03T19:30:17.967-0500] {processor.py:186} INFO - Started process (PID=91775) to work on /Users/kartikvadhawana/anaconda3/lib/python3.12/site-packages/airflow/example_dags/example_latest_only_with_trigger.py
[2025-03-03T19:30:17.968-0500] {processor.py:914} INFO - Processing file /Users/kartikvadhawana/anaconda3/lib/python3.12/site-packages/airflow/example_dags/example_latest_only_with_trigger.py for tasks to queue
[2025-03-03T19:30:17.969-0500] {logging_mixin.py:190} INFO - [2025-03-03T19:30:17.968-0500] {dagbag.py:588} INFO - Filling up the DagBag from /Users/kartikvadhawana/anaconda3/lib/python3.12/site-packages/airflow/example_dags/example_latest_only_with_trigger.py
[2025-03-03T19:30:17.972-0500] {processor.py:925} INFO - DAG(s) 'latest_only_with_trigger' retrieved from /Users/kartikvadhawana/anaconda3/lib/python3.12/site-packages/airflow/example_dags/example_latest_only_with_trigger.py
[2025-03-03T19:30:17.999-0500] {logging_mixin.py:190} INFO - [2025-03-03T19:30:17.998-0500] {dag.py:3239} INFO - Sync 1 DAGs
[2025-03-03T19:30:18.003-0500] {logging_mixin.py:190} INFO - [2025-03-03T19:30:18.003-0500] {dag.py:4180} INFO - Setting next_dagrun for latest_only_with_trigger to 2025-03-03 20:00:00+00:00, run_after=2025-03-04 00:00:00+00:00
[2025-03-03T19:30:18.009-0500] {processor.py:208} INFO - Processing /Users/kartikvadhawana/anaconda3/lib/python3.12/site-packages/airflow/example_dags/example_latest_only_with_trigger.py took 0.043 seconds
[2025-03-03T19:32:47.967-0500] {processor.py:186} INFO - Started process (PID=92290) to work on /Users/kartikvadhawana/anaconda3/lib/python3.12/site-packages/airflow/example_dags/example_latest_only_with_trigger.py
[2025-03-03T19:32:47.969-0500] {processor.py:914} INFO - Processing file /Users/kartikvadhawana/anaconda3/lib/python3.12/site-packages/airflow/example_dags/example_latest_only_with_trigger.py for tasks to queue
[2025-03-03T19:32:47.969-0500] {logging_mixin.py:190} INFO - [2025-03-03T19:32:47.969-0500] {dagbag.py:588} INFO - Filling up the DagBag from /Users/kartikvadhawana/anaconda3/lib/python3.12/site-packages/airflow/example_dags/example_latest_only_with_trigger.py
[2025-03-03T19:32:47.972-0500] {processor.py:925} INFO - DAG(s) 'latest_only_with_trigger' retrieved from /Users/kartikvadhawana/anaconda3/lib/python3.12/site-packages/airflow/example_dags/example_latest_only_with_trigger.py
[2025-03-03T19:32:48.000-0500] {logging_mixin.py:190} INFO - [2025-03-03T19:32:48.000-0500] {dag.py:3239} INFO - Sync 1 DAGs
[2025-03-03T19:32:48.005-0500] {logging_mixin.py:190} INFO - [2025-03-03T19:32:48.005-0500] {dag.py:4180} INFO - Setting next_dagrun for latest_only_with_trigger to 2025-03-03 20:00:00+00:00, run_after=2025-03-04 00:00:00+00:00
[2025-03-03T19:32:48.010-0500] {processor.py:208} INFO - Processing /Users/kartikvadhawana/anaconda3/lib/python3.12/site-packages/airflow/example_dags/example_latest_only_with_trigger.py took 0.044 seconds
[2025-03-03T19:34:36.939-0500] {processor.py:186} INFO - Started process (PID=92539) to work on /Users/kartikvadhawana/anaconda3/lib/python3.12/site-packages/airflow/example_dags/example_latest_only_with_trigger.py
[2025-03-03T19:34:36.940-0500] {processor.py:914} INFO - Processing file /Users/kartikvadhawana/anaconda3/lib/python3.12/site-packages/airflow/example_dags/example_latest_only_with_trigger.py for tasks to queue
[2025-03-03T19:34:36.940-0500] {logging_mixin.py:190} INFO - [2025-03-03T19:34:36.940-0500] {dagbag.py:588} INFO - Filling up the DagBag from /Users/kartikvadhawana/anaconda3/lib/python3.12/site-packages/airflow/example_dags/example_latest_only_with_trigger.py
[2025-03-03T19:34:36.944-0500] {processor.py:925} INFO - DAG(s) 'latest_only_with_trigger' retrieved from /Users/kartikvadhawana/anaconda3/lib/python3.12/site-packages/airflow/example_dags/example_latest_only_with_trigger.py
[2025-03-03T19:34:36.971-0500] {logging_mixin.py:190} INFO - [2025-03-03T19:34:36.971-0500] {dag.py:3239} INFO - Sync 1 DAGs
[2025-03-03T19:34:36.977-0500] {logging_mixin.py:190} INFO - [2025-03-03T19:34:36.976-0500] {dag.py:4180} INFO - Setting next_dagrun for latest_only_with_trigger to 2025-03-03 20:00:00+00:00, run_after=2025-03-04 00:00:00+00:00
[2025-03-03T19:34:36.982-0500] {processor.py:208} INFO - Processing /Users/kartikvadhawana/anaconda3/lib/python3.12/site-packages/airflow/example_dags/example_latest_only_with_trigger.py took 0.045 seconds
[2025-03-03T19:37:15.087-0500] {processor.py:186} INFO - Started process (PID=92893) to work on /Users/kartikvadhawana/anaconda3/lib/python3.12/site-packages/airflow/example_dags/example_latest_only_with_trigger.py
[2025-03-03T19:37:15.088-0500] {processor.py:914} INFO - Processing file /Users/kartikvadhawana/anaconda3/lib/python3.12/site-packages/airflow/example_dags/example_latest_only_with_trigger.py for tasks to queue
[2025-03-03T19:37:15.088-0500] {logging_mixin.py:190} INFO - [2025-03-03T19:37:15.088-0500] {dagbag.py:588} INFO - Filling up the DagBag from /Users/kartikvadhawana/anaconda3/lib/python3.12/site-packages/airflow/example_dags/example_latest_only_with_trigger.py
[2025-03-03T19:37:15.091-0500] {processor.py:925} INFO - DAG(s) 'latest_only_with_trigger' retrieved from /Users/kartikvadhawana/anaconda3/lib/python3.12/site-packages/airflow/example_dags/example_latest_only_with_trigger.py
[2025-03-03T19:37:15.118-0500] {logging_mixin.py:190} INFO - [2025-03-03T19:37:15.118-0500] {dag.py:3239} INFO - Sync 1 DAGs
[2025-03-03T19:37:15.123-0500] {logging_mixin.py:190} INFO - [2025-03-03T19:37:15.123-0500] {dag.py:4180} INFO - Setting next_dagrun for latest_only_with_trigger to 2025-03-03 20:00:00+00:00, run_after=2025-03-04 00:00:00+00:00
[2025-03-03T19:37:15.128-0500] {processor.py:208} INFO - Processing /Users/kartikvadhawana/anaconda3/lib/python3.12/site-packages/airflow/example_dags/example_latest_only_with_trigger.py took 0.043 seconds
[2025-03-03T19:39:56.604-0500] {processor.py:186} INFO - Started process (PID=93266) to work on /Users/kartikvadhawana/anaconda3/lib/python3.12/site-packages/airflow/example_dags/example_latest_only_with_trigger.py
[2025-03-03T19:39:56.606-0500] {processor.py:914} INFO - Processing file /Users/kartikvadhawana/anaconda3/lib/python3.12/site-packages/airflow/example_dags/example_latest_only_with_trigger.py for tasks to queue
[2025-03-03T19:39:56.606-0500] {logging_mixin.py:190} INFO - [2025-03-03T19:39:56.606-0500] {dagbag.py:588} INFO - Filling up the DagBag from /Users/kartikvadhawana/anaconda3/lib/python3.12/site-packages/airflow/example_dags/example_latest_only_with_trigger.py
[2025-03-03T19:39:56.609-0500] {processor.py:925} INFO - DAG(s) 'latest_only_with_trigger' retrieved from /Users/kartikvadhawana/anaconda3/lib/python3.12/site-packages/airflow/example_dags/example_latest_only_with_trigger.py
[2025-03-03T19:39:56.636-0500] {logging_mixin.py:190} INFO - [2025-03-03T19:39:56.636-0500] {dag.py:3239} INFO - Sync 1 DAGs
[2025-03-03T19:39:56.641-0500] {logging_mixin.py:190} INFO - [2025-03-03T19:39:56.641-0500] {dag.py:4180} INFO - Setting next_dagrun for latest_only_with_trigger to 2025-03-03 20:00:00+00:00, run_after=2025-03-04 00:00:00+00:00
[2025-03-03T19:39:56.646-0500] {processor.py:208} INFO - Processing /Users/kartikvadhawana/anaconda3/lib/python3.12/site-packages/airflow/example_dags/example_latest_only_with_trigger.py took 0.043 seconds
[2025-03-03T19:42:43.838-0500] {processor.py:186} INFO - Started process (PID=93874) to work on /Users/kartikvadhawana/anaconda3/lib/python3.12/site-packages/airflow/example_dags/example_latest_only_with_trigger.py
[2025-03-03T19:42:43.839-0500] {processor.py:914} INFO - Processing file /Users/kartikvadhawana/anaconda3/lib/python3.12/site-packages/airflow/example_dags/example_latest_only_with_trigger.py for tasks to queue
[2025-03-03T19:42:43.839-0500] {logging_mixin.py:190} INFO - [2025-03-03T19:42:43.839-0500] {dagbag.py:588} INFO - Filling up the DagBag from /Users/kartikvadhawana/anaconda3/lib/python3.12/site-packages/airflow/example_dags/example_latest_only_with_trigger.py
[2025-03-03T19:42:43.842-0500] {processor.py:925} INFO - DAG(s) 'latest_only_with_trigger' retrieved from /Users/kartikvadhawana/anaconda3/lib/python3.12/site-packages/airflow/example_dags/example_latest_only_with_trigger.py
[2025-03-03T19:42:43.869-0500] {logging_mixin.py:190} INFO - [2025-03-03T19:42:43.869-0500] {dag.py:3239} INFO - Sync 1 DAGs
[2025-03-03T19:42:43.874-0500] {logging_mixin.py:190} INFO - [2025-03-03T19:42:43.874-0500] {dag.py:4180} INFO - Setting next_dagrun for latest_only_with_trigger to 2025-03-03 20:00:00+00:00, run_after=2025-03-04 00:00:00+00:00
[2025-03-03T19:42:43.879-0500] {processor.py:208} INFO - Processing /Users/kartikvadhawana/anaconda3/lib/python3.12/site-packages/airflow/example_dags/example_latest_only_with_trigger.py took 0.042 seconds
[2025-03-03T19:44:36.027-0500] {processor.py:186} INFO - Started process (PID=94096) to work on /Users/kartikvadhawana/anaconda3/lib/python3.12/site-packages/airflow/example_dags/example_latest_only_with_trigger.py
[2025-03-03T19:44:36.027-0500] {processor.py:914} INFO - Processing file /Users/kartikvadhawana/anaconda3/lib/python3.12/site-packages/airflow/example_dags/example_latest_only_with_trigger.py for tasks to queue
[2025-03-03T19:44:36.028-0500] {logging_mixin.py:190} INFO - [2025-03-03T19:44:36.028-0500] {dagbag.py:588} INFO - Filling up the DagBag from /Users/kartikvadhawana/anaconda3/lib/python3.12/site-packages/airflow/example_dags/example_latest_only_with_trigger.py
[2025-03-03T19:44:36.032-0500] {processor.py:925} INFO - DAG(s) 'latest_only_with_trigger' retrieved from /Users/kartikvadhawana/anaconda3/lib/python3.12/site-packages/airflow/example_dags/example_latest_only_with_trigger.py
[2025-03-03T19:44:36.063-0500] {logging_mixin.py:190} INFO - [2025-03-03T19:44:36.063-0500] {dag.py:3239} INFO - Sync 1 DAGs
[2025-03-03T19:44:36.069-0500] {logging_mixin.py:190} INFO - [2025-03-03T19:44:36.069-0500] {dag.py:4180} INFO - Setting next_dagrun for latest_only_with_trigger to 2025-03-03 20:00:00+00:00, run_after=2025-03-04 00:00:00+00:00
[2025-03-03T19:44:36.075-0500] {processor.py:208} INFO - Processing /Users/kartikvadhawana/anaconda3/lib/python3.12/site-packages/airflow/example_dags/example_latest_only_with_trigger.py took 0.049 seconds
[2025-03-03T19:49:10.999-0500] {processor.py:186} INFO - Started process (PID=94750) to work on /Users/kartikvadhawana/anaconda3/lib/python3.12/site-packages/airflow/example_dags/example_latest_only_with_trigger.py
[2025-03-03T19:49:11.000-0500] {processor.py:914} INFO - Processing file /Users/kartikvadhawana/anaconda3/lib/python3.12/site-packages/airflow/example_dags/example_latest_only_with_trigger.py for tasks to queue
[2025-03-03T19:49:11.000-0500] {logging_mixin.py:190} INFO - [2025-03-03T19:49:11.000-0500] {dagbag.py:588} INFO - Filling up the DagBag from /Users/kartikvadhawana/anaconda3/lib/python3.12/site-packages/airflow/example_dags/example_latest_only_with_trigger.py
[2025-03-03T19:49:11.005-0500] {processor.py:925} INFO - DAG(s) 'latest_only_with_trigger' retrieved from /Users/kartikvadhawana/anaconda3/lib/python3.12/site-packages/airflow/example_dags/example_latest_only_with_trigger.py
[2025-03-03T19:49:11.035-0500] {logging_mixin.py:190} INFO - [2025-03-03T19:49:11.035-0500] {dag.py:3239} INFO - Sync 1 DAGs
[2025-03-03T19:49:11.040-0500] {logging_mixin.py:190} INFO - [2025-03-03T19:49:11.040-0500] {dag.py:4180} INFO - Setting next_dagrun for latest_only_with_trigger to 2025-03-03 20:00:00+00:00, run_after=2025-03-04 00:00:00+00:00
[2025-03-03T19:49:11.046-0500] {processor.py:208} INFO - Processing /Users/kartikvadhawana/anaconda3/lib/python3.12/site-packages/airflow/example_dags/example_latest_only_with_trigger.py took 0.048 seconds
[2025-03-03T19:51:00.581-0500] {processor.py:186} INFO - Started process (PID=94885) to work on /Users/kartikvadhawana/anaconda3/lib/python3.12/site-packages/airflow/example_dags/example_latest_only_with_trigger.py
[2025-03-03T19:51:00.581-0500] {processor.py:914} INFO - Processing file /Users/kartikvadhawana/anaconda3/lib/python3.12/site-packages/airflow/example_dags/example_latest_only_with_trigger.py for tasks to queue
[2025-03-03T19:51:00.581-0500] {logging_mixin.py:190} INFO - [2025-03-03T19:51:00.581-0500] {dagbag.py:588} INFO - Filling up the DagBag from /Users/kartikvadhawana/anaconda3/lib/python3.12/site-packages/airflow/example_dags/example_latest_only_with_trigger.py
[2025-03-03T19:51:00.584-0500] {processor.py:925} INFO - DAG(s) 'latest_only_with_trigger' retrieved from /Users/kartikvadhawana/anaconda3/lib/python3.12/site-packages/airflow/example_dags/example_latest_only_with_trigger.py
[2025-03-03T19:51:00.611-0500] {logging_mixin.py:190} INFO - [2025-03-03T19:51:00.611-0500] {dag.py:3239} INFO - Sync 1 DAGs
[2025-03-03T19:51:00.615-0500] {logging_mixin.py:190} INFO - [2025-03-03T19:51:00.615-0500] {dag.py:4180} INFO - Setting next_dagrun for latest_only_with_trigger to 2025-03-03 20:00:00+00:00, run_after=2025-03-04 00:00:00+00:00
[2025-03-03T19:51:00.620-0500] {processor.py:208} INFO - Processing /Users/kartikvadhawana/anaconda3/lib/python3.12/site-packages/airflow/example_dags/example_latest_only_with_trigger.py took 0.041 seconds
[2025-03-03T19:53:41.264-0500] {processor.py:186} INFO - Started process (PID=95230) to work on /Users/kartikvadhawana/anaconda3/lib/python3.12/site-packages/airflow/example_dags/example_latest_only_with_trigger.py
[2025-03-03T19:53:41.266-0500] {processor.py:914} INFO - Processing file /Users/kartikvadhawana/anaconda3/lib/python3.12/site-packages/airflow/example_dags/example_latest_only_with_trigger.py for tasks to queue
[2025-03-03T19:53:41.266-0500] {logging_mixin.py:190} INFO - [2025-03-03T19:53:41.266-0500] {dagbag.py:588} INFO - Filling up the DagBag from /Users/kartikvadhawana/anaconda3/lib/python3.12/site-packages/airflow/example_dags/example_latest_only_with_trigger.py
[2025-03-03T19:53:41.269-0500] {processor.py:925} INFO - DAG(s) 'latest_only_with_trigger' retrieved from /Users/kartikvadhawana/anaconda3/lib/python3.12/site-packages/airflow/example_dags/example_latest_only_with_trigger.py
[2025-03-03T19:53:41.296-0500] {logging_mixin.py:190} INFO - [2025-03-03T19:53:41.296-0500] {dag.py:3239} INFO - Sync 1 DAGs
[2025-03-03T19:53:41.301-0500] {logging_mixin.py:190} INFO - [2025-03-03T19:53:41.301-0500] {dag.py:4180} INFO - Setting next_dagrun for latest_only_with_trigger to 2025-03-03 20:00:00+00:00, run_after=2025-03-04 00:00:00+00:00
[2025-03-03T19:53:41.306-0500] {processor.py:208} INFO - Processing /Users/kartikvadhawana/anaconda3/lib/python3.12/site-packages/airflow/example_dags/example_latest_only_with_trigger.py took 0.043 seconds
[2025-03-03T19:56:25.219-0500] {processor.py:186} INFO - Started process (PID=95657) to work on /Users/kartikvadhawana/anaconda3/lib/python3.12/site-packages/airflow/example_dags/example_latest_only_with_trigger.py
[2025-03-03T19:56:25.220-0500] {processor.py:914} INFO - Processing file /Users/kartikvadhawana/anaconda3/lib/python3.12/site-packages/airflow/example_dags/example_latest_only_with_trigger.py for tasks to queue
[2025-03-03T19:56:25.221-0500] {logging_mixin.py:190} INFO - [2025-03-03T19:56:25.221-0500] {dagbag.py:588} INFO - Filling up the DagBag from /Users/kartikvadhawana/anaconda3/lib/python3.12/site-packages/airflow/example_dags/example_latest_only_with_trigger.py
[2025-03-03T19:56:25.224-0500] {processor.py:925} INFO - DAG(s) 'latest_only_with_trigger' retrieved from /Users/kartikvadhawana/anaconda3/lib/python3.12/site-packages/airflow/example_dags/example_latest_only_with_trigger.py
[2025-03-03T19:56:25.253-0500] {logging_mixin.py:190} INFO - [2025-03-03T19:56:25.253-0500] {dag.py:3239} INFO - Sync 1 DAGs
[2025-03-03T19:56:25.258-0500] {logging_mixin.py:190} INFO - [2025-03-03T19:56:25.258-0500] {dag.py:4180} INFO - Setting next_dagrun for latest_only_with_trigger to 2025-03-03 20:00:00+00:00, run_after=2025-03-04 00:00:00+00:00
[2025-03-03T19:56:25.264-0500] {processor.py:208} INFO - Processing /Users/kartikvadhawana/anaconda3/lib/python3.12/site-packages/airflow/example_dags/example_latest_only_with_trigger.py took 0.046 seconds
[2025-03-03T19:59:09.569-0500] {processor.py:186} INFO - Started process (PID=95969) to work on /Users/kartikvadhawana/anaconda3/lib/python3.12/site-packages/airflow/example_dags/example_latest_only_with_trigger.py
[2025-03-03T19:59:09.570-0500] {processor.py:914} INFO - Processing file /Users/kartikvadhawana/anaconda3/lib/python3.12/site-packages/airflow/example_dags/example_latest_only_with_trigger.py for tasks to queue
[2025-03-03T19:59:09.571-0500] {logging_mixin.py:190} INFO - [2025-03-03T19:59:09.571-0500] {dagbag.py:588} INFO - Filling up the DagBag from /Users/kartikvadhawana/anaconda3/lib/python3.12/site-packages/airflow/example_dags/example_latest_only_with_trigger.py
[2025-03-03T19:59:09.574-0500] {processor.py:925} INFO - DAG(s) 'latest_only_with_trigger' retrieved from /Users/kartikvadhawana/anaconda3/lib/python3.12/site-packages/airflow/example_dags/example_latest_only_with_trigger.py
[2025-03-03T19:59:09.601-0500] {logging_mixin.py:190} INFO - [2025-03-03T19:59:09.601-0500] {dag.py:3239} INFO - Sync 1 DAGs
[2025-03-03T19:59:09.606-0500] {logging_mixin.py:190} INFO - [2025-03-03T19:59:09.606-0500] {dag.py:4180} INFO - Setting next_dagrun for latest_only_with_trigger to 2025-03-03 20:00:00+00:00, run_after=2025-03-04 00:00:00+00:00
[2025-03-03T19:59:09.611-0500] {processor.py:208} INFO - Processing /Users/kartikvadhawana/anaconda3/lib/python3.12/site-packages/airflow/example_dags/example_latest_only_with_trigger.py took 0.043 seconds
