[2025-03-03T19:20:51.495-0500] {processor.py:186} INFO - Started process (PID=89691) to work on /Users/kartikvadhawana/anaconda3/lib/python3.12/site-packages/airflow/example_dags/example_trigger_controller_dag.py
[2025-03-03T19:20:51.496-0500] {processor.py:914} INFO - Processing file /Users/kartikvadhawana/anaconda3/lib/python3.12/site-packages/airflow/example_dags/example_trigger_controller_dag.py for tasks to queue
[2025-03-03T19:20:51.496-0500] {logging_mixin.py:190} INFO - [2025-03-03T19:20:51.496-0500] {dagbag.py:588} INFO - Filling up the DagBag from /Users/kartikvadhawana/anaconda3/lib/python3.12/site-packages/airflow/example_dags/example_trigger_controller_dag.py
[2025-03-03T19:20:51.500-0500] {processor.py:925} INFO - DAG(s) 'example_trigger_controller_dag' retrieved from /Users/kartikvadhawana/anaconda3/lib/python3.12/site-packages/airflow/example_dags/example_trigger_controller_dag.py
[2025-03-03T19:20:51.551-0500] {logging_mixin.py:190} INFO - [2025-03-03T19:20:51.551-0500] {override.py:1930} INFO - Created Permission View: can read on DAG:example_trigger_controller_dag
[2025-03-03T19:20:51.553-0500] {logging_mixin.py:190} INFO - [2025-03-03T19:20:51.553-0500] {override.py:1930} INFO - Created Permission View: can edit on DAG:example_trigger_controller_dag
[2025-03-03T19:20:51.555-0500] {logging_mixin.py:190} INFO - [2025-03-03T19:20:51.555-0500] {override.py:1930} INFO - Created Permission View: can delete on DAG:example_trigger_controller_dag
[2025-03-03T19:20:51.557-0500] {logging_mixin.py:190} INFO - [2025-03-03T19:20:51.557-0500] {override.py:1930} INFO - Created Permission View: can read on DAG Run:example_trigger_controller_dag
[2025-03-03T19:20:51.559-0500] {logging_mixin.py:190} INFO - [2025-03-03T19:20:51.559-0500] {override.py:1930} INFO - Created Permission View: can delete on DAG Run:example_trigger_controller_dag
[2025-03-03T19:20:51.560-0500] {logging_mixin.py:190} INFO - [2025-03-03T19:20:51.560-0500] {override.py:1930} INFO - Created Permission View: can create on DAG Run:example_trigger_controller_dag
[2025-03-03T19:20:51.562-0500] {logging_mixin.py:190} INFO - [2025-03-03T19:20:51.562-0500] {override.py:1930} INFO - Created Permission View: menu access on DAG Run:example_trigger_controller_dag
[2025-03-03T19:20:51.562-0500] {logging_mixin.py:190} INFO - [2025-03-03T19:20:51.562-0500] {dag.py:3239} INFO - Sync 1 DAGs
[2025-03-03T19:20:51.565-0500] {logging_mixin.py:190} INFO - [2025-03-03T19:20:51.565-0500] {dag.py:3262} INFO - Creating ORM DAG for example_trigger_controller_dag
[2025-03-03T19:20:51.567-0500] {logging_mixin.py:190} INFO - [2025-03-03T19:20:51.567-0500] {dag.py:4180} INFO - Setting next_dagrun for example_trigger_controller_dag to 2021-01-01 00:00:00+00:00, run_after=2021-01-01 00:00:00+00:00
[2025-03-03T19:20:51.572-0500] {processor.py:208} INFO - Processing /Users/kartikvadhawana/anaconda3/lib/python3.12/site-packages/airflow/example_dags/example_trigger_controller_dag.py took 0.077 seconds
[2025-03-03T19:22:39.519-0500] {processor.py:186} INFO - Started process (PID=90094) to work on /Users/kartikvadhawana/anaconda3/lib/python3.12/site-packages/airflow/example_dags/example_trigger_controller_dag.py
[2025-03-03T19:22:39.519-0500] {processor.py:914} INFO - Processing file /Users/kartikvadhawana/anaconda3/lib/python3.12/site-packages/airflow/example_dags/example_trigger_controller_dag.py for tasks to queue
[2025-03-03T19:22:39.519-0500] {logging_mixin.py:190} INFO - [2025-03-03T19:22:39.519-0500] {dagbag.py:588} INFO - Filling up the DagBag from /Users/kartikvadhawana/anaconda3/lib/python3.12/site-packages/airflow/example_dags/example_trigger_controller_dag.py
[2025-03-03T19:22:39.523-0500] {processor.py:925} INFO - DAG(s) 'example_trigger_controller_dag' retrieved from /Users/kartikvadhawana/anaconda3/lib/python3.12/site-packages/airflow/example_dags/example_trigger_controller_dag.py
[2025-03-03T19:22:39.548-0500] {logging_mixin.py:190} INFO - [2025-03-03T19:22:39.547-0500] {dag.py:3239} INFO - Sync 1 DAGs
[2025-03-03T19:22:39.552-0500] {logging_mixin.py:190} INFO - [2025-03-03T19:22:39.552-0500] {dag.py:4180} INFO - Setting next_dagrun for example_trigger_controller_dag to 2021-01-01 00:00:00+00:00, run_after=2021-01-01 00:00:00+00:00
[2025-03-03T19:22:39.558-0500] {processor.py:208} INFO - Processing /Users/kartikvadhawana/anaconda3/lib/python3.12/site-packages/airflow/example_dags/example_trigger_controller_dag.py took 0.040 seconds
[2025-03-03T19:24:01.218-0500] {processor.py:186} INFO - Started process (PID=90371) to work on /Users/kartikvadhawana/anaconda3/lib/python3.12/site-packages/airflow/example_dags/example_trigger_controller_dag.py
[2025-03-03T19:24:01.219-0500] {processor.py:914} INFO - Processing file /Users/kartikvadhawana/anaconda3/lib/python3.12/site-packages/airflow/example_dags/example_trigger_controller_dag.py for tasks to queue
[2025-03-03T19:24:01.219-0500] {logging_mixin.py:190} INFO - [2025-03-03T19:24:01.219-0500] {dagbag.py:588} INFO - Filling up the DagBag from /Users/kartikvadhawana/anaconda3/lib/python3.12/site-packages/airflow/example_dags/example_trigger_controller_dag.py
[2025-03-03T19:24:01.223-0500] {processor.py:925} INFO - DAG(s) 'example_trigger_controller_dag' retrieved from /Users/kartikvadhawana/anaconda3/lib/python3.12/site-packages/airflow/example_dags/example_trigger_controller_dag.py
[2025-03-03T19:24:01.247-0500] {logging_mixin.py:190} INFO - [2025-03-03T19:24:01.247-0500] {dag.py:3239} INFO - Sync 1 DAGs
[2025-03-03T19:24:01.252-0500] {logging_mixin.py:190} INFO - [2025-03-03T19:24:01.252-0500] {dag.py:4180} INFO - Setting next_dagrun for example_trigger_controller_dag to 2021-01-01 00:00:00+00:00, run_after=2021-01-01 00:00:00+00:00
[2025-03-03T19:24:01.257-0500] {processor.py:208} INFO - Processing /Users/kartikvadhawana/anaconda3/lib/python3.12/site-packages/airflow/example_dags/example_trigger_controller_dag.py took 0.041 seconds
[2025-03-03T19:25:26.964-0500] {processor.py:186} INFO - Started process (PID=90656) to work on /Users/kartikvadhawana/anaconda3/lib/python3.12/site-packages/airflow/example_dags/example_trigger_controller_dag.py
[2025-03-03T19:25:26.965-0500] {processor.py:914} INFO - Processing file /Users/kartikvadhawana/anaconda3/lib/python3.12/site-packages/airflow/example_dags/example_trigger_controller_dag.py for tasks to queue
[2025-03-03T19:25:26.966-0500] {logging_mixin.py:190} INFO - [2025-03-03T19:25:26.966-0500] {dagbag.py:588} INFO - Filling up the DagBag from /Users/kartikvadhawana/anaconda3/lib/python3.12/site-packages/airflow/example_dags/example_trigger_controller_dag.py
[2025-03-03T19:25:26.970-0500] {processor.py:925} INFO - DAG(s) 'example_trigger_controller_dag' retrieved from /Users/kartikvadhawana/anaconda3/lib/python3.12/site-packages/airflow/example_dags/example_trigger_controller_dag.py
[2025-03-03T19:25:26.996-0500] {logging_mixin.py:190} INFO - [2025-03-03T19:25:26.995-0500] {dag.py:3239} INFO - Sync 1 DAGs
[2025-03-03T19:25:27.001-0500] {logging_mixin.py:190} INFO - [2025-03-03T19:25:27.001-0500] {dag.py:4180} INFO - Setting next_dagrun for example_trigger_controller_dag to 2021-01-01 00:00:00+00:00, run_after=2021-01-01 00:00:00+00:00
[2025-03-03T19:25:27.006-0500] {processor.py:208} INFO - Processing /Users/kartikvadhawana/anaconda3/lib/python3.12/site-packages/airflow/example_dags/example_trigger_controller_dag.py took 0.043 seconds
[2025-03-03T19:27:50.955-0500] {processor.py:186} INFO - Started process (PID=91343) to work on /Users/kartikvadhawana/anaconda3/lib/python3.12/site-packages/airflow/example_dags/example_trigger_controller_dag.py
[2025-03-03T19:27:50.956-0500] {processor.py:914} INFO - Processing file /Users/kartikvadhawana/anaconda3/lib/python3.12/site-packages/airflow/example_dags/example_trigger_controller_dag.py for tasks to queue
[2025-03-03T19:27:50.956-0500] {logging_mixin.py:190} INFO - [2025-03-03T19:27:50.956-0500] {dagbag.py:588} INFO - Filling up the DagBag from /Users/kartikvadhawana/anaconda3/lib/python3.12/site-packages/airflow/example_dags/example_trigger_controller_dag.py
[2025-03-03T19:27:50.961-0500] {processor.py:925} INFO - DAG(s) 'example_trigger_controller_dag' retrieved from /Users/kartikvadhawana/anaconda3/lib/python3.12/site-packages/airflow/example_dags/example_trigger_controller_dag.py
[2025-03-03T19:27:50.985-0500] {logging_mixin.py:190} INFO - [2025-03-03T19:27:50.984-0500] {dag.py:3239} INFO - Sync 1 DAGs
[2025-03-03T19:27:50.990-0500] {logging_mixin.py:190} INFO - [2025-03-03T19:27:50.989-0500] {dag.py:4180} INFO - Setting next_dagrun for example_trigger_controller_dag to 2021-01-01 00:00:00+00:00, run_after=2021-01-01 00:00:00+00:00
[2025-03-03T19:27:50.995-0500] {processor.py:208} INFO - Processing /Users/kartikvadhawana/anaconda3/lib/python3.12/site-packages/airflow/example_dags/example_trigger_controller_dag.py took 0.041 seconds
[2025-03-03T19:29:39.324-0500] {processor.py:186} INFO - Started process (PID=91671) to work on /Users/kartikvadhawana/anaconda3/lib/python3.12/site-packages/airflow/example_dags/example_trigger_controller_dag.py
[2025-03-03T19:29:39.326-0500] {processor.py:914} INFO - Processing file /Users/kartikvadhawana/anaconda3/lib/python3.12/site-packages/airflow/example_dags/example_trigger_controller_dag.py for tasks to queue
[2025-03-03T19:29:39.326-0500] {logging_mixin.py:190} INFO - [2025-03-03T19:29:39.326-0500] {dagbag.py:588} INFO - Filling up the DagBag from /Users/kartikvadhawana/anaconda3/lib/python3.12/site-packages/airflow/example_dags/example_trigger_controller_dag.py
[2025-03-03T19:29:39.330-0500] {processor.py:925} INFO - DAG(s) 'example_trigger_controller_dag' retrieved from /Users/kartikvadhawana/anaconda3/lib/python3.12/site-packages/airflow/example_dags/example_trigger_controller_dag.py
[2025-03-03T19:29:39.354-0500] {logging_mixin.py:190} INFO - [2025-03-03T19:29:39.354-0500] {dag.py:3239} INFO - Sync 1 DAGs
[2025-03-03T19:29:39.359-0500] {logging_mixin.py:190} INFO - [2025-03-03T19:29:39.359-0500] {dag.py:4180} INFO - Setting next_dagrun for example_trigger_controller_dag to 2021-01-01 00:00:00+00:00, run_after=2021-01-01 00:00:00+00:00
[2025-03-03T19:29:39.364-0500] {processor.py:208} INFO - Processing /Users/kartikvadhawana/anaconda3/lib/python3.12/site-packages/airflow/example_dags/example_trigger_controller_dag.py took 0.041 seconds
[2025-03-03T19:30:57.095-0500] {processor.py:186} INFO - Started process (PID=91866) to work on /Users/kartikvadhawana/anaconda3/lib/python3.12/site-packages/airflow/example_dags/example_trigger_controller_dag.py
[2025-03-03T19:30:57.096-0500] {processor.py:914} INFO - Processing file /Users/kartikvadhawana/anaconda3/lib/python3.12/site-packages/airflow/example_dags/example_trigger_controller_dag.py for tasks to queue
[2025-03-03T19:30:57.097-0500] {logging_mixin.py:190} INFO - [2025-03-03T19:30:57.097-0500] {dagbag.py:588} INFO - Filling up the DagBag from /Users/kartikvadhawana/anaconda3/lib/python3.12/site-packages/airflow/example_dags/example_trigger_controller_dag.py
[2025-03-03T19:30:57.101-0500] {processor.py:925} INFO - DAG(s) 'example_trigger_controller_dag' retrieved from /Users/kartikvadhawana/anaconda3/lib/python3.12/site-packages/airflow/example_dags/example_trigger_controller_dag.py
[2025-03-03T19:30:57.125-0500] {logging_mixin.py:190} INFO - [2025-03-03T19:30:57.124-0500] {dag.py:3239} INFO - Sync 1 DAGs
[2025-03-03T19:30:57.129-0500] {logging_mixin.py:190} INFO - [2025-03-03T19:30:57.129-0500] {dag.py:4180} INFO - Setting next_dagrun for example_trigger_controller_dag to 2021-01-01 00:00:00+00:00, run_after=2021-01-01 00:00:00+00:00
[2025-03-03T19:30:57.135-0500] {processor.py:208} INFO - Processing /Users/kartikvadhawana/anaconda3/lib/python3.12/site-packages/airflow/example_dags/example_trigger_controller_dag.py took 0.041 seconds
[2025-03-03T19:32:06.674-0500] {processor.py:186} INFO - Started process (PID=92153) to work on /Users/kartikvadhawana/anaconda3/lib/python3.12/site-packages/airflow/example_dags/example_trigger_controller_dag.py
[2025-03-03T19:32:06.675-0500] {processor.py:914} INFO - Processing file /Users/kartikvadhawana/anaconda3/lib/python3.12/site-packages/airflow/example_dags/example_trigger_controller_dag.py for tasks to queue
[2025-03-03T19:32:06.676-0500] {logging_mixin.py:190} INFO - [2025-03-03T19:32:06.676-0500] {dagbag.py:588} INFO - Filling up the DagBag from /Users/kartikvadhawana/anaconda3/lib/python3.12/site-packages/airflow/example_dags/example_trigger_controller_dag.py
[2025-03-03T19:32:06.680-0500] {processor.py:925} INFO - DAG(s) 'example_trigger_controller_dag' retrieved from /Users/kartikvadhawana/anaconda3/lib/python3.12/site-packages/airflow/example_dags/example_trigger_controller_dag.py
[2025-03-03T19:32:06.703-0500] {logging_mixin.py:190} INFO - [2025-03-03T19:32:06.703-0500] {dag.py:3239} INFO - Sync 1 DAGs
[2025-03-03T19:32:06.708-0500] {logging_mixin.py:190} INFO - [2025-03-03T19:32:06.708-0500] {dag.py:4180} INFO - Setting next_dagrun for example_trigger_controller_dag to 2021-01-01 00:00:00+00:00, run_after=2021-01-01 00:00:00+00:00
[2025-03-03T19:32:06.713-0500] {processor.py:208} INFO - Processing /Users/kartikvadhawana/anaconda3/lib/python3.12/site-packages/airflow/example_dags/example_trigger_controller_dag.py took 0.040 seconds
[2025-03-03T19:33:59.867-0500] {processor.py:186} INFO - Started process (PID=92451) to work on /Users/kartikvadhawana/anaconda3/lib/python3.12/site-packages/airflow/example_dags/example_trigger_controller_dag.py
[2025-03-03T19:33:59.868-0500] {processor.py:914} INFO - Processing file /Users/kartikvadhawana/anaconda3/lib/python3.12/site-packages/airflow/example_dags/example_trigger_controller_dag.py for tasks to queue
[2025-03-03T19:33:59.869-0500] {logging_mixin.py:190} INFO - [2025-03-03T19:33:59.869-0500] {dagbag.py:588} INFO - Filling up the DagBag from /Users/kartikvadhawana/anaconda3/lib/python3.12/site-packages/airflow/example_dags/example_trigger_controller_dag.py
[2025-03-03T19:33:59.873-0500] {processor.py:925} INFO - DAG(s) 'example_trigger_controller_dag' retrieved from /Users/kartikvadhawana/anaconda3/lib/python3.12/site-packages/airflow/example_dags/example_trigger_controller_dag.py
[2025-03-03T19:33:59.898-0500] {logging_mixin.py:190} INFO - [2025-03-03T19:33:59.898-0500] {dag.py:3239} INFO - Sync 1 DAGs
[2025-03-03T19:33:59.903-0500] {logging_mixin.py:190} INFO - [2025-03-03T19:33:59.903-0500] {dag.py:4180} INFO - Setting next_dagrun for example_trigger_controller_dag to 2021-01-01 00:00:00+00:00, run_after=2021-01-01 00:00:00+00:00
[2025-03-03T19:33:59.908-0500] {processor.py:208} INFO - Processing /Users/kartikvadhawana/anaconda3/lib/python3.12/site-packages/airflow/example_dags/example_trigger_controller_dag.py took 0.042 seconds
[2025-03-03T19:35:20.277-0500] {processor.py:186} INFO - Started process (PID=92634) to work on /Users/kartikvadhawana/anaconda3/lib/python3.12/site-packages/airflow/example_dags/example_trigger_controller_dag.py
[2025-03-03T19:35:20.278-0500] {processor.py:914} INFO - Processing file /Users/kartikvadhawana/anaconda3/lib/python3.12/site-packages/airflow/example_dags/example_trigger_controller_dag.py for tasks to queue
[2025-03-03T19:35:20.278-0500] {logging_mixin.py:190} INFO - [2025-03-03T19:35:20.278-0500] {dagbag.py:588} INFO - Filling up the DagBag from /Users/kartikvadhawana/anaconda3/lib/python3.12/site-packages/airflow/example_dags/example_trigger_controller_dag.py
[2025-03-03T19:35:20.283-0500] {processor.py:925} INFO - DAG(s) 'example_trigger_controller_dag' retrieved from /Users/kartikvadhawana/anaconda3/lib/python3.12/site-packages/airflow/example_dags/example_trigger_controller_dag.py
[2025-03-03T19:35:20.307-0500] {logging_mixin.py:190} INFO - [2025-03-03T19:35:20.307-0500] {dag.py:3239} INFO - Sync 1 DAGs
[2025-03-03T19:35:20.312-0500] {logging_mixin.py:190} INFO - [2025-03-03T19:35:20.312-0500] {dag.py:4180} INFO - Setting next_dagrun for example_trigger_controller_dag to 2021-01-01 00:00:00+00:00, run_after=2021-01-01 00:00:00+00:00
[2025-03-03T19:35:20.317-0500] {processor.py:208} INFO - Processing /Users/kartikvadhawana/anaconda3/lib/python3.12/site-packages/airflow/example_dags/example_trigger_controller_dag.py took 0.042 seconds
[2025-03-03T19:36:37.085-0500] {processor.py:186} INFO - Started process (PID=92806) to work on /Users/kartikvadhawana/anaconda3/lib/python3.12/site-packages/airflow/example_dags/example_trigger_controller_dag.py
[2025-03-03T19:36:37.086-0500] {processor.py:914} INFO - Processing file /Users/kartikvadhawana/anaconda3/lib/python3.12/site-packages/airflow/example_dags/example_trigger_controller_dag.py for tasks to queue
[2025-03-03T19:36:37.086-0500] {logging_mixin.py:190} INFO - [2025-03-03T19:36:37.086-0500] {dagbag.py:588} INFO - Filling up the DagBag from /Users/kartikvadhawana/anaconda3/lib/python3.12/site-packages/airflow/example_dags/example_trigger_controller_dag.py
[2025-03-03T19:36:37.090-0500] {processor.py:925} INFO - DAG(s) 'example_trigger_controller_dag' retrieved from /Users/kartikvadhawana/anaconda3/lib/python3.12/site-packages/airflow/example_dags/example_trigger_controller_dag.py
[2025-03-03T19:36:37.116-0500] {logging_mixin.py:190} INFO - [2025-03-03T19:36:37.116-0500] {dag.py:3239} INFO - Sync 1 DAGs
[2025-03-03T19:36:37.121-0500] {logging_mixin.py:190} INFO - [2025-03-03T19:36:37.121-0500] {dag.py:4180} INFO - Setting next_dagrun for example_trigger_controller_dag to 2021-01-01 00:00:00+00:00, run_after=2021-01-01 00:00:00+00:00
[2025-03-03T19:36:37.126-0500] {processor.py:208} INFO - Processing /Users/kartikvadhawana/anaconda3/lib/python3.12/site-packages/airflow/example_dags/example_trigger_controller_dag.py took 0.042 seconds
[2025-03-03T19:37:58.405-0500] {processor.py:186} INFO - Started process (PID=93000) to work on /Users/kartikvadhawana/anaconda3/lib/python3.12/site-packages/airflow/example_dags/example_trigger_controller_dag.py
[2025-03-03T19:37:58.406-0500] {processor.py:914} INFO - Processing file /Users/kartikvadhawana/anaconda3/lib/python3.12/site-packages/airflow/example_dags/example_trigger_controller_dag.py for tasks to queue
[2025-03-03T19:37:58.406-0500] {logging_mixin.py:190} INFO - [2025-03-03T19:37:58.406-0500] {dagbag.py:588} INFO - Filling up the DagBag from /Users/kartikvadhawana/anaconda3/lib/python3.12/site-packages/airflow/example_dags/example_trigger_controller_dag.py
[2025-03-03T19:37:58.411-0500] {processor.py:925} INFO - DAG(s) 'example_trigger_controller_dag' retrieved from /Users/kartikvadhawana/anaconda3/lib/python3.12/site-packages/airflow/example_dags/example_trigger_controller_dag.py
[2025-03-03T19:37:58.436-0500] {logging_mixin.py:190} INFO - [2025-03-03T19:37:58.436-0500] {dag.py:3239} INFO - Sync 1 DAGs
[2025-03-03T19:37:58.441-0500] {logging_mixin.py:190} INFO - [2025-03-03T19:37:58.441-0500] {dag.py:4180} INFO - Setting next_dagrun for example_trigger_controller_dag to 2021-01-01 00:00:00+00:00, run_after=2021-01-01 00:00:00+00:00
[2025-03-03T19:37:58.446-0500] {processor.py:208} INFO - Processing /Users/kartikvadhawana/anaconda3/lib/python3.12/site-packages/airflow/example_dags/example_trigger_controller_dag.py took 0.043 seconds
[2025-03-03T19:39:20.514-0500] {processor.py:186} INFO - Started process (PID=93182) to work on /Users/kartikvadhawana/anaconda3/lib/python3.12/site-packages/airflow/example_dags/example_trigger_controller_dag.py
[2025-03-03T19:39:20.515-0500] {processor.py:914} INFO - Processing file /Users/kartikvadhawana/anaconda3/lib/python3.12/site-packages/airflow/example_dags/example_trigger_controller_dag.py for tasks to queue
[2025-03-03T19:39:20.515-0500] {logging_mixin.py:190} INFO - [2025-03-03T19:39:20.515-0500] {dagbag.py:588} INFO - Filling up the DagBag from /Users/kartikvadhawana/anaconda3/lib/python3.12/site-packages/airflow/example_dags/example_trigger_controller_dag.py
[2025-03-03T19:39:20.520-0500] {processor.py:925} INFO - DAG(s) 'example_trigger_controller_dag' retrieved from /Users/kartikvadhawana/anaconda3/lib/python3.12/site-packages/airflow/example_dags/example_trigger_controller_dag.py
[2025-03-03T19:39:20.545-0500] {logging_mixin.py:190} INFO - [2025-03-03T19:39:20.544-0500] {dag.py:3239} INFO - Sync 1 DAGs
[2025-03-03T19:39:20.550-0500] {logging_mixin.py:190} INFO - [2025-03-03T19:39:20.550-0500] {dag.py:4180} INFO - Setting next_dagrun for example_trigger_controller_dag to 2021-01-01 00:00:00+00:00, run_after=2021-01-01 00:00:00+00:00
[2025-03-03T19:39:20.555-0500] {processor.py:208} INFO - Processing /Users/kartikvadhawana/anaconda3/lib/python3.12/site-packages/airflow/example_dags/example_trigger_controller_dag.py took 0.042 seconds
[2025-03-03T19:40:39.802-0500] {processor.py:186} INFO - Started process (PID=93376) to work on /Users/kartikvadhawana/anaconda3/lib/python3.12/site-packages/airflow/example_dags/example_trigger_controller_dag.py
[2025-03-03T19:40:39.803-0500] {processor.py:914} INFO - Processing file /Users/kartikvadhawana/anaconda3/lib/python3.12/site-packages/airflow/example_dags/example_trigger_controller_dag.py for tasks to queue
[2025-03-03T19:40:39.803-0500] {logging_mixin.py:190} INFO - [2025-03-03T19:40:39.803-0500] {dagbag.py:588} INFO - Filling up the DagBag from /Users/kartikvadhawana/anaconda3/lib/python3.12/site-packages/airflow/example_dags/example_trigger_controller_dag.py
[2025-03-03T19:40:39.807-0500] {processor.py:925} INFO - DAG(s) 'example_trigger_controller_dag' retrieved from /Users/kartikvadhawana/anaconda3/lib/python3.12/site-packages/airflow/example_dags/example_trigger_controller_dag.py
[2025-03-03T19:40:39.832-0500] {logging_mixin.py:190} INFO - [2025-03-03T19:40:39.832-0500] {dag.py:3239} INFO - Sync 1 DAGs
[2025-03-03T19:40:39.837-0500] {logging_mixin.py:190} INFO - [2025-03-03T19:40:39.837-0500] {dag.py:4180} INFO - Setting next_dagrun for example_trigger_controller_dag to 2021-01-01 00:00:00+00:00, run_after=2021-01-01 00:00:00+00:00
[2025-03-03T19:40:39.842-0500] {processor.py:208} INFO - Processing /Users/kartikvadhawana/anaconda3/lib/python3.12/site-packages/airflow/example_dags/example_trigger_controller_dag.py took 0.042 seconds
[2025-03-03T19:42:05.962-0500] {processor.py:186} INFO - Started process (PID=93798) to work on /Users/kartikvadhawana/anaconda3/lib/python3.12/site-packages/airflow/example_dags/example_trigger_controller_dag.py
[2025-03-03T19:42:05.963-0500] {processor.py:914} INFO - Processing file /Users/kartikvadhawana/anaconda3/lib/python3.12/site-packages/airflow/example_dags/example_trigger_controller_dag.py for tasks to queue
[2025-03-03T19:42:05.963-0500] {logging_mixin.py:190} INFO - [2025-03-03T19:42:05.963-0500] {dagbag.py:588} INFO - Filling up the DagBag from /Users/kartikvadhawana/anaconda3/lib/python3.12/site-packages/airflow/example_dags/example_trigger_controller_dag.py
[2025-03-03T19:42:05.967-0500] {processor.py:925} INFO - DAG(s) 'example_trigger_controller_dag' retrieved from /Users/kartikvadhawana/anaconda3/lib/python3.12/site-packages/airflow/example_dags/example_trigger_controller_dag.py
[2025-03-03T19:42:05.993-0500] {logging_mixin.py:190} INFO - [2025-03-03T19:42:05.993-0500] {dag.py:3239} INFO - Sync 1 DAGs
[2025-03-03T19:42:05.999-0500] {logging_mixin.py:190} INFO - [2025-03-03T19:42:05.999-0500] {dag.py:4180} INFO - Setting next_dagrun for example_trigger_controller_dag to 2021-01-01 00:00:00+00:00, run_after=2021-01-01 00:00:00+00:00
[2025-03-03T19:42:06.005-0500] {processor.py:208} INFO - Processing /Users/kartikvadhawana/anaconda3/lib/python3.12/site-packages/airflow/example_dags/example_trigger_controller_dag.py took 0.044 seconds
[2025-03-03T19:43:57.877-0500] {processor.py:186} INFO - Started process (PID=93997) to work on /Users/kartikvadhawana/anaconda3/lib/python3.12/site-packages/airflow/example_dags/example_trigger_controller_dag.py
[2025-03-03T19:43:57.878-0500] {processor.py:914} INFO - Processing file /Users/kartikvadhawana/anaconda3/lib/python3.12/site-packages/airflow/example_dags/example_trigger_controller_dag.py for tasks to queue
[2025-03-03T19:43:57.879-0500] {logging_mixin.py:190} INFO - [2025-03-03T19:43:57.879-0500] {dagbag.py:588} INFO - Filling up the DagBag from /Users/kartikvadhawana/anaconda3/lib/python3.12/site-packages/airflow/example_dags/example_trigger_controller_dag.py
[2025-03-03T19:43:57.886-0500] {processor.py:925} INFO - DAG(s) 'example_trigger_controller_dag' retrieved from /Users/kartikvadhawana/anaconda3/lib/python3.12/site-packages/airflow/example_dags/example_trigger_controller_dag.py
[2025-03-03T19:43:57.917-0500] {logging_mixin.py:190} INFO - [2025-03-03T19:43:57.917-0500] {dag.py:3239} INFO - Sync 1 DAGs
[2025-03-03T19:43:57.926-0500] {logging_mixin.py:190} INFO - [2025-03-03T19:43:57.925-0500] {dag.py:4180} INFO - Setting next_dagrun for example_trigger_controller_dag to 2021-01-01 00:00:00+00:00, run_after=2021-01-01 00:00:00+00:00
[2025-03-03T19:43:57.934-0500] {processor.py:208} INFO - Processing /Users/kartikvadhawana/anaconda3/lib/python3.12/site-packages/airflow/example_dags/example_trigger_controller_dag.py took 0.060 seconds
[2025-03-03T19:45:17.972-0500] {processor.py:186} INFO - Started process (PID=94196) to work on /Users/kartikvadhawana/anaconda3/lib/python3.12/site-packages/airflow/example_dags/example_trigger_controller_dag.py
[2025-03-03T19:45:17.973-0500] {processor.py:914} INFO - Processing file /Users/kartikvadhawana/anaconda3/lib/python3.12/site-packages/airflow/example_dags/example_trigger_controller_dag.py for tasks to queue
[2025-03-03T19:45:17.973-0500] {logging_mixin.py:190} INFO - [2025-03-03T19:45:17.973-0500] {dagbag.py:588} INFO - Filling up the DagBag from /Users/kartikvadhawana/anaconda3/lib/python3.12/site-packages/airflow/example_dags/example_trigger_controller_dag.py
[2025-03-03T19:45:17.977-0500] {processor.py:925} INFO - DAG(s) 'example_trigger_controller_dag' retrieved from /Users/kartikvadhawana/anaconda3/lib/python3.12/site-packages/airflow/example_dags/example_trigger_controller_dag.py
[2025-03-03T19:45:18.004-0500] {logging_mixin.py:190} INFO - [2025-03-03T19:45:18.003-0500] {dag.py:3239} INFO - Sync 1 DAGs
[2025-03-03T19:45:18.009-0500] {logging_mixin.py:190} INFO - [2025-03-03T19:45:18.009-0500] {dag.py:4180} INFO - Setting next_dagrun for example_trigger_controller_dag to 2021-01-01 00:00:00+00:00, run_after=2021-01-01 00:00:00+00:00
[2025-03-03T19:45:18.015-0500] {processor.py:208} INFO - Processing /Users/kartikvadhawana/anaconda3/lib/python3.12/site-packages/airflow/example_dags/example_trigger_controller_dag.py took 0.044 seconds
[2025-03-03T19:48:31.933-0500] {processor.py:186} INFO - Started process (PID=94673) to work on /Users/kartikvadhawana/anaconda3/lib/python3.12/site-packages/airflow/example_dags/example_trigger_controller_dag.py
[2025-03-03T19:48:31.934-0500] {processor.py:914} INFO - Processing file /Users/kartikvadhawana/anaconda3/lib/python3.12/site-packages/airflow/example_dags/example_trigger_controller_dag.py for tasks to queue
[2025-03-03T19:48:31.934-0500] {logging_mixin.py:190} INFO - [2025-03-03T19:48:31.934-0500] {dagbag.py:588} INFO - Filling up the DagBag from /Users/kartikvadhawana/anaconda3/lib/python3.12/site-packages/airflow/example_dags/example_trigger_controller_dag.py
[2025-03-03T19:48:31.938-0500] {processor.py:925} INFO - DAG(s) 'example_trigger_controller_dag' retrieved from /Users/kartikvadhawana/anaconda3/lib/python3.12/site-packages/airflow/example_dags/example_trigger_controller_dag.py
[2025-03-03T19:48:31.962-0500] {logging_mixin.py:190} INFO - [2025-03-03T19:48:31.962-0500] {dag.py:3239} INFO - Sync 1 DAGs
[2025-03-03T19:48:31.968-0500] {logging_mixin.py:190} INFO - [2025-03-03T19:48:31.968-0500] {dag.py:4180} INFO - Setting next_dagrun for example_trigger_controller_dag to 2021-01-01 00:00:00+00:00, run_after=2021-01-01 00:00:00+00:00
[2025-03-03T19:48:31.973-0500] {processor.py:208} INFO - Processing /Users/kartikvadhawana/anaconda3/lib/python3.12/site-packages/airflow/example_dags/example_trigger_controller_dag.py took 0.041 seconds
[2025-03-03T19:50:22.581-0500] {processor.py:186} INFO - Started process (PID=94840) to work on /Users/kartikvadhawana/anaconda3/lib/python3.12/site-packages/airflow/example_dags/example_trigger_controller_dag.py
[2025-03-03T19:50:22.583-0500] {processor.py:914} INFO - Processing file /Users/kartikvadhawana/anaconda3/lib/python3.12/site-packages/airflow/example_dags/example_trigger_controller_dag.py for tasks to queue
[2025-03-03T19:50:22.583-0500] {logging_mixin.py:190} INFO - [2025-03-03T19:50:22.583-0500] {dagbag.py:588} INFO - Filling up the DagBag from /Users/kartikvadhawana/anaconda3/lib/python3.12/site-packages/airflow/example_dags/example_trigger_controller_dag.py
[2025-03-03T19:50:22.587-0500] {processor.py:925} INFO - DAG(s) 'example_trigger_controller_dag' retrieved from /Users/kartikvadhawana/anaconda3/lib/python3.12/site-packages/airflow/example_dags/example_trigger_controller_dag.py
[2025-03-03T19:50:22.612-0500] {logging_mixin.py:190} INFO - [2025-03-03T19:50:22.611-0500] {dag.py:3239} INFO - Sync 1 DAGs
[2025-03-03T19:50:22.616-0500] {logging_mixin.py:190} INFO - [2025-03-03T19:50:22.616-0500] {dag.py:4180} INFO - Setting next_dagrun for example_trigger_controller_dag to 2021-01-01 00:00:00+00:00, run_after=2021-01-01 00:00:00+00:00
[2025-03-03T19:50:22.622-0500] {processor.py:208} INFO - Processing /Users/kartikvadhawana/anaconda3/lib/python3.12/site-packages/airflow/example_dags/example_trigger_controller_dag.py took 0.041 seconds
[2025-03-03T19:51:41.488-0500] {processor.py:186} INFO - Started process (PID=94935) to work on /Users/kartikvadhawana/anaconda3/lib/python3.12/site-packages/airflow/example_dags/example_trigger_controller_dag.py
[2025-03-03T19:51:41.488-0500] {processor.py:914} INFO - Processing file /Users/kartikvadhawana/anaconda3/lib/python3.12/site-packages/airflow/example_dags/example_trigger_controller_dag.py for tasks to queue
[2025-03-03T19:51:41.488-0500] {logging_mixin.py:190} INFO - [2025-03-03T19:51:41.488-0500] {dagbag.py:588} INFO - Filling up the DagBag from /Users/kartikvadhawana/anaconda3/lib/python3.12/site-packages/airflow/example_dags/example_trigger_controller_dag.py
[2025-03-03T19:51:41.492-0500] {processor.py:925} INFO - DAG(s) 'example_trigger_controller_dag' retrieved from /Users/kartikvadhawana/anaconda3/lib/python3.12/site-packages/airflow/example_dags/example_trigger_controller_dag.py
[2025-03-03T19:51:41.516-0500] {logging_mixin.py:190} INFO - [2025-03-03T19:51:41.516-0500] {dag.py:3239} INFO - Sync 1 DAGs
[2025-03-03T19:51:41.521-0500] {logging_mixin.py:190} INFO - [2025-03-03T19:51:41.521-0500] {dag.py:4180} INFO - Setting next_dagrun for example_trigger_controller_dag to 2021-01-01 00:00:00+00:00, run_after=2021-01-01 00:00:00+00:00
[2025-03-03T19:51:41.527-0500] {processor.py:208} INFO - Processing /Users/kartikvadhawana/anaconda3/lib/python3.12/site-packages/airflow/example_dags/example_trigger_controller_dag.py took 0.040 seconds
[2025-03-03T19:53:02.324-0500] {processor.py:186} INFO - Started process (PID=95143) to work on /Users/kartikvadhawana/anaconda3/lib/python3.12/site-packages/airflow/example_dags/example_trigger_controller_dag.py
[2025-03-03T19:53:02.324-0500] {processor.py:914} INFO - Processing file /Users/kartikvadhawana/anaconda3/lib/python3.12/site-packages/airflow/example_dags/example_trigger_controller_dag.py for tasks to queue
[2025-03-03T19:53:02.325-0500] {logging_mixin.py:190} INFO - [2025-03-03T19:53:02.325-0500] {dagbag.py:588} INFO - Filling up the DagBag from /Users/kartikvadhawana/anaconda3/lib/python3.12/site-packages/airflow/example_dags/example_trigger_controller_dag.py
[2025-03-03T19:53:02.329-0500] {processor.py:925} INFO - DAG(s) 'example_trigger_controller_dag' retrieved from /Users/kartikvadhawana/anaconda3/lib/python3.12/site-packages/airflow/example_dags/example_trigger_controller_dag.py
[2025-03-03T19:53:02.353-0500] {logging_mixin.py:190} INFO - [2025-03-03T19:53:02.353-0500] {dag.py:3239} INFO - Sync 1 DAGs
[2025-03-03T19:53:02.358-0500] {logging_mixin.py:190} INFO - [2025-03-03T19:53:02.358-0500] {dag.py:4180} INFO - Setting next_dagrun for example_trigger_controller_dag to 2021-01-01 00:00:00+00:00, run_after=2021-01-01 00:00:00+00:00
[2025-03-03T19:53:02.364-0500] {processor.py:208} INFO - Processing /Users/kartikvadhawana/anaconda3/lib/python3.12/site-packages/airflow/example_dags/example_trigger_controller_dag.py took 0.041 seconds
[2025-03-03T19:54:25.656-0500] {processor.py:186} INFO - Started process (PID=95329) to work on /Users/kartikvadhawana/anaconda3/lib/python3.12/site-packages/airflow/example_dags/example_trigger_controller_dag.py
[2025-03-03T19:54:25.657-0500] {processor.py:914} INFO - Processing file /Users/kartikvadhawana/anaconda3/lib/python3.12/site-packages/airflow/example_dags/example_trigger_controller_dag.py for tasks to queue
[2025-03-03T19:54:25.658-0500] {logging_mixin.py:190} INFO - [2025-03-03T19:54:25.658-0500] {dagbag.py:588} INFO - Filling up the DagBag from /Users/kartikvadhawana/anaconda3/lib/python3.12/site-packages/airflow/example_dags/example_trigger_controller_dag.py
[2025-03-03T19:54:25.662-0500] {processor.py:925} INFO - DAG(s) 'example_trigger_controller_dag' retrieved from /Users/kartikvadhawana/anaconda3/lib/python3.12/site-packages/airflow/example_dags/example_trigger_controller_dag.py
[2025-03-03T19:54:25.687-0500] {logging_mixin.py:190} INFO - [2025-03-03T19:54:25.687-0500] {dag.py:3239} INFO - Sync 1 DAGs
[2025-03-03T19:54:25.692-0500] {logging_mixin.py:190} INFO - [2025-03-03T19:54:25.691-0500] {dag.py:4180} INFO - Setting next_dagrun for example_trigger_controller_dag to 2021-01-01 00:00:00+00:00, run_after=2021-01-01 00:00:00+00:00
[2025-03-03T19:54:25.697-0500] {processor.py:208} INFO - Processing /Users/kartikvadhawana/anaconda3/lib/python3.12/site-packages/airflow/example_dags/example_trigger_controller_dag.py took 0.042 seconds
[2025-03-03T19:55:49.163-0500] {processor.py:186} INFO - Started process (PID=95549) to work on /Users/kartikvadhawana/anaconda3/lib/python3.12/site-packages/airflow/example_dags/example_trigger_controller_dag.py
[2025-03-03T19:55:49.164-0500] {processor.py:914} INFO - Processing file /Users/kartikvadhawana/anaconda3/lib/python3.12/site-packages/airflow/example_dags/example_trigger_controller_dag.py for tasks to queue
[2025-03-03T19:55:49.165-0500] {logging_mixin.py:190} INFO - [2025-03-03T19:55:49.165-0500] {dagbag.py:588} INFO - Filling up the DagBag from /Users/kartikvadhawana/anaconda3/lib/python3.12/site-packages/airflow/example_dags/example_trigger_controller_dag.py
[2025-03-03T19:55:49.169-0500] {processor.py:925} INFO - DAG(s) 'example_trigger_controller_dag' retrieved from /Users/kartikvadhawana/anaconda3/lib/python3.12/site-packages/airflow/example_dags/example_trigger_controller_dag.py
[2025-03-03T19:55:49.193-0500] {logging_mixin.py:190} INFO - [2025-03-03T19:55:49.193-0500] {dag.py:3239} INFO - Sync 1 DAGs
[2025-03-03T19:55:49.198-0500] {logging_mixin.py:190} INFO - [2025-03-03T19:55:49.198-0500] {dag.py:4180} INFO - Setting next_dagrun for example_trigger_controller_dag to 2021-01-01 00:00:00+00:00, run_after=2021-01-01 00:00:00+00:00
[2025-03-03T19:55:49.203-0500] {processor.py:208} INFO - Processing /Users/kartikvadhawana/anaconda3/lib/python3.12/site-packages/airflow/example_dags/example_trigger_controller_dag.py took 0.041 seconds
[2025-03-03T19:57:10.326-0500] {processor.py:186} INFO - Started process (PID=95767) to work on /Users/kartikvadhawana/anaconda3/lib/python3.12/site-packages/airflow/example_dags/example_trigger_controller_dag.py
[2025-03-03T19:57:10.326-0500] {processor.py:914} INFO - Processing file /Users/kartikvadhawana/anaconda3/lib/python3.12/site-packages/airflow/example_dags/example_trigger_controller_dag.py for tasks to queue
[2025-03-03T19:57:10.327-0500] {logging_mixin.py:190} INFO - [2025-03-03T19:57:10.326-0500] {dagbag.py:588} INFO - Filling up the DagBag from /Users/kartikvadhawana/anaconda3/lib/python3.12/site-packages/airflow/example_dags/example_trigger_controller_dag.py
[2025-03-03T19:57:10.331-0500] {processor.py:925} INFO - DAG(s) 'example_trigger_controller_dag' retrieved from /Users/kartikvadhawana/anaconda3/lib/python3.12/site-packages/airflow/example_dags/example_trigger_controller_dag.py
[2025-03-03T19:57:10.355-0500] {logging_mixin.py:190} INFO - [2025-03-03T19:57:10.355-0500] {dag.py:3239} INFO - Sync 1 DAGs
[2025-03-03T19:57:10.360-0500] {logging_mixin.py:190} INFO - [2025-03-03T19:57:10.359-0500] {dag.py:4180} INFO - Setting next_dagrun for example_trigger_controller_dag to 2021-01-01 00:00:00+00:00, run_after=2021-01-01 00:00:00+00:00
[2025-03-03T19:57:10.365-0500] {processor.py:208} INFO - Processing /Users/kartikvadhawana/anaconda3/lib/python3.12/site-packages/airflow/example_dags/example_trigger_controller_dag.py took 0.040 seconds
[2025-03-03T19:58:32.187-0500] {processor.py:186} INFO - Started process (PID=95922) to work on /Users/kartikvadhawana/anaconda3/lib/python3.12/site-packages/airflow/example_dags/example_trigger_controller_dag.py
[2025-03-03T19:58:32.188-0500] {processor.py:914} INFO - Processing file /Users/kartikvadhawana/anaconda3/lib/python3.12/site-packages/airflow/example_dags/example_trigger_controller_dag.py for tasks to queue
[2025-03-03T19:58:32.188-0500] {logging_mixin.py:190} INFO - [2025-03-03T19:58:32.188-0500] {dagbag.py:588} INFO - Filling up the DagBag from /Users/kartikvadhawana/anaconda3/lib/python3.12/site-packages/airflow/example_dags/example_trigger_controller_dag.py
[2025-03-03T19:58:32.193-0500] {processor.py:925} INFO - DAG(s) 'example_trigger_controller_dag' retrieved from /Users/kartikvadhawana/anaconda3/lib/python3.12/site-packages/airflow/example_dags/example_trigger_controller_dag.py
[2025-03-03T19:58:32.218-0500] {logging_mixin.py:190} INFO - [2025-03-03T19:58:32.218-0500] {dag.py:3239} INFO - Sync 1 DAGs
[2025-03-03T19:58:32.223-0500] {logging_mixin.py:190} INFO - [2025-03-03T19:58:32.223-0500] {dag.py:4180} INFO - Setting next_dagrun for example_trigger_controller_dag to 2021-01-01 00:00:00+00:00, run_after=2021-01-01 00:00:00+00:00
[2025-03-03T19:58:32.229-0500] {processor.py:208} INFO - Processing /Users/kartikvadhawana/anaconda3/lib/python3.12/site-packages/airflow/example_dags/example_trigger_controller_dag.py took 0.043 seconds
[2025-03-03T19:59:53.185-0500] {processor.py:186} INFO - Started process (PID=96024) to work on /Users/kartikvadhawana/anaconda3/lib/python3.12/site-packages/airflow/example_dags/example_trigger_controller_dag.py
[2025-03-03T19:59:53.186-0500] {processor.py:914} INFO - Processing file /Users/kartikvadhawana/anaconda3/lib/python3.12/site-packages/airflow/example_dags/example_trigger_controller_dag.py for tasks to queue
[2025-03-03T19:59:53.187-0500] {logging_mixin.py:190} INFO - [2025-03-03T19:59:53.187-0500] {dagbag.py:588} INFO - Filling up the DagBag from /Users/kartikvadhawana/anaconda3/lib/python3.12/site-packages/airflow/example_dags/example_trigger_controller_dag.py
[2025-03-03T19:59:53.191-0500] {processor.py:925} INFO - DAG(s) 'example_trigger_controller_dag' retrieved from /Users/kartikvadhawana/anaconda3/lib/python3.12/site-packages/airflow/example_dags/example_trigger_controller_dag.py
[2025-03-03T19:59:53.215-0500] {logging_mixin.py:190} INFO - [2025-03-03T19:59:53.215-0500] {dag.py:3239} INFO - Sync 1 DAGs
[2025-03-03T19:59:53.220-0500] {logging_mixin.py:190} INFO - [2025-03-03T19:59:53.220-0500] {dag.py:4180} INFO - Setting next_dagrun for example_trigger_controller_dag to 2021-01-01 00:00:00+00:00, run_after=2021-01-01 00:00:00+00:00
[2025-03-03T19:59:53.226-0500] {processor.py:208} INFO - Processing /Users/kartikvadhawana/anaconda3/lib/python3.12/site-packages/airflow/example_dags/example_trigger_controller_dag.py took 0.041 seconds
