[2025-03-03T19:20:47.643-0500] {processor.py:186} INFO - Started process (PID=89673) to work on /Users/kartikvadhawana/anaconda3/lib/python3.12/site-packages/airflow/example_dags/example_workday_timetable.py
[2025-03-03T19:20:47.643-0500] {processor.py:914} INFO - Processing file /Users/kartikvadhawana/anaconda3/lib/python3.12/site-packages/airflow/example_dags/example_workday_timetable.py for tasks to queue
[2025-03-03T19:20:47.644-0500] {logging_mixin.py:190} INFO - [2025-03-03T19:20:47.644-0500] {dagbag.py:588} INFO - Filling up the DagBag from /Users/kartikvadhawana/anaconda3/lib/python3.12/site-packages/airflow/example_dags/example_workday_timetable.py
[2025-03-03T19:20:47.718-0500] {logging_mixin.py:190} INFO - [2025-03-03T19:20:47.718-0500] {utils.py:160} INFO - NumExpr defaulting to 8 threads.
[2025-03-03T19:20:47.794-0500] {processor.py:925} INFO - DAG(s) 'example_workday_timetable' retrieved from /Users/kartikvadhawana/anaconda3/lib/python3.12/site-packages/airflow/example_dags/example_workday_timetable.py
[2025-03-03T19:20:47.889-0500] {logging_mixin.py:190} INFO - [2025-03-03T19:20:47.889-0500] {override.py:1930} INFO - Created Permission View: can delete on DAG:example_workday_timetable
[2025-03-03T19:20:47.892-0500] {logging_mixin.py:190} INFO - [2025-03-03T19:20:47.892-0500] {override.py:1930} INFO - Created Permission View: can read on DAG:example_workday_timetable
[2025-03-03T19:20:47.893-0500] {logging_mixin.py:190} INFO - [2025-03-03T19:20:47.893-0500] {override.py:1930} INFO - Created Permission View: can edit on DAG:example_workday_timetable
[2025-03-03T19:20:47.896-0500] {logging_mixin.py:190} INFO - [2025-03-03T19:20:47.896-0500] {override.py:1930} INFO - Created Permission View: can delete on DAG Run:example_workday_timetable
[2025-03-03T19:20:47.897-0500] {logging_mixin.py:190} INFO - [2025-03-03T19:20:47.897-0500] {override.py:1930} INFO - Created Permission View: can read on DAG Run:example_workday_timetable
[2025-03-03T19:20:47.898-0500] {logging_mixin.py:190} INFO - [2025-03-03T19:20:47.898-0500] {override.py:1930} INFO - Created Permission View: menu access on DAG Run:example_workday_timetable
[2025-03-03T19:20:47.900-0500] {logging_mixin.py:190} INFO - [2025-03-03T19:20:47.900-0500] {override.py:1930} INFO - Created Permission View: can create on DAG Run:example_workday_timetable
[2025-03-03T19:20:47.900-0500] {logging_mixin.py:190} INFO - [2025-03-03T19:20:47.900-0500] {dag.py:3239} INFO - Sync 1 DAGs
[2025-03-03T19:20:47.903-0500] {logging_mixin.py:190} INFO - [2025-03-03T19:20:47.903-0500] {dag.py:3262} INFO - Creating ORM DAG for example_workday_timetable
[2025-03-03T19:20:47.913-0500] {logging_mixin.py:190} INFO - [2025-03-03T19:20:47.913-0500] {dag.py:4180} INFO - Setting next_dagrun for example_workday_timetable to 2021-01-04 00:00:00+00:00, run_after=2021-01-05 00:00:00+00:00
[2025-03-03T19:20:47.918-0500] {processor.py:208} INFO - Processing /Users/kartikvadhawana/anaconda3/lib/python3.12/site-packages/airflow/example_dags/example_workday_timetable.py took 0.276 seconds
[2025-03-03T19:22:35.529-0500] {processor.py:186} INFO - Started process (PID=90068) to work on /Users/kartikvadhawana/anaconda3/lib/python3.12/site-packages/airflow/example_dags/example_workday_timetable.py
[2025-03-03T19:22:35.530-0500] {processor.py:914} INFO - Processing file /Users/kartikvadhawana/anaconda3/lib/python3.12/site-packages/airflow/example_dags/example_workday_timetable.py for tasks to queue
[2025-03-03T19:22:35.530-0500] {logging_mixin.py:190} INFO - [2025-03-03T19:22:35.530-0500] {dagbag.py:588} INFO - Filling up the DagBag from /Users/kartikvadhawana/anaconda3/lib/python3.12/site-packages/airflow/example_dags/example_workday_timetable.py
[2025-03-03T19:22:35.603-0500] {logging_mixin.py:190} INFO - [2025-03-03T19:22:35.602-0500] {utils.py:160} INFO - NumExpr defaulting to 8 threads.
[2025-03-03T19:22:35.673-0500] {processor.py:925} INFO - DAG(s) 'example_workday_timetable' retrieved from /Users/kartikvadhawana/anaconda3/lib/python3.12/site-packages/airflow/example_dags/example_workday_timetable.py
[2025-03-03T19:22:35.712-0500] {logging_mixin.py:190} INFO - [2025-03-03T19:22:35.711-0500] {dag.py:3239} INFO - Sync 1 DAGs
[2025-03-03T19:22:35.755-0500] {logging_mixin.py:190} INFO - [2025-03-03T19:22:35.755-0500] {dag.py:4180} INFO - Setting next_dagrun for example_workday_timetable to 2021-01-04 00:00:00+00:00, run_after=2021-01-05 00:00:00+00:00
[2025-03-03T19:22:35.761-0500] {processor.py:208} INFO - Processing /Users/kartikvadhawana/anaconda3/lib/python3.12/site-packages/airflow/example_dags/example_workday_timetable.py took 0.232 seconds
[2025-03-03T19:23:56.976-0500] {processor.py:186} INFO - Started process (PID=90336) to work on /Users/kartikvadhawana/anaconda3/lib/python3.12/site-packages/airflow/example_dags/example_workday_timetable.py
[2025-03-03T19:23:56.976-0500] {processor.py:914} INFO - Processing file /Users/kartikvadhawana/anaconda3/lib/python3.12/site-packages/airflow/example_dags/example_workday_timetable.py for tasks to queue
[2025-03-03T19:23:56.977-0500] {logging_mixin.py:190} INFO - [2025-03-03T19:23:56.977-0500] {dagbag.py:588} INFO - Filling up the DagBag from /Users/kartikvadhawana/anaconda3/lib/python3.12/site-packages/airflow/example_dags/example_workday_timetable.py
[2025-03-03T19:23:57.085-0500] {logging_mixin.py:190} INFO - [2025-03-03T19:23:57.079-0500] {utils.py:160} INFO - NumExpr defaulting to 8 threads.
[2025-03-03T19:23:57.200-0500] {processor.py:925} INFO - DAG(s) 'example_workday_timetable' retrieved from /Users/kartikvadhawana/anaconda3/lib/python3.12/site-packages/airflow/example_dags/example_workday_timetable.py
[2025-03-03T19:23:57.241-0500] {logging_mixin.py:190} INFO - [2025-03-03T19:23:57.240-0500] {dag.py:3239} INFO - Sync 1 DAGs
[2025-03-03T19:23:57.288-0500] {logging_mixin.py:190} INFO - [2025-03-03T19:23:57.288-0500] {dag.py:4180} INFO - Setting next_dagrun for example_workday_timetable to 2021-01-04 00:00:00+00:00, run_after=2021-01-05 00:00:00+00:00
[2025-03-03T19:23:57.294-0500] {processor.py:208} INFO - Processing /Users/kartikvadhawana/anaconda3/lib/python3.12/site-packages/airflow/example_dags/example_workday_timetable.py took 0.320 seconds
[2025-03-03T19:25:21.594-0500] {processor.py:186} INFO - Started process (PID=90645) to work on /Users/kartikvadhawana/anaconda3/lib/python3.12/site-packages/airflow/example_dags/example_workday_timetable.py
[2025-03-03T19:25:21.596-0500] {processor.py:914} INFO - Processing file /Users/kartikvadhawana/anaconda3/lib/python3.12/site-packages/airflow/example_dags/example_workday_timetable.py for tasks to queue
[2025-03-03T19:25:21.596-0500] {logging_mixin.py:190} INFO - [2025-03-03T19:25:21.596-0500] {dagbag.py:588} INFO - Filling up the DagBag from /Users/kartikvadhawana/anaconda3/lib/python3.12/site-packages/airflow/example_dags/example_workday_timetable.py
[2025-03-03T19:25:21.701-0500] {logging_mixin.py:190} INFO - [2025-03-03T19:25:21.701-0500] {utils.py:160} INFO - NumExpr defaulting to 8 threads.
[2025-03-03T19:25:21.816-0500] {processor.py:925} INFO - DAG(s) 'example_workday_timetable' retrieved from /Users/kartikvadhawana/anaconda3/lib/python3.12/site-packages/airflow/example_dags/example_workday_timetable.py
[2025-03-03T19:25:21.869-0500] {logging_mixin.py:190} INFO - [2025-03-03T19:25:21.868-0500] {dag.py:3239} INFO - Sync 1 DAGs
[2025-03-03T19:25:21.962-0500] {logging_mixin.py:190} INFO - [2025-03-03T19:25:21.962-0500] {dag.py:4180} INFO - Setting next_dagrun for example_workday_timetable to 2021-01-04 00:00:00+00:00, run_after=2021-01-05 00:00:00+00:00
[2025-03-03T19:25:21.970-0500] {processor.py:208} INFO - Processing /Users/kartikvadhawana/anaconda3/lib/python3.12/site-packages/airflow/example_dags/example_workday_timetable.py took 0.377 seconds
[2025-03-03T19:27:48.183-0500] {processor.py:186} INFO - Started process (PID=91332) to work on /Users/kartikvadhawana/anaconda3/lib/python3.12/site-packages/airflow/example_dags/example_workday_timetable.py
[2025-03-03T19:27:48.184-0500] {processor.py:914} INFO - Processing file /Users/kartikvadhawana/anaconda3/lib/python3.12/site-packages/airflow/example_dags/example_workday_timetable.py for tasks to queue
[2025-03-03T19:27:48.184-0500] {logging_mixin.py:190} INFO - [2025-03-03T19:27:48.184-0500] {dagbag.py:588} INFO - Filling up the DagBag from /Users/kartikvadhawana/anaconda3/lib/python3.12/site-packages/airflow/example_dags/example_workday_timetable.py
[2025-03-03T19:27:48.258-0500] {logging_mixin.py:190} INFO - [2025-03-03T19:27:48.258-0500] {utils.py:160} INFO - NumExpr defaulting to 8 threads.
[2025-03-03T19:27:48.331-0500] {processor.py:925} INFO - DAG(s) 'example_workday_timetable' retrieved from /Users/kartikvadhawana/anaconda3/lib/python3.12/site-packages/airflow/example_dags/example_workday_timetable.py
[2025-03-03T19:27:48.371-0500] {logging_mixin.py:190} INFO - [2025-03-03T19:27:48.370-0500] {dag.py:3239} INFO - Sync 1 DAGs
[2025-03-03T19:27:48.416-0500] {logging_mixin.py:190} INFO - [2025-03-03T19:27:48.416-0500] {dag.py:4180} INFO - Setting next_dagrun for example_workday_timetable to 2021-01-04 00:00:00+00:00, run_after=2021-01-05 00:00:00+00:00
[2025-03-03T19:27:48.421-0500] {processor.py:208} INFO - Processing /Users/kartikvadhawana/anaconda3/lib/python3.12/site-packages/airflow/example_dags/example_workday_timetable.py took 0.239 seconds
[2025-03-03T19:29:35.923-0500] {processor.py:186} INFO - Started process (PID=91661) to work on /Users/kartikvadhawana/anaconda3/lib/python3.12/site-packages/airflow/example_dags/example_workday_timetable.py
[2025-03-03T19:29:35.924-0500] {processor.py:914} INFO - Processing file /Users/kartikvadhawana/anaconda3/lib/python3.12/site-packages/airflow/example_dags/example_workday_timetable.py for tasks to queue
[2025-03-03T19:29:35.924-0500] {logging_mixin.py:190} INFO - [2025-03-03T19:29:35.924-0500] {dagbag.py:588} INFO - Filling up the DagBag from /Users/kartikvadhawana/anaconda3/lib/python3.12/site-packages/airflow/example_dags/example_workday_timetable.py
[2025-03-03T19:29:35.997-0500] {logging_mixin.py:190} INFO - [2025-03-03T19:29:35.997-0500] {utils.py:160} INFO - NumExpr defaulting to 8 threads.
[2025-03-03T19:29:36.068-0500] {processor.py:925} INFO - DAG(s) 'example_workday_timetable' retrieved from /Users/kartikvadhawana/anaconda3/lib/python3.12/site-packages/airflow/example_dags/example_workday_timetable.py
[2025-03-03T19:29:36.106-0500] {logging_mixin.py:190} INFO - [2025-03-03T19:29:36.106-0500] {dag.py:3239} INFO - Sync 1 DAGs
[2025-03-03T19:29:36.148-0500] {logging_mixin.py:190} INFO - [2025-03-03T19:29:36.148-0500] {dag.py:4180} INFO - Setting next_dagrun for example_workday_timetable to 2021-01-04 00:00:00+00:00, run_after=2021-01-05 00:00:00+00:00
[2025-03-03T19:29:36.153-0500] {processor.py:208} INFO - Processing /Users/kartikvadhawana/anaconda3/lib/python3.12/site-packages/airflow/example_dags/example_workday_timetable.py took 0.231 seconds
[2025-03-03T19:30:53.321-0500] {processor.py:186} INFO - Started process (PID=91862) to work on /Users/kartikvadhawana/anaconda3/lib/python3.12/site-packages/airflow/example_dags/example_workday_timetable.py
[2025-03-03T19:30:53.322-0500] {processor.py:914} INFO - Processing file /Users/kartikvadhawana/anaconda3/lib/python3.12/site-packages/airflow/example_dags/example_workday_timetable.py for tasks to queue
[2025-03-03T19:30:53.322-0500] {logging_mixin.py:190} INFO - [2025-03-03T19:30:53.322-0500] {dagbag.py:588} INFO - Filling up the DagBag from /Users/kartikvadhawana/anaconda3/lib/python3.12/site-packages/airflow/example_dags/example_workday_timetable.py
[2025-03-03T19:30:53.423-0500] {logging_mixin.py:190} INFO - [2025-03-03T19:30:53.422-0500] {utils.py:160} INFO - NumExpr defaulting to 8 threads.
[2025-03-03T19:30:53.536-0500] {processor.py:925} INFO - DAG(s) 'example_workday_timetable' retrieved from /Users/kartikvadhawana/anaconda3/lib/python3.12/site-packages/airflow/example_dags/example_workday_timetable.py
[2025-03-03T19:30:53.576-0500] {logging_mixin.py:190} INFO - [2025-03-03T19:30:53.576-0500] {dag.py:3239} INFO - Sync 1 DAGs
[2025-03-03T19:30:53.620-0500] {logging_mixin.py:190} INFO - [2025-03-03T19:30:53.620-0500] {dag.py:4180} INFO - Setting next_dagrun for example_workday_timetable to 2021-01-04 00:00:00+00:00, run_after=2021-01-05 00:00:00+00:00
[2025-03-03T19:30:53.626-0500] {processor.py:208} INFO - Processing /Users/kartikvadhawana/anaconda3/lib/python3.12/site-packages/airflow/example_dags/example_workday_timetable.py took 0.305 seconds
[2025-03-03T19:32:04.498-0500] {processor.py:186} INFO - Started process (PID=92143) to work on /Users/kartikvadhawana/anaconda3/lib/python3.12/site-packages/airflow/example_dags/example_workday_timetable.py
[2025-03-03T19:32:04.500-0500] {processor.py:914} INFO - Processing file /Users/kartikvadhawana/anaconda3/lib/python3.12/site-packages/airflow/example_dags/example_workday_timetable.py for tasks to queue
[2025-03-03T19:32:04.500-0500] {logging_mixin.py:190} INFO - [2025-03-03T19:32:04.500-0500] {dagbag.py:588} INFO - Filling up the DagBag from /Users/kartikvadhawana/anaconda3/lib/python3.12/site-packages/airflow/example_dags/example_workday_timetable.py
[2025-03-03T19:32:04.574-0500] {logging_mixin.py:190} INFO - [2025-03-03T19:32:04.574-0500] {utils.py:160} INFO - NumExpr defaulting to 8 threads.
[2025-03-03T19:32:04.646-0500] {processor.py:925} INFO - DAG(s) 'example_workday_timetable' retrieved from /Users/kartikvadhawana/anaconda3/lib/python3.12/site-packages/airflow/example_dags/example_workday_timetable.py
[2025-03-03T19:32:04.686-0500] {logging_mixin.py:190} INFO - [2025-03-03T19:32:04.685-0500] {dag.py:3239} INFO - Sync 1 DAGs
[2025-03-03T19:32:04.729-0500] {logging_mixin.py:190} INFO - [2025-03-03T19:32:04.729-0500] {dag.py:4180} INFO - Setting next_dagrun for example_workday_timetable to 2021-01-04 00:00:00+00:00, run_after=2021-01-05 00:00:00+00:00
[2025-03-03T19:32:04.735-0500] {processor.py:208} INFO - Processing /Users/kartikvadhawana/anaconda3/lib/python3.12/site-packages/airflow/example_dags/example_workday_timetable.py took 0.238 seconds
[2025-03-03T19:33:55.819-0500] {processor.py:186} INFO - Started process (PID=92446) to work on /Users/kartikvadhawana/anaconda3/lib/python3.12/site-packages/airflow/example_dags/example_workday_timetable.py
[2025-03-03T19:33:55.820-0500] {processor.py:914} INFO - Processing file /Users/kartikvadhawana/anaconda3/lib/python3.12/site-packages/airflow/example_dags/example_workday_timetable.py for tasks to queue
[2025-03-03T19:33:55.820-0500] {logging_mixin.py:190} INFO - [2025-03-03T19:33:55.820-0500] {dagbag.py:588} INFO - Filling up the DagBag from /Users/kartikvadhawana/anaconda3/lib/python3.12/site-packages/airflow/example_dags/example_workday_timetable.py
[2025-03-03T19:33:55.895-0500] {logging_mixin.py:190} INFO - [2025-03-03T19:33:55.895-0500] {utils.py:160} INFO - NumExpr defaulting to 8 threads.
[2025-03-03T19:33:55.967-0500] {processor.py:925} INFO - DAG(s) 'example_workday_timetable' retrieved from /Users/kartikvadhawana/anaconda3/lib/python3.12/site-packages/airflow/example_dags/example_workday_timetable.py
[2025-03-03T19:33:56.006-0500] {logging_mixin.py:190} INFO - [2025-03-03T19:33:56.006-0500] {dag.py:3239} INFO - Sync 1 DAGs
[2025-03-03T19:33:56.051-0500] {logging_mixin.py:190} INFO - [2025-03-03T19:33:56.051-0500] {dag.py:4180} INFO - Setting next_dagrun for example_workday_timetable to 2021-01-04 00:00:00+00:00, run_after=2021-01-05 00:00:00+00:00
[2025-03-03T19:33:56.057-0500] {processor.py:208} INFO - Processing /Users/kartikvadhawana/anaconda3/lib/python3.12/site-packages/airflow/example_dags/example_workday_timetable.py took 0.239 seconds
[2025-03-03T19:35:16.265-0500] {processor.py:186} INFO - Started process (PID=92624) to work on /Users/kartikvadhawana/anaconda3/lib/python3.12/site-packages/airflow/example_dags/example_workday_timetable.py
[2025-03-03T19:35:16.266-0500] {processor.py:914} INFO - Processing file /Users/kartikvadhawana/anaconda3/lib/python3.12/site-packages/airflow/example_dags/example_workday_timetable.py for tasks to queue
[2025-03-03T19:35:16.267-0500] {logging_mixin.py:190} INFO - [2025-03-03T19:35:16.267-0500] {dagbag.py:588} INFO - Filling up the DagBag from /Users/kartikvadhawana/anaconda3/lib/python3.12/site-packages/airflow/example_dags/example_workday_timetable.py
[2025-03-03T19:35:16.342-0500] {logging_mixin.py:190} INFO - [2025-03-03T19:35:16.342-0500] {utils.py:160} INFO - NumExpr defaulting to 8 threads.
[2025-03-03T19:35:16.417-0500] {processor.py:925} INFO - DAG(s) 'example_workday_timetable' retrieved from /Users/kartikvadhawana/anaconda3/lib/python3.12/site-packages/airflow/example_dags/example_workday_timetable.py
[2025-03-03T19:35:16.457-0500] {logging_mixin.py:190} INFO - [2025-03-03T19:35:16.456-0500] {dag.py:3239} INFO - Sync 1 DAGs
[2025-03-03T19:35:16.504-0500] {logging_mixin.py:190} INFO - [2025-03-03T19:35:16.504-0500] {dag.py:4180} INFO - Setting next_dagrun for example_workday_timetable to 2021-01-04 00:00:00+00:00, run_after=2021-01-05 00:00:00+00:00
[2025-03-03T19:35:16.510-0500] {processor.py:208} INFO - Processing /Users/kartikvadhawana/anaconda3/lib/python3.12/site-packages/airflow/example_dags/example_workday_timetable.py took 0.246 seconds
[2025-03-03T19:36:33.926-0500] {processor.py:186} INFO - Started process (PID=92800) to work on /Users/kartikvadhawana/anaconda3/lib/python3.12/site-packages/airflow/example_dags/example_workday_timetable.py
[2025-03-03T19:36:33.927-0500] {processor.py:914} INFO - Processing file /Users/kartikvadhawana/anaconda3/lib/python3.12/site-packages/airflow/example_dags/example_workday_timetable.py for tasks to queue
[2025-03-03T19:36:33.927-0500] {logging_mixin.py:190} INFO - [2025-03-03T19:36:33.927-0500] {dagbag.py:588} INFO - Filling up the DagBag from /Users/kartikvadhawana/anaconda3/lib/python3.12/site-packages/airflow/example_dags/example_workday_timetable.py
[2025-03-03T19:36:34.004-0500] {logging_mixin.py:190} INFO - [2025-03-03T19:36:34.004-0500] {utils.py:160} INFO - NumExpr defaulting to 8 threads.
[2025-03-03T19:36:34.078-0500] {processor.py:925} INFO - DAG(s) 'example_workday_timetable' retrieved from /Users/kartikvadhawana/anaconda3/lib/python3.12/site-packages/airflow/example_dags/example_workday_timetable.py
[2025-03-03T19:36:34.118-0500] {logging_mixin.py:190} INFO - [2025-03-03T19:36:34.117-0500] {dag.py:3239} INFO - Sync 1 DAGs
[2025-03-03T19:36:34.165-0500] {logging_mixin.py:190} INFO - [2025-03-03T19:36:34.165-0500] {dag.py:4180} INFO - Setting next_dagrun for example_workday_timetable to 2021-01-04 00:00:00+00:00, run_after=2021-01-05 00:00:00+00:00
[2025-03-03T19:36:34.171-0500] {processor.py:208} INFO - Processing /Users/kartikvadhawana/anaconda3/lib/python3.12/site-packages/airflow/example_dags/example_workday_timetable.py took 0.245 seconds
[2025-03-03T19:37:54.268-0500] {processor.py:186} INFO - Started process (PID=92992) to work on /Users/kartikvadhawana/anaconda3/lib/python3.12/site-packages/airflow/example_dags/example_workday_timetable.py
[2025-03-03T19:37:54.269-0500] {processor.py:914} INFO - Processing file /Users/kartikvadhawana/anaconda3/lib/python3.12/site-packages/airflow/example_dags/example_workday_timetable.py for tasks to queue
[2025-03-03T19:37:54.269-0500] {logging_mixin.py:190} INFO - [2025-03-03T19:37:54.269-0500] {dagbag.py:588} INFO - Filling up the DagBag from /Users/kartikvadhawana/anaconda3/lib/python3.12/site-packages/airflow/example_dags/example_workday_timetable.py
[2025-03-03T19:37:54.364-0500] {logging_mixin.py:190} INFO - [2025-03-03T19:37:54.364-0500] {utils.py:160} INFO - NumExpr defaulting to 8 threads.
[2025-03-03T19:37:54.472-0500] {processor.py:925} INFO - DAG(s) 'example_workday_timetable' retrieved from /Users/kartikvadhawana/anaconda3/lib/python3.12/site-packages/airflow/example_dags/example_workday_timetable.py
[2025-03-03T19:37:54.512-0500] {logging_mixin.py:190} INFO - [2025-03-03T19:37:54.512-0500] {dag.py:3239} INFO - Sync 1 DAGs
[2025-03-03T19:37:54.560-0500] {logging_mixin.py:190} INFO - [2025-03-03T19:37:54.560-0500] {dag.py:4180} INFO - Setting next_dagrun for example_workday_timetable to 2021-01-04 00:00:00+00:00, run_after=2021-01-05 00:00:00+00:00
[2025-03-03T19:37:54.565-0500] {processor.py:208} INFO - Processing /Users/kartikvadhawana/anaconda3/lib/python3.12/site-packages/airflow/example_dags/example_workday_timetable.py took 0.299 seconds
[2025-03-03T19:39:17.279-0500] {processor.py:186} INFO - Started process (PID=93173) to work on /Users/kartikvadhawana/anaconda3/lib/python3.12/site-packages/airflow/example_dags/example_workday_timetable.py
[2025-03-03T19:39:17.280-0500] {processor.py:914} INFO - Processing file /Users/kartikvadhawana/anaconda3/lib/python3.12/site-packages/airflow/example_dags/example_workday_timetable.py for tasks to queue
[2025-03-03T19:39:17.280-0500] {logging_mixin.py:190} INFO - [2025-03-03T19:39:17.280-0500] {dagbag.py:588} INFO - Filling up the DagBag from /Users/kartikvadhawana/anaconda3/lib/python3.12/site-packages/airflow/example_dags/example_workday_timetable.py
[2025-03-03T19:39:17.355-0500] {logging_mixin.py:190} INFO - [2025-03-03T19:39:17.355-0500] {utils.py:160} INFO - NumExpr defaulting to 8 threads.
[2025-03-03T19:39:17.427-0500] {processor.py:925} INFO - DAG(s) 'example_workday_timetable' retrieved from /Users/kartikvadhawana/anaconda3/lib/python3.12/site-packages/airflow/example_dags/example_workday_timetable.py
[2025-03-03T19:39:17.467-0500] {logging_mixin.py:190} INFO - [2025-03-03T19:39:17.466-0500] {dag.py:3239} INFO - Sync 1 DAGs
[2025-03-03T19:39:17.512-0500] {logging_mixin.py:190} INFO - [2025-03-03T19:39:17.511-0500] {dag.py:4180} INFO - Setting next_dagrun for example_workday_timetable to 2021-01-04 00:00:00+00:00, run_after=2021-01-05 00:00:00+00:00
[2025-03-03T19:39:17.517-0500] {processor.py:208} INFO - Processing /Users/kartikvadhawana/anaconda3/lib/python3.12/site-packages/airflow/example_dags/example_workday_timetable.py took 0.239 seconds
[2025-03-03T19:40:35.826-0500] {processor.py:186} INFO - Started process (PID=93372) to work on /Users/kartikvadhawana/anaconda3/lib/python3.12/site-packages/airflow/example_dags/example_workday_timetable.py
[2025-03-03T19:40:35.828-0500] {processor.py:914} INFO - Processing file /Users/kartikvadhawana/anaconda3/lib/python3.12/site-packages/airflow/example_dags/example_workday_timetable.py for tasks to queue
[2025-03-03T19:40:35.828-0500] {logging_mixin.py:190} INFO - [2025-03-03T19:40:35.828-0500] {dagbag.py:588} INFO - Filling up the DagBag from /Users/kartikvadhawana/anaconda3/lib/python3.12/site-packages/airflow/example_dags/example_workday_timetable.py
[2025-03-03T19:40:35.902-0500] {logging_mixin.py:190} INFO - [2025-03-03T19:40:35.902-0500] {utils.py:160} INFO - NumExpr defaulting to 8 threads.
[2025-03-03T19:40:35.976-0500] {processor.py:925} INFO - DAG(s) 'example_workday_timetable' retrieved from /Users/kartikvadhawana/anaconda3/lib/python3.12/site-packages/airflow/example_dags/example_workday_timetable.py
[2025-03-03T19:40:36.014-0500] {logging_mixin.py:190} INFO - [2025-03-03T19:40:36.014-0500] {dag.py:3239} INFO - Sync 1 DAGs
[2025-03-03T19:40:36.058-0500] {logging_mixin.py:190} INFO - [2025-03-03T19:40:36.058-0500] {dag.py:4180} INFO - Setting next_dagrun for example_workday_timetable to 2021-01-04 00:00:00+00:00, run_after=2021-01-05 00:00:00+00:00
[2025-03-03T19:40:36.063-0500] {processor.py:208} INFO - Processing /Users/kartikvadhawana/anaconda3/lib/python3.12/site-packages/airflow/example_dags/example_workday_timetable.py took 0.238 seconds
[2025-03-03T19:42:03.845-0500] {processor.py:186} INFO - Started process (PID=93791) to work on /Users/kartikvadhawana/anaconda3/lib/python3.12/site-packages/airflow/example_dags/example_workday_timetable.py
[2025-03-03T19:42:03.846-0500] {processor.py:914} INFO - Processing file /Users/kartikvadhawana/anaconda3/lib/python3.12/site-packages/airflow/example_dags/example_workday_timetable.py for tasks to queue
[2025-03-03T19:42:03.846-0500] {logging_mixin.py:190} INFO - [2025-03-03T19:42:03.846-0500] {dagbag.py:588} INFO - Filling up the DagBag from /Users/kartikvadhawana/anaconda3/lib/python3.12/site-packages/airflow/example_dags/example_workday_timetable.py
[2025-03-03T19:42:03.921-0500] {logging_mixin.py:190} INFO - [2025-03-03T19:42:03.921-0500] {utils.py:160} INFO - NumExpr defaulting to 8 threads.
[2025-03-03T19:42:03.993-0500] {processor.py:925} INFO - DAG(s) 'example_workday_timetable' retrieved from /Users/kartikvadhawana/anaconda3/lib/python3.12/site-packages/airflow/example_dags/example_workday_timetable.py
[2025-03-03T19:42:04.033-0500] {logging_mixin.py:190} INFO - [2025-03-03T19:42:04.032-0500] {dag.py:3239} INFO - Sync 1 DAGs
[2025-03-03T19:42:04.080-0500] {logging_mixin.py:190} INFO - [2025-03-03T19:42:04.080-0500] {dag.py:4180} INFO - Setting next_dagrun for example_workday_timetable to 2021-01-04 00:00:00+00:00, run_after=2021-01-05 00:00:00+00:00
[2025-03-03T19:42:04.085-0500] {processor.py:208} INFO - Processing /Users/kartikvadhawana/anaconda3/lib/python3.12/site-packages/airflow/example_dags/example_workday_timetable.py took 0.241 seconds
[2025-03-03T19:43:52.207-0500] {processor.py:186} INFO - Started process (PID=93983) to work on /Users/kartikvadhawana/anaconda3/lib/python3.12/site-packages/airflow/example_dags/example_workday_timetable.py
[2025-03-03T19:43:52.207-0500] {processor.py:914} INFO - Processing file /Users/kartikvadhawana/anaconda3/lib/python3.12/site-packages/airflow/example_dags/example_workday_timetable.py for tasks to queue
[2025-03-03T19:43:52.208-0500] {logging_mixin.py:190} INFO - [2025-03-03T19:43:52.208-0500] {dagbag.py:588} INFO - Filling up the DagBag from /Users/kartikvadhawana/anaconda3/lib/python3.12/site-packages/airflow/example_dags/example_workday_timetable.py
[2025-03-03T19:43:52.291-0500] {logging_mixin.py:190} INFO - [2025-03-03T19:43:52.291-0500] {utils.py:160} INFO - NumExpr defaulting to 8 threads.
[2025-03-03T19:43:52.378-0500] {processor.py:925} INFO - DAG(s) 'example_workday_timetable' retrieved from /Users/kartikvadhawana/anaconda3/lib/python3.12/site-packages/airflow/example_dags/example_workday_timetable.py
[2025-03-03T19:43:52.422-0500] {logging_mixin.py:190} INFO - [2025-03-03T19:43:52.421-0500] {dag.py:3239} INFO - Sync 1 DAGs
[2025-03-03T19:43:52.491-0500] {logging_mixin.py:190} INFO - [2025-03-03T19:43:52.490-0500] {dag.py:4180} INFO - Setting next_dagrun for example_workday_timetable to 2021-01-04 00:00:00+00:00, run_after=2021-01-05 00:00:00+00:00
[2025-03-03T19:43:52.497-0500] {processor.py:208} INFO - Processing /Users/kartikvadhawana/anaconda3/lib/python3.12/site-packages/airflow/example_dags/example_workday_timetable.py took 0.292 seconds
[2025-03-03T19:45:13.731-0500] {processor.py:186} INFO - Started process (PID=94173) to work on /Users/kartikvadhawana/anaconda3/lib/python3.12/site-packages/airflow/example_dags/example_workday_timetable.py
[2025-03-03T19:45:13.731-0500] {processor.py:914} INFO - Processing file /Users/kartikvadhawana/anaconda3/lib/python3.12/site-packages/airflow/example_dags/example_workday_timetable.py for tasks to queue
[2025-03-03T19:45:13.732-0500] {logging_mixin.py:190} INFO - [2025-03-03T19:45:13.732-0500] {dagbag.py:588} INFO - Filling up the DagBag from /Users/kartikvadhawana/anaconda3/lib/python3.12/site-packages/airflow/example_dags/example_workday_timetable.py
[2025-03-03T19:45:13.837-0500] {logging_mixin.py:190} INFO - [2025-03-03T19:45:13.837-0500] {utils.py:160} INFO - NumExpr defaulting to 8 threads.
[2025-03-03T19:45:13.974-0500] {processor.py:925} INFO - DAG(s) 'example_workday_timetable' retrieved from /Users/kartikvadhawana/anaconda3/lib/python3.12/site-packages/airflow/example_dags/example_workday_timetable.py
[2025-03-03T19:45:14.015-0500] {logging_mixin.py:190} INFO - [2025-03-03T19:45:14.014-0500] {dag.py:3239} INFO - Sync 1 DAGs
[2025-03-03T19:45:14.064-0500] {logging_mixin.py:190} INFO - [2025-03-03T19:45:14.064-0500] {dag.py:4180} INFO - Setting next_dagrun for example_workday_timetable to 2021-01-04 00:00:00+00:00, run_after=2021-01-05 00:00:00+00:00
[2025-03-03T19:45:14.070-0500] {processor.py:208} INFO - Processing /Users/kartikvadhawana/anaconda3/lib/python3.12/site-packages/airflow/example_dags/example_workday_timetable.py took 0.340 seconds
[2025-03-03T19:48:28.159-0500] {processor.py:186} INFO - Started process (PID=94665) to work on /Users/kartikvadhawana/anaconda3/lib/python3.12/site-packages/airflow/example_dags/example_workday_timetable.py
[2025-03-03T19:48:28.160-0500] {processor.py:914} INFO - Processing file /Users/kartikvadhawana/anaconda3/lib/python3.12/site-packages/airflow/example_dags/example_workday_timetable.py for tasks to queue
[2025-03-03T19:48:28.161-0500] {logging_mixin.py:190} INFO - [2025-03-03T19:48:28.160-0500] {dagbag.py:588} INFO - Filling up the DagBag from /Users/kartikvadhawana/anaconda3/lib/python3.12/site-packages/airflow/example_dags/example_workday_timetable.py
[2025-03-03T19:48:28.245-0500] {logging_mixin.py:190} INFO - [2025-03-03T19:48:28.245-0500] {utils.py:160} INFO - NumExpr defaulting to 8 threads.
[2025-03-03T19:48:28.319-0500] {processor.py:925} INFO - DAG(s) 'example_workday_timetable' retrieved from /Users/kartikvadhawana/anaconda3/lib/python3.12/site-packages/airflow/example_dags/example_workday_timetable.py
[2025-03-03T19:48:28.359-0500] {logging_mixin.py:190} INFO - [2025-03-03T19:48:28.359-0500] {dag.py:3239} INFO - Sync 1 DAGs
[2025-03-03T19:48:28.403-0500] {logging_mixin.py:190} INFO - [2025-03-03T19:48:28.403-0500] {dag.py:4180} INFO - Setting next_dagrun for example_workday_timetable to 2021-01-04 00:00:00+00:00, run_after=2021-01-05 00:00:00+00:00
[2025-03-03T19:48:28.409-0500] {processor.py:208} INFO - Processing /Users/kartikvadhawana/anaconda3/lib/python3.12/site-packages/airflow/example_dags/example_workday_timetable.py took 0.251 seconds
[2025-03-03T19:50:18.620-0500] {processor.py:186} INFO - Started process (PID=94836) to work on /Users/kartikvadhawana/anaconda3/lib/python3.12/site-packages/airflow/example_dags/example_workday_timetable.py
[2025-03-03T19:50:18.621-0500] {processor.py:914} INFO - Processing file /Users/kartikvadhawana/anaconda3/lib/python3.12/site-packages/airflow/example_dags/example_workday_timetable.py for tasks to queue
[2025-03-03T19:50:18.621-0500] {logging_mixin.py:190} INFO - [2025-03-03T19:50:18.621-0500] {dagbag.py:588} INFO - Filling up the DagBag from /Users/kartikvadhawana/anaconda3/lib/python3.12/site-packages/airflow/example_dags/example_workday_timetable.py
[2025-03-03T19:50:18.694-0500] {logging_mixin.py:190} INFO - [2025-03-03T19:50:18.694-0500] {utils.py:160} INFO - NumExpr defaulting to 8 threads.
[2025-03-03T19:50:18.765-0500] {processor.py:925} INFO - DAG(s) 'example_workday_timetable' retrieved from /Users/kartikvadhawana/anaconda3/lib/python3.12/site-packages/airflow/example_dags/example_workday_timetable.py
[2025-03-03T19:50:18.804-0500] {logging_mixin.py:190} INFO - [2025-03-03T19:50:18.803-0500] {dag.py:3239} INFO - Sync 1 DAGs
[2025-03-03T19:50:18.851-0500] {logging_mixin.py:190} INFO - [2025-03-03T19:50:18.851-0500] {dag.py:4180} INFO - Setting next_dagrun for example_workday_timetable to 2021-01-04 00:00:00+00:00, run_after=2021-01-05 00:00:00+00:00
[2025-03-03T19:50:18.856-0500] {processor.py:208} INFO - Processing /Users/kartikvadhawana/anaconda3/lib/python3.12/site-packages/airflow/example_dags/example_workday_timetable.py took 0.238 seconds
[2025-03-03T19:51:37.902-0500] {processor.py:186} INFO - Started process (PID=94931) to work on /Users/kartikvadhawana/anaconda3/lib/python3.12/site-packages/airflow/example_dags/example_workday_timetable.py
[2025-03-03T19:51:37.903-0500] {processor.py:914} INFO - Processing file /Users/kartikvadhawana/anaconda3/lib/python3.12/site-packages/airflow/example_dags/example_workday_timetable.py for tasks to queue
[2025-03-03T19:51:37.903-0500] {logging_mixin.py:190} INFO - [2025-03-03T19:51:37.903-0500] {dagbag.py:588} INFO - Filling up the DagBag from /Users/kartikvadhawana/anaconda3/lib/python3.12/site-packages/airflow/example_dags/example_workday_timetable.py
[2025-03-03T19:51:37.975-0500] {logging_mixin.py:190} INFO - [2025-03-03T19:51:37.975-0500] {utils.py:160} INFO - NumExpr defaulting to 8 threads.
[2025-03-03T19:51:38.046-0500] {processor.py:925} INFO - DAG(s) 'example_workday_timetable' retrieved from /Users/kartikvadhawana/anaconda3/lib/python3.12/site-packages/airflow/example_dags/example_workday_timetable.py
[2025-03-03T19:51:38.085-0500] {logging_mixin.py:190} INFO - [2025-03-03T19:51:38.084-0500] {dag.py:3239} INFO - Sync 1 DAGs
[2025-03-03T19:51:38.126-0500] {logging_mixin.py:190} INFO - [2025-03-03T19:51:38.126-0500] {dag.py:4180} INFO - Setting next_dagrun for example_workday_timetable to 2021-01-04 00:00:00+00:00, run_after=2021-01-05 00:00:00+00:00
[2025-03-03T19:51:38.132-0500] {processor.py:208} INFO - Processing /Users/kartikvadhawana/anaconda3/lib/python3.12/site-packages/airflow/example_dags/example_workday_timetable.py took 0.230 seconds
[2025-03-03T19:52:58.208-0500] {processor.py:186} INFO - Started process (PID=95126) to work on /Users/kartikvadhawana/anaconda3/lib/python3.12/site-packages/airflow/example_dags/example_workday_timetable.py
[2025-03-03T19:52:58.209-0500] {processor.py:914} INFO - Processing file /Users/kartikvadhawana/anaconda3/lib/python3.12/site-packages/airflow/example_dags/example_workday_timetable.py for tasks to queue
[2025-03-03T19:52:58.209-0500] {logging_mixin.py:190} INFO - [2025-03-03T19:52:58.209-0500] {dagbag.py:588} INFO - Filling up the DagBag from /Users/kartikvadhawana/anaconda3/lib/python3.12/site-packages/airflow/example_dags/example_workday_timetable.py
[2025-03-03T19:52:58.282-0500] {logging_mixin.py:190} INFO - [2025-03-03T19:52:58.282-0500] {utils.py:160} INFO - NumExpr defaulting to 8 threads.
[2025-03-03T19:52:58.354-0500] {processor.py:925} INFO - DAG(s) 'example_workday_timetable' retrieved from /Users/kartikvadhawana/anaconda3/lib/python3.12/site-packages/airflow/example_dags/example_workday_timetable.py
[2025-03-03T19:52:58.393-0500] {logging_mixin.py:190} INFO - [2025-03-03T19:52:58.392-0500] {dag.py:3239} INFO - Sync 1 DAGs
[2025-03-03T19:52:58.435-0500] {logging_mixin.py:190} INFO - [2025-03-03T19:52:58.435-0500] {dag.py:4180} INFO - Setting next_dagrun for example_workday_timetable to 2021-01-04 00:00:00+00:00, run_after=2021-01-05 00:00:00+00:00
[2025-03-03T19:52:58.441-0500] {processor.py:208} INFO - Processing /Users/kartikvadhawana/anaconda3/lib/python3.12/site-packages/airflow/example_dags/example_workday_timetable.py took 0.234 seconds
[2025-03-03T19:54:21.553-0500] {processor.py:186} INFO - Started process (PID=95325) to work on /Users/kartikvadhawana/anaconda3/lib/python3.12/site-packages/airflow/example_dags/example_workday_timetable.py
[2025-03-03T19:54:21.554-0500] {processor.py:914} INFO - Processing file /Users/kartikvadhawana/anaconda3/lib/python3.12/site-packages/airflow/example_dags/example_workday_timetable.py for tasks to queue
[2025-03-03T19:54:21.555-0500] {logging_mixin.py:190} INFO - [2025-03-03T19:54:21.555-0500] {dagbag.py:588} INFO - Filling up the DagBag from /Users/kartikvadhawana/anaconda3/lib/python3.12/site-packages/airflow/example_dags/example_workday_timetable.py
[2025-03-03T19:54:21.658-0500] {logging_mixin.py:190} INFO - [2025-03-03T19:54:21.658-0500] {utils.py:160} INFO - NumExpr defaulting to 8 threads.
[2025-03-03T19:54:21.770-0500] {processor.py:925} INFO - DAG(s) 'example_workday_timetable' retrieved from /Users/kartikvadhawana/anaconda3/lib/python3.12/site-packages/airflow/example_dags/example_workday_timetable.py
[2025-03-03T19:54:21.809-0500] {logging_mixin.py:190} INFO - [2025-03-03T19:54:21.809-0500] {dag.py:3239} INFO - Sync 1 DAGs
[2025-03-03T19:54:21.853-0500] {logging_mixin.py:190} INFO - [2025-03-03T19:54:21.853-0500] {dag.py:4180} INFO - Setting next_dagrun for example_workday_timetable to 2021-01-04 00:00:00+00:00, run_after=2021-01-05 00:00:00+00:00
[2025-03-03T19:54:21.858-0500] {processor.py:208} INFO - Processing /Users/kartikvadhawana/anaconda3/lib/python3.12/site-packages/airflow/example_dags/example_workday_timetable.py took 0.306 seconds
[2025-03-03T19:55:44.988-0500] {processor.py:186} INFO - Started process (PID=95526) to work on /Users/kartikvadhawana/anaconda3/lib/python3.12/site-packages/airflow/example_dags/example_workday_timetable.py
[2025-03-03T19:55:44.989-0500] {processor.py:914} INFO - Processing file /Users/kartikvadhawana/anaconda3/lib/python3.12/site-packages/airflow/example_dags/example_workday_timetable.py for tasks to queue
[2025-03-03T19:55:44.989-0500] {logging_mixin.py:190} INFO - [2025-03-03T19:55:44.989-0500] {dagbag.py:588} INFO - Filling up the DagBag from /Users/kartikvadhawana/anaconda3/lib/python3.12/site-packages/airflow/example_dags/example_workday_timetable.py
[2025-03-03T19:55:45.087-0500] {logging_mixin.py:190} INFO - [2025-03-03T19:55:45.087-0500] {utils.py:160} INFO - NumExpr defaulting to 8 threads.
[2025-03-03T19:55:45.201-0500] {processor.py:925} INFO - DAG(s) 'example_workday_timetable' retrieved from /Users/kartikvadhawana/anaconda3/lib/python3.12/site-packages/airflow/example_dags/example_workday_timetable.py
[2025-03-03T19:55:45.242-0500] {logging_mixin.py:190} INFO - [2025-03-03T19:55:45.242-0500] {dag.py:3239} INFO - Sync 1 DAGs
[2025-03-03T19:55:45.289-0500] {logging_mixin.py:190} INFO - [2025-03-03T19:55:45.289-0500] {dag.py:4180} INFO - Setting next_dagrun for example_workday_timetable to 2021-01-04 00:00:00+00:00, run_after=2021-01-05 00:00:00+00:00
[2025-03-03T19:55:45.294-0500] {processor.py:208} INFO - Processing /Users/kartikvadhawana/anaconda3/lib/python3.12/site-packages/airflow/example_dags/example_workday_timetable.py took 0.307 seconds
[2025-03-03T19:57:06.277-0500] {processor.py:186} INFO - Started process (PID=95761) to work on /Users/kartikvadhawana/anaconda3/lib/python3.12/site-packages/airflow/example_dags/example_workday_timetable.py
[2025-03-03T19:57:06.278-0500] {processor.py:914} INFO - Processing file /Users/kartikvadhawana/anaconda3/lib/python3.12/site-packages/airflow/example_dags/example_workday_timetable.py for tasks to queue
[2025-03-03T19:57:06.278-0500] {logging_mixin.py:190} INFO - [2025-03-03T19:57:06.278-0500] {dagbag.py:588} INFO - Filling up the DagBag from /Users/kartikvadhawana/anaconda3/lib/python3.12/site-packages/airflow/example_dags/example_workday_timetable.py
[2025-03-03T19:57:06.375-0500] {logging_mixin.py:190} INFO - [2025-03-03T19:57:06.374-0500] {utils.py:160} INFO - NumExpr defaulting to 8 threads.
[2025-03-03T19:57:06.483-0500] {processor.py:925} INFO - DAG(s) 'example_workday_timetable' retrieved from /Users/kartikvadhawana/anaconda3/lib/python3.12/site-packages/airflow/example_dags/example_workday_timetable.py
[2025-03-03T19:57:06.523-0500] {logging_mixin.py:190} INFO - [2025-03-03T19:57:06.522-0500] {dag.py:3239} INFO - Sync 1 DAGs
[2025-03-03T19:57:06.567-0500] {logging_mixin.py:190} INFO - [2025-03-03T19:57:06.567-0500] {dag.py:4180} INFO - Setting next_dagrun for example_workday_timetable to 2021-01-04 00:00:00+00:00, run_after=2021-01-05 00:00:00+00:00
[2025-03-03T19:57:06.572-0500] {processor.py:208} INFO - Processing /Users/kartikvadhawana/anaconda3/lib/python3.12/site-packages/airflow/example_dags/example_workday_timetable.py took 0.296 seconds
[2025-03-03T19:58:27.930-0500] {processor.py:186} INFO - Started process (PID=95913) to work on /Users/kartikvadhawana/anaconda3/lib/python3.12/site-packages/airflow/example_dags/example_workday_timetable.py
[2025-03-03T19:58:27.931-0500] {processor.py:914} INFO - Processing file /Users/kartikvadhawana/anaconda3/lib/python3.12/site-packages/airflow/example_dags/example_workday_timetable.py for tasks to queue
[2025-03-03T19:58:27.931-0500] {logging_mixin.py:190} INFO - [2025-03-03T19:58:27.931-0500] {dagbag.py:588} INFO - Filling up the DagBag from /Users/kartikvadhawana/anaconda3/lib/python3.12/site-packages/airflow/example_dags/example_workday_timetable.py
[2025-03-03T19:58:28.025-0500] {logging_mixin.py:190} INFO - [2025-03-03T19:58:28.025-0500] {utils.py:160} INFO - NumExpr defaulting to 8 threads.
[2025-03-03T19:58:28.131-0500] {processor.py:925} INFO - DAG(s) 'example_workday_timetable' retrieved from /Users/kartikvadhawana/anaconda3/lib/python3.12/site-packages/airflow/example_dags/example_workday_timetable.py
[2025-03-03T19:58:28.171-0500] {logging_mixin.py:190} INFO - [2025-03-03T19:58:28.170-0500] {dag.py:3239} INFO - Sync 1 DAGs
[2025-03-03T19:58:28.215-0500] {logging_mixin.py:190} INFO - [2025-03-03T19:58:28.215-0500] {dag.py:4180} INFO - Setting next_dagrun for example_workday_timetable to 2021-01-04 00:00:00+00:00, run_after=2021-01-05 00:00:00+00:00
[2025-03-03T19:58:28.221-0500] {processor.py:208} INFO - Processing /Users/kartikvadhawana/anaconda3/lib/python3.12/site-packages/airflow/example_dags/example_workday_timetable.py took 0.292 seconds
[2025-03-03T19:59:49.238-0500] {processor.py:186} INFO - Started process (PID=96020) to work on /Users/kartikvadhawana/anaconda3/lib/python3.12/site-packages/airflow/example_dags/example_workday_timetable.py
[2025-03-03T19:59:49.239-0500] {processor.py:914} INFO - Processing file /Users/kartikvadhawana/anaconda3/lib/python3.12/site-packages/airflow/example_dags/example_workday_timetable.py for tasks to queue
[2025-03-03T19:59:49.240-0500] {logging_mixin.py:190} INFO - [2025-03-03T19:59:49.239-0500] {dagbag.py:588} INFO - Filling up the DagBag from /Users/kartikvadhawana/anaconda3/lib/python3.12/site-packages/airflow/example_dags/example_workday_timetable.py
[2025-03-03T19:59:49.312-0500] {logging_mixin.py:190} INFO - [2025-03-03T19:59:49.312-0500] {utils.py:160} INFO - NumExpr defaulting to 8 threads.
[2025-03-03T19:59:49.383-0500] {processor.py:925} INFO - DAG(s) 'example_workday_timetable' retrieved from /Users/kartikvadhawana/anaconda3/lib/python3.12/site-packages/airflow/example_dags/example_workday_timetable.py
[2025-03-03T19:59:49.421-0500] {logging_mixin.py:190} INFO - [2025-03-03T19:59:49.421-0500] {dag.py:3239} INFO - Sync 1 DAGs
[2025-03-03T19:59:49.464-0500] {logging_mixin.py:190} INFO - [2025-03-03T19:59:49.464-0500] {dag.py:4180} INFO - Setting next_dagrun for example_workday_timetable to 2021-01-04 00:00:00+00:00, run_after=2021-01-05 00:00:00+00:00
[2025-03-03T19:59:49.470-0500] {processor.py:208} INFO - Processing /Users/kartikvadhawana/anaconda3/lib/python3.12/site-packages/airflow/example_dags/example_workday_timetable.py took 0.233 seconds
