[2025-03-03T19:21:47.581-0500] {processor.py:186} INFO - Started process (PID=89941) to work on /Users/kartikvadhawana/anaconda3/lib/python3.12/site-packages/airflow/example_dags/example_dataset_alias_with_no_taskflow.py
[2025-03-03T19:21:47.581-0500] {processor.py:914} INFO - Processing file /Users/kartikvadhawana/anaconda3/lib/python3.12/site-packages/airflow/example_dags/example_dataset_alias_with_no_taskflow.py for tasks to queue
[2025-03-03T19:21:47.581-0500] {logging_mixin.py:190} INFO - [2025-03-03T19:21:47.581-0500] {dagbag.py:588} INFO - Filling up the DagBag from /Users/kartikvadhawana/anaconda3/lib/python3.12/site-packages/airflow/example_dags/example_dataset_alias_with_no_taskflow.py
[2025-03-03T19:21:47.629-0500] {processor.py:925} INFO - DAG(s) 'dataset_alias_example_alias_producer_with_no_taskflow', 'dataset_alias_example_alias_consumer_with_no_taskflow', 'dataset_s3_bucket_consumer_with_no_taskflow', 'dataset_s3_bucket_producer_with_no_taskflow' retrieved from /Users/kartikvadhawana/anaconda3/lib/python3.12/site-packages/airflow/example_dags/example_dataset_alias_with_no_taskflow.py
[2025-03-03T19:21:47.659-0500] {logging_mixin.py:190} INFO - [2025-03-03T19:21:47.659-0500] {override.py:1930} INFO - Created Permission View: can edit on DAG:dataset_alias_example_alias_producer_with_no_taskflow
[2025-03-03T19:21:47.661-0500] {logging_mixin.py:190} INFO - [2025-03-03T19:21:47.661-0500] {override.py:1930} INFO - Created Permission View: can delete on DAG:dataset_alias_example_alias_producer_with_no_taskflow
[2025-03-03T19:21:47.663-0500] {logging_mixin.py:190} INFO - [2025-03-03T19:21:47.663-0500] {override.py:1930} INFO - Created Permission View: can read on DAG:dataset_alias_example_alias_producer_with_no_taskflow
[2025-03-03T19:21:47.665-0500] {logging_mixin.py:190} INFO - [2025-03-03T19:21:47.665-0500] {override.py:1930} INFO - Created Permission View: menu access on DAG Run:dataset_alias_example_alias_producer_with_no_taskflow
[2025-03-03T19:21:47.667-0500] {logging_mixin.py:190} INFO - [2025-03-03T19:21:47.667-0500] {override.py:1930} INFO - Created Permission View: can create on DAG Run:dataset_alias_example_alias_producer_with_no_taskflow
[2025-03-03T19:21:47.668-0500] {logging_mixin.py:190} INFO - [2025-03-03T19:21:47.668-0500] {override.py:1930} INFO - Created Permission View: can delete on DAG Run:dataset_alias_example_alias_producer_with_no_taskflow
[2025-03-03T19:21:47.669-0500] {logging_mixin.py:190} INFO - [2025-03-03T19:21:47.669-0500] {override.py:1930} INFO - Created Permission View: can read on DAG Run:dataset_alias_example_alias_producer_with_no_taskflow
[2025-03-03T19:21:47.672-0500] {logging_mixin.py:190} INFO - [2025-03-03T19:21:47.672-0500] {override.py:1930} INFO - Created Permission View: can edit on DAG:dataset_alias_example_alias_consumer_with_no_taskflow
[2025-03-03T19:21:47.674-0500] {logging_mixin.py:190} INFO - [2025-03-03T19:21:47.674-0500] {override.py:1930} INFO - Created Permission View: can delete on DAG:dataset_alias_example_alias_consumer_with_no_taskflow
[2025-03-03T19:21:47.675-0500] {logging_mixin.py:190} INFO - [2025-03-03T19:21:47.675-0500] {override.py:1930} INFO - Created Permission View: can read on DAG:dataset_alias_example_alias_consumer_with_no_taskflow
[2025-03-03T19:21:47.677-0500] {logging_mixin.py:190} INFO - [2025-03-03T19:21:47.677-0500] {override.py:1930} INFO - Created Permission View: menu access on DAG Run:dataset_alias_example_alias_consumer_with_no_taskflow
[2025-03-03T19:21:47.679-0500] {logging_mixin.py:190} INFO - [2025-03-03T19:21:47.679-0500] {override.py:1930} INFO - Created Permission View: can create on DAG Run:dataset_alias_example_alias_consumer_with_no_taskflow
[2025-03-03T19:21:47.680-0500] {logging_mixin.py:190} INFO - [2025-03-03T19:21:47.680-0500] {override.py:1930} INFO - Created Permission View: can delete on DAG Run:dataset_alias_example_alias_consumer_with_no_taskflow
[2025-03-03T19:21:47.682-0500] {logging_mixin.py:190} INFO - [2025-03-03T19:21:47.682-0500] {override.py:1930} INFO - Created Permission View: can read on DAG Run:dataset_alias_example_alias_consumer_with_no_taskflow
[2025-03-03T19:21:47.684-0500] {logging_mixin.py:190} INFO - [2025-03-03T19:21:47.684-0500] {override.py:1930} INFO - Created Permission View: can edit on DAG:dataset_s3_bucket_consumer_with_no_taskflow
[2025-03-03T19:21:47.686-0500] {logging_mixin.py:190} INFO - [2025-03-03T19:21:47.686-0500] {override.py:1930} INFO - Created Permission View: can delete on DAG:dataset_s3_bucket_consumer_with_no_taskflow
[2025-03-03T19:21:47.687-0500] {logging_mixin.py:190} INFO - [2025-03-03T19:21:47.687-0500] {override.py:1930} INFO - Created Permission View: can read on DAG:dataset_s3_bucket_consumer_with_no_taskflow
[2025-03-03T19:21:47.689-0500] {logging_mixin.py:190} INFO - [2025-03-03T19:21:47.689-0500] {override.py:1930} INFO - Created Permission View: menu access on DAG Run:dataset_s3_bucket_consumer_with_no_taskflow
[2025-03-03T19:21:47.690-0500] {logging_mixin.py:190} INFO - [2025-03-03T19:21:47.690-0500] {override.py:1930} INFO - Created Permission View: can create on DAG Run:dataset_s3_bucket_consumer_with_no_taskflow
[2025-03-03T19:21:47.692-0500] {logging_mixin.py:190} INFO - [2025-03-03T19:21:47.692-0500] {override.py:1930} INFO - Created Permission View: can delete on DAG Run:dataset_s3_bucket_consumer_with_no_taskflow
[2025-03-03T19:21:47.693-0500] {logging_mixin.py:190} INFO - [2025-03-03T19:21:47.693-0500] {override.py:1930} INFO - Created Permission View: can read on DAG Run:dataset_s3_bucket_consumer_with_no_taskflow
[2025-03-03T19:21:47.696-0500] {logging_mixin.py:190} INFO - [2025-03-03T19:21:47.696-0500] {override.py:1930} INFO - Created Permission View: can edit on DAG:dataset_s3_bucket_producer_with_no_taskflow
[2025-03-03T19:21:47.697-0500] {logging_mixin.py:190} INFO - [2025-03-03T19:21:47.697-0500] {override.py:1930} INFO - Created Permission View: can delete on DAG:dataset_s3_bucket_producer_with_no_taskflow
[2025-03-03T19:21:47.699-0500] {logging_mixin.py:190} INFO - [2025-03-03T19:21:47.699-0500] {override.py:1930} INFO - Created Permission View: can read on DAG:dataset_s3_bucket_producer_with_no_taskflow
[2025-03-03T19:21:47.700-0500] {logging_mixin.py:190} INFO - [2025-03-03T19:21:47.700-0500] {override.py:1930} INFO - Created Permission View: menu access on DAG Run:dataset_s3_bucket_producer_with_no_taskflow
[2025-03-03T19:21:47.702-0500] {logging_mixin.py:190} INFO - [2025-03-03T19:21:47.702-0500] {override.py:1930} INFO - Created Permission View: can create on DAG Run:dataset_s3_bucket_producer_with_no_taskflow
[2025-03-03T19:21:47.703-0500] {logging_mixin.py:190} INFO - [2025-03-03T19:21:47.703-0500] {override.py:1930} INFO - Created Permission View: can delete on DAG Run:dataset_s3_bucket_producer_with_no_taskflow
[2025-03-03T19:21:47.704-0500] {logging_mixin.py:190} INFO - [2025-03-03T19:21:47.704-0500] {override.py:1930} INFO - Created Permission View: can read on DAG Run:dataset_s3_bucket_producer_with_no_taskflow
[2025-03-03T19:21:47.705-0500] {logging_mixin.py:190} INFO - [2025-03-03T19:21:47.704-0500] {dag.py:3239} INFO - Sync 4 DAGs
[2025-03-03T19:21:47.708-0500] {logging_mixin.py:190} INFO - [2025-03-03T19:21:47.708-0500] {dag.py:3262} INFO - Creating ORM DAG for dataset_s3_bucket_producer_with_no_taskflow
[2025-03-03T19:21:47.708-0500] {logging_mixin.py:190} INFO - [2025-03-03T19:21:47.708-0500] {dag.py:3262} INFO - Creating ORM DAG for dataset_alias_example_alias_producer_with_no_taskflow
[2025-03-03T19:21:47.708-0500] {logging_mixin.py:190} INFO - [2025-03-03T19:21:47.708-0500] {dag.py:3262} INFO - Creating ORM DAG for dataset_alias_example_alias_consumer_with_no_taskflow
[2025-03-03T19:21:47.708-0500] {logging_mixin.py:190} INFO - [2025-03-03T19:21:47.708-0500] {dag.py:3262} INFO - Creating ORM DAG for dataset_s3_bucket_consumer_with_no_taskflow
[2025-03-03T19:21:47.710-0500] {logging_mixin.py:190} INFO - [2025-03-03T19:21:47.710-0500] {dag.py:4180} INFO - Setting next_dagrun for dataset_alias_example_alias_consumer_with_no_taskflow to None, run_after=None
[2025-03-03T19:21:47.710-0500] {logging_mixin.py:190} INFO - [2025-03-03T19:21:47.710-0500] {dag.py:4180} INFO - Setting next_dagrun for dataset_alias_example_alias_producer_with_no_taskflow to None, run_after=None
[2025-03-03T19:21:47.711-0500] {logging_mixin.py:190} INFO - [2025-03-03T19:21:47.710-0500] {dag.py:4180} INFO - Setting next_dagrun for dataset_s3_bucket_consumer_with_no_taskflow to None, run_after=None
[2025-03-03T19:21:47.711-0500] {logging_mixin.py:190} INFO - [2025-03-03T19:21:47.711-0500] {dag.py:4180} INFO - Setting next_dagrun for dataset_s3_bucket_producer_with_no_taskflow to None, run_after=None
[2025-03-03T19:21:47.786-0500] {logging_mixin.py:190} INFO - [2025-03-03T19:21:47.786-0500] {utils.py:160} INFO - NumExpr defaulting to 8 threads.
[2025-03-03T19:21:47.894-0500] {processor.py:208} INFO - Processing /Users/kartikvadhawana/anaconda3/lib/python3.12/site-packages/airflow/example_dags/example_dataset_alias_with_no_taskflow.py took 0.314 seconds
[2025-03-03T19:24:26.440-0500] {processor.py:186} INFO - Started process (PID=90467) to work on /Users/kartikvadhawana/anaconda3/lib/python3.12/site-packages/airflow/example_dags/example_dataset_alias_with_no_taskflow.py
[2025-03-03T19:24:26.441-0500] {processor.py:914} INFO - Processing file /Users/kartikvadhawana/anaconda3/lib/python3.12/site-packages/airflow/example_dags/example_dataset_alias_with_no_taskflow.py for tasks to queue
[2025-03-03T19:24:26.442-0500] {logging_mixin.py:190} INFO - [2025-03-03T19:24:26.442-0500] {dagbag.py:588} INFO - Filling up the DagBag from /Users/kartikvadhawana/anaconda3/lib/python3.12/site-packages/airflow/example_dags/example_dataset_alias_with_no_taskflow.py
[2025-03-03T19:24:26.492-0500] {processor.py:925} INFO - DAG(s) 'dataset_s3_bucket_consumer_with_no_taskflow', 'dataset_alias_example_alias_consumer_with_no_taskflow', 'dataset_alias_example_alias_producer_with_no_taskflow', 'dataset_s3_bucket_producer_with_no_taskflow' retrieved from /Users/kartikvadhawana/anaconda3/lib/python3.12/site-packages/airflow/example_dags/example_dataset_alias_with_no_taskflow.py
[2025-03-03T19:24:26.499-0500] {logging_mixin.py:190} INFO - [2025-03-03T19:24:26.498-0500] {dag.py:3239} INFO - Sync 4 DAGs
[2025-03-03T19:24:26.504-0500] {logging_mixin.py:190} INFO - [2025-03-03T19:24:26.504-0500] {dag.py:4180} INFO - Setting next_dagrun for dataset_alias_example_alias_consumer_with_no_taskflow to None, run_after=None
[2025-03-03T19:24:26.504-0500] {logging_mixin.py:190} INFO - [2025-03-03T19:24:26.504-0500] {dag.py:4180} INFO - Setting next_dagrun for dataset_alias_example_alias_producer_with_no_taskflow to None, run_after=None
[2025-03-03T19:24:26.505-0500] {logging_mixin.py:190} INFO - [2025-03-03T19:24:26.505-0500] {dag.py:4180} INFO - Setting next_dagrun for dataset_s3_bucket_consumer_with_no_taskflow to None, run_after=None
[2025-03-03T19:24:26.505-0500] {logging_mixin.py:190} INFO - [2025-03-03T19:24:26.505-0500] {dag.py:4180} INFO - Setting next_dagrun for dataset_s3_bucket_producer_with_no_taskflow to None, run_after=None
[2025-03-03T19:24:26.510-0500] {processor.py:208} INFO - Processing /Users/kartikvadhawana/anaconda3/lib/python3.12/site-packages/airflow/example_dags/example_dataset_alias_with_no_taskflow.py took 0.071 seconds
[2025-03-03T19:28:46.990-0500] {processor.py:186} INFO - Started process (PID=91527) to work on /Users/kartikvadhawana/anaconda3/lib/python3.12/site-packages/airflow/example_dags/example_dataset_alias_with_no_taskflow.py
[2025-03-03T19:28:46.991-0500] {processor.py:914} INFO - Processing file /Users/kartikvadhawana/anaconda3/lib/python3.12/site-packages/airflow/example_dags/example_dataset_alias_with_no_taskflow.py for tasks to queue
[2025-03-03T19:28:46.991-0500] {logging_mixin.py:190} INFO - [2025-03-03T19:28:46.991-0500] {dagbag.py:588} INFO - Filling up the DagBag from /Users/kartikvadhawana/anaconda3/lib/python3.12/site-packages/airflow/example_dags/example_dataset_alias_with_no_taskflow.py
[2025-03-03T19:28:47.040-0500] {processor.py:925} INFO - DAG(s) 'dataset_alias_example_alias_producer_with_no_taskflow', 'dataset_s3_bucket_producer_with_no_taskflow', 'dataset_alias_example_alias_consumer_with_no_taskflow', 'dataset_s3_bucket_consumer_with_no_taskflow' retrieved from /Users/kartikvadhawana/anaconda3/lib/python3.12/site-packages/airflow/example_dags/example_dataset_alias_with_no_taskflow.py
[2025-03-03T19:28:47.047-0500] {logging_mixin.py:190} INFO - [2025-03-03T19:28:47.047-0500] {dag.py:3239} INFO - Sync 4 DAGs
[2025-03-03T19:28:47.052-0500] {logging_mixin.py:190} INFO - [2025-03-03T19:28:47.052-0500] {dag.py:4180} INFO - Setting next_dagrun for dataset_alias_example_alias_consumer_with_no_taskflow to None, run_after=None
[2025-03-03T19:28:47.053-0500] {logging_mixin.py:190} INFO - [2025-03-03T19:28:47.053-0500] {dag.py:4180} INFO - Setting next_dagrun for dataset_alias_example_alias_producer_with_no_taskflow to None, run_after=None
[2025-03-03T19:28:47.053-0500] {logging_mixin.py:190} INFO - [2025-03-03T19:28:47.053-0500] {dag.py:4180} INFO - Setting next_dagrun for dataset_s3_bucket_consumer_with_no_taskflow to None, run_after=None
[2025-03-03T19:28:47.053-0500] {logging_mixin.py:190} INFO - [2025-03-03T19:28:47.053-0500] {dag.py:4180} INFO - Setting next_dagrun for dataset_s3_bucket_producer_with_no_taskflow to None, run_after=None
[2025-03-03T19:28:47.059-0500] {processor.py:208} INFO - Processing /Users/kartikvadhawana/anaconda3/lib/python3.12/site-packages/airflow/example_dags/example_dataset_alias_with_no_taskflow.py took 0.070 seconds
[2025-03-03T19:31:22.671-0500] {processor.py:186} INFO - Started process (PID=91941) to work on /Users/kartikvadhawana/anaconda3/lib/python3.12/site-packages/airflow/example_dags/example_dataset_alias_with_no_taskflow.py
[2025-03-03T19:31:22.672-0500] {processor.py:914} INFO - Processing file /Users/kartikvadhawana/anaconda3/lib/python3.12/site-packages/airflow/example_dags/example_dataset_alias_with_no_taskflow.py for tasks to queue
[2025-03-03T19:31:22.672-0500] {logging_mixin.py:190} INFO - [2025-03-03T19:31:22.672-0500] {dagbag.py:588} INFO - Filling up the DagBag from /Users/kartikvadhawana/anaconda3/lib/python3.12/site-packages/airflow/example_dags/example_dataset_alias_with_no_taskflow.py
[2025-03-03T19:31:22.722-0500] {processor.py:925} INFO - DAG(s) 'dataset_s3_bucket_producer_with_no_taskflow', 'dataset_s3_bucket_consumer_with_no_taskflow', 'dataset_alias_example_alias_producer_with_no_taskflow', 'dataset_alias_example_alias_consumer_with_no_taskflow' retrieved from /Users/kartikvadhawana/anaconda3/lib/python3.12/site-packages/airflow/example_dags/example_dataset_alias_with_no_taskflow.py
[2025-03-03T19:31:22.729-0500] {logging_mixin.py:190} INFO - [2025-03-03T19:31:22.729-0500] {dag.py:3239} INFO - Sync 4 DAGs
[2025-03-03T19:31:22.734-0500] {logging_mixin.py:190} INFO - [2025-03-03T19:31:22.734-0500] {dag.py:4180} INFO - Setting next_dagrun for dataset_alias_example_alias_consumer_with_no_taskflow to None, run_after=None
[2025-03-03T19:31:22.735-0500] {logging_mixin.py:190} INFO - [2025-03-03T19:31:22.735-0500] {dag.py:4180} INFO - Setting next_dagrun for dataset_alias_example_alias_producer_with_no_taskflow to None, run_after=None
[2025-03-03T19:31:22.735-0500] {logging_mixin.py:190} INFO - [2025-03-03T19:31:22.735-0500] {dag.py:4180} INFO - Setting next_dagrun for dataset_s3_bucket_consumer_with_no_taskflow to None, run_after=None
[2025-03-03T19:31:22.735-0500] {logging_mixin.py:190} INFO - [2025-03-03T19:31:22.735-0500] {dag.py:4180} INFO - Setting next_dagrun for dataset_s3_bucket_producer_with_no_taskflow to None, run_after=None
[2025-03-03T19:31:22.741-0500] {processor.py:208} INFO - Processing /Users/kartikvadhawana/anaconda3/lib/python3.12/site-packages/airflow/example_dags/example_dataset_alias_with_no_taskflow.py took 0.071 seconds
[2025-03-03T19:33:04.036-0500] {processor.py:186} INFO - Started process (PID=92324) to work on /Users/kartikvadhawana/anaconda3/lib/python3.12/site-packages/airflow/example_dags/example_dataset_alias_with_no_taskflow.py
[2025-03-03T19:33:04.037-0500] {processor.py:914} INFO - Processing file /Users/kartikvadhawana/anaconda3/lib/python3.12/site-packages/airflow/example_dags/example_dataset_alias_with_no_taskflow.py for tasks to queue
[2025-03-03T19:33:04.038-0500] {logging_mixin.py:190} INFO - [2025-03-03T19:33:04.038-0500] {dagbag.py:588} INFO - Filling up the DagBag from /Users/kartikvadhawana/anaconda3/lib/python3.12/site-packages/airflow/example_dags/example_dataset_alias_with_no_taskflow.py
[2025-03-03T19:33:04.088-0500] {processor.py:925} INFO - DAG(s) 'dataset_alias_example_alias_producer_with_no_taskflow', 'dataset_alias_example_alias_consumer_with_no_taskflow', 'dataset_s3_bucket_consumer_with_no_taskflow', 'dataset_s3_bucket_producer_with_no_taskflow' retrieved from /Users/kartikvadhawana/anaconda3/lib/python3.12/site-packages/airflow/example_dags/example_dataset_alias_with_no_taskflow.py
[2025-03-03T19:33:04.095-0500] {logging_mixin.py:190} INFO - [2025-03-03T19:33:04.095-0500] {dag.py:3239} INFO - Sync 4 DAGs
[2025-03-03T19:33:04.100-0500] {logging_mixin.py:190} INFO - [2025-03-03T19:33:04.100-0500] {dag.py:4180} INFO - Setting next_dagrun for dataset_alias_example_alias_consumer_with_no_taskflow to None, run_after=None
[2025-03-03T19:33:04.101-0500] {logging_mixin.py:190} INFO - [2025-03-03T19:33:04.101-0500] {dag.py:4180} INFO - Setting next_dagrun for dataset_alias_example_alias_producer_with_no_taskflow to None, run_after=None
[2025-03-03T19:33:04.101-0500] {logging_mixin.py:190} INFO - [2025-03-03T19:33:04.101-0500] {dag.py:4180} INFO - Setting next_dagrun for dataset_s3_bucket_consumer_with_no_taskflow to None, run_after=None
[2025-03-03T19:33:04.101-0500] {logging_mixin.py:190} INFO - [2025-03-03T19:33:04.101-0500] {dag.py:4180} INFO - Setting next_dagrun for dataset_s3_bucket_producer_with_no_taskflow to None, run_after=None
[2025-03-03T19:33:04.107-0500] {processor.py:208} INFO - Processing /Users/kartikvadhawana/anaconda3/lib/python3.12/site-packages/airflow/example_dags/example_dataset_alias_with_no_taskflow.py took 0.072 seconds
[2025-03-03T19:35:40.699-0500] {processor.py:186} INFO - Started process (PID=92680) to work on /Users/kartikvadhawana/anaconda3/lib/python3.12/site-packages/airflow/example_dags/example_dataset_alias_with_no_taskflow.py
[2025-03-03T19:35:40.700-0500] {processor.py:914} INFO - Processing file /Users/kartikvadhawana/anaconda3/lib/python3.12/site-packages/airflow/example_dags/example_dataset_alias_with_no_taskflow.py for tasks to queue
[2025-03-03T19:35:40.701-0500] {logging_mixin.py:190} INFO - [2025-03-03T19:35:40.700-0500] {dagbag.py:588} INFO - Filling up the DagBag from /Users/kartikvadhawana/anaconda3/lib/python3.12/site-packages/airflow/example_dags/example_dataset_alias_with_no_taskflow.py
[2025-03-03T19:35:40.751-0500] {processor.py:925} INFO - DAG(s) 'dataset_alias_example_alias_consumer_with_no_taskflow', 'dataset_s3_bucket_consumer_with_no_taskflow', 'dataset_alias_example_alias_producer_with_no_taskflow', 'dataset_s3_bucket_producer_with_no_taskflow' retrieved from /Users/kartikvadhawana/anaconda3/lib/python3.12/site-packages/airflow/example_dags/example_dataset_alias_with_no_taskflow.py
[2025-03-03T19:35:40.758-0500] {logging_mixin.py:190} INFO - [2025-03-03T19:35:40.758-0500] {dag.py:3239} INFO - Sync 4 DAGs
[2025-03-03T19:35:40.763-0500] {logging_mixin.py:190} INFO - [2025-03-03T19:35:40.763-0500] {dag.py:4180} INFO - Setting next_dagrun for dataset_alias_example_alias_consumer_with_no_taskflow to None, run_after=None
[2025-03-03T19:35:40.764-0500] {logging_mixin.py:190} INFO - [2025-03-03T19:35:40.764-0500] {dag.py:4180} INFO - Setting next_dagrun for dataset_alias_example_alias_producer_with_no_taskflow to None, run_after=None
[2025-03-03T19:35:40.764-0500] {logging_mixin.py:190} INFO - [2025-03-03T19:35:40.764-0500] {dag.py:4180} INFO - Setting next_dagrun for dataset_s3_bucket_consumer_with_no_taskflow to None, run_after=None
[2025-03-03T19:35:40.764-0500] {logging_mixin.py:190} INFO - [2025-03-03T19:35:40.764-0500] {dag.py:4180} INFO - Setting next_dagrun for dataset_s3_bucket_producer_with_no_taskflow to None, run_after=None
[2025-03-03T19:35:40.770-0500] {processor.py:208} INFO - Processing /Users/kartikvadhawana/anaconda3/lib/python3.12/site-packages/airflow/example_dags/example_dataset_alias_with_no_taskflow.py took 0.071 seconds
[2025-03-03T19:38:24.196-0500] {processor.py:186} INFO - Started process (PID=93058) to work on /Users/kartikvadhawana/anaconda3/lib/python3.12/site-packages/airflow/example_dags/example_dataset_alias_with_no_taskflow.py
[2025-03-03T19:38:24.197-0500] {processor.py:914} INFO - Processing file /Users/kartikvadhawana/anaconda3/lib/python3.12/site-packages/airflow/example_dags/example_dataset_alias_with_no_taskflow.py for tasks to queue
[2025-03-03T19:38:24.197-0500] {logging_mixin.py:190} INFO - [2025-03-03T19:38:24.197-0500] {dagbag.py:588} INFO - Filling up the DagBag from /Users/kartikvadhawana/anaconda3/lib/python3.12/site-packages/airflow/example_dags/example_dataset_alias_with_no_taskflow.py
[2025-03-03T19:38:24.247-0500] {processor.py:925} INFO - DAG(s) 'dataset_s3_bucket_producer_with_no_taskflow', 'dataset_alias_example_alias_producer_with_no_taskflow', 'dataset_alias_example_alias_consumer_with_no_taskflow', 'dataset_s3_bucket_consumer_with_no_taskflow' retrieved from /Users/kartikvadhawana/anaconda3/lib/python3.12/site-packages/airflow/example_dags/example_dataset_alias_with_no_taskflow.py
[2025-03-03T19:38:24.254-0500] {logging_mixin.py:190} INFO - [2025-03-03T19:38:24.254-0500] {dag.py:3239} INFO - Sync 4 DAGs
[2025-03-03T19:38:24.259-0500] {logging_mixin.py:190} INFO - [2025-03-03T19:38:24.259-0500] {dag.py:4180} INFO - Setting next_dagrun for dataset_alias_example_alias_consumer_with_no_taskflow to None, run_after=None
[2025-03-03T19:38:24.260-0500] {logging_mixin.py:190} INFO - [2025-03-03T19:38:24.260-0500] {dag.py:4180} INFO - Setting next_dagrun for dataset_alias_example_alias_producer_with_no_taskflow to None, run_after=None
[2025-03-03T19:38:24.260-0500] {logging_mixin.py:190} INFO - [2025-03-03T19:38:24.260-0500] {dag.py:4180} INFO - Setting next_dagrun for dataset_s3_bucket_consumer_with_no_taskflow to None, run_after=None
[2025-03-03T19:38:24.260-0500] {logging_mixin.py:190} INFO - [2025-03-03T19:38:24.260-0500] {dag.py:4180} INFO - Setting next_dagrun for dataset_s3_bucket_producer_with_no_taskflow to None, run_after=None
[2025-03-03T19:38:24.266-0500] {processor.py:208} INFO - Processing /Users/kartikvadhawana/anaconda3/lib/python3.12/site-packages/airflow/example_dags/example_dataset_alias_with_no_taskflow.py took 0.071 seconds
[2025-03-03T19:41:03.573-0500] {processor.py:186} INFO - Started process (PID=93483) to work on /Users/kartikvadhawana/anaconda3/lib/python3.12/site-packages/airflow/example_dags/example_dataset_alias_with_no_taskflow.py
[2025-03-03T19:41:03.574-0500] {processor.py:914} INFO - Processing file /Users/kartikvadhawana/anaconda3/lib/python3.12/site-packages/airflow/example_dags/example_dataset_alias_with_no_taskflow.py for tasks to queue
[2025-03-03T19:41:03.574-0500] {logging_mixin.py:190} INFO - [2025-03-03T19:41:03.574-0500] {dagbag.py:588} INFO - Filling up the DagBag from /Users/kartikvadhawana/anaconda3/lib/python3.12/site-packages/airflow/example_dags/example_dataset_alias_with_no_taskflow.py
[2025-03-03T19:41:03.624-0500] {processor.py:925} INFO - DAG(s) 'dataset_alias_example_alias_consumer_with_no_taskflow', 'dataset_alias_example_alias_producer_with_no_taskflow', 'dataset_s3_bucket_producer_with_no_taskflow', 'dataset_s3_bucket_consumer_with_no_taskflow' retrieved from /Users/kartikvadhawana/anaconda3/lib/python3.12/site-packages/airflow/example_dags/example_dataset_alias_with_no_taskflow.py
[2025-03-03T19:41:03.630-0500] {logging_mixin.py:190} INFO - [2025-03-03T19:41:03.630-0500] {dag.py:3239} INFO - Sync 4 DAGs
[2025-03-03T19:41:03.636-0500] {logging_mixin.py:190} INFO - [2025-03-03T19:41:03.636-0500] {dag.py:4180} INFO - Setting next_dagrun for dataset_alias_example_alias_consumer_with_no_taskflow to None, run_after=None
[2025-03-03T19:41:03.636-0500] {logging_mixin.py:190} INFO - [2025-03-03T19:41:03.636-0500] {dag.py:4180} INFO - Setting next_dagrun for dataset_alias_example_alias_producer_with_no_taskflow to None, run_after=None
[2025-03-03T19:41:03.636-0500] {logging_mixin.py:190} INFO - [2025-03-03T19:41:03.636-0500] {dag.py:4180} INFO - Setting next_dagrun for dataset_s3_bucket_consumer_with_no_taskflow to None, run_after=None
[2025-03-03T19:41:03.637-0500] {logging_mixin.py:190} INFO - [2025-03-03T19:41:03.637-0500] {dag.py:4180} INFO - Setting next_dagrun for dataset_s3_bucket_producer_with_no_taskflow to None, run_after=None
[2025-03-03T19:41:03.643-0500] {processor.py:208} INFO - Processing /Users/kartikvadhawana/anaconda3/lib/python3.12/site-packages/airflow/example_dags/example_dataset_alias_with_no_taskflow.py took 0.071 seconds
[2025-03-03T19:42:59.815-0500] {processor.py:186} INFO - Started process (PID=93900) to work on /Users/kartikvadhawana/anaconda3/lib/python3.12/site-packages/airflow/example_dags/example_dataset_alias_with_no_taskflow.py
[2025-03-03T19:42:59.816-0500] {processor.py:914} INFO - Processing file /Users/kartikvadhawana/anaconda3/lib/python3.12/site-packages/airflow/example_dags/example_dataset_alias_with_no_taskflow.py for tasks to queue
[2025-03-03T19:42:59.816-0500] {logging_mixin.py:190} INFO - [2025-03-03T19:42:59.816-0500] {dagbag.py:588} INFO - Filling up the DagBag from /Users/kartikvadhawana/anaconda3/lib/python3.12/site-packages/airflow/example_dags/example_dataset_alias_with_no_taskflow.py
[2025-03-03T19:42:59.871-0500] {processor.py:925} INFO - DAG(s) 'dataset_alias_example_alias_consumer_with_no_taskflow', 'dataset_s3_bucket_producer_with_no_taskflow', 'dataset_alias_example_alias_producer_with_no_taskflow', 'dataset_s3_bucket_consumer_with_no_taskflow' retrieved from /Users/kartikvadhawana/anaconda3/lib/python3.12/site-packages/airflow/example_dags/example_dataset_alias_with_no_taskflow.py
[2025-03-03T19:42:59.878-0500] {logging_mixin.py:190} INFO - [2025-03-03T19:42:59.878-0500] {dag.py:3239} INFO - Sync 4 DAGs
[2025-03-03T19:42:59.885-0500] {logging_mixin.py:190} INFO - [2025-03-03T19:42:59.885-0500] {dag.py:4180} INFO - Setting next_dagrun for dataset_alias_example_alias_consumer_with_no_taskflow to None, run_after=None
[2025-03-03T19:42:59.885-0500] {logging_mixin.py:190} INFO - [2025-03-03T19:42:59.885-0500] {dag.py:4180} INFO - Setting next_dagrun for dataset_alias_example_alias_producer_with_no_taskflow to None, run_after=None
[2025-03-03T19:42:59.886-0500] {logging_mixin.py:190} INFO - [2025-03-03T19:42:59.885-0500] {dag.py:4180} INFO - Setting next_dagrun for dataset_s3_bucket_consumer_with_no_taskflow to None, run_after=None
[2025-03-03T19:42:59.886-0500] {logging_mixin.py:190} INFO - [2025-03-03T19:42:59.886-0500] {dag.py:4180} INFO - Setting next_dagrun for dataset_s3_bucket_producer_with_no_taskflow to None, run_after=None
[2025-03-03T19:42:59.892-0500] {processor.py:208} INFO - Processing /Users/kartikvadhawana/anaconda3/lib/python3.12/site-packages/airflow/example_dags/example_dataset_alias_with_no_taskflow.py took 0.077 seconds
[2025-03-03T19:49:27.921-0500] {processor.py:186} INFO - Started process (PID=94771) to work on /Users/kartikvadhawana/anaconda3/lib/python3.12/site-packages/airflow/example_dags/example_dataset_alias_with_no_taskflow.py
[2025-03-03T19:49:27.922-0500] {processor.py:914} INFO - Processing file /Users/kartikvadhawana/anaconda3/lib/python3.12/site-packages/airflow/example_dags/example_dataset_alias_with_no_taskflow.py for tasks to queue
[2025-03-03T19:49:27.923-0500] {logging_mixin.py:190} INFO - [2025-03-03T19:49:27.923-0500] {dagbag.py:588} INFO - Filling up the DagBag from /Users/kartikvadhawana/anaconda3/lib/python3.12/site-packages/airflow/example_dags/example_dataset_alias_with_no_taskflow.py
[2025-03-03T19:49:27.978-0500] {processor.py:925} INFO - DAG(s) 'dataset_s3_bucket_consumer_with_no_taskflow', 'dataset_s3_bucket_producer_with_no_taskflow', 'dataset_alias_example_alias_consumer_with_no_taskflow', 'dataset_alias_example_alias_producer_with_no_taskflow' retrieved from /Users/kartikvadhawana/anaconda3/lib/python3.12/site-packages/airflow/example_dags/example_dataset_alias_with_no_taskflow.py
[2025-03-03T19:49:27.985-0500] {logging_mixin.py:190} INFO - [2025-03-03T19:49:27.985-0500] {dag.py:3239} INFO - Sync 4 DAGs
[2025-03-03T19:49:27.991-0500] {logging_mixin.py:190} INFO - [2025-03-03T19:49:27.991-0500] {dag.py:4180} INFO - Setting next_dagrun for dataset_alias_example_alias_consumer_with_no_taskflow to None, run_after=None
[2025-03-03T19:49:27.992-0500] {logging_mixin.py:190} INFO - [2025-03-03T19:49:27.992-0500] {dag.py:4180} INFO - Setting next_dagrun for dataset_alias_example_alias_producer_with_no_taskflow to None, run_after=None
[2025-03-03T19:49:27.992-0500] {logging_mixin.py:190} INFO - [2025-03-03T19:49:27.992-0500] {dag.py:4180} INFO - Setting next_dagrun for dataset_s3_bucket_consumer_with_no_taskflow to None, run_after=None
[2025-03-03T19:49:27.992-0500] {logging_mixin.py:190} INFO - [2025-03-03T19:49:27.992-0500] {dag.py:4180} INFO - Setting next_dagrun for dataset_s3_bucket_producer_with_no_taskflow to None, run_after=None
[2025-03-03T19:49:27.998-0500] {processor.py:208} INFO - Processing /Users/kartikvadhawana/anaconda3/lib/python3.12/site-packages/airflow/example_dags/example_dataset_alias_with_no_taskflow.py took 0.079 seconds
[2025-03-03T19:52:06.727-0500] {processor.py:186} INFO - Started process (PID=94965) to work on /Users/kartikvadhawana/anaconda3/lib/python3.12/site-packages/airflow/example_dags/example_dataset_alias_with_no_taskflow.py
[2025-03-03T19:52:06.727-0500] {processor.py:914} INFO - Processing file /Users/kartikvadhawana/anaconda3/lib/python3.12/site-packages/airflow/example_dags/example_dataset_alias_with_no_taskflow.py for tasks to queue
[2025-03-03T19:52:06.728-0500] {logging_mixin.py:190} INFO - [2025-03-03T19:52:06.728-0500] {dagbag.py:588} INFO - Filling up the DagBag from /Users/kartikvadhawana/anaconda3/lib/python3.12/site-packages/airflow/example_dags/example_dataset_alias_with_no_taskflow.py
[2025-03-03T19:52:06.777-0500] {processor.py:925} INFO - DAG(s) 'dataset_alias_example_alias_producer_with_no_taskflow', 'dataset_s3_bucket_producer_with_no_taskflow', 'dataset_s3_bucket_consumer_with_no_taskflow', 'dataset_alias_example_alias_consumer_with_no_taskflow' retrieved from /Users/kartikvadhawana/anaconda3/lib/python3.12/site-packages/airflow/example_dags/example_dataset_alias_with_no_taskflow.py
[2025-03-03T19:52:06.783-0500] {logging_mixin.py:190} INFO - [2025-03-03T19:52:06.783-0500] {dag.py:3239} INFO - Sync 4 DAGs
[2025-03-03T19:52:06.789-0500] {logging_mixin.py:190} INFO - [2025-03-03T19:52:06.789-0500] {dag.py:4180} INFO - Setting next_dagrun for dataset_alias_example_alias_consumer_with_no_taskflow to None, run_after=None
[2025-03-03T19:52:06.789-0500] {logging_mixin.py:190} INFO - [2025-03-03T19:52:06.789-0500] {dag.py:4180} INFO - Setting next_dagrun for dataset_alias_example_alias_producer_with_no_taskflow to None, run_after=None
[2025-03-03T19:52:06.789-0500] {logging_mixin.py:190} INFO - [2025-03-03T19:52:06.789-0500] {dag.py:4180} INFO - Setting next_dagrun for dataset_s3_bucket_consumer_with_no_taskflow to None, run_after=None
[2025-03-03T19:52:06.790-0500] {logging_mixin.py:190} INFO - [2025-03-03T19:52:06.790-0500] {dag.py:4180} INFO - Setting next_dagrun for dataset_s3_bucket_producer_with_no_taskflow to None, run_after=None
[2025-03-03T19:52:06.795-0500] {processor.py:208} INFO - Processing /Users/kartikvadhawana/anaconda3/lib/python3.12/site-packages/airflow/example_dags/example_dataset_alias_with_no_taskflow.py took 0.069 seconds
[2025-03-03T19:54:51.544-0500] {processor.py:186} INFO - Started process (PID=95366) to work on /Users/kartikvadhawana/anaconda3/lib/python3.12/site-packages/airflow/example_dags/example_dataset_alias_with_no_taskflow.py
[2025-03-03T19:54:51.545-0500] {processor.py:914} INFO - Processing file /Users/kartikvadhawana/anaconda3/lib/python3.12/site-packages/airflow/example_dags/example_dataset_alias_with_no_taskflow.py for tasks to queue
[2025-03-03T19:54:51.545-0500] {logging_mixin.py:190} INFO - [2025-03-03T19:54:51.545-0500] {dagbag.py:588} INFO - Filling up the DagBag from /Users/kartikvadhawana/anaconda3/lib/python3.12/site-packages/airflow/example_dags/example_dataset_alias_with_no_taskflow.py
[2025-03-03T19:54:51.597-0500] {processor.py:925} INFO - DAG(s) 'dataset_s3_bucket_consumer_with_no_taskflow', 'dataset_s3_bucket_producer_with_no_taskflow', 'dataset_alias_example_alias_consumer_with_no_taskflow', 'dataset_alias_example_alias_producer_with_no_taskflow' retrieved from /Users/kartikvadhawana/anaconda3/lib/python3.12/site-packages/airflow/example_dags/example_dataset_alias_with_no_taskflow.py
[2025-03-03T19:54:51.604-0500] {logging_mixin.py:190} INFO - [2025-03-03T19:54:51.604-0500] {dag.py:3239} INFO - Sync 4 DAGs
[2025-03-03T19:54:51.610-0500] {logging_mixin.py:190} INFO - [2025-03-03T19:54:51.610-0500] {dag.py:4180} INFO - Setting next_dagrun for dataset_alias_example_alias_consumer_with_no_taskflow to None, run_after=None
[2025-03-03T19:54:51.611-0500] {logging_mixin.py:190} INFO - [2025-03-03T19:54:51.611-0500] {dag.py:4180} INFO - Setting next_dagrun for dataset_alias_example_alias_producer_with_no_taskflow to None, run_after=None
[2025-03-03T19:54:51.611-0500] {logging_mixin.py:190} INFO - [2025-03-03T19:54:51.611-0500] {dag.py:4180} INFO - Setting next_dagrun for dataset_s3_bucket_consumer_with_no_taskflow to None, run_after=None
[2025-03-03T19:54:51.611-0500] {logging_mixin.py:190} INFO - [2025-03-03T19:54:51.611-0500] {dag.py:4180} INFO - Setting next_dagrun for dataset_s3_bucket_producer_with_no_taskflow to None, run_after=None
[2025-03-03T19:54:51.617-0500] {processor.py:208} INFO - Processing /Users/kartikvadhawana/anaconda3/lib/python3.12/site-packages/airflow/example_dags/example_dataset_alias_with_no_taskflow.py took 0.074 seconds
[2025-03-03T19:57:36.233-0500] {processor.py:186} INFO - Started process (PID=95810) to work on /Users/kartikvadhawana/anaconda3/lib/python3.12/site-packages/airflow/example_dags/example_dataset_alias_with_no_taskflow.py
[2025-03-03T19:57:36.234-0500] {processor.py:914} INFO - Processing file /Users/kartikvadhawana/anaconda3/lib/python3.12/site-packages/airflow/example_dags/example_dataset_alias_with_no_taskflow.py for tasks to queue
[2025-03-03T19:57:36.234-0500] {logging_mixin.py:190} INFO - [2025-03-03T19:57:36.234-0500] {dagbag.py:588} INFO - Filling up the DagBag from /Users/kartikvadhawana/anaconda3/lib/python3.12/site-packages/airflow/example_dags/example_dataset_alias_with_no_taskflow.py
[2025-03-03T19:57:36.286-0500] {processor.py:925} INFO - DAG(s) 'dataset_s3_bucket_consumer_with_no_taskflow', 'dataset_alias_example_alias_producer_with_no_taskflow', 'dataset_s3_bucket_producer_with_no_taskflow', 'dataset_alias_example_alias_consumer_with_no_taskflow' retrieved from /Users/kartikvadhawana/anaconda3/lib/python3.12/site-packages/airflow/example_dags/example_dataset_alias_with_no_taskflow.py
[2025-03-03T19:57:36.293-0500] {logging_mixin.py:190} INFO - [2025-03-03T19:57:36.293-0500] {dag.py:3239} INFO - Sync 4 DAGs
[2025-03-03T19:57:36.299-0500] {logging_mixin.py:190} INFO - [2025-03-03T19:57:36.298-0500] {dag.py:4180} INFO - Setting next_dagrun for dataset_alias_example_alias_consumer_with_no_taskflow to None, run_after=None
[2025-03-03T19:57:36.299-0500] {logging_mixin.py:190} INFO - [2025-03-03T19:57:36.299-0500] {dag.py:4180} INFO - Setting next_dagrun for dataset_alias_example_alias_producer_with_no_taskflow to None, run_after=None
[2025-03-03T19:57:36.299-0500] {logging_mixin.py:190} INFO - [2025-03-03T19:57:36.299-0500] {dag.py:4180} INFO - Setting next_dagrun for dataset_s3_bucket_consumer_with_no_taskflow to None, run_after=None
[2025-03-03T19:57:36.299-0500] {logging_mixin.py:190} INFO - [2025-03-03T19:57:36.299-0500] {dag.py:4180} INFO - Setting next_dagrun for dataset_s3_bucket_producer_with_no_taskflow to None, run_after=None
[2025-03-03T19:57:36.305-0500] {processor.py:208} INFO - Processing /Users/kartikvadhawana/anaconda3/lib/python3.12/site-packages/airflow/example_dags/example_dataset_alias_with_no_taskflow.py took 0.073 seconds
[2025-03-03T20:00:18.660-0500] {processor.py:186} INFO - Started process (PID=96059) to work on /Users/kartikvadhawana/anaconda3/lib/python3.12/site-packages/airflow/example_dags/example_dataset_alias_with_no_taskflow.py
[2025-03-03T20:00:18.661-0500] {processor.py:914} INFO - Processing file /Users/kartikvadhawana/anaconda3/lib/python3.12/site-packages/airflow/example_dags/example_dataset_alias_with_no_taskflow.py for tasks to queue
[2025-03-03T20:00:18.661-0500] {logging_mixin.py:190} INFO - [2025-03-03T20:00:18.661-0500] {dagbag.py:588} INFO - Filling up the DagBag from /Users/kartikvadhawana/anaconda3/lib/python3.12/site-packages/airflow/example_dags/example_dataset_alias_with_no_taskflow.py
[2025-03-03T20:00:18.711-0500] {processor.py:925} INFO - DAG(s) 'dataset_alias_example_alias_producer_with_no_taskflow', 'dataset_alias_example_alias_consumer_with_no_taskflow', 'dataset_s3_bucket_producer_with_no_taskflow', 'dataset_s3_bucket_consumer_with_no_taskflow' retrieved from /Users/kartikvadhawana/anaconda3/lib/python3.12/site-packages/airflow/example_dags/example_dataset_alias_with_no_taskflow.py
[2025-03-03T20:00:18.718-0500] {logging_mixin.py:190} INFO - [2025-03-03T20:00:18.718-0500] {dag.py:3239} INFO - Sync 4 DAGs
[2025-03-03T20:00:18.724-0500] {logging_mixin.py:190} INFO - [2025-03-03T20:00:18.724-0500] {dag.py:4180} INFO - Setting next_dagrun for dataset_alias_example_alias_consumer_with_no_taskflow to None, run_after=None
[2025-03-03T20:00:18.724-0500] {logging_mixin.py:190} INFO - [2025-03-03T20:00:18.724-0500] {dag.py:4180} INFO - Setting next_dagrun for dataset_alias_example_alias_producer_with_no_taskflow to None, run_after=None
[2025-03-03T20:00:18.725-0500] {logging_mixin.py:190} INFO - [2025-03-03T20:00:18.725-0500] {dag.py:4180} INFO - Setting next_dagrun for dataset_s3_bucket_consumer_with_no_taskflow to None, run_after=None
[2025-03-03T20:00:18.725-0500] {logging_mixin.py:190} INFO - [2025-03-03T20:00:18.725-0500] {dag.py:4180} INFO - Setting next_dagrun for dataset_s3_bucket_producer_with_no_taskflow to None, run_after=None
[2025-03-03T20:00:18.730-0500] {processor.py:208} INFO - Processing /Users/kartikvadhawana/anaconda3/lib/python3.12/site-packages/airflow/example_dags/example_dataset_alias_with_no_taskflow.py took 0.072 seconds
