[2025-03-03T19:21:33.988-0500] {processor.py:186} INFO - Started process (PID=89863) to work on /Users/kartikvadhawana/anaconda3/lib/python3.12/site-packages/airflow/example_dags/example_kubernetes_executor.py
[2025-03-03T19:21:33.989-0500] {processor.py:914} INFO - Processing file /Users/kartikvadhawana/anaconda3/lib/python3.12/site-packages/airflow/example_dags/example_kubernetes_executor.py for tasks to queue
[2025-03-03T19:21:33.989-0500] {logging_mixin.py:190} INFO - [2025-03-03T19:21:33.989-0500] {dagbag.py:588} INFO - Filling up the DagBag from /Users/kartikvadhawana/anaconda3/lib/python3.12/site-packages/airflow/example_dags/example_kubernetes_executor.py
[2025-03-03T19:21:34.000-0500] {logging_mixin.py:190} INFO - [2025-03-03T19:21:34.000-0500] {example_kubernetes_executor.py:39} WARNING - The example_kubernetes_executor example DAG requires the kubernetes provider. Please install it with: pip install apache-airflow[cncf.kubernetes]
[2025-03-03T19:21:34.000-0500] {processor.py:927} WARNING - No viable dags retrieved from /Users/kartikvadhawana/anaconda3/lib/python3.12/site-packages/airflow/example_dags/example_kubernetes_executor.py
[2025-03-03T19:21:34.023-0500] {processor.py:208} INFO - Processing /Users/kartikvadhawana/anaconda3/lib/python3.12/site-packages/airflow/example_dags/example_kubernetes_executor.py took 0.035 seconds
[2025-03-03T19:23:22.503-0500] {processor.py:186} INFO - Started process (PID=90196) to work on /Users/kartikvadhawana/anaconda3/lib/python3.12/site-packages/airflow/example_dags/example_kubernetes_executor.py
[2025-03-03T19:23:22.504-0500] {processor.py:914} INFO - Processing file /Users/kartikvadhawana/anaconda3/lib/python3.12/site-packages/airflow/example_dags/example_kubernetes_executor.py for tasks to queue
[2025-03-03T19:23:22.505-0500] {logging_mixin.py:190} INFO - [2025-03-03T19:23:22.504-0500] {dagbag.py:588} INFO - Filling up the DagBag from /Users/kartikvadhawana/anaconda3/lib/python3.12/site-packages/airflow/example_dags/example_kubernetes_executor.py
[2025-03-03T19:23:22.516-0500] {logging_mixin.py:190} INFO - [2025-03-03T19:23:22.516-0500] {example_kubernetes_executor.py:39} WARNING - The example_kubernetes_executor example DAG requires the kubernetes provider. Please install it with: pip install apache-airflow[cncf.kubernetes]
[2025-03-03T19:23:22.516-0500] {processor.py:927} WARNING - No viable dags retrieved from /Users/kartikvadhawana/anaconda3/lib/python3.12/site-packages/airflow/example_dags/example_kubernetes_executor.py
[2025-03-03T19:23:22.538-0500] {processor.py:208} INFO - Processing /Users/kartikvadhawana/anaconda3/lib/python3.12/site-packages/airflow/example_dags/example_kubernetes_executor.py took 0.036 seconds
[2025-03-03T19:26:11.790-0500] {processor.py:186} INFO - Started process (PID=90889) to work on /Users/kartikvadhawana/anaconda3/lib/python3.12/site-packages/airflow/example_dags/example_kubernetes_executor.py
[2025-03-03T19:26:11.791-0500] {processor.py:914} INFO - Processing file /Users/kartikvadhawana/anaconda3/lib/python3.12/site-packages/airflow/example_dags/example_kubernetes_executor.py for tasks to queue
[2025-03-03T19:26:11.791-0500] {logging_mixin.py:190} INFO - [2025-03-03T19:26:11.791-0500] {dagbag.py:588} INFO - Filling up the DagBag from /Users/kartikvadhawana/anaconda3/lib/python3.12/site-packages/airflow/example_dags/example_kubernetes_executor.py
[2025-03-03T19:26:11.802-0500] {logging_mixin.py:190} INFO - [2025-03-03T19:26:11.802-0500] {example_kubernetes_executor.py:39} WARNING - The example_kubernetes_executor example DAG requires the kubernetes provider. Please install it with: pip install apache-airflow[cncf.kubernetes]
[2025-03-03T19:26:11.802-0500] {processor.py:927} WARNING - No viable dags retrieved from /Users/kartikvadhawana/anaconda3/lib/python3.12/site-packages/airflow/example_dags/example_kubernetes_executor.py
[2025-03-03T19:26:11.825-0500] {processor.py:208} INFO - Processing /Users/kartikvadhawana/anaconda3/lib/python3.12/site-packages/airflow/example_dags/example_kubernetes_executor.py took 0.036 seconds
[2025-03-03T19:28:34.077-0500] {processor.py:186} INFO - Started process (PID=91444) to work on /Users/kartikvadhawana/anaconda3/lib/python3.12/site-packages/airflow/example_dags/example_kubernetes_executor.py
[2025-03-03T19:28:34.078-0500] {processor.py:914} INFO - Processing file /Users/kartikvadhawana/anaconda3/lib/python3.12/site-packages/airflow/example_dags/example_kubernetes_executor.py for tasks to queue
[2025-03-03T19:28:34.079-0500] {logging_mixin.py:190} INFO - [2025-03-03T19:28:34.079-0500] {dagbag.py:588} INFO - Filling up the DagBag from /Users/kartikvadhawana/anaconda3/lib/python3.12/site-packages/airflow/example_dags/example_kubernetes_executor.py
[2025-03-03T19:28:34.094-0500] {logging_mixin.py:190} INFO - [2025-03-03T19:28:34.094-0500] {example_kubernetes_executor.py:39} WARNING - The example_kubernetes_executor example DAG requires the kubernetes provider. Please install it with: pip install apache-airflow[cncf.kubernetes]
[2025-03-03T19:28:34.094-0500] {processor.py:927} WARNING - No viable dags retrieved from /Users/kartikvadhawana/anaconda3/lib/python3.12/site-packages/airflow/example_dags/example_kubernetes_executor.py
[2025-03-03T19:28:34.121-0500] {processor.py:208} INFO - Processing /Users/kartikvadhawana/anaconda3/lib/python3.12/site-packages/airflow/example_dags/example_kubernetes_executor.py took 0.046 seconds
[2025-03-03T19:30:21.700-0500] {processor.py:186} INFO - Started process (PID=91788) to work on /Users/kartikvadhawana/anaconda3/lib/python3.12/site-packages/airflow/example_dags/example_kubernetes_executor.py
[2025-03-03T19:30:21.701-0500] {processor.py:914} INFO - Processing file /Users/kartikvadhawana/anaconda3/lib/python3.12/site-packages/airflow/example_dags/example_kubernetes_executor.py for tasks to queue
[2025-03-03T19:30:21.702-0500] {logging_mixin.py:190} INFO - [2025-03-03T19:30:21.701-0500] {dagbag.py:588} INFO - Filling up the DagBag from /Users/kartikvadhawana/anaconda3/lib/python3.12/site-packages/airflow/example_dags/example_kubernetes_executor.py
[2025-03-03T19:30:21.713-0500] {logging_mixin.py:190} INFO - [2025-03-03T19:30:21.712-0500] {example_kubernetes_executor.py:39} WARNING - The example_kubernetes_executor example DAG requires the kubernetes provider. Please install it with: pip install apache-airflow[cncf.kubernetes]
[2025-03-03T19:30:21.713-0500] {processor.py:927} WARNING - No viable dags retrieved from /Users/kartikvadhawana/anaconda3/lib/python3.12/site-packages/airflow/example_dags/example_kubernetes_executor.py
[2025-03-03T19:30:21.735-0500] {processor.py:208} INFO - Processing /Users/kartikvadhawana/anaconda3/lib/python3.12/site-packages/airflow/example_dags/example_kubernetes_executor.py took 0.037 seconds
[2025-03-03T19:32:51.131-0500] {processor.py:186} INFO - Started process (PID=92299) to work on /Users/kartikvadhawana/anaconda3/lib/python3.12/site-packages/airflow/example_dags/example_kubernetes_executor.py
[2025-03-03T19:32:51.132-0500] {processor.py:914} INFO - Processing file /Users/kartikvadhawana/anaconda3/lib/python3.12/site-packages/airflow/example_dags/example_kubernetes_executor.py for tasks to queue
[2025-03-03T19:32:51.132-0500] {logging_mixin.py:190} INFO - [2025-03-03T19:32:51.132-0500] {dagbag.py:588} INFO - Filling up the DagBag from /Users/kartikvadhawana/anaconda3/lib/python3.12/site-packages/airflow/example_dags/example_kubernetes_executor.py
[2025-03-03T19:32:51.144-0500] {logging_mixin.py:190} INFO - [2025-03-03T19:32:51.144-0500] {example_kubernetes_executor.py:39} WARNING - The example_kubernetes_executor example DAG requires the kubernetes provider. Please install it with: pip install apache-airflow[cncf.kubernetes]
[2025-03-03T19:32:51.144-0500] {processor.py:927} WARNING - No viable dags retrieved from /Users/kartikvadhawana/anaconda3/lib/python3.12/site-packages/airflow/example_dags/example_kubernetes_executor.py
[2025-03-03T19:32:51.167-0500] {processor.py:208} INFO - Processing /Users/kartikvadhawana/anaconda3/lib/python3.12/site-packages/airflow/example_dags/example_kubernetes_executor.py took 0.037 seconds
[2025-03-03T19:34:39.989-0500] {processor.py:186} INFO - Started process (PID=92543) to work on /Users/kartikvadhawana/anaconda3/lib/python3.12/site-packages/airflow/example_dags/example_kubernetes_executor.py
[2025-03-03T19:34:39.990-0500] {processor.py:914} INFO - Processing file /Users/kartikvadhawana/anaconda3/lib/python3.12/site-packages/airflow/example_dags/example_kubernetes_executor.py for tasks to queue
[2025-03-03T19:34:39.990-0500] {logging_mixin.py:190} INFO - [2025-03-03T19:34:39.990-0500] {dagbag.py:588} INFO - Filling up the DagBag from /Users/kartikvadhawana/anaconda3/lib/python3.12/site-packages/airflow/example_dags/example_kubernetes_executor.py
[2025-03-03T19:34:40.002-0500] {logging_mixin.py:190} INFO - [2025-03-03T19:34:40.002-0500] {example_kubernetes_executor.py:39} WARNING - The example_kubernetes_executor example DAG requires the kubernetes provider. Please install it with: pip install apache-airflow[cncf.kubernetes]
[2025-03-03T19:34:40.002-0500] {processor.py:927} WARNING - No viable dags retrieved from /Users/kartikvadhawana/anaconda3/lib/python3.12/site-packages/airflow/example_dags/example_kubernetes_executor.py
[2025-03-03T19:34:40.026-0500] {processor.py:208} INFO - Processing /Users/kartikvadhawana/anaconda3/lib/python3.12/site-packages/airflow/example_dags/example_kubernetes_executor.py took 0.038 seconds
[2025-03-03T19:37:18.147-0500] {processor.py:186} INFO - Started process (PID=92902) to work on /Users/kartikvadhawana/anaconda3/lib/python3.12/site-packages/airflow/example_dags/example_kubernetes_executor.py
[2025-03-03T19:37:18.148-0500] {processor.py:914} INFO - Processing file /Users/kartikvadhawana/anaconda3/lib/python3.12/site-packages/airflow/example_dags/example_kubernetes_executor.py for tasks to queue
[2025-03-03T19:37:18.148-0500] {logging_mixin.py:190} INFO - [2025-03-03T19:37:18.148-0500] {dagbag.py:588} INFO - Filling up the DagBag from /Users/kartikvadhawana/anaconda3/lib/python3.12/site-packages/airflow/example_dags/example_kubernetes_executor.py
[2025-03-03T19:37:18.160-0500] {logging_mixin.py:190} INFO - [2025-03-03T19:37:18.160-0500] {example_kubernetes_executor.py:39} WARNING - The example_kubernetes_executor example DAG requires the kubernetes provider. Please install it with: pip install apache-airflow[cncf.kubernetes]
[2025-03-03T19:37:18.160-0500] {processor.py:927} WARNING - No viable dags retrieved from /Users/kartikvadhawana/anaconda3/lib/python3.12/site-packages/airflow/example_dags/example_kubernetes_executor.py
[2025-03-03T19:37:18.184-0500] {processor.py:208} INFO - Processing /Users/kartikvadhawana/anaconda3/lib/python3.12/site-packages/airflow/example_dags/example_kubernetes_executor.py took 0.038 seconds
[2025-03-03T19:39:59.506-0500] {processor.py:186} INFO - Started process (PID=93274) to work on /Users/kartikvadhawana/anaconda3/lib/python3.12/site-packages/airflow/example_dags/example_kubernetes_executor.py
[2025-03-03T19:39:59.508-0500] {processor.py:914} INFO - Processing file /Users/kartikvadhawana/anaconda3/lib/python3.12/site-packages/airflow/example_dags/example_kubernetes_executor.py for tasks to queue
[2025-03-03T19:39:59.508-0500] {logging_mixin.py:190} INFO - [2025-03-03T19:39:59.508-0500] {dagbag.py:588} INFO - Filling up the DagBag from /Users/kartikvadhawana/anaconda3/lib/python3.12/site-packages/airflow/example_dags/example_kubernetes_executor.py
[2025-03-03T19:39:59.520-0500] {logging_mixin.py:190} INFO - [2025-03-03T19:39:59.519-0500] {example_kubernetes_executor.py:39} WARNING - The example_kubernetes_executor example DAG requires the kubernetes provider. Please install it with: pip install apache-airflow[cncf.kubernetes]
[2025-03-03T19:39:59.520-0500] {processor.py:927} WARNING - No viable dags retrieved from /Users/kartikvadhawana/anaconda3/lib/python3.12/site-packages/airflow/example_dags/example_kubernetes_executor.py
[2025-03-03T19:39:59.543-0500] {processor.py:208} INFO - Processing /Users/kartikvadhawana/anaconda3/lib/python3.12/site-packages/airflow/example_dags/example_kubernetes_executor.py took 0.038 seconds
[2025-03-03T19:42:47.604-0500] {processor.py:186} INFO - Started process (PID=93879) to work on /Users/kartikvadhawana/anaconda3/lib/python3.12/site-packages/airflow/example_dags/example_kubernetes_executor.py
[2025-03-03T19:42:47.605-0500] {processor.py:914} INFO - Processing file /Users/kartikvadhawana/anaconda3/lib/python3.12/site-packages/airflow/example_dags/example_kubernetes_executor.py for tasks to queue
[2025-03-03T19:42:47.606-0500] {logging_mixin.py:190} INFO - [2025-03-03T19:42:47.606-0500] {dagbag.py:588} INFO - Filling up the DagBag from /Users/kartikvadhawana/anaconda3/lib/python3.12/site-packages/airflow/example_dags/example_kubernetes_executor.py
[2025-03-03T19:42:47.618-0500] {logging_mixin.py:190} INFO - [2025-03-03T19:42:47.617-0500] {example_kubernetes_executor.py:39} WARNING - The example_kubernetes_executor example DAG requires the kubernetes provider. Please install it with: pip install apache-airflow[cncf.kubernetes]
[2025-03-03T19:42:47.618-0500] {processor.py:927} WARNING - No viable dags retrieved from /Users/kartikvadhawana/anaconda3/lib/python3.12/site-packages/airflow/example_dags/example_kubernetes_executor.py
[2025-03-03T19:42:47.641-0500] {processor.py:208} INFO - Processing /Users/kartikvadhawana/anaconda3/lib/python3.12/site-packages/airflow/example_dags/example_kubernetes_executor.py took 0.037 seconds
[2025-03-03T19:44:39.932-0500] {processor.py:186} INFO - Started process (PID=94106) to work on /Users/kartikvadhawana/anaconda3/lib/python3.12/site-packages/airflow/example_dags/example_kubernetes_executor.py
[2025-03-03T19:44:39.933-0500] {processor.py:914} INFO - Processing file /Users/kartikvadhawana/anaconda3/lib/python3.12/site-packages/airflow/example_dags/example_kubernetes_executor.py for tasks to queue
[2025-03-03T19:44:39.934-0500] {logging_mixin.py:190} INFO - [2025-03-03T19:44:39.934-0500] {dagbag.py:588} INFO - Filling up the DagBag from /Users/kartikvadhawana/anaconda3/lib/python3.12/site-packages/airflow/example_dags/example_kubernetes_executor.py
[2025-03-03T19:44:39.946-0500] {logging_mixin.py:190} INFO - [2025-03-03T19:44:39.946-0500] {example_kubernetes_executor.py:39} WARNING - The example_kubernetes_executor example DAG requires the kubernetes provider. Please install it with: pip install apache-airflow[cncf.kubernetes]
[2025-03-03T19:44:39.946-0500] {processor.py:927} WARNING - No viable dags retrieved from /Users/kartikvadhawana/anaconda3/lib/python3.12/site-packages/airflow/example_dags/example_kubernetes_executor.py
[2025-03-03T19:44:39.969-0500] {processor.py:208} INFO - Processing /Users/kartikvadhawana/anaconda3/lib/python3.12/site-packages/airflow/example_dags/example_kubernetes_executor.py took 0.038 seconds
[2025-03-03T19:49:14.821-0500] {processor.py:186} INFO - Started process (PID=94755) to work on /Users/kartikvadhawana/anaconda3/lib/python3.12/site-packages/airflow/example_dags/example_kubernetes_executor.py
[2025-03-03T19:49:14.822-0500] {processor.py:914} INFO - Processing file /Users/kartikvadhawana/anaconda3/lib/python3.12/site-packages/airflow/example_dags/example_kubernetes_executor.py for tasks to queue
[2025-03-03T19:49:14.822-0500] {logging_mixin.py:190} INFO - [2025-03-03T19:49:14.822-0500] {dagbag.py:588} INFO - Filling up the DagBag from /Users/kartikvadhawana/anaconda3/lib/python3.12/site-packages/airflow/example_dags/example_kubernetes_executor.py
[2025-03-03T19:49:14.834-0500] {logging_mixin.py:190} INFO - [2025-03-03T19:49:14.834-0500] {example_kubernetes_executor.py:39} WARNING - The example_kubernetes_executor example DAG requires the kubernetes provider. Please install it with: pip install apache-airflow[cncf.kubernetes]
[2025-03-03T19:49:14.834-0500] {processor.py:927} WARNING - No viable dags retrieved from /Users/kartikvadhawana/anaconda3/lib/python3.12/site-packages/airflow/example_dags/example_kubernetes_executor.py
[2025-03-03T19:49:14.858-0500] {processor.py:208} INFO - Processing /Users/kartikvadhawana/anaconda3/lib/python3.12/site-packages/airflow/example_dags/example_kubernetes_executor.py took 0.038 seconds
[2025-03-03T19:51:04.270-0500] {processor.py:186} INFO - Started process (PID=94889) to work on /Users/kartikvadhawana/anaconda3/lib/python3.12/site-packages/airflow/example_dags/example_kubernetes_executor.py
[2025-03-03T19:51:04.270-0500] {processor.py:914} INFO - Processing file /Users/kartikvadhawana/anaconda3/lib/python3.12/site-packages/airflow/example_dags/example_kubernetes_executor.py for tasks to queue
[2025-03-03T19:51:04.270-0500] {logging_mixin.py:190} INFO - [2025-03-03T19:51:04.270-0500] {dagbag.py:588} INFO - Filling up the DagBag from /Users/kartikvadhawana/anaconda3/lib/python3.12/site-packages/airflow/example_dags/example_kubernetes_executor.py
[2025-03-03T19:51:04.281-0500] {logging_mixin.py:190} INFO - [2025-03-03T19:51:04.281-0500] {example_kubernetes_executor.py:39} WARNING - The example_kubernetes_executor example DAG requires the kubernetes provider. Please install it with: pip install apache-airflow[cncf.kubernetes]
[2025-03-03T19:51:04.281-0500] {processor.py:927} WARNING - No viable dags retrieved from /Users/kartikvadhawana/anaconda3/lib/python3.12/site-packages/airflow/example_dags/example_kubernetes_executor.py
[2025-03-03T19:51:04.304-0500] {processor.py:208} INFO - Processing /Users/kartikvadhawana/anaconda3/lib/python3.12/site-packages/airflow/example_dags/example_kubernetes_executor.py took 0.035 seconds
[2025-03-03T19:53:45.039-0500] {processor.py:186} INFO - Started process (PID=95234) to work on /Users/kartikvadhawana/anaconda3/lib/python3.12/site-packages/airflow/example_dags/example_kubernetes_executor.py
[2025-03-03T19:53:45.040-0500] {processor.py:914} INFO - Processing file /Users/kartikvadhawana/anaconda3/lib/python3.12/site-packages/airflow/example_dags/example_kubernetes_executor.py for tasks to queue
[2025-03-03T19:53:45.040-0500] {logging_mixin.py:190} INFO - [2025-03-03T19:53:45.040-0500] {dagbag.py:588} INFO - Filling up the DagBag from /Users/kartikvadhawana/anaconda3/lib/python3.12/site-packages/airflow/example_dags/example_kubernetes_executor.py
[2025-03-03T19:53:45.051-0500] {logging_mixin.py:190} INFO - [2025-03-03T19:53:45.051-0500] {example_kubernetes_executor.py:39} WARNING - The example_kubernetes_executor example DAG requires the kubernetes provider. Please install it with: pip install apache-airflow[cncf.kubernetes]
[2025-03-03T19:53:45.051-0500] {processor.py:927} WARNING - No viable dags retrieved from /Users/kartikvadhawana/anaconda3/lib/python3.12/site-packages/airflow/example_dags/example_kubernetes_executor.py
[2025-03-03T19:53:45.074-0500] {processor.py:208} INFO - Processing /Users/kartikvadhawana/anaconda3/lib/python3.12/site-packages/airflow/example_dags/example_kubernetes_executor.py took 0.036 seconds
[2025-03-03T19:56:29.128-0500] {processor.py:186} INFO - Started process (PID=95684) to work on /Users/kartikvadhawana/anaconda3/lib/python3.12/site-packages/airflow/example_dags/example_kubernetes_executor.py
[2025-03-03T19:56:29.129-0500] {processor.py:914} INFO - Processing file /Users/kartikvadhawana/anaconda3/lib/python3.12/site-packages/airflow/example_dags/example_kubernetes_executor.py for tasks to queue
[2025-03-03T19:56:29.129-0500] {logging_mixin.py:190} INFO - [2025-03-03T19:56:29.129-0500] {dagbag.py:588} INFO - Filling up the DagBag from /Users/kartikvadhawana/anaconda3/lib/python3.12/site-packages/airflow/example_dags/example_kubernetes_executor.py
[2025-03-03T19:56:29.141-0500] {logging_mixin.py:190} INFO - [2025-03-03T19:56:29.141-0500] {example_kubernetes_executor.py:39} WARNING - The example_kubernetes_executor example DAG requires the kubernetes provider. Please install it with: pip install apache-airflow[cncf.kubernetes]
[2025-03-03T19:56:29.141-0500] {processor.py:927} WARNING - No viable dags retrieved from /Users/kartikvadhawana/anaconda3/lib/python3.12/site-packages/airflow/example_dags/example_kubernetes_executor.py
[2025-03-03T19:56:29.165-0500] {processor.py:208} INFO - Processing /Users/kartikvadhawana/anaconda3/lib/python3.12/site-packages/airflow/example_dags/example_kubernetes_executor.py took 0.038 seconds
[2025-03-03T19:59:12.572-0500] {processor.py:186} INFO - Started process (PID=95974) to work on /Users/kartikvadhawana/anaconda3/lib/python3.12/site-packages/airflow/example_dags/example_kubernetes_executor.py
[2025-03-03T19:59:12.573-0500] {processor.py:914} INFO - Processing file /Users/kartikvadhawana/anaconda3/lib/python3.12/site-packages/airflow/example_dags/example_kubernetes_executor.py for tasks to queue
[2025-03-03T19:59:12.573-0500] {logging_mixin.py:190} INFO - [2025-03-03T19:59:12.573-0500] {dagbag.py:588} INFO - Filling up the DagBag from /Users/kartikvadhawana/anaconda3/lib/python3.12/site-packages/airflow/example_dags/example_kubernetes_executor.py
[2025-03-03T19:59:12.586-0500] {logging_mixin.py:190} INFO - [2025-03-03T19:59:12.585-0500] {example_kubernetes_executor.py:39} WARNING - The example_kubernetes_executor example DAG requires the kubernetes provider. Please install it with: pip install apache-airflow[cncf.kubernetes]
[2025-03-03T19:59:12.586-0500] {processor.py:927} WARNING - No viable dags retrieved from /Users/kartikvadhawana/anaconda3/lib/python3.12/site-packages/airflow/example_dags/example_kubernetes_executor.py
[2025-03-03T19:59:12.609-0500] {processor.py:208} INFO - Processing /Users/kartikvadhawana/anaconda3/lib/python3.12/site-packages/airflow/example_dags/example_kubernetes_executor.py took 0.039 seconds
