[2025-03-03T19:21:35.637-0500] {processor.py:186} INFO - Started process (PID=89866) to work on /Users/kartikvadhawana/anaconda3/lib/python3.12/site-packages/airflow/example_dags/example_inlet_event_extra.py
[2025-03-03T19:21:35.637-0500] {processor.py:914} INFO - Processing file /Users/kartikvadhawana/anaconda3/lib/python3.12/site-packages/airflow/example_dags/example_inlet_event_extra.py for tasks to queue
[2025-03-03T19:21:35.638-0500] {logging_mixin.py:190} INFO - [2025-03-03T19:21:35.638-0500] {dagbag.py:588} INFO - Filling up the DagBag from /Users/kartikvadhawana/anaconda3/lib/python3.12/site-packages/airflow/example_dags/example_inlet_event_extra.py
[2025-03-03T19:21:35.670-0500] {processor.py:925} INFO - DAG(s) 'read_dataset_event', 'read_dataset_event_from_classic' retrieved from /Users/kartikvadhawana/anaconda3/lib/python3.12/site-packages/airflow/example_dags/example_inlet_event_extra.py
[2025-03-03T19:21:35.721-0500] {logging_mixin.py:190} INFO - [2025-03-03T19:21:35.721-0500] {override.py:1930} INFO - Created Permission View: can read on DAG:read_dataset_event
[2025-03-03T19:21:35.723-0500] {logging_mixin.py:190} INFO - [2025-03-03T19:21:35.723-0500] {override.py:1930} INFO - Created Permission View: can edit on DAG:read_dataset_event
[2025-03-03T19:21:35.724-0500] {logging_mixin.py:190} INFO - [2025-03-03T19:21:35.724-0500] {override.py:1930} INFO - Created Permission View: can delete on DAG:read_dataset_event
[2025-03-03T19:21:35.726-0500] {logging_mixin.py:190} INFO - [2025-03-03T19:21:35.726-0500] {override.py:1930} INFO - Created Permission View: menu access on DAG Run:read_dataset_event
[2025-03-03T19:21:35.728-0500] {logging_mixin.py:190} INFO - [2025-03-03T19:21:35.728-0500] {override.py:1930} INFO - Created Permission View: can read on DAG Run:read_dataset_event
[2025-03-03T19:21:35.730-0500] {logging_mixin.py:190} INFO - [2025-03-03T19:21:35.730-0500] {override.py:1930} INFO - Created Permission View: can create on DAG Run:read_dataset_event
[2025-03-03T19:21:35.731-0500] {logging_mixin.py:190} INFO - [2025-03-03T19:21:35.731-0500] {override.py:1930} INFO - Created Permission View: can delete on DAG Run:read_dataset_event
[2025-03-03T19:21:35.734-0500] {logging_mixin.py:190} INFO - [2025-03-03T19:21:35.734-0500] {override.py:1930} INFO - Created Permission View: can read on DAG:read_dataset_event_from_classic
[2025-03-03T19:21:35.736-0500] {logging_mixin.py:190} INFO - [2025-03-03T19:21:35.736-0500] {override.py:1930} INFO - Created Permission View: can edit on DAG:read_dataset_event_from_classic
[2025-03-03T19:21:35.737-0500] {logging_mixin.py:190} INFO - [2025-03-03T19:21:35.737-0500] {override.py:1930} INFO - Created Permission View: can delete on DAG:read_dataset_event_from_classic
[2025-03-03T19:21:35.739-0500] {logging_mixin.py:190} INFO - [2025-03-03T19:21:35.739-0500] {override.py:1930} INFO - Created Permission View: menu access on DAG Run:read_dataset_event_from_classic
[2025-03-03T19:21:35.741-0500] {logging_mixin.py:190} INFO - [2025-03-03T19:21:35.741-0500] {override.py:1930} INFO - Created Permission View: can read on DAG Run:read_dataset_event_from_classic
[2025-03-03T19:21:35.742-0500] {logging_mixin.py:190} INFO - [2025-03-03T19:21:35.742-0500] {override.py:1930} INFO - Created Permission View: can create on DAG Run:read_dataset_event_from_classic
[2025-03-03T19:21:35.743-0500] {logging_mixin.py:190} INFO - [2025-03-03T19:21:35.743-0500] {override.py:1930} INFO - Created Permission View: can delete on DAG Run:read_dataset_event_from_classic
[2025-03-03T19:21:35.743-0500] {logging_mixin.py:190} INFO - [2025-03-03T19:21:35.743-0500] {dag.py:3239} INFO - Sync 2 DAGs
[2025-03-03T19:21:35.746-0500] {logging_mixin.py:190} INFO - [2025-03-03T19:21:35.746-0500] {dag.py:3262} INFO - Creating ORM DAG for read_dataset_event_from_classic
[2025-03-03T19:21:35.747-0500] {logging_mixin.py:190} INFO - [2025-03-03T19:21:35.747-0500] {dag.py:3262} INFO - Creating ORM DAG for read_dataset_event
[2025-03-03T19:21:35.749-0500] {logging_mixin.py:190} INFO - [2025-03-03T19:21:35.749-0500] {dag.py:4180} INFO - Setting next_dagrun for read_dataset_event to 2025-03-03 00:00:00+00:00, run_after=2025-03-04 00:00:00+00:00
[2025-03-03T19:21:35.749-0500] {logging_mixin.py:190} INFO - [2025-03-03T19:21:35.749-0500] {dag.py:4180} INFO - Setting next_dagrun for read_dataset_event_from_classic to 2025-03-03 00:00:00+00:00, run_after=2025-03-04 00:00:00+00:00
[2025-03-03T19:21:35.754-0500] {processor.py:208} INFO - Processing /Users/kartikvadhawana/anaconda3/lib/python3.12/site-packages/airflow/example_dags/example_inlet_event_extra.py took 0.119 seconds
[2025-03-03T19:23:24.358-0500] {processor.py:186} INFO - Started process (PID=90198) to work on /Users/kartikvadhawana/anaconda3/lib/python3.12/site-packages/airflow/example_dags/example_inlet_event_extra.py
[2025-03-03T19:23:24.359-0500] {processor.py:914} INFO - Processing file /Users/kartikvadhawana/anaconda3/lib/python3.12/site-packages/airflow/example_dags/example_inlet_event_extra.py for tasks to queue
[2025-03-03T19:23:24.360-0500] {logging_mixin.py:190} INFO - [2025-03-03T19:23:24.360-0500] {dagbag.py:588} INFO - Filling up the DagBag from /Users/kartikvadhawana/anaconda3/lib/python3.12/site-packages/airflow/example_dags/example_inlet_event_extra.py
[2025-03-03T19:23:24.391-0500] {processor.py:925} INFO - DAG(s) 'read_dataset_event', 'read_dataset_event_from_classic' retrieved from /Users/kartikvadhawana/anaconda3/lib/python3.12/site-packages/airflow/example_dags/example_inlet_event_extra.py
[2025-03-03T19:23:24.417-0500] {logging_mixin.py:190} INFO - [2025-03-03T19:23:24.417-0500] {dag.py:3239} INFO - Sync 2 DAGs
[2025-03-03T19:23:24.422-0500] {logging_mixin.py:190} INFO - [2025-03-03T19:23:24.422-0500] {dag.py:4180} INFO - Setting next_dagrun for read_dataset_event to 2025-03-03 00:00:00+00:00, run_after=2025-03-04 00:00:00+00:00
[2025-03-03T19:23:24.423-0500] {logging_mixin.py:190} INFO - [2025-03-03T19:23:24.423-0500] {dag.py:4180} INFO - Setting next_dagrun for read_dataset_event_from_classic to 2025-03-03 00:00:00+00:00, run_after=2025-03-04 00:00:00+00:00
[2025-03-03T19:23:24.428-0500] {processor.py:208} INFO - Processing /Users/kartikvadhawana/anaconda3/lib/python3.12/site-packages/airflow/example_dags/example_inlet_event_extra.py took 0.071 seconds
[2025-03-03T19:26:13.767-0500] {processor.py:186} INFO - Started process (PID=90915) to work on /Users/kartikvadhawana/anaconda3/lib/python3.12/site-packages/airflow/example_dags/example_inlet_event_extra.py
[2025-03-03T19:26:13.769-0500] {processor.py:914} INFO - Processing file /Users/kartikvadhawana/anaconda3/lib/python3.12/site-packages/airflow/example_dags/example_inlet_event_extra.py for tasks to queue
[2025-03-03T19:26:13.769-0500] {logging_mixin.py:190} INFO - [2025-03-03T19:26:13.769-0500] {dagbag.py:588} INFO - Filling up the DagBag from /Users/kartikvadhawana/anaconda3/lib/python3.12/site-packages/airflow/example_dags/example_inlet_event_extra.py
[2025-03-03T19:26:13.800-0500] {processor.py:925} INFO - DAG(s) 'read_dataset_event_from_classic', 'read_dataset_event' retrieved from /Users/kartikvadhawana/anaconda3/lib/python3.12/site-packages/airflow/example_dags/example_inlet_event_extra.py
[2025-03-03T19:26:13.827-0500] {logging_mixin.py:190} INFO - [2025-03-03T19:26:13.827-0500] {dag.py:3239} INFO - Sync 2 DAGs
[2025-03-03T19:26:13.832-0500] {logging_mixin.py:190} INFO - [2025-03-03T19:26:13.832-0500] {dag.py:4180} INFO - Setting next_dagrun for read_dataset_event to 2025-03-03 00:00:00+00:00, run_after=2025-03-04 00:00:00+00:00
[2025-03-03T19:26:13.834-0500] {logging_mixin.py:190} INFO - [2025-03-03T19:26:13.833-0500] {dag.py:4180} INFO - Setting next_dagrun for read_dataset_event_from_classic to 2025-03-03 00:00:00+00:00, run_after=2025-03-04 00:00:00+00:00
[2025-03-03T19:26:13.838-0500] {processor.py:208} INFO - Processing /Users/kartikvadhawana/anaconda3/lib/python3.12/site-packages/airflow/example_dags/example_inlet_event_extra.py took 0.072 seconds
[2025-03-03T19:28:36.335-0500] {processor.py:186} INFO - Started process (PID=91446) to work on /Users/kartikvadhawana/anaconda3/lib/python3.12/site-packages/airflow/example_dags/example_inlet_event_extra.py
[2025-03-03T19:28:36.336-0500] {processor.py:914} INFO - Processing file /Users/kartikvadhawana/anaconda3/lib/python3.12/site-packages/airflow/example_dags/example_inlet_event_extra.py for tasks to queue
[2025-03-03T19:28:36.337-0500] {logging_mixin.py:190} INFO - [2025-03-03T19:28:36.337-0500] {dagbag.py:588} INFO - Filling up the DagBag from /Users/kartikvadhawana/anaconda3/lib/python3.12/site-packages/airflow/example_dags/example_inlet_event_extra.py
[2025-03-03T19:28:36.386-0500] {processor.py:925} INFO - DAG(s) 'read_dataset_event_from_classic', 'read_dataset_event' retrieved from /Users/kartikvadhawana/anaconda3/lib/python3.12/site-packages/airflow/example_dags/example_inlet_event_extra.py
[2025-03-03T19:28:36.420-0500] {logging_mixin.py:190} INFO - [2025-03-03T19:28:36.419-0500] {dag.py:3239} INFO - Sync 2 DAGs
[2025-03-03T19:28:36.428-0500] {logging_mixin.py:190} INFO - [2025-03-03T19:28:36.428-0500] {dag.py:4180} INFO - Setting next_dagrun for read_dataset_event to 2025-03-03 00:00:00+00:00, run_after=2025-03-04 00:00:00+00:00
[2025-03-03T19:28:36.430-0500] {logging_mixin.py:190} INFO - [2025-03-03T19:28:36.430-0500] {dag.py:4180} INFO - Setting next_dagrun for read_dataset_event_from_classic to 2025-03-03 00:00:00+00:00, run_after=2025-03-04 00:00:00+00:00
[2025-03-03T19:28:36.436-0500] {processor.py:208} INFO - Processing /Users/kartikvadhawana/anaconda3/lib/python3.12/site-packages/airflow/example_dags/example_inlet_event_extra.py took 0.102 seconds
[2025-03-03T19:30:23.131-0500] {processor.py:186} INFO - Started process (PID=91790) to work on /Users/kartikvadhawana/anaconda3/lib/python3.12/site-packages/airflow/example_dags/example_inlet_event_extra.py
[2025-03-03T19:30:23.133-0500] {processor.py:914} INFO - Processing file /Users/kartikvadhawana/anaconda3/lib/python3.12/site-packages/airflow/example_dags/example_inlet_event_extra.py for tasks to queue
[2025-03-03T19:30:23.133-0500] {logging_mixin.py:190} INFO - [2025-03-03T19:30:23.133-0500] {dagbag.py:588} INFO - Filling up the DagBag from /Users/kartikvadhawana/anaconda3/lib/python3.12/site-packages/airflow/example_dags/example_inlet_event_extra.py
[2025-03-03T19:30:23.165-0500] {processor.py:925} INFO - DAG(s) 'read_dataset_event_from_classic', 'read_dataset_event' retrieved from /Users/kartikvadhawana/anaconda3/lib/python3.12/site-packages/airflow/example_dags/example_inlet_event_extra.py
[2025-03-03T19:30:23.190-0500] {logging_mixin.py:190} INFO - [2025-03-03T19:30:23.190-0500] {dag.py:3239} INFO - Sync 2 DAGs
[2025-03-03T19:30:23.196-0500] {logging_mixin.py:190} INFO - [2025-03-03T19:30:23.196-0500] {dag.py:4180} INFO - Setting next_dagrun for read_dataset_event to 2025-03-03 00:00:00+00:00, run_after=2025-03-04 00:00:00+00:00
[2025-03-03T19:30:23.197-0500] {logging_mixin.py:190} INFO - [2025-03-03T19:30:23.197-0500] {dag.py:4180} INFO - Setting next_dagrun for read_dataset_event_from_classic to 2025-03-03 00:00:00+00:00, run_after=2025-03-04 00:00:00+00:00
[2025-03-03T19:30:23.202-0500] {processor.py:208} INFO - Processing /Users/kartikvadhawana/anaconda3/lib/python3.12/site-packages/airflow/example_dags/example_inlet_event_extra.py took 0.071 seconds
[2025-03-03T19:32:52.296-0500] {processor.py:186} INFO - Started process (PID=92301) to work on /Users/kartikvadhawana/anaconda3/lib/python3.12/site-packages/airflow/example_dags/example_inlet_event_extra.py
[2025-03-03T19:32:52.298-0500] {processor.py:914} INFO - Processing file /Users/kartikvadhawana/anaconda3/lib/python3.12/site-packages/airflow/example_dags/example_inlet_event_extra.py for tasks to queue
[2025-03-03T19:32:52.299-0500] {logging_mixin.py:190} INFO - [2025-03-03T19:32:52.299-0500] {dagbag.py:588} INFO - Filling up the DagBag from /Users/kartikvadhawana/anaconda3/lib/python3.12/site-packages/airflow/example_dags/example_inlet_event_extra.py
[2025-03-03T19:32:52.330-0500] {processor.py:925} INFO - DAG(s) 'read_dataset_event', 'read_dataset_event_from_classic' retrieved from /Users/kartikvadhawana/anaconda3/lib/python3.12/site-packages/airflow/example_dags/example_inlet_event_extra.py
[2025-03-03T19:32:52.357-0500] {logging_mixin.py:190} INFO - [2025-03-03T19:32:52.357-0500] {dag.py:3239} INFO - Sync 2 DAGs
[2025-03-03T19:32:52.363-0500] {logging_mixin.py:190} INFO - [2025-03-03T19:32:52.363-0500] {dag.py:4180} INFO - Setting next_dagrun for read_dataset_event to 2025-03-03 00:00:00+00:00, run_after=2025-03-04 00:00:00+00:00
[2025-03-03T19:32:52.364-0500] {logging_mixin.py:190} INFO - [2025-03-03T19:32:52.364-0500] {dag.py:4180} INFO - Setting next_dagrun for read_dataset_event_from_classic to 2025-03-03 00:00:00+00:00, run_after=2025-03-04 00:00:00+00:00
[2025-03-03T19:32:52.370-0500] {processor.py:208} INFO - Processing /Users/kartikvadhawana/anaconda3/lib/python3.12/site-packages/airflow/example_dags/example_inlet_event_extra.py took 0.074 seconds
[2025-03-03T19:34:41.898-0500] {processor.py:186} INFO - Started process (PID=92550) to work on /Users/kartikvadhawana/anaconda3/lib/python3.12/site-packages/airflow/example_dags/example_inlet_event_extra.py
[2025-03-03T19:34:41.900-0500] {processor.py:914} INFO - Processing file /Users/kartikvadhawana/anaconda3/lib/python3.12/site-packages/airflow/example_dags/example_inlet_event_extra.py for tasks to queue
[2025-03-03T19:34:41.900-0500] {logging_mixin.py:190} INFO - [2025-03-03T19:34:41.900-0500] {dagbag.py:588} INFO - Filling up the DagBag from /Users/kartikvadhawana/anaconda3/lib/python3.12/site-packages/airflow/example_dags/example_inlet_event_extra.py
[2025-03-03T19:34:41.931-0500] {processor.py:925} INFO - DAG(s) 'read_dataset_event', 'read_dataset_event_from_classic' retrieved from /Users/kartikvadhawana/anaconda3/lib/python3.12/site-packages/airflow/example_dags/example_inlet_event_extra.py
[2025-03-03T19:34:41.957-0500] {logging_mixin.py:190} INFO - [2025-03-03T19:34:41.957-0500] {dag.py:3239} INFO - Sync 2 DAGs
[2025-03-03T19:34:41.962-0500] {logging_mixin.py:190} INFO - [2025-03-03T19:34:41.962-0500] {dag.py:4180} INFO - Setting next_dagrun for read_dataset_event to 2025-03-03 00:00:00+00:00, run_after=2025-03-04 00:00:00+00:00
[2025-03-03T19:34:41.964-0500] {logging_mixin.py:190} INFO - [2025-03-03T19:34:41.964-0500] {dag.py:4180} INFO - Setting next_dagrun for read_dataset_event_from_classic to 2025-03-03 00:00:00+00:00, run_after=2025-03-04 00:00:00+00:00
[2025-03-03T19:34:41.968-0500] {processor.py:208} INFO - Processing /Users/kartikvadhawana/anaconda3/lib/python3.12/site-packages/airflow/example_dags/example_inlet_event_extra.py took 0.072 seconds
[2025-03-03T19:37:20.087-0500] {processor.py:186} INFO - Started process (PID=92906) to work on /Users/kartikvadhawana/anaconda3/lib/python3.12/site-packages/airflow/example_dags/example_inlet_event_extra.py
[2025-03-03T19:37:20.088-0500] {processor.py:914} INFO - Processing file /Users/kartikvadhawana/anaconda3/lib/python3.12/site-packages/airflow/example_dags/example_inlet_event_extra.py for tasks to queue
[2025-03-03T19:37:20.089-0500] {logging_mixin.py:190} INFO - [2025-03-03T19:37:20.089-0500] {dagbag.py:588} INFO - Filling up the DagBag from /Users/kartikvadhawana/anaconda3/lib/python3.12/site-packages/airflow/example_dags/example_inlet_event_extra.py
[2025-03-03T19:37:20.127-0500] {processor.py:925} INFO - DAG(s) 'read_dataset_event_from_classic', 'read_dataset_event' retrieved from /Users/kartikvadhawana/anaconda3/lib/python3.12/site-packages/airflow/example_dags/example_inlet_event_extra.py
[2025-03-03T19:37:20.154-0500] {logging_mixin.py:190} INFO - [2025-03-03T19:37:20.154-0500] {dag.py:3239} INFO - Sync 2 DAGs
[2025-03-03T19:37:20.160-0500] {logging_mixin.py:190} INFO - [2025-03-03T19:37:20.159-0500] {dag.py:4180} INFO - Setting next_dagrun for read_dataset_event to 2025-03-03 00:00:00+00:00, run_after=2025-03-04 00:00:00+00:00
[2025-03-03T19:37:20.161-0500] {logging_mixin.py:190} INFO - [2025-03-03T19:37:20.161-0500] {dag.py:4180} INFO - Setting next_dagrun for read_dataset_event_from_classic to 2025-03-03 00:00:00+00:00, run_after=2025-03-04 00:00:00+00:00
[2025-03-03T19:37:20.165-0500] {processor.py:208} INFO - Processing /Users/kartikvadhawana/anaconda3/lib/python3.12/site-packages/airflow/example_dags/example_inlet_event_extra.py took 0.079 seconds
[2025-03-03T19:40:01.459-0500] {processor.py:186} INFO - Started process (PID=93277) to work on /Users/kartikvadhawana/anaconda3/lib/python3.12/site-packages/airflow/example_dags/example_inlet_event_extra.py
[2025-03-03T19:40:01.460-0500] {processor.py:914} INFO - Processing file /Users/kartikvadhawana/anaconda3/lib/python3.12/site-packages/airflow/example_dags/example_inlet_event_extra.py for tasks to queue
[2025-03-03T19:40:01.460-0500] {logging_mixin.py:190} INFO - [2025-03-03T19:40:01.460-0500] {dagbag.py:588} INFO - Filling up the DagBag from /Users/kartikvadhawana/anaconda3/lib/python3.12/site-packages/airflow/example_dags/example_inlet_event_extra.py
[2025-03-03T19:40:01.492-0500] {processor.py:925} INFO - DAG(s) 'read_dataset_event_from_classic', 'read_dataset_event' retrieved from /Users/kartikvadhawana/anaconda3/lib/python3.12/site-packages/airflow/example_dags/example_inlet_event_extra.py
[2025-03-03T19:40:01.519-0500] {logging_mixin.py:190} INFO - [2025-03-03T19:40:01.518-0500] {dag.py:3239} INFO - Sync 2 DAGs
[2025-03-03T19:40:01.524-0500] {logging_mixin.py:190} INFO - [2025-03-03T19:40:01.524-0500] {dag.py:4180} INFO - Setting next_dagrun for read_dataset_event to 2025-03-03 00:00:00+00:00, run_after=2025-03-04 00:00:00+00:00
[2025-03-03T19:40:01.525-0500] {logging_mixin.py:190} INFO - [2025-03-03T19:40:01.525-0500] {dag.py:4180} INFO - Setting next_dagrun for read_dataset_event_from_classic to 2025-03-03 00:00:00+00:00, run_after=2025-03-04 00:00:00+00:00
[2025-03-03T19:40:01.530-0500] {processor.py:208} INFO - Processing /Users/kartikvadhawana/anaconda3/lib/python3.12/site-packages/airflow/example_dags/example_inlet_event_extra.py took 0.072 seconds
[2025-03-03T19:42:48.813-0500] {processor.py:186} INFO - Started process (PID=93881) to work on /Users/kartikvadhawana/anaconda3/lib/python3.12/site-packages/airflow/example_dags/example_inlet_event_extra.py
[2025-03-03T19:42:48.814-0500] {processor.py:914} INFO - Processing file /Users/kartikvadhawana/anaconda3/lib/python3.12/site-packages/airflow/example_dags/example_inlet_event_extra.py for tasks to queue
[2025-03-03T19:42:48.814-0500] {logging_mixin.py:190} INFO - [2025-03-03T19:42:48.814-0500] {dagbag.py:588} INFO - Filling up the DagBag from /Users/kartikvadhawana/anaconda3/lib/python3.12/site-packages/airflow/example_dags/example_inlet_event_extra.py
[2025-03-03T19:42:48.846-0500] {processor.py:925} INFO - DAG(s) 'read_dataset_event_from_classic', 'read_dataset_event' retrieved from /Users/kartikvadhawana/anaconda3/lib/python3.12/site-packages/airflow/example_dags/example_inlet_event_extra.py
[2025-03-03T19:42:48.871-0500] {logging_mixin.py:190} INFO - [2025-03-03T19:42:48.871-0500] {dag.py:3239} INFO - Sync 2 DAGs
[2025-03-03T19:42:48.877-0500] {logging_mixin.py:190} INFO - [2025-03-03T19:42:48.877-0500] {dag.py:4180} INFO - Setting next_dagrun for read_dataset_event to 2025-03-03 00:00:00+00:00, run_after=2025-03-04 00:00:00+00:00
[2025-03-03T19:42:48.878-0500] {logging_mixin.py:190} INFO - [2025-03-03T19:42:48.878-0500] {dag.py:4180} INFO - Setting next_dagrun for read_dataset_event_from_classic to 2025-03-03 00:00:00+00:00, run_after=2025-03-04 00:00:00+00:00
[2025-03-03T19:42:48.883-0500] {processor.py:208} INFO - Processing /Users/kartikvadhawana/anaconda3/lib/python3.12/site-packages/airflow/example_dags/example_inlet_event_extra.py took 0.071 seconds
[2025-03-03T19:44:41.820-0500] {processor.py:186} INFO - Started process (PID=94108) to work on /Users/kartikvadhawana/anaconda3/lib/python3.12/site-packages/airflow/example_dags/example_inlet_event_extra.py
[2025-03-03T19:44:41.821-0500] {processor.py:914} INFO - Processing file /Users/kartikvadhawana/anaconda3/lib/python3.12/site-packages/airflow/example_dags/example_inlet_event_extra.py for tasks to queue
[2025-03-03T19:44:41.822-0500] {logging_mixin.py:190} INFO - [2025-03-03T19:44:41.822-0500] {dagbag.py:588} INFO - Filling up the DagBag from /Users/kartikvadhawana/anaconda3/lib/python3.12/site-packages/airflow/example_dags/example_inlet_event_extra.py
[2025-03-03T19:44:41.862-0500] {processor.py:925} INFO - DAG(s) 'read_dataset_event', 'read_dataset_event_from_classic' retrieved from /Users/kartikvadhawana/anaconda3/lib/python3.12/site-packages/airflow/example_dags/example_inlet_event_extra.py
[2025-03-03T19:44:41.890-0500] {logging_mixin.py:190} INFO - [2025-03-03T19:44:41.889-0500] {dag.py:3239} INFO - Sync 2 DAGs
[2025-03-03T19:44:41.895-0500] {logging_mixin.py:190} INFO - [2025-03-03T19:44:41.895-0500] {dag.py:4180} INFO - Setting next_dagrun for read_dataset_event to 2025-03-03 00:00:00+00:00, run_after=2025-03-04 00:00:00+00:00
[2025-03-03T19:44:41.897-0500] {logging_mixin.py:190} INFO - [2025-03-03T19:44:41.896-0500] {dag.py:4180} INFO - Setting next_dagrun for read_dataset_event_from_classic to 2025-03-03 00:00:00+00:00, run_after=2025-03-04 00:00:00+00:00
[2025-03-03T19:44:41.902-0500] {processor.py:208} INFO - Processing /Users/kartikvadhawana/anaconda3/lib/python3.12/site-packages/airflow/example_dags/example_inlet_event_extra.py took 0.082 seconds
[2025-03-03T19:49:16.713-0500] {processor.py:186} INFO - Started process (PID=94757) to work on /Users/kartikvadhawana/anaconda3/lib/python3.12/site-packages/airflow/example_dags/example_inlet_event_extra.py
[2025-03-03T19:49:16.713-0500] {processor.py:914} INFO - Processing file /Users/kartikvadhawana/anaconda3/lib/python3.12/site-packages/airflow/example_dags/example_inlet_event_extra.py for tasks to queue
[2025-03-03T19:49:16.714-0500] {logging_mixin.py:190} INFO - [2025-03-03T19:49:16.714-0500] {dagbag.py:588} INFO - Filling up the DagBag from /Users/kartikvadhawana/anaconda3/lib/python3.12/site-packages/airflow/example_dags/example_inlet_event_extra.py
[2025-03-03T19:49:16.750-0500] {processor.py:925} INFO - DAG(s) 'read_dataset_event_from_classic', 'read_dataset_event' retrieved from /Users/kartikvadhawana/anaconda3/lib/python3.12/site-packages/airflow/example_dags/example_inlet_event_extra.py
[2025-03-03T19:49:16.776-0500] {logging_mixin.py:190} INFO - [2025-03-03T19:49:16.776-0500] {dag.py:3239} INFO - Sync 2 DAGs
[2025-03-03T19:49:16.782-0500] {logging_mixin.py:190} INFO - [2025-03-03T19:49:16.782-0500] {dag.py:4180} INFO - Setting next_dagrun for read_dataset_event to 2025-03-03 00:00:00+00:00, run_after=2025-03-04 00:00:00+00:00
[2025-03-03T19:49:16.783-0500] {logging_mixin.py:190} INFO - [2025-03-03T19:49:16.783-0500] {dag.py:4180} INFO - Setting next_dagrun for read_dataset_event_from_classic to 2025-03-03 00:00:00+00:00, run_after=2025-03-04 00:00:00+00:00
[2025-03-03T19:49:16.787-0500] {processor.py:208} INFO - Processing /Users/kartikvadhawana/anaconda3/lib/python3.12/site-packages/airflow/example_dags/example_inlet_event_extra.py took 0.076 seconds
[2025-03-03T19:51:06.138-0500] {processor.py:186} INFO - Started process (PID=94892) to work on /Users/kartikvadhawana/anaconda3/lib/python3.12/site-packages/airflow/example_dags/example_inlet_event_extra.py
[2025-03-03T19:51:06.139-0500] {processor.py:914} INFO - Processing file /Users/kartikvadhawana/anaconda3/lib/python3.12/site-packages/airflow/example_dags/example_inlet_event_extra.py for tasks to queue
[2025-03-03T19:51:06.139-0500] {logging_mixin.py:190} INFO - [2025-03-03T19:51:06.139-0500] {dagbag.py:588} INFO - Filling up the DagBag from /Users/kartikvadhawana/anaconda3/lib/python3.12/site-packages/airflow/example_dags/example_inlet_event_extra.py
[2025-03-03T19:51:06.169-0500] {processor.py:925} INFO - DAG(s) 'read_dataset_event_from_classic', 'read_dataset_event' retrieved from /Users/kartikvadhawana/anaconda3/lib/python3.12/site-packages/airflow/example_dags/example_inlet_event_extra.py
[2025-03-03T19:51:06.195-0500] {logging_mixin.py:190} INFO - [2025-03-03T19:51:06.195-0500] {dag.py:3239} INFO - Sync 2 DAGs
[2025-03-03T19:51:06.200-0500] {logging_mixin.py:190} INFO - [2025-03-03T19:51:06.200-0500] {dag.py:4180} INFO - Setting next_dagrun for read_dataset_event to 2025-03-03 00:00:00+00:00, run_after=2025-03-04 00:00:00+00:00
[2025-03-03T19:51:06.201-0500] {logging_mixin.py:190} INFO - [2025-03-03T19:51:06.201-0500] {dag.py:4180} INFO - Setting next_dagrun for read_dataset_event_from_classic to 2025-03-03 00:00:00+00:00, run_after=2025-03-04 00:00:00+00:00
[2025-03-03T19:51:06.206-0500] {processor.py:208} INFO - Processing /Users/kartikvadhawana/anaconda3/lib/python3.12/site-packages/airflow/example_dags/example_inlet_event_extra.py took 0.069 seconds
[2025-03-03T19:53:46.899-0500] {processor.py:186} INFO - Started process (PID=95237) to work on /Users/kartikvadhawana/anaconda3/lib/python3.12/site-packages/airflow/example_dags/example_inlet_event_extra.py
[2025-03-03T19:53:46.900-0500] {processor.py:914} INFO - Processing file /Users/kartikvadhawana/anaconda3/lib/python3.12/site-packages/airflow/example_dags/example_inlet_event_extra.py for tasks to queue
[2025-03-03T19:53:46.900-0500] {logging_mixin.py:190} INFO - [2025-03-03T19:53:46.900-0500] {dagbag.py:588} INFO - Filling up the DagBag from /Users/kartikvadhawana/anaconda3/lib/python3.12/site-packages/airflow/example_dags/example_inlet_event_extra.py
[2025-03-03T19:53:46.931-0500] {processor.py:925} INFO - DAG(s) 'read_dataset_event', 'read_dataset_event_from_classic' retrieved from /Users/kartikvadhawana/anaconda3/lib/python3.12/site-packages/airflow/example_dags/example_inlet_event_extra.py
[2025-03-03T19:53:46.957-0500] {logging_mixin.py:190} INFO - [2025-03-03T19:53:46.957-0500] {dag.py:3239} INFO - Sync 2 DAGs
[2025-03-03T19:53:46.963-0500] {logging_mixin.py:190} INFO - [2025-03-03T19:53:46.963-0500] {dag.py:4180} INFO - Setting next_dagrun for read_dataset_event to 2025-03-03 00:00:00+00:00, run_after=2025-03-04 00:00:00+00:00
[2025-03-03T19:53:46.964-0500] {logging_mixin.py:190} INFO - [2025-03-03T19:53:46.964-0500] {dag.py:4180} INFO - Setting next_dagrun for read_dataset_event_from_classic to 2025-03-03 00:00:00+00:00, run_after=2025-03-04 00:00:00+00:00
[2025-03-03T19:53:46.969-0500] {processor.py:208} INFO - Processing /Users/kartikvadhawana/anaconda3/lib/python3.12/site-packages/airflow/example_dags/example_inlet_event_extra.py took 0.072 seconds
[2025-03-03T19:56:31.034-0500] {processor.py:186} INFO - Started process (PID=95693) to work on /Users/kartikvadhawana/anaconda3/lib/python3.12/site-packages/airflow/example_dags/example_inlet_event_extra.py
[2025-03-03T19:56:31.034-0500] {processor.py:914} INFO - Processing file /Users/kartikvadhawana/anaconda3/lib/python3.12/site-packages/airflow/example_dags/example_inlet_event_extra.py for tasks to queue
[2025-03-03T19:56:31.035-0500] {logging_mixin.py:190} INFO - [2025-03-03T19:56:31.035-0500] {dagbag.py:588} INFO - Filling up the DagBag from /Users/kartikvadhawana/anaconda3/lib/python3.12/site-packages/airflow/example_dags/example_inlet_event_extra.py
[2025-03-03T19:56:31.083-0500] {processor.py:925} INFO - DAG(s) 'read_dataset_event_from_classic', 'read_dataset_event' retrieved from /Users/kartikvadhawana/anaconda3/lib/python3.12/site-packages/airflow/example_dags/example_inlet_event_extra.py
[2025-03-03T19:56:31.115-0500] {logging_mixin.py:190} INFO - [2025-03-03T19:56:31.115-0500] {dag.py:3239} INFO - Sync 2 DAGs
[2025-03-03T19:56:31.122-0500] {logging_mixin.py:190} INFO - [2025-03-03T19:56:31.122-0500] {dag.py:4180} INFO - Setting next_dagrun for read_dataset_event to 2025-03-03 00:00:00+00:00, run_after=2025-03-04 00:00:00+00:00
[2025-03-03T19:56:31.123-0500] {logging_mixin.py:190} INFO - [2025-03-03T19:56:31.123-0500] {dag.py:4180} INFO - Setting next_dagrun for read_dataset_event_from_classic to 2025-03-03 00:00:00+00:00, run_after=2025-03-04 00:00:00+00:00
[2025-03-03T19:56:31.128-0500] {processor.py:208} INFO - Processing /Users/kartikvadhawana/anaconda3/lib/python3.12/site-packages/airflow/example_dags/example_inlet_event_extra.py took 0.095 seconds
[2025-03-03T19:59:13.572-0500] {processor.py:186} INFO - Started process (PID=95977) to work on /Users/kartikvadhawana/anaconda3/lib/python3.12/site-packages/airflow/example_dags/example_inlet_event_extra.py
[2025-03-03T19:59:13.573-0500] {processor.py:914} INFO - Processing file /Users/kartikvadhawana/anaconda3/lib/python3.12/site-packages/airflow/example_dags/example_inlet_event_extra.py for tasks to queue
[2025-03-03T19:59:13.573-0500] {logging_mixin.py:190} INFO - [2025-03-03T19:59:13.573-0500] {dagbag.py:588} INFO - Filling up the DagBag from /Users/kartikvadhawana/anaconda3/lib/python3.12/site-packages/airflow/example_dags/example_inlet_event_extra.py
[2025-03-03T19:59:13.609-0500] {processor.py:925} INFO - DAG(s) 'read_dataset_event', 'read_dataset_event_from_classic' retrieved from /Users/kartikvadhawana/anaconda3/lib/python3.12/site-packages/airflow/example_dags/example_inlet_event_extra.py
[2025-03-03T19:59:13.635-0500] {logging_mixin.py:190} INFO - [2025-03-03T19:59:13.635-0500] {dag.py:3239} INFO - Sync 2 DAGs
[2025-03-03T19:59:13.641-0500] {logging_mixin.py:190} INFO - [2025-03-03T19:59:13.641-0500] {dag.py:4180} INFO - Setting next_dagrun for read_dataset_event to 2025-03-03 00:00:00+00:00, run_after=2025-03-04 00:00:00+00:00
[2025-03-03T19:59:13.642-0500] {logging_mixin.py:190} INFO - [2025-03-03T19:59:13.642-0500] {dag.py:4180} INFO - Setting next_dagrun for read_dataset_event_from_classic to 2025-03-03 00:00:00+00:00, run_after=2025-03-04 00:00:00+00:00
[2025-03-03T19:59:13.646-0500] {processor.py:208} INFO - Processing /Users/kartikvadhawana/anaconda3/lib/python3.12/site-packages/airflow/example_dags/example_inlet_event_extra.py took 0.076 seconds
