[2025-03-03T19:20:55.476-0500] {processor.py:186} INFO - Started process (PID=89700) to work on /Users/kartikvadhawana/anaconda3/lib/python3.12/site-packages/airflow/example_dags/example_task_group_decorator.py
[2025-03-03T19:20:55.476-0500] {processor.py:914} INFO - Processing file /Users/kartikvadhawana/anaconda3/lib/python3.12/site-packages/airflow/example_dags/example_task_group_decorator.py for tasks to queue
[2025-03-03T19:20:55.477-0500] {logging_mixin.py:190} INFO - [2025-03-03T19:20:55.477-0500] {dagbag.py:588} INFO - Filling up the DagBag from /Users/kartikvadhawana/anaconda3/lib/python3.12/site-packages/airflow/example_dags/example_task_group_decorator.py
[2025-03-03T19:20:55.490-0500] {processor.py:925} INFO - DAG(s) 'example_task_group_decorator' retrieved from /Users/kartikvadhawana/anaconda3/lib/python3.12/site-packages/airflow/example_dags/example_task_group_decorator.py
[2025-03-03T19:20:55.542-0500] {logging_mixin.py:190} INFO - [2025-03-03T19:20:55.542-0500] {override.py:1930} INFO - Created Permission View: can read on DAG:example_task_group_decorator
[2025-03-03T19:20:55.545-0500] {logging_mixin.py:190} INFO - [2025-03-03T19:20:55.545-0500] {override.py:1930} INFO - Created Permission View: can delete on DAG:example_task_group_decorator
[2025-03-03T19:20:55.546-0500] {logging_mixin.py:190} INFO - [2025-03-03T19:20:55.546-0500] {override.py:1930} INFO - Created Permission View: can edit on DAG:example_task_group_decorator
[2025-03-03T19:20:55.549-0500] {logging_mixin.py:190} INFO - [2025-03-03T19:20:55.549-0500] {override.py:1930} INFO - Created Permission View: can read on DAG Run:example_task_group_decorator
[2025-03-03T19:20:55.550-0500] {logging_mixin.py:190} INFO - [2025-03-03T19:20:55.550-0500] {override.py:1930} INFO - Created Permission View: menu access on DAG Run:example_task_group_decorator
[2025-03-03T19:20:55.551-0500] {logging_mixin.py:190} INFO - [2025-03-03T19:20:55.551-0500] {override.py:1930} INFO - Created Permission View: can delete on DAG Run:example_task_group_decorator
[2025-03-03T19:20:55.553-0500] {logging_mixin.py:190} INFO - [2025-03-03T19:20:55.553-0500] {override.py:1930} INFO - Created Permission View: can create on DAG Run:example_task_group_decorator
[2025-03-03T19:20:55.553-0500] {logging_mixin.py:190} INFO - [2025-03-03T19:20:55.553-0500] {dag.py:3239} INFO - Sync 1 DAGs
[2025-03-03T19:20:55.557-0500] {logging_mixin.py:190} INFO - [2025-03-03T19:20:55.557-0500] {dag.py:3262} INFO - Creating ORM DAG for example_task_group_decorator
[2025-03-03T19:20:55.557-0500] {logging_mixin.py:190} INFO - [2025-03-03T19:20:55.557-0500] {dag.py:4180} INFO - Setting next_dagrun for example_task_group_decorator to None, run_after=None
[2025-03-03T19:20:55.562-0500] {processor.py:208} INFO - Processing /Users/kartikvadhawana/anaconda3/lib/python3.12/site-packages/airflow/example_dags/example_task_group_decorator.py took 0.087 seconds
[2025-03-03T19:22:43.628-0500] {processor.py:186} INFO - Started process (PID=90114) to work on /Users/kartikvadhawana/anaconda3/lib/python3.12/site-packages/airflow/example_dags/example_task_group_decorator.py
[2025-03-03T19:22:43.629-0500] {processor.py:914} INFO - Processing file /Users/kartikvadhawana/anaconda3/lib/python3.12/site-packages/airflow/example_dags/example_task_group_decorator.py for tasks to queue
[2025-03-03T19:22:43.630-0500] {logging_mixin.py:190} INFO - [2025-03-03T19:22:43.630-0500] {dagbag.py:588} INFO - Filling up the DagBag from /Users/kartikvadhawana/anaconda3/lib/python3.12/site-packages/airflow/example_dags/example_task_group_decorator.py
[2025-03-03T19:22:43.644-0500] {processor.py:925} INFO - DAG(s) 'example_task_group_decorator' retrieved from /Users/kartikvadhawana/anaconda3/lib/python3.12/site-packages/airflow/example_dags/example_task_group_decorator.py
[2025-03-03T19:22:43.672-0500] {logging_mixin.py:190} INFO - [2025-03-03T19:22:43.671-0500] {dag.py:3239} INFO - Sync 1 DAGs
[2025-03-03T19:22:43.674-0500] {logging_mixin.py:190} INFO - [2025-03-03T19:22:43.674-0500] {dag.py:4180} INFO - Setting next_dagrun for example_task_group_decorator to None, run_after=None
[2025-03-03T19:22:43.680-0500] {processor.py:208} INFO - Processing /Users/kartikvadhawana/anaconda3/lib/python3.12/site-packages/airflow/example_dags/example_task_group_decorator.py took 0.053 seconds
[2025-03-03T19:24:05.156-0500] {processor.py:186} INFO - Started process (PID=90394) to work on /Users/kartikvadhawana/anaconda3/lib/python3.12/site-packages/airflow/example_dags/example_task_group_decorator.py
[2025-03-03T19:24:05.157-0500] {processor.py:914} INFO - Processing file /Users/kartikvadhawana/anaconda3/lib/python3.12/site-packages/airflow/example_dags/example_task_group_decorator.py for tasks to queue
[2025-03-03T19:24:05.158-0500] {logging_mixin.py:190} INFO - [2025-03-03T19:24:05.158-0500] {dagbag.py:588} INFO - Filling up the DagBag from /Users/kartikvadhawana/anaconda3/lib/python3.12/site-packages/airflow/example_dags/example_task_group_decorator.py
[2025-03-03T19:24:05.171-0500] {processor.py:925} INFO - DAG(s) 'example_task_group_decorator' retrieved from /Users/kartikvadhawana/anaconda3/lib/python3.12/site-packages/airflow/example_dags/example_task_group_decorator.py
[2025-03-03T19:24:05.199-0500] {logging_mixin.py:190} INFO - [2025-03-03T19:24:05.199-0500] {dag.py:3239} INFO - Sync 1 DAGs
[2025-03-03T19:24:05.202-0500] {logging_mixin.py:190} INFO - [2025-03-03T19:24:05.201-0500] {dag.py:4180} INFO - Setting next_dagrun for example_task_group_decorator to None, run_after=None
[2025-03-03T19:24:05.207-0500] {processor.py:208} INFO - Processing /Users/kartikvadhawana/anaconda3/lib/python3.12/site-packages/airflow/example_dags/example_task_group_decorator.py took 0.052 seconds
[2025-03-03T19:25:30.613-0500] {processor.py:186} INFO - Started process (PID=90663) to work on /Users/kartikvadhawana/anaconda3/lib/python3.12/site-packages/airflow/example_dags/example_task_group_decorator.py
[2025-03-03T19:25:30.614-0500] {processor.py:914} INFO - Processing file /Users/kartikvadhawana/anaconda3/lib/python3.12/site-packages/airflow/example_dags/example_task_group_decorator.py for tasks to queue
[2025-03-03T19:25:30.615-0500] {logging_mixin.py:190} INFO - [2025-03-03T19:25:30.615-0500] {dagbag.py:588} INFO - Filling up the DagBag from /Users/kartikvadhawana/anaconda3/lib/python3.12/site-packages/airflow/example_dags/example_task_group_decorator.py
[2025-03-03T19:25:30.628-0500] {processor.py:925} INFO - DAG(s) 'example_task_group_decorator' retrieved from /Users/kartikvadhawana/anaconda3/lib/python3.12/site-packages/airflow/example_dags/example_task_group_decorator.py
[2025-03-03T19:25:30.656-0500] {logging_mixin.py:190} INFO - [2025-03-03T19:25:30.656-0500] {dag.py:3239} INFO - Sync 1 DAGs
[2025-03-03T19:25:30.659-0500] {logging_mixin.py:190} INFO - [2025-03-03T19:25:30.659-0500] {dag.py:4180} INFO - Setting next_dagrun for example_task_group_decorator to None, run_after=None
[2025-03-03T19:25:30.664-0500] {processor.py:208} INFO - Processing /Users/kartikvadhawana/anaconda3/lib/python3.12/site-packages/airflow/example_dags/example_task_group_decorator.py took 0.052 seconds
[2025-03-03T19:27:54.186-0500] {processor.py:186} INFO - Started process (PID=91352) to work on /Users/kartikvadhawana/anaconda3/lib/python3.12/site-packages/airflow/example_dags/example_task_group_decorator.py
[2025-03-03T19:27:54.187-0500] {processor.py:914} INFO - Processing file /Users/kartikvadhawana/anaconda3/lib/python3.12/site-packages/airflow/example_dags/example_task_group_decorator.py for tasks to queue
[2025-03-03T19:27:54.187-0500] {logging_mixin.py:190} INFO - [2025-03-03T19:27:54.187-0500] {dagbag.py:588} INFO - Filling up the DagBag from /Users/kartikvadhawana/anaconda3/lib/python3.12/site-packages/airflow/example_dags/example_task_group_decorator.py
[2025-03-03T19:27:54.201-0500] {processor.py:925} INFO - DAG(s) 'example_task_group_decorator' retrieved from /Users/kartikvadhawana/anaconda3/lib/python3.12/site-packages/airflow/example_dags/example_task_group_decorator.py
[2025-03-03T19:27:54.228-0500] {logging_mixin.py:190} INFO - [2025-03-03T19:27:54.228-0500] {dag.py:3239} INFO - Sync 1 DAGs
[2025-03-03T19:27:54.231-0500] {logging_mixin.py:190} INFO - [2025-03-03T19:27:54.231-0500] {dag.py:4180} INFO - Setting next_dagrun for example_task_group_decorator to None, run_after=None
[2025-03-03T19:27:54.237-0500] {processor.py:208} INFO - Processing /Users/kartikvadhawana/anaconda3/lib/python3.12/site-packages/airflow/example_dags/example_task_group_decorator.py took 0.051 seconds
[2025-03-03T19:29:43.312-0500] {processor.py:186} INFO - Started process (PID=91680) to work on /Users/kartikvadhawana/anaconda3/lib/python3.12/site-packages/airflow/example_dags/example_task_group_decorator.py
[2025-03-03T19:29:43.313-0500] {processor.py:914} INFO - Processing file /Users/kartikvadhawana/anaconda3/lib/python3.12/site-packages/airflow/example_dags/example_task_group_decorator.py for tasks to queue
[2025-03-03T19:29:43.314-0500] {logging_mixin.py:190} INFO - [2025-03-03T19:29:43.313-0500] {dagbag.py:588} INFO - Filling up the DagBag from /Users/kartikvadhawana/anaconda3/lib/python3.12/site-packages/airflow/example_dags/example_task_group_decorator.py
[2025-03-03T19:29:43.328-0500] {processor.py:925} INFO - DAG(s) 'example_task_group_decorator' retrieved from /Users/kartikvadhawana/anaconda3/lib/python3.12/site-packages/airflow/example_dags/example_task_group_decorator.py
[2025-03-03T19:29:43.355-0500] {logging_mixin.py:190} INFO - [2025-03-03T19:29:43.355-0500] {dag.py:3239} INFO - Sync 1 DAGs
[2025-03-03T19:29:43.358-0500] {logging_mixin.py:190} INFO - [2025-03-03T19:29:43.358-0500] {dag.py:4180} INFO - Setting next_dagrun for example_task_group_decorator to None, run_after=None
[2025-03-03T19:29:43.364-0500] {processor.py:208} INFO - Processing /Users/kartikvadhawana/anaconda3/lib/python3.12/site-packages/airflow/example_dags/example_task_group_decorator.py took 0.053 seconds
[2025-03-03T19:31:00.508-0500] {processor.py:186} INFO - Started process (PID=91875) to work on /Users/kartikvadhawana/anaconda3/lib/python3.12/site-packages/airflow/example_dags/example_task_group_decorator.py
[2025-03-03T19:31:00.510-0500] {processor.py:914} INFO - Processing file /Users/kartikvadhawana/anaconda3/lib/python3.12/site-packages/airflow/example_dags/example_task_group_decorator.py for tasks to queue
[2025-03-03T19:31:00.510-0500] {logging_mixin.py:190} INFO - [2025-03-03T19:31:00.510-0500] {dagbag.py:588} INFO - Filling up the DagBag from /Users/kartikvadhawana/anaconda3/lib/python3.12/site-packages/airflow/example_dags/example_task_group_decorator.py
[2025-03-03T19:31:00.524-0500] {processor.py:925} INFO - DAG(s) 'example_task_group_decorator' retrieved from /Users/kartikvadhawana/anaconda3/lib/python3.12/site-packages/airflow/example_dags/example_task_group_decorator.py
[2025-03-03T19:31:00.551-0500] {logging_mixin.py:190} INFO - [2025-03-03T19:31:00.551-0500] {dag.py:3239} INFO - Sync 1 DAGs
[2025-03-03T19:31:00.554-0500] {logging_mixin.py:190} INFO - [2025-03-03T19:31:00.554-0500] {dag.py:4180} INFO - Setting next_dagrun for example_task_group_decorator to None, run_after=None
[2025-03-03T19:31:00.560-0500] {processor.py:208} INFO - Processing /Users/kartikvadhawana/anaconda3/lib/python3.12/site-packages/airflow/example_dags/example_task_group_decorator.py took 0.052 seconds
[2025-03-03T19:32:10.365-0500] {processor.py:186} INFO - Started process (PID=92163) to work on /Users/kartikvadhawana/anaconda3/lib/python3.12/site-packages/airflow/example_dags/example_task_group_decorator.py
[2025-03-03T19:32:10.366-0500] {processor.py:914} INFO - Processing file /Users/kartikvadhawana/anaconda3/lib/python3.12/site-packages/airflow/example_dags/example_task_group_decorator.py for tasks to queue
[2025-03-03T19:32:10.367-0500] {logging_mixin.py:190} INFO - [2025-03-03T19:32:10.367-0500] {dagbag.py:588} INFO - Filling up the DagBag from /Users/kartikvadhawana/anaconda3/lib/python3.12/site-packages/airflow/example_dags/example_task_group_decorator.py
[2025-03-03T19:32:10.380-0500] {processor.py:925} INFO - DAG(s) 'example_task_group_decorator' retrieved from /Users/kartikvadhawana/anaconda3/lib/python3.12/site-packages/airflow/example_dags/example_task_group_decorator.py
[2025-03-03T19:32:10.407-0500] {logging_mixin.py:190} INFO - [2025-03-03T19:32:10.407-0500] {dag.py:3239} INFO - Sync 1 DAGs
[2025-03-03T19:32:10.410-0500] {logging_mixin.py:190} INFO - [2025-03-03T19:32:10.410-0500] {dag.py:4180} INFO - Setting next_dagrun for example_task_group_decorator to None, run_after=None
[2025-03-03T19:32:10.416-0500] {processor.py:208} INFO - Processing /Users/kartikvadhawana/anaconda3/lib/python3.12/site-packages/airflow/example_dags/example_task_group_decorator.py took 0.052 seconds
[2025-03-03T19:34:03.912-0500] {processor.py:186} INFO - Started process (PID=92460) to work on /Users/kartikvadhawana/anaconda3/lib/python3.12/site-packages/airflow/example_dags/example_task_group_decorator.py
[2025-03-03T19:34:03.913-0500] {processor.py:914} INFO - Processing file /Users/kartikvadhawana/anaconda3/lib/python3.12/site-packages/airflow/example_dags/example_task_group_decorator.py for tasks to queue
[2025-03-03T19:34:03.914-0500] {logging_mixin.py:190} INFO - [2025-03-03T19:34:03.913-0500] {dagbag.py:588} INFO - Filling up the DagBag from /Users/kartikvadhawana/anaconda3/lib/python3.12/site-packages/airflow/example_dags/example_task_group_decorator.py
[2025-03-03T19:34:03.928-0500] {processor.py:925} INFO - DAG(s) 'example_task_group_decorator' retrieved from /Users/kartikvadhawana/anaconda3/lib/python3.12/site-packages/airflow/example_dags/example_task_group_decorator.py
[2025-03-03T19:34:03.955-0500] {logging_mixin.py:190} INFO - [2025-03-03T19:34:03.955-0500] {dag.py:3239} INFO - Sync 1 DAGs
[2025-03-03T19:34:03.958-0500] {logging_mixin.py:190} INFO - [2025-03-03T19:34:03.958-0500] {dag.py:4180} INFO - Setting next_dagrun for example_task_group_decorator to None, run_after=None
[2025-03-03T19:34:03.964-0500] {processor.py:208} INFO - Processing /Users/kartikvadhawana/anaconda3/lib/python3.12/site-packages/airflow/example_dags/example_task_group_decorator.py took 0.053 seconds
[2025-03-03T19:35:23.537-0500] {processor.py:186} INFO - Started process (PID=92643) to work on /Users/kartikvadhawana/anaconda3/lib/python3.12/site-packages/airflow/example_dags/example_task_group_decorator.py
[2025-03-03T19:35:23.538-0500] {processor.py:914} INFO - Processing file /Users/kartikvadhawana/anaconda3/lib/python3.12/site-packages/airflow/example_dags/example_task_group_decorator.py for tasks to queue
[2025-03-03T19:35:23.539-0500] {logging_mixin.py:190} INFO - [2025-03-03T19:35:23.539-0500] {dagbag.py:588} INFO - Filling up the DagBag from /Users/kartikvadhawana/anaconda3/lib/python3.12/site-packages/airflow/example_dags/example_task_group_decorator.py
[2025-03-03T19:35:23.553-0500] {processor.py:925} INFO - DAG(s) 'example_task_group_decorator' retrieved from /Users/kartikvadhawana/anaconda3/lib/python3.12/site-packages/airflow/example_dags/example_task_group_decorator.py
[2025-03-03T19:35:23.580-0500] {logging_mixin.py:190} INFO - [2025-03-03T19:35:23.580-0500] {dag.py:3239} INFO - Sync 1 DAGs
[2025-03-03T19:35:23.583-0500] {logging_mixin.py:190} INFO - [2025-03-03T19:35:23.583-0500] {dag.py:4180} INFO - Setting next_dagrun for example_task_group_decorator to None, run_after=None
[2025-03-03T19:35:23.589-0500] {processor.py:208} INFO - Processing /Users/kartikvadhawana/anaconda3/lib/python3.12/site-packages/airflow/example_dags/example_task_group_decorator.py took 0.053 seconds
[2025-03-03T19:36:41.149-0500] {processor.py:186} INFO - Started process (PID=92818) to work on /Users/kartikvadhawana/anaconda3/lib/python3.12/site-packages/airflow/example_dags/example_task_group_decorator.py
[2025-03-03T19:36:41.151-0500] {processor.py:914} INFO - Processing file /Users/kartikvadhawana/anaconda3/lib/python3.12/site-packages/airflow/example_dags/example_task_group_decorator.py for tasks to queue
[2025-03-03T19:36:41.151-0500] {logging_mixin.py:190} INFO - [2025-03-03T19:36:41.151-0500] {dagbag.py:588} INFO - Filling up the DagBag from /Users/kartikvadhawana/anaconda3/lib/python3.12/site-packages/airflow/example_dags/example_task_group_decorator.py
[2025-03-03T19:36:41.165-0500] {processor.py:925} INFO - DAG(s) 'example_task_group_decorator' retrieved from /Users/kartikvadhawana/anaconda3/lib/python3.12/site-packages/airflow/example_dags/example_task_group_decorator.py
[2025-03-03T19:36:41.193-0500] {logging_mixin.py:190} INFO - [2025-03-03T19:36:41.193-0500] {dag.py:3239} INFO - Sync 1 DAGs
[2025-03-03T19:36:41.196-0500] {logging_mixin.py:190} INFO - [2025-03-03T19:36:41.196-0500] {dag.py:4180} INFO - Setting next_dagrun for example_task_group_decorator to None, run_after=None
[2025-03-03T19:36:41.202-0500] {processor.py:208} INFO - Processing /Users/kartikvadhawana/anaconda3/lib/python3.12/site-packages/airflow/example_dags/example_task_group_decorator.py took 0.053 seconds
[2025-03-03T19:38:02.402-0500] {processor.py:186} INFO - Started process (PID=93005) to work on /Users/kartikvadhawana/anaconda3/lib/python3.12/site-packages/airflow/example_dags/example_task_group_decorator.py
[2025-03-03T19:38:02.403-0500] {processor.py:914} INFO - Processing file /Users/kartikvadhawana/anaconda3/lib/python3.12/site-packages/airflow/example_dags/example_task_group_decorator.py for tasks to queue
[2025-03-03T19:38:02.403-0500] {logging_mixin.py:190} INFO - [2025-03-03T19:38:02.403-0500] {dagbag.py:588} INFO - Filling up the DagBag from /Users/kartikvadhawana/anaconda3/lib/python3.12/site-packages/airflow/example_dags/example_task_group_decorator.py
[2025-03-03T19:38:02.417-0500] {processor.py:925} INFO - DAG(s) 'example_task_group_decorator' retrieved from /Users/kartikvadhawana/anaconda3/lib/python3.12/site-packages/airflow/example_dags/example_task_group_decorator.py
[2025-03-03T19:38:02.446-0500] {logging_mixin.py:190} INFO - [2025-03-03T19:38:02.445-0500] {dag.py:3239} INFO - Sync 1 DAGs
[2025-03-03T19:38:02.449-0500] {logging_mixin.py:190} INFO - [2025-03-03T19:38:02.449-0500] {dag.py:4180} INFO - Setting next_dagrun for example_task_group_decorator to None, run_after=None
[2025-03-03T19:38:02.455-0500] {processor.py:208} INFO - Processing /Users/kartikvadhawana/anaconda3/lib/python3.12/site-packages/airflow/example_dags/example_task_group_decorator.py took 0.055 seconds
[2025-03-03T19:39:24.564-0500] {processor.py:186} INFO - Started process (PID=93190) to work on /Users/kartikvadhawana/anaconda3/lib/python3.12/site-packages/airflow/example_dags/example_task_group_decorator.py
[2025-03-03T19:39:24.565-0500] {processor.py:914} INFO - Processing file /Users/kartikvadhawana/anaconda3/lib/python3.12/site-packages/airflow/example_dags/example_task_group_decorator.py for tasks to queue
[2025-03-03T19:39:24.565-0500] {logging_mixin.py:190} INFO - [2025-03-03T19:39:24.565-0500] {dagbag.py:588} INFO - Filling up the DagBag from /Users/kartikvadhawana/anaconda3/lib/python3.12/site-packages/airflow/example_dags/example_task_group_decorator.py
[2025-03-03T19:39:24.579-0500] {processor.py:925} INFO - DAG(s) 'example_task_group_decorator' retrieved from /Users/kartikvadhawana/anaconda3/lib/python3.12/site-packages/airflow/example_dags/example_task_group_decorator.py
[2025-03-03T19:39:24.607-0500] {logging_mixin.py:190} INFO - [2025-03-03T19:39:24.607-0500] {dag.py:3239} INFO - Sync 1 DAGs
[2025-03-03T19:39:24.610-0500] {logging_mixin.py:190} INFO - [2025-03-03T19:39:24.610-0500] {dag.py:4180} INFO - Setting next_dagrun for example_task_group_decorator to None, run_after=None
[2025-03-03T19:39:24.616-0500] {processor.py:208} INFO - Processing /Users/kartikvadhawana/anaconda3/lib/python3.12/site-packages/airflow/example_dags/example_task_group_decorator.py took 0.053 seconds
[2025-03-03T19:40:43.801-0500] {processor.py:186} INFO - Started process (PID=93411) to work on /Users/kartikvadhawana/anaconda3/lib/python3.12/site-packages/airflow/example_dags/example_task_group_decorator.py
[2025-03-03T19:40:43.802-0500] {processor.py:914} INFO - Processing file /Users/kartikvadhawana/anaconda3/lib/python3.12/site-packages/airflow/example_dags/example_task_group_decorator.py for tasks to queue
[2025-03-03T19:40:43.803-0500] {logging_mixin.py:190} INFO - [2025-03-03T19:40:43.803-0500] {dagbag.py:588} INFO - Filling up the DagBag from /Users/kartikvadhawana/anaconda3/lib/python3.12/site-packages/airflow/example_dags/example_task_group_decorator.py
[2025-03-03T19:40:43.817-0500] {processor.py:925} INFO - DAG(s) 'example_task_group_decorator' retrieved from /Users/kartikvadhawana/anaconda3/lib/python3.12/site-packages/airflow/example_dags/example_task_group_decorator.py
[2025-03-03T19:40:43.844-0500] {logging_mixin.py:190} INFO - [2025-03-03T19:40:43.844-0500] {dag.py:3239} INFO - Sync 1 DAGs
[2025-03-03T19:40:43.847-0500] {logging_mixin.py:190} INFO - [2025-03-03T19:40:43.847-0500] {dag.py:4180} INFO - Setting next_dagrun for example_task_group_decorator to None, run_after=None
[2025-03-03T19:40:43.852-0500] {processor.py:208} INFO - Processing /Users/kartikvadhawana/anaconda3/lib/python3.12/site-packages/airflow/example_dags/example_task_group_decorator.py took 0.052 seconds
[2025-03-03T19:42:09.698-0500] {processor.py:186} INFO - Started process (PID=93807) to work on /Users/kartikvadhawana/anaconda3/lib/python3.12/site-packages/airflow/example_dags/example_task_group_decorator.py
[2025-03-03T19:42:09.699-0500] {processor.py:914} INFO - Processing file /Users/kartikvadhawana/anaconda3/lib/python3.12/site-packages/airflow/example_dags/example_task_group_decorator.py for tasks to queue
[2025-03-03T19:42:09.700-0500] {logging_mixin.py:190} INFO - [2025-03-03T19:42:09.700-0500] {dagbag.py:588} INFO - Filling up the DagBag from /Users/kartikvadhawana/anaconda3/lib/python3.12/site-packages/airflow/example_dags/example_task_group_decorator.py
[2025-03-03T19:42:09.714-0500] {processor.py:925} INFO - DAG(s) 'example_task_group_decorator' retrieved from /Users/kartikvadhawana/anaconda3/lib/python3.12/site-packages/airflow/example_dags/example_task_group_decorator.py
[2025-03-03T19:42:09.742-0500] {logging_mixin.py:190} INFO - [2025-03-03T19:42:09.742-0500] {dag.py:3239} INFO - Sync 1 DAGs
[2025-03-03T19:42:09.745-0500] {logging_mixin.py:190} INFO - [2025-03-03T19:42:09.745-0500] {dag.py:4180} INFO - Setting next_dagrun for example_task_group_decorator to None, run_after=None
[2025-03-03T19:42:09.751-0500] {processor.py:208} INFO - Processing /Users/kartikvadhawana/anaconda3/lib/python3.12/site-packages/airflow/example_dags/example_task_group_decorator.py took 0.054 seconds
[2025-03-03T19:44:02.394-0500] {processor.py:186} INFO - Started process (PID=94001) to work on /Users/kartikvadhawana/anaconda3/lib/python3.12/site-packages/airflow/example_dags/example_task_group_decorator.py
[2025-03-03T19:44:02.395-0500] {processor.py:914} INFO - Processing file /Users/kartikvadhawana/anaconda3/lib/python3.12/site-packages/airflow/example_dags/example_task_group_decorator.py for tasks to queue
[2025-03-03T19:44:02.395-0500] {logging_mixin.py:190} INFO - [2025-03-03T19:44:02.395-0500] {dagbag.py:588} INFO - Filling up the DagBag from /Users/kartikvadhawana/anaconda3/lib/python3.12/site-packages/airflow/example_dags/example_task_group_decorator.py
[2025-03-03T19:44:02.410-0500] {processor.py:925} INFO - DAG(s) 'example_task_group_decorator' retrieved from /Users/kartikvadhawana/anaconda3/lib/python3.12/site-packages/airflow/example_dags/example_task_group_decorator.py
[2025-03-03T19:44:02.437-0500] {logging_mixin.py:190} INFO - [2025-03-03T19:44:02.437-0500] {dag.py:3239} INFO - Sync 1 DAGs
[2025-03-03T19:44:02.440-0500] {logging_mixin.py:190} INFO - [2025-03-03T19:44:02.440-0500] {dag.py:4180} INFO - Setting next_dagrun for example_task_group_decorator to None, run_after=None
[2025-03-03T19:44:02.445-0500] {processor.py:208} INFO - Processing /Users/kartikvadhawana/anaconda3/lib/python3.12/site-packages/airflow/example_dags/example_task_group_decorator.py took 0.052 seconds
[2025-03-03T19:45:21.738-0500] {processor.py:186} INFO - Started process (PID=94222) to work on /Users/kartikvadhawana/anaconda3/lib/python3.12/site-packages/airflow/example_dags/example_task_group_decorator.py
[2025-03-03T19:45:21.738-0500] {processor.py:914} INFO - Processing file /Users/kartikvadhawana/anaconda3/lib/python3.12/site-packages/airflow/example_dags/example_task_group_decorator.py for tasks to queue
[2025-03-03T19:45:21.739-0500] {logging_mixin.py:190} INFO - [2025-03-03T19:45:21.739-0500] {dagbag.py:588} INFO - Filling up the DagBag from /Users/kartikvadhawana/anaconda3/lib/python3.12/site-packages/airflow/example_dags/example_task_group_decorator.py
[2025-03-03T19:45:21.753-0500] {processor.py:925} INFO - DAG(s) 'example_task_group_decorator' retrieved from /Users/kartikvadhawana/anaconda3/lib/python3.12/site-packages/airflow/example_dags/example_task_group_decorator.py
[2025-03-03T19:45:21.781-0500] {logging_mixin.py:190} INFO - [2025-03-03T19:45:21.781-0500] {dag.py:3239} INFO - Sync 1 DAGs
[2025-03-03T19:45:21.784-0500] {logging_mixin.py:190} INFO - [2025-03-03T19:45:21.784-0500] {dag.py:4180} INFO - Setting next_dagrun for example_task_group_decorator to None, run_after=None
[2025-03-03T19:45:21.790-0500] {processor.py:208} INFO - Processing /Users/kartikvadhawana/anaconda3/lib/python3.12/site-packages/airflow/example_dags/example_task_group_decorator.py took 0.053 seconds
[2025-03-03T19:48:36.183-0500] {processor.py:186} INFO - Started process (PID=94679) to work on /Users/kartikvadhawana/anaconda3/lib/python3.12/site-packages/airflow/example_dags/example_task_group_decorator.py
[2025-03-03T19:48:36.184-0500] {processor.py:914} INFO - Processing file /Users/kartikvadhawana/anaconda3/lib/python3.12/site-packages/airflow/example_dags/example_task_group_decorator.py for tasks to queue
[2025-03-03T19:48:36.185-0500] {logging_mixin.py:190} INFO - [2025-03-03T19:48:36.185-0500] {dagbag.py:588} INFO - Filling up the DagBag from /Users/kartikvadhawana/anaconda3/lib/python3.12/site-packages/airflow/example_dags/example_task_group_decorator.py
[2025-03-03T19:48:36.204-0500] {processor.py:925} INFO - DAG(s) 'example_task_group_decorator' retrieved from /Users/kartikvadhawana/anaconda3/lib/python3.12/site-packages/airflow/example_dags/example_task_group_decorator.py
[2025-03-03T19:48:36.240-0500] {logging_mixin.py:190} INFO - [2025-03-03T19:48:36.239-0500] {dag.py:3239} INFO - Sync 1 DAGs
[2025-03-03T19:48:36.244-0500] {logging_mixin.py:190} INFO - [2025-03-03T19:48:36.244-0500] {dag.py:4180} INFO - Setting next_dagrun for example_task_group_decorator to None, run_after=None
[2025-03-03T19:48:36.251-0500] {processor.py:208} INFO - Processing /Users/kartikvadhawana/anaconda3/lib/python3.12/site-packages/airflow/example_dags/example_task_group_decorator.py took 0.070 seconds
[2025-03-03T19:50:26.521-0500] {processor.py:186} INFO - Started process (PID=94845) to work on /Users/kartikvadhawana/anaconda3/lib/python3.12/site-packages/airflow/example_dags/example_task_group_decorator.py
[2025-03-03T19:50:26.522-0500] {processor.py:914} INFO - Processing file /Users/kartikvadhawana/anaconda3/lib/python3.12/site-packages/airflow/example_dags/example_task_group_decorator.py for tasks to queue
[2025-03-03T19:50:26.522-0500] {logging_mixin.py:190} INFO - [2025-03-03T19:50:26.522-0500] {dagbag.py:588} INFO - Filling up the DagBag from /Users/kartikvadhawana/anaconda3/lib/python3.12/site-packages/airflow/example_dags/example_task_group_decorator.py
[2025-03-03T19:50:26.536-0500] {processor.py:925} INFO - DAG(s) 'example_task_group_decorator' retrieved from /Users/kartikvadhawana/anaconda3/lib/python3.12/site-packages/airflow/example_dags/example_task_group_decorator.py
[2025-03-03T19:50:26.563-0500] {logging_mixin.py:190} INFO - [2025-03-03T19:50:26.563-0500] {dag.py:3239} INFO - Sync 1 DAGs
[2025-03-03T19:50:26.566-0500] {logging_mixin.py:190} INFO - [2025-03-03T19:50:26.566-0500] {dag.py:4180} INFO - Setting next_dagrun for example_task_group_decorator to None, run_after=None
[2025-03-03T19:50:26.572-0500] {processor.py:208} INFO - Processing /Users/kartikvadhawana/anaconda3/lib/python3.12/site-packages/airflow/example_dags/example_task_group_decorator.py took 0.052 seconds
[2025-03-03T19:51:45.426-0500] {processor.py:186} INFO - Started process (PID=94939) to work on /Users/kartikvadhawana/anaconda3/lib/python3.12/site-packages/airflow/example_dags/example_task_group_decorator.py
[2025-03-03T19:51:45.426-0500] {processor.py:914} INFO - Processing file /Users/kartikvadhawana/anaconda3/lib/python3.12/site-packages/airflow/example_dags/example_task_group_decorator.py for tasks to queue
[2025-03-03T19:51:45.427-0500] {logging_mixin.py:190} INFO - [2025-03-03T19:51:45.427-0500] {dagbag.py:588} INFO - Filling up the DagBag from /Users/kartikvadhawana/anaconda3/lib/python3.12/site-packages/airflow/example_dags/example_task_group_decorator.py
[2025-03-03T19:51:45.440-0500] {processor.py:925} INFO - DAG(s) 'example_task_group_decorator' retrieved from /Users/kartikvadhawana/anaconda3/lib/python3.12/site-packages/airflow/example_dags/example_task_group_decorator.py
[2025-03-03T19:51:45.467-0500] {logging_mixin.py:190} INFO - [2025-03-03T19:51:45.467-0500] {dag.py:3239} INFO - Sync 1 DAGs
[2025-03-03T19:51:45.470-0500] {logging_mixin.py:190} INFO - [2025-03-03T19:51:45.470-0500] {dag.py:4180} INFO - Setting next_dagrun for example_task_group_decorator to None, run_after=None
[2025-03-03T19:51:45.476-0500] {processor.py:208} INFO - Processing /Users/kartikvadhawana/anaconda3/lib/python3.12/site-packages/airflow/example_dags/example_task_group_decorator.py took 0.051 seconds
[2025-03-03T19:53:06.353-0500] {processor.py:186} INFO - Started process (PID=95154) to work on /Users/kartikvadhawana/anaconda3/lib/python3.12/site-packages/airflow/example_dags/example_task_group_decorator.py
[2025-03-03T19:53:06.354-0500] {processor.py:914} INFO - Processing file /Users/kartikvadhawana/anaconda3/lib/python3.12/site-packages/airflow/example_dags/example_task_group_decorator.py for tasks to queue
[2025-03-03T19:53:06.354-0500] {logging_mixin.py:190} INFO - [2025-03-03T19:53:06.354-0500] {dagbag.py:588} INFO - Filling up the DagBag from /Users/kartikvadhawana/anaconda3/lib/python3.12/site-packages/airflow/example_dags/example_task_group_decorator.py
[2025-03-03T19:53:06.368-0500] {processor.py:925} INFO - DAG(s) 'example_task_group_decorator' retrieved from /Users/kartikvadhawana/anaconda3/lib/python3.12/site-packages/airflow/example_dags/example_task_group_decorator.py
[2025-03-03T19:53:06.396-0500] {logging_mixin.py:190} INFO - [2025-03-03T19:53:06.396-0500] {dag.py:3239} INFO - Sync 1 DAGs
[2025-03-03T19:53:06.399-0500] {logging_mixin.py:190} INFO - [2025-03-03T19:53:06.399-0500] {dag.py:4180} INFO - Setting next_dagrun for example_task_group_decorator to None, run_after=None
[2025-03-03T19:53:06.404-0500] {processor.py:208} INFO - Processing /Users/kartikvadhawana/anaconda3/lib/python3.12/site-packages/airflow/example_dags/example_task_group_decorator.py took 0.053 seconds
[2025-03-03T19:54:29.660-0500] {processor.py:186} INFO - Started process (PID=95334) to work on /Users/kartikvadhawana/anaconda3/lib/python3.12/site-packages/airflow/example_dags/example_task_group_decorator.py
[2025-03-03T19:54:29.661-0500] {processor.py:914} INFO - Processing file /Users/kartikvadhawana/anaconda3/lib/python3.12/site-packages/airflow/example_dags/example_task_group_decorator.py for tasks to queue
[2025-03-03T19:54:29.662-0500] {logging_mixin.py:190} INFO - [2025-03-03T19:54:29.661-0500] {dagbag.py:588} INFO - Filling up the DagBag from /Users/kartikvadhawana/anaconda3/lib/python3.12/site-packages/airflow/example_dags/example_task_group_decorator.py
[2025-03-03T19:54:29.676-0500] {processor.py:925} INFO - DAG(s) 'example_task_group_decorator' retrieved from /Users/kartikvadhawana/anaconda3/lib/python3.12/site-packages/airflow/example_dags/example_task_group_decorator.py
[2025-03-03T19:54:29.704-0500] {logging_mixin.py:190} INFO - [2025-03-03T19:54:29.704-0500] {dag.py:3239} INFO - Sync 1 DAGs
[2025-03-03T19:54:29.707-0500] {logging_mixin.py:190} INFO - [2025-03-03T19:54:29.707-0500] {dag.py:4180} INFO - Setting next_dagrun for example_task_group_decorator to None, run_after=None
[2025-03-03T19:54:29.713-0500] {processor.py:208} INFO - Processing /Users/kartikvadhawana/anaconda3/lib/python3.12/site-packages/airflow/example_dags/example_task_group_decorator.py took 0.054 seconds
[2025-03-03T19:55:53.169-0500] {processor.py:186} INFO - Started process (PID=95576) to work on /Users/kartikvadhawana/anaconda3/lib/python3.12/site-packages/airflow/example_dags/example_task_group_decorator.py
[2025-03-03T19:55:53.169-0500] {processor.py:914} INFO - Processing file /Users/kartikvadhawana/anaconda3/lib/python3.12/site-packages/airflow/example_dags/example_task_group_decorator.py for tasks to queue
[2025-03-03T19:55:53.170-0500] {logging_mixin.py:190} INFO - [2025-03-03T19:55:53.170-0500] {dagbag.py:588} INFO - Filling up the DagBag from /Users/kartikvadhawana/anaconda3/lib/python3.12/site-packages/airflow/example_dags/example_task_group_decorator.py
[2025-03-03T19:55:53.184-0500] {processor.py:925} INFO - DAG(s) 'example_task_group_decorator' retrieved from /Users/kartikvadhawana/anaconda3/lib/python3.12/site-packages/airflow/example_dags/example_task_group_decorator.py
[2025-03-03T19:55:53.211-0500] {logging_mixin.py:190} INFO - [2025-03-03T19:55:53.211-0500] {dag.py:3239} INFO - Sync 1 DAGs
[2025-03-03T19:55:53.214-0500] {logging_mixin.py:190} INFO - [2025-03-03T19:55:53.214-0500] {dag.py:4180} INFO - Setting next_dagrun for example_task_group_decorator to None, run_after=None
[2025-03-03T19:55:53.220-0500] {processor.py:208} INFO - Processing /Users/kartikvadhawana/anaconda3/lib/python3.12/site-packages/airflow/example_dags/example_task_group_decorator.py took 0.052 seconds
[2025-03-03T19:57:14.382-0500] {processor.py:186} INFO - Started process (PID=95772) to work on /Users/kartikvadhawana/anaconda3/lib/python3.12/site-packages/airflow/example_dags/example_task_group_decorator.py
[2025-03-03T19:57:14.383-0500] {processor.py:914} INFO - Processing file /Users/kartikvadhawana/anaconda3/lib/python3.12/site-packages/airflow/example_dags/example_task_group_decorator.py for tasks to queue
[2025-03-03T19:57:14.383-0500] {logging_mixin.py:190} INFO - [2025-03-03T19:57:14.383-0500] {dagbag.py:588} INFO - Filling up the DagBag from /Users/kartikvadhawana/anaconda3/lib/python3.12/site-packages/airflow/example_dags/example_task_group_decorator.py
[2025-03-03T19:57:14.398-0500] {processor.py:925} INFO - DAG(s) 'example_task_group_decorator' retrieved from /Users/kartikvadhawana/anaconda3/lib/python3.12/site-packages/airflow/example_dags/example_task_group_decorator.py
[2025-03-03T19:57:14.425-0500] {logging_mixin.py:190} INFO - [2025-03-03T19:57:14.425-0500] {dag.py:3239} INFO - Sync 1 DAGs
[2025-03-03T19:57:14.428-0500] {logging_mixin.py:190} INFO - [2025-03-03T19:57:14.428-0500] {dag.py:4180} INFO - Setting next_dagrun for example_task_group_decorator to None, run_after=None
[2025-03-03T19:57:14.433-0500] {processor.py:208} INFO - Processing /Users/kartikvadhawana/anaconda3/lib/python3.12/site-packages/airflow/example_dags/example_task_group_decorator.py took 0.053 seconds
[2025-03-03T19:58:36.146-0500] {processor.py:186} INFO - Started process (PID=95931) to work on /Users/kartikvadhawana/anaconda3/lib/python3.12/site-packages/airflow/example_dags/example_task_group_decorator.py
[2025-03-03T19:58:36.147-0500] {processor.py:914} INFO - Processing file /Users/kartikvadhawana/anaconda3/lib/python3.12/site-packages/airflow/example_dags/example_task_group_decorator.py for tasks to queue
[2025-03-03T19:58:36.147-0500] {logging_mixin.py:190} INFO - [2025-03-03T19:58:36.147-0500] {dagbag.py:588} INFO - Filling up the DagBag from /Users/kartikvadhawana/anaconda3/lib/python3.12/site-packages/airflow/example_dags/example_task_group_decorator.py
[2025-03-03T19:58:36.161-0500] {processor.py:925} INFO - DAG(s) 'example_task_group_decorator' retrieved from /Users/kartikvadhawana/anaconda3/lib/python3.12/site-packages/airflow/example_dags/example_task_group_decorator.py
[2025-03-03T19:58:36.188-0500] {logging_mixin.py:190} INFO - [2025-03-03T19:58:36.188-0500] {dag.py:3239} INFO - Sync 1 DAGs
[2025-03-03T19:58:36.191-0500] {logging_mixin.py:190} INFO - [2025-03-03T19:58:36.191-0500] {dag.py:4180} INFO - Setting next_dagrun for example_task_group_decorator to None, run_after=None
[2025-03-03T19:58:36.197-0500] {processor.py:208} INFO - Processing /Users/kartikvadhawana/anaconda3/lib/python3.12/site-packages/airflow/example_dags/example_task_group_decorator.py took 0.052 seconds
[2025-03-03T19:59:57.566-0500] {processor.py:186} INFO - Started process (PID=96033) to work on /Users/kartikvadhawana/anaconda3/lib/python3.12/site-packages/airflow/example_dags/example_task_group_decorator.py
[2025-03-03T19:59:57.567-0500] {processor.py:914} INFO - Processing file /Users/kartikvadhawana/anaconda3/lib/python3.12/site-packages/airflow/example_dags/example_task_group_decorator.py for tasks to queue
[2025-03-03T19:59:57.567-0500] {logging_mixin.py:190} INFO - [2025-03-03T19:59:57.567-0500] {dagbag.py:588} INFO - Filling up the DagBag from /Users/kartikvadhawana/anaconda3/lib/python3.12/site-packages/airflow/example_dags/example_task_group_decorator.py
[2025-03-03T19:59:57.582-0500] {processor.py:925} INFO - DAG(s) 'example_task_group_decorator' retrieved from /Users/kartikvadhawana/anaconda3/lib/python3.12/site-packages/airflow/example_dags/example_task_group_decorator.py
[2025-03-03T19:59:57.609-0500] {logging_mixin.py:190} INFO - [2025-03-03T19:59:57.609-0500] {dag.py:3239} INFO - Sync 1 DAGs
[2025-03-03T19:59:57.612-0500] {logging_mixin.py:190} INFO - [2025-03-03T19:59:57.612-0500] {dag.py:4180} INFO - Setting next_dagrun for example_task_group_decorator to None, run_after=None
[2025-03-03T19:59:57.618-0500] {processor.py:208} INFO - Processing /Users/kartikvadhawana/anaconda3/lib/python3.12/site-packages/airflow/example_dags/example_task_group_decorator.py took 0.053 seconds
