[2025-03-03T19:21:04.782-0500] {processor.py:186} INFO - Started process (PID=89741) to work on /Users/kartikvadhawana/anaconda3/lib/python3.12/site-packages/airflow/example_dags/example_short_circuit_operator.py
[2025-03-03T19:21:04.782-0500] {processor.py:914} INFO - Processing file /Users/kartikvadhawana/anaconda3/lib/python3.12/site-packages/airflow/example_dags/example_short_circuit_operator.py for tasks to queue
[2025-03-03T19:21:04.783-0500] {logging_mixin.py:190} INFO - [2025-03-03T19:21:04.783-0500] {dagbag.py:588} INFO - Filling up the DagBag from /Users/kartikvadhawana/anaconda3/lib/python3.12/site-packages/airflow/example_dags/example_short_circuit_operator.py
[2025-03-03T19:21:04.791-0500] {processor.py:925} INFO - DAG(s) 'example_short_circuit_operator' retrieved from /Users/kartikvadhawana/anaconda3/lib/python3.12/site-packages/airflow/example_dags/example_short_circuit_operator.py
[2025-03-03T19:21:04.842-0500] {logging_mixin.py:190} INFO - [2025-03-03T19:21:04.842-0500] {override.py:1930} INFO - Created Permission View: can edit on DAG:example_short_circuit_operator
[2025-03-03T19:21:04.845-0500] {logging_mixin.py:190} INFO - [2025-03-03T19:21:04.845-0500] {override.py:1930} INFO - Created Permission View: can delete on DAG:example_short_circuit_operator
[2025-03-03T19:21:04.847-0500] {logging_mixin.py:190} INFO - [2025-03-03T19:21:04.846-0500] {override.py:1930} INFO - Created Permission View: can read on DAG:example_short_circuit_operator
[2025-03-03T19:21:04.849-0500] {logging_mixin.py:190} INFO - [2025-03-03T19:21:04.849-0500] {override.py:1930} INFO - Created Permission View: can delete on DAG Run:example_short_circuit_operator
[2025-03-03T19:21:04.850-0500] {logging_mixin.py:190} INFO - [2025-03-03T19:21:04.850-0500] {override.py:1930} INFO - Created Permission View: can create on DAG Run:example_short_circuit_operator
[2025-03-03T19:21:04.851-0500] {logging_mixin.py:190} INFO - [2025-03-03T19:21:04.851-0500] {override.py:1930} INFO - Created Permission View: menu access on DAG Run:example_short_circuit_operator
[2025-03-03T19:21:04.853-0500] {logging_mixin.py:190} INFO - [2025-03-03T19:21:04.853-0500] {override.py:1930} INFO - Created Permission View: can read on DAG Run:example_short_circuit_operator
[2025-03-03T19:21:04.853-0500] {logging_mixin.py:190} INFO - [2025-03-03T19:21:04.853-0500] {dag.py:3239} INFO - Sync 1 DAGs
[2025-03-03T19:21:04.856-0500] {logging_mixin.py:190} INFO - [2025-03-03T19:21:04.856-0500] {dag.py:3262} INFO - Creating ORM DAG for example_short_circuit_operator
[2025-03-03T19:21:04.856-0500] {logging_mixin.py:190} INFO - [2025-03-03T19:21:04.856-0500] {dag.py:4180} INFO - Setting next_dagrun for example_short_circuit_operator to None, run_after=None
[2025-03-03T19:21:04.861-0500] {processor.py:208} INFO - Processing /Users/kartikvadhawana/anaconda3/lib/python3.12/site-packages/airflow/example_dags/example_short_circuit_operator.py took 0.080 seconds
[2025-03-03T19:22:52.576-0500] {processor.py:186} INFO - Started process (PID=90129) to work on /Users/kartikvadhawana/anaconda3/lib/python3.12/site-packages/airflow/example_dags/example_short_circuit_operator.py
[2025-03-03T19:22:52.577-0500] {processor.py:914} INFO - Processing file /Users/kartikvadhawana/anaconda3/lib/python3.12/site-packages/airflow/example_dags/example_short_circuit_operator.py for tasks to queue
[2025-03-03T19:22:52.578-0500] {logging_mixin.py:190} INFO - [2025-03-03T19:22:52.578-0500] {dagbag.py:588} INFO - Filling up the DagBag from /Users/kartikvadhawana/anaconda3/lib/python3.12/site-packages/airflow/example_dags/example_short_circuit_operator.py
[2025-03-03T19:22:52.587-0500] {processor.py:925} INFO - DAG(s) 'example_short_circuit_operator' retrieved from /Users/kartikvadhawana/anaconda3/lib/python3.12/site-packages/airflow/example_dags/example_short_circuit_operator.py
[2025-03-03T19:22:52.613-0500] {logging_mixin.py:190} INFO - [2025-03-03T19:22:52.613-0500] {dag.py:3239} INFO - Sync 1 DAGs
[2025-03-03T19:22:52.617-0500] {logging_mixin.py:190} INFO - [2025-03-03T19:22:52.617-0500] {dag.py:4180} INFO - Setting next_dagrun for example_short_circuit_operator to None, run_after=None
[2025-03-03T19:22:52.623-0500] {processor.py:208} INFO - Processing /Users/kartikvadhawana/anaconda3/lib/python3.12/site-packages/airflow/example_dags/example_short_circuit_operator.py took 0.049 seconds
[2025-03-03T19:24:13.447-0500] {processor.py:186} INFO - Started process (PID=90424) to work on /Users/kartikvadhawana/anaconda3/lib/python3.12/site-packages/airflow/example_dags/example_short_circuit_operator.py
[2025-03-03T19:24:13.448-0500] {processor.py:914} INFO - Processing file /Users/kartikvadhawana/anaconda3/lib/python3.12/site-packages/airflow/example_dags/example_short_circuit_operator.py for tasks to queue
[2025-03-03T19:24:13.448-0500] {logging_mixin.py:190} INFO - [2025-03-03T19:24:13.448-0500] {dagbag.py:588} INFO - Filling up the DagBag from /Users/kartikvadhawana/anaconda3/lib/python3.12/site-packages/airflow/example_dags/example_short_circuit_operator.py
[2025-03-03T19:24:13.459-0500] {processor.py:925} INFO - DAG(s) 'example_short_circuit_operator' retrieved from /Users/kartikvadhawana/anaconda3/lib/python3.12/site-packages/airflow/example_dags/example_short_circuit_operator.py
[2025-03-03T19:24:13.492-0500] {logging_mixin.py:190} INFO - [2025-03-03T19:24:13.492-0500] {dag.py:3239} INFO - Sync 1 DAGs
[2025-03-03T19:24:13.495-0500] {logging_mixin.py:190} INFO - [2025-03-03T19:24:13.495-0500] {dag.py:4180} INFO - Setting next_dagrun for example_short_circuit_operator to None, run_after=None
[2025-03-03T19:24:13.501-0500] {processor.py:208} INFO - Processing /Users/kartikvadhawana/anaconda3/lib/python3.12/site-packages/airflow/example_dags/example_short_circuit_operator.py took 0.055 seconds
[2025-03-03T19:25:40.149-0500] {processor.py:186} INFO - Started process (PID=90724) to work on /Users/kartikvadhawana/anaconda3/lib/python3.12/site-packages/airflow/example_dags/example_short_circuit_operator.py
[2025-03-03T19:25:40.150-0500] {processor.py:914} INFO - Processing file /Users/kartikvadhawana/anaconda3/lib/python3.12/site-packages/airflow/example_dags/example_short_circuit_operator.py for tasks to queue
[2025-03-03T19:25:40.150-0500] {logging_mixin.py:190} INFO - [2025-03-03T19:25:40.150-0500] {dagbag.py:588} INFO - Filling up the DagBag from /Users/kartikvadhawana/anaconda3/lib/python3.12/site-packages/airflow/example_dags/example_short_circuit_operator.py
[2025-03-03T19:25:40.160-0500] {processor.py:925} INFO - DAG(s) 'example_short_circuit_operator' retrieved from /Users/kartikvadhawana/anaconda3/lib/python3.12/site-packages/airflow/example_dags/example_short_circuit_operator.py
[2025-03-03T19:25:40.189-0500] {logging_mixin.py:190} INFO - [2025-03-03T19:25:40.189-0500] {dag.py:3239} INFO - Sync 1 DAGs
[2025-03-03T19:25:40.193-0500] {logging_mixin.py:190} INFO - [2025-03-03T19:25:40.192-0500] {dag.py:4180} INFO - Setting next_dagrun for example_short_circuit_operator to None, run_after=None
[2025-03-03T19:25:40.198-0500] {processor.py:208} INFO - Processing /Users/kartikvadhawana/anaconda3/lib/python3.12/site-packages/airflow/example_dags/example_short_circuit_operator.py took 0.051 seconds
[2025-03-03T19:28:03.864-0500] {processor.py:186} INFO - Started process (PID=91372) to work on /Users/kartikvadhawana/anaconda3/lib/python3.12/site-packages/airflow/example_dags/example_short_circuit_operator.py
[2025-03-03T19:28:03.864-0500] {processor.py:914} INFO - Processing file /Users/kartikvadhawana/anaconda3/lib/python3.12/site-packages/airflow/example_dags/example_short_circuit_operator.py for tasks to queue
[2025-03-03T19:28:03.865-0500] {logging_mixin.py:190} INFO - [2025-03-03T19:28:03.865-0500] {dagbag.py:588} INFO - Filling up the DagBag from /Users/kartikvadhawana/anaconda3/lib/python3.12/site-packages/airflow/example_dags/example_short_circuit_operator.py
[2025-03-03T19:28:03.874-0500] {processor.py:925} INFO - DAG(s) 'example_short_circuit_operator' retrieved from /Users/kartikvadhawana/anaconda3/lib/python3.12/site-packages/airflow/example_dags/example_short_circuit_operator.py
[2025-03-03T19:28:03.900-0500] {logging_mixin.py:190} INFO - [2025-03-03T19:28:03.900-0500] {dag.py:3239} INFO - Sync 1 DAGs
[2025-03-03T19:28:03.903-0500] {logging_mixin.py:190} INFO - [2025-03-03T19:28:03.903-0500] {dag.py:4180} INFO - Setting next_dagrun for example_short_circuit_operator to None, run_after=None
[2025-03-03T19:28:03.909-0500] {processor.py:208} INFO - Processing /Users/kartikvadhawana/anaconda3/lib/python3.12/site-packages/airflow/example_dags/example_short_circuit_operator.py took 0.046 seconds
[2025-03-03T19:29:52.082-0500] {processor.py:186} INFO - Started process (PID=91706) to work on /Users/kartikvadhawana/anaconda3/lib/python3.12/site-packages/airflow/example_dags/example_short_circuit_operator.py
[2025-03-03T19:29:52.084-0500] {processor.py:914} INFO - Processing file /Users/kartikvadhawana/anaconda3/lib/python3.12/site-packages/airflow/example_dags/example_short_circuit_operator.py for tasks to queue
[2025-03-03T19:29:52.084-0500] {logging_mixin.py:190} INFO - [2025-03-03T19:29:52.084-0500] {dagbag.py:588} INFO - Filling up the DagBag from /Users/kartikvadhawana/anaconda3/lib/python3.12/site-packages/airflow/example_dags/example_short_circuit_operator.py
[2025-03-03T19:29:52.093-0500] {processor.py:925} INFO - DAG(s) 'example_short_circuit_operator' retrieved from /Users/kartikvadhawana/anaconda3/lib/python3.12/site-packages/airflow/example_dags/example_short_circuit_operator.py
[2025-03-03T19:29:52.119-0500] {logging_mixin.py:190} INFO - [2025-03-03T19:29:52.119-0500] {dag.py:3239} INFO - Sync 1 DAGs
[2025-03-03T19:29:52.122-0500] {logging_mixin.py:190} INFO - [2025-03-03T19:29:52.122-0500] {dag.py:4180} INFO - Setting next_dagrun for example_short_circuit_operator to None, run_after=None
[2025-03-03T19:29:52.127-0500] {processor.py:208} INFO - Processing /Users/kartikvadhawana/anaconda3/lib/python3.12/site-packages/airflow/example_dags/example_short_circuit_operator.py took 0.046 seconds
[2025-03-03T19:31:10.072-0500] {processor.py:186} INFO - Started process (PID=91906) to work on /Users/kartikvadhawana/anaconda3/lib/python3.12/site-packages/airflow/example_dags/example_short_circuit_operator.py
[2025-03-03T19:31:10.073-0500] {processor.py:914} INFO - Processing file /Users/kartikvadhawana/anaconda3/lib/python3.12/site-packages/airflow/example_dags/example_short_circuit_operator.py for tasks to queue
[2025-03-03T19:31:10.073-0500] {logging_mixin.py:190} INFO - [2025-03-03T19:31:10.073-0500] {dagbag.py:588} INFO - Filling up the DagBag from /Users/kartikvadhawana/anaconda3/lib/python3.12/site-packages/airflow/example_dags/example_short_circuit_operator.py
[2025-03-03T19:31:10.082-0500] {processor.py:925} INFO - DAG(s) 'example_short_circuit_operator' retrieved from /Users/kartikvadhawana/anaconda3/lib/python3.12/site-packages/airflow/example_dags/example_short_circuit_operator.py
[2025-03-03T19:31:10.108-0500] {logging_mixin.py:190} INFO - [2025-03-03T19:31:10.108-0500] {dag.py:3239} INFO - Sync 1 DAGs
[2025-03-03T19:31:10.111-0500] {logging_mixin.py:190} INFO - [2025-03-03T19:31:10.111-0500] {dag.py:4180} INFO - Setting next_dagrun for example_short_circuit_operator to None, run_after=None
[2025-03-03T19:31:10.117-0500] {processor.py:208} INFO - Processing /Users/kartikvadhawana/anaconda3/lib/python3.12/site-packages/airflow/example_dags/example_short_circuit_operator.py took 0.046 seconds
[2025-03-03T19:32:20.864-0500] {processor.py:186} INFO - Started process (PID=92224) to work on /Users/kartikvadhawana/anaconda3/lib/python3.12/site-packages/airflow/example_dags/example_short_circuit_operator.py
[2025-03-03T19:32:20.865-0500] {processor.py:914} INFO - Processing file /Users/kartikvadhawana/anaconda3/lib/python3.12/site-packages/airflow/example_dags/example_short_circuit_operator.py for tasks to queue
[2025-03-03T19:32:20.865-0500] {logging_mixin.py:190} INFO - [2025-03-03T19:32:20.865-0500] {dagbag.py:588} INFO - Filling up the DagBag from /Users/kartikvadhawana/anaconda3/lib/python3.12/site-packages/airflow/example_dags/example_short_circuit_operator.py
[2025-03-03T19:32:20.875-0500] {processor.py:925} INFO - DAG(s) 'example_short_circuit_operator' retrieved from /Users/kartikvadhawana/anaconda3/lib/python3.12/site-packages/airflow/example_dags/example_short_circuit_operator.py
[2025-03-03T19:32:20.902-0500] {logging_mixin.py:190} INFO - [2025-03-03T19:32:20.902-0500] {dag.py:3239} INFO - Sync 1 DAGs
[2025-03-03T19:32:20.905-0500] {logging_mixin.py:190} INFO - [2025-03-03T19:32:20.905-0500] {dag.py:4180} INFO - Setting next_dagrun for example_short_circuit_operator to None, run_after=None
[2025-03-03T19:32:20.911-0500] {processor.py:208} INFO - Processing /Users/kartikvadhawana/anaconda3/lib/python3.12/site-packages/airflow/example_dags/example_short_circuit_operator.py took 0.048 seconds
[2025-03-03T19:34:13.213-0500] {processor.py:186} INFO - Started process (PID=92482) to work on /Users/kartikvadhawana/anaconda3/lib/python3.12/site-packages/airflow/example_dags/example_short_circuit_operator.py
[2025-03-03T19:34:13.214-0500] {processor.py:914} INFO - Processing file /Users/kartikvadhawana/anaconda3/lib/python3.12/site-packages/airflow/example_dags/example_short_circuit_operator.py for tasks to queue
[2025-03-03T19:34:13.214-0500] {logging_mixin.py:190} INFO - [2025-03-03T19:34:13.214-0500] {dagbag.py:588} INFO - Filling up the DagBag from /Users/kartikvadhawana/anaconda3/lib/python3.12/site-packages/airflow/example_dags/example_short_circuit_operator.py
[2025-03-03T19:34:13.223-0500] {processor.py:925} INFO - DAG(s) 'example_short_circuit_operator' retrieved from /Users/kartikvadhawana/anaconda3/lib/python3.12/site-packages/airflow/example_dags/example_short_circuit_operator.py
[2025-03-03T19:34:13.250-0500] {logging_mixin.py:190} INFO - [2025-03-03T19:34:13.249-0500] {dag.py:3239} INFO - Sync 1 DAGs
[2025-03-03T19:34:13.253-0500] {logging_mixin.py:190} INFO - [2025-03-03T19:34:13.252-0500] {dag.py:4180} INFO - Setting next_dagrun for example_short_circuit_operator to None, run_after=None
[2025-03-03T19:34:13.258-0500] {processor.py:208} INFO - Processing /Users/kartikvadhawana/anaconda3/lib/python3.12/site-packages/airflow/example_dags/example_short_circuit_operator.py took 0.046 seconds
[2025-03-03T19:35:32.503-0500] {processor.py:186} INFO - Started process (PID=92664) to work on /Users/kartikvadhawana/anaconda3/lib/python3.12/site-packages/airflow/example_dags/example_short_circuit_operator.py
[2025-03-03T19:35:32.503-0500] {processor.py:914} INFO - Processing file /Users/kartikvadhawana/anaconda3/lib/python3.12/site-packages/airflow/example_dags/example_short_circuit_operator.py for tasks to queue
[2025-03-03T19:35:32.504-0500] {logging_mixin.py:190} INFO - [2025-03-03T19:35:32.504-0500] {dagbag.py:588} INFO - Filling up the DagBag from /Users/kartikvadhawana/anaconda3/lib/python3.12/site-packages/airflow/example_dags/example_short_circuit_operator.py
[2025-03-03T19:35:32.513-0500] {processor.py:925} INFO - DAG(s) 'example_short_circuit_operator' retrieved from /Users/kartikvadhawana/anaconda3/lib/python3.12/site-packages/airflow/example_dags/example_short_circuit_operator.py
[2025-03-03T19:35:32.540-0500] {logging_mixin.py:190} INFO - [2025-03-03T19:35:32.540-0500] {dag.py:3239} INFO - Sync 1 DAGs
[2025-03-03T19:35:32.543-0500] {logging_mixin.py:190} INFO - [2025-03-03T19:35:32.543-0500] {dag.py:4180} INFO - Setting next_dagrun for example_short_circuit_operator to None, run_after=None
[2025-03-03T19:35:32.548-0500] {processor.py:208} INFO - Processing /Users/kartikvadhawana/anaconda3/lib/python3.12/site-packages/airflow/example_dags/example_short_circuit_operator.py took 0.046 seconds
[2025-03-03T19:38:12.138-0500] {processor.py:186} INFO - Started process (PID=93029) to work on /Users/kartikvadhawana/anaconda3/lib/python3.12/site-packages/airflow/example_dags/example_short_circuit_operator.py
[2025-03-03T19:38:12.138-0500] {processor.py:914} INFO - Processing file /Users/kartikvadhawana/anaconda3/lib/python3.12/site-packages/airflow/example_dags/example_short_circuit_operator.py for tasks to queue
[2025-03-03T19:38:12.139-0500] {logging_mixin.py:190} INFO - [2025-03-03T19:38:12.139-0500] {dagbag.py:588} INFO - Filling up the DagBag from /Users/kartikvadhawana/anaconda3/lib/python3.12/site-packages/airflow/example_dags/example_short_circuit_operator.py
[2025-03-03T19:38:12.148-0500] {processor.py:925} INFO - DAG(s) 'example_short_circuit_operator' retrieved from /Users/kartikvadhawana/anaconda3/lib/python3.12/site-packages/airflow/example_dags/example_short_circuit_operator.py
[2025-03-03T19:38:12.175-0500] {logging_mixin.py:190} INFO - [2025-03-03T19:38:12.175-0500] {dag.py:3239} INFO - Sync 1 DAGs
[2025-03-03T19:38:12.178-0500] {logging_mixin.py:190} INFO - [2025-03-03T19:38:12.178-0500] {dag.py:4180} INFO - Setting next_dagrun for example_short_circuit_operator to None, run_after=None
[2025-03-03T19:38:12.183-0500] {processor.py:208} INFO - Processing /Users/kartikvadhawana/anaconda3/lib/python3.12/site-packages/airflow/example_dags/example_short_circuit_operator.py took 0.047 seconds
[2025-03-03T19:39:33.366-0500] {processor.py:186} INFO - Started process (PID=93207) to work on /Users/kartikvadhawana/anaconda3/lib/python3.12/site-packages/airflow/example_dags/example_short_circuit_operator.py
[2025-03-03T19:39:33.367-0500] {processor.py:914} INFO - Processing file /Users/kartikvadhawana/anaconda3/lib/python3.12/site-packages/airflow/example_dags/example_short_circuit_operator.py for tasks to queue
[2025-03-03T19:39:33.368-0500] {logging_mixin.py:190} INFO - [2025-03-03T19:39:33.368-0500] {dagbag.py:588} INFO - Filling up the DagBag from /Users/kartikvadhawana/anaconda3/lib/python3.12/site-packages/airflow/example_dags/example_short_circuit_operator.py
[2025-03-03T19:39:33.376-0500] {processor.py:925} INFO - DAG(s) 'example_short_circuit_operator' retrieved from /Users/kartikvadhawana/anaconda3/lib/python3.12/site-packages/airflow/example_dags/example_short_circuit_operator.py
[2025-03-03T19:39:33.403-0500] {logging_mixin.py:190} INFO - [2025-03-03T19:39:33.403-0500] {dag.py:3239} INFO - Sync 1 DAGs
[2025-03-03T19:39:33.406-0500] {logging_mixin.py:190} INFO - [2025-03-03T19:39:33.406-0500] {dag.py:4180} INFO - Setting next_dagrun for example_short_circuit_operator to None, run_after=None
[2025-03-03T19:39:33.411-0500] {processor.py:208} INFO - Processing /Users/kartikvadhawana/anaconda3/lib/python3.12/site-packages/airflow/example_dags/example_short_circuit_operator.py took 0.046 seconds
[2025-03-03T19:40:52.853-0500] {processor.py:186} INFO - Started process (PID=93440) to work on /Users/kartikvadhawana/anaconda3/lib/python3.12/site-packages/airflow/example_dags/example_short_circuit_operator.py
[2025-03-03T19:40:52.854-0500] {processor.py:914} INFO - Processing file /Users/kartikvadhawana/anaconda3/lib/python3.12/site-packages/airflow/example_dags/example_short_circuit_operator.py for tasks to queue
[2025-03-03T19:40:52.855-0500] {logging_mixin.py:190} INFO - [2025-03-03T19:40:52.855-0500] {dagbag.py:588} INFO - Filling up the DagBag from /Users/kartikvadhawana/anaconda3/lib/python3.12/site-packages/airflow/example_dags/example_short_circuit_operator.py
[2025-03-03T19:40:52.864-0500] {processor.py:925} INFO - DAG(s) 'example_short_circuit_operator' retrieved from /Users/kartikvadhawana/anaconda3/lib/python3.12/site-packages/airflow/example_dags/example_short_circuit_operator.py
[2025-03-03T19:40:52.890-0500] {logging_mixin.py:190} INFO - [2025-03-03T19:40:52.890-0500] {dag.py:3239} INFO - Sync 1 DAGs
[2025-03-03T19:40:52.893-0500] {logging_mixin.py:190} INFO - [2025-03-03T19:40:52.893-0500] {dag.py:4180} INFO - Setting next_dagrun for example_short_circuit_operator to None, run_after=None
[2025-03-03T19:40:52.899-0500] {processor.py:208} INFO - Processing /Users/kartikvadhawana/anaconda3/lib/python3.12/site-packages/airflow/example_dags/example_short_circuit_operator.py took 0.046 seconds
[2025-03-03T19:42:18.749-0500] {processor.py:186} INFO - Started process (PID=93828) to work on /Users/kartikvadhawana/anaconda3/lib/python3.12/site-packages/airflow/example_dags/example_short_circuit_operator.py
[2025-03-03T19:42:18.750-0500] {processor.py:914} INFO - Processing file /Users/kartikvadhawana/anaconda3/lib/python3.12/site-packages/airflow/example_dags/example_short_circuit_operator.py for tasks to queue
[2025-03-03T19:42:18.751-0500] {logging_mixin.py:190} INFO - [2025-03-03T19:42:18.751-0500] {dagbag.py:588} INFO - Filling up the DagBag from /Users/kartikvadhawana/anaconda3/lib/python3.12/site-packages/airflow/example_dags/example_short_circuit_operator.py
[2025-03-03T19:42:18.760-0500] {processor.py:925} INFO - DAG(s) 'example_short_circuit_operator' retrieved from /Users/kartikvadhawana/anaconda3/lib/python3.12/site-packages/airflow/example_dags/example_short_circuit_operator.py
[2025-03-03T19:42:18.786-0500] {logging_mixin.py:190} INFO - [2025-03-03T19:42:18.786-0500] {dag.py:3239} INFO - Sync 1 DAGs
[2025-03-03T19:42:18.789-0500] {logging_mixin.py:190} INFO - [2025-03-03T19:42:18.789-0500] {dag.py:4180} INFO - Setting next_dagrun for example_short_circuit_operator to None, run_after=None
[2025-03-03T19:42:18.794-0500] {processor.py:208} INFO - Processing /Users/kartikvadhawana/anaconda3/lib/python3.12/site-packages/airflow/example_dags/example_short_circuit_operator.py took 0.046 seconds
[2025-03-03T19:44:11.321-0500] {processor.py:186} INFO - Started process (PID=94027) to work on /Users/kartikvadhawana/anaconda3/lib/python3.12/site-packages/airflow/example_dags/example_short_circuit_operator.py
[2025-03-03T19:44:11.322-0500] {processor.py:914} INFO - Processing file /Users/kartikvadhawana/anaconda3/lib/python3.12/site-packages/airflow/example_dags/example_short_circuit_operator.py for tasks to queue
[2025-03-03T19:44:11.322-0500] {logging_mixin.py:190} INFO - [2025-03-03T19:44:11.322-0500] {dagbag.py:588} INFO - Filling up the DagBag from /Users/kartikvadhawana/anaconda3/lib/python3.12/site-packages/airflow/example_dags/example_short_circuit_operator.py
[2025-03-03T19:44:11.331-0500] {processor.py:925} INFO - DAG(s) 'example_short_circuit_operator' retrieved from /Users/kartikvadhawana/anaconda3/lib/python3.12/site-packages/airflow/example_dags/example_short_circuit_operator.py
[2025-03-03T19:44:11.358-0500] {logging_mixin.py:190} INFO - [2025-03-03T19:44:11.358-0500] {dag.py:3239} INFO - Sync 1 DAGs
[2025-03-03T19:44:11.361-0500] {logging_mixin.py:190} INFO - [2025-03-03T19:44:11.361-0500] {dag.py:4180} INFO - Setting next_dagrun for example_short_circuit_operator to None, run_after=None
[2025-03-03T19:44:11.366-0500] {processor.py:208} INFO - Processing /Users/kartikvadhawana/anaconda3/lib/python3.12/site-packages/airflow/example_dags/example_short_circuit_operator.py took 0.046 seconds
[2025-03-03T19:48:45.851-0500] {processor.py:186} INFO - Started process (PID=94694) to work on /Users/kartikvadhawana/anaconda3/lib/python3.12/site-packages/airflow/example_dags/example_short_circuit_operator.py
[2025-03-03T19:48:45.852-0500] {processor.py:914} INFO - Processing file /Users/kartikvadhawana/anaconda3/lib/python3.12/site-packages/airflow/example_dags/example_short_circuit_operator.py for tasks to queue
[2025-03-03T19:48:45.853-0500] {logging_mixin.py:190} INFO - [2025-03-03T19:48:45.853-0500] {dagbag.py:588} INFO - Filling up the DagBag from /Users/kartikvadhawana/anaconda3/lib/python3.12/site-packages/airflow/example_dags/example_short_circuit_operator.py
[2025-03-03T19:48:45.862-0500] {processor.py:925} INFO - DAG(s) 'example_short_circuit_operator' retrieved from /Users/kartikvadhawana/anaconda3/lib/python3.12/site-packages/airflow/example_dags/example_short_circuit_operator.py
[2025-03-03T19:48:45.889-0500] {logging_mixin.py:190} INFO - [2025-03-03T19:48:45.888-0500] {dag.py:3239} INFO - Sync 1 DAGs
[2025-03-03T19:48:45.892-0500] {logging_mixin.py:190} INFO - [2025-03-03T19:48:45.892-0500] {dag.py:4180} INFO - Setting next_dagrun for example_short_circuit_operator to None, run_after=None
[2025-03-03T19:48:45.897-0500] {processor.py:208} INFO - Processing /Users/kartikvadhawana/anaconda3/lib/python3.12/site-packages/airflow/example_dags/example_short_circuit_operator.py took 0.047 seconds
[2025-03-03T19:50:35.258-0500] {processor.py:186} INFO - Started process (PID=94856) to work on /Users/kartikvadhawana/anaconda3/lib/python3.12/site-packages/airflow/example_dags/example_short_circuit_operator.py
[2025-03-03T19:50:35.259-0500] {processor.py:914} INFO - Processing file /Users/kartikvadhawana/anaconda3/lib/python3.12/site-packages/airflow/example_dags/example_short_circuit_operator.py for tasks to queue
[2025-03-03T19:50:35.259-0500] {logging_mixin.py:190} INFO - [2025-03-03T19:50:35.259-0500] {dagbag.py:588} INFO - Filling up the DagBag from /Users/kartikvadhawana/anaconda3/lib/python3.12/site-packages/airflow/example_dags/example_short_circuit_operator.py
[2025-03-03T19:50:35.268-0500] {processor.py:925} INFO - DAG(s) 'example_short_circuit_operator' retrieved from /Users/kartikvadhawana/anaconda3/lib/python3.12/site-packages/airflow/example_dags/example_short_circuit_operator.py
[2025-03-03T19:50:35.294-0500] {logging_mixin.py:190} INFO - [2025-03-03T19:50:35.294-0500] {dag.py:3239} INFO - Sync 1 DAGs
[2025-03-03T19:50:35.297-0500] {logging_mixin.py:190} INFO - [2025-03-03T19:50:35.297-0500] {dag.py:4180} INFO - Setting next_dagrun for example_short_circuit_operator to None, run_after=None
[2025-03-03T19:50:35.302-0500] {processor.py:208} INFO - Processing /Users/kartikvadhawana/anaconda3/lib/python3.12/site-packages/airflow/example_dags/example_short_circuit_operator.py took 0.046 seconds
[2025-03-03T19:51:54.224-0500] {processor.py:186} INFO - Started process (PID=94950) to work on /Users/kartikvadhawana/anaconda3/lib/python3.12/site-packages/airflow/example_dags/example_short_circuit_operator.py
[2025-03-03T19:51:54.224-0500] {processor.py:914} INFO - Processing file /Users/kartikvadhawana/anaconda3/lib/python3.12/site-packages/airflow/example_dags/example_short_circuit_operator.py for tasks to queue
[2025-03-03T19:51:54.224-0500] {logging_mixin.py:190} INFO - [2025-03-03T19:51:54.224-0500] {dagbag.py:588} INFO - Filling up the DagBag from /Users/kartikvadhawana/anaconda3/lib/python3.12/site-packages/airflow/example_dags/example_short_circuit_operator.py
[2025-03-03T19:51:54.233-0500] {processor.py:925} INFO - DAG(s) 'example_short_circuit_operator' retrieved from /Users/kartikvadhawana/anaconda3/lib/python3.12/site-packages/airflow/example_dags/example_short_circuit_operator.py
[2025-03-03T19:51:54.259-0500] {logging_mixin.py:190} INFO - [2025-03-03T19:51:54.259-0500] {dag.py:3239} INFO - Sync 1 DAGs
[2025-03-03T19:51:54.262-0500] {logging_mixin.py:190} INFO - [2025-03-03T19:51:54.262-0500] {dag.py:4180} INFO - Setting next_dagrun for example_short_circuit_operator to None, run_after=None
[2025-03-03T19:51:54.267-0500] {processor.py:208} INFO - Processing /Users/kartikvadhawana/anaconda3/lib/python3.12/site-packages/airflow/example_dags/example_short_circuit_operator.py took 0.045 seconds
[2025-03-03T19:53:15.430-0500] {processor.py:186} INFO - Started process (PID=95165) to work on /Users/kartikvadhawana/anaconda3/lib/python3.12/site-packages/airflow/example_dags/example_short_circuit_operator.py
[2025-03-03T19:53:15.431-0500] {processor.py:914} INFO - Processing file /Users/kartikvadhawana/anaconda3/lib/python3.12/site-packages/airflow/example_dags/example_short_circuit_operator.py for tasks to queue
[2025-03-03T19:53:15.432-0500] {logging_mixin.py:190} INFO - [2025-03-03T19:53:15.432-0500] {dagbag.py:588} INFO - Filling up the DagBag from /Users/kartikvadhawana/anaconda3/lib/python3.12/site-packages/airflow/example_dags/example_short_circuit_operator.py
[2025-03-03T19:53:15.443-0500] {processor.py:925} INFO - DAG(s) 'example_short_circuit_operator' retrieved from /Users/kartikvadhawana/anaconda3/lib/python3.12/site-packages/airflow/example_dags/example_short_circuit_operator.py
[2025-03-03T19:53:15.474-0500] {logging_mixin.py:190} INFO - [2025-03-03T19:53:15.474-0500] {dag.py:3239} INFO - Sync 1 DAGs
[2025-03-03T19:53:15.478-0500] {logging_mixin.py:190} INFO - [2025-03-03T19:53:15.478-0500] {dag.py:4180} INFO - Setting next_dagrun for example_short_circuit_operator to None, run_after=None
[2025-03-03T19:53:15.484-0500] {processor.py:208} INFO - Processing /Users/kartikvadhawana/anaconda3/lib/python3.12/site-packages/airflow/example_dags/example_short_circuit_operator.py took 0.054 seconds
[2025-03-03T19:54:39.549-0500] {processor.py:186} INFO - Started process (PID=95350) to work on /Users/kartikvadhawana/anaconda3/lib/python3.12/site-packages/airflow/example_dags/example_short_circuit_operator.py
[2025-03-03T19:54:39.550-0500] {processor.py:914} INFO - Processing file /Users/kartikvadhawana/anaconda3/lib/python3.12/site-packages/airflow/example_dags/example_short_circuit_operator.py for tasks to queue
[2025-03-03T19:54:39.551-0500] {logging_mixin.py:190} INFO - [2025-03-03T19:54:39.550-0500] {dagbag.py:588} INFO - Filling up the DagBag from /Users/kartikvadhawana/anaconda3/lib/python3.12/site-packages/airflow/example_dags/example_short_circuit_operator.py
[2025-03-03T19:54:39.559-0500] {processor.py:925} INFO - DAG(s) 'example_short_circuit_operator' retrieved from /Users/kartikvadhawana/anaconda3/lib/python3.12/site-packages/airflow/example_dags/example_short_circuit_operator.py
[2025-03-03T19:54:39.586-0500] {logging_mixin.py:190} INFO - [2025-03-03T19:54:39.586-0500] {dag.py:3239} INFO - Sync 1 DAGs
[2025-03-03T19:54:39.589-0500] {logging_mixin.py:190} INFO - [2025-03-03T19:54:39.589-0500] {dag.py:4180} INFO - Setting next_dagrun for example_short_circuit_operator to None, run_after=None
[2025-03-03T19:54:39.594-0500] {processor.py:208} INFO - Processing /Users/kartikvadhawana/anaconda3/lib/python3.12/site-packages/airflow/example_dags/example_short_circuit_operator.py took 0.046 seconds
[2025-03-03T19:56:01.157-0500] {processor.py:186} INFO - Started process (PID=95607) to work on /Users/kartikvadhawana/anaconda3/lib/python3.12/site-packages/airflow/example_dags/example_short_circuit_operator.py
[2025-03-03T19:56:01.158-0500] {processor.py:914} INFO - Processing file /Users/kartikvadhawana/anaconda3/lib/python3.12/site-packages/airflow/example_dags/example_short_circuit_operator.py for tasks to queue
[2025-03-03T19:56:01.159-0500] {logging_mixin.py:190} INFO - [2025-03-03T19:56:01.159-0500] {dagbag.py:588} INFO - Filling up the DagBag from /Users/kartikvadhawana/anaconda3/lib/python3.12/site-packages/airflow/example_dags/example_short_circuit_operator.py
[2025-03-03T19:56:01.168-0500] {processor.py:925} INFO - DAG(s) 'example_short_circuit_operator' retrieved from /Users/kartikvadhawana/anaconda3/lib/python3.12/site-packages/airflow/example_dags/example_short_circuit_operator.py
[2025-03-03T19:56:01.194-0500] {logging_mixin.py:190} INFO - [2025-03-03T19:56:01.194-0500] {dag.py:3239} INFO - Sync 1 DAGs
[2025-03-03T19:56:01.197-0500] {logging_mixin.py:190} INFO - [2025-03-03T19:56:01.197-0500] {dag.py:4180} INFO - Setting next_dagrun for example_short_circuit_operator to None, run_after=None
[2025-03-03T19:56:01.202-0500] {processor.py:208} INFO - Processing /Users/kartikvadhawana/anaconda3/lib/python3.12/site-packages/airflow/example_dags/example_short_circuit_operator.py took 0.046 seconds
[2025-03-03T19:57:23.413-0500] {processor.py:186} INFO - Started process (PID=95784) to work on /Users/kartikvadhawana/anaconda3/lib/python3.12/site-packages/airflow/example_dags/example_short_circuit_operator.py
[2025-03-03T19:57:23.415-0500] {processor.py:914} INFO - Processing file /Users/kartikvadhawana/anaconda3/lib/python3.12/site-packages/airflow/example_dags/example_short_circuit_operator.py for tasks to queue
[2025-03-03T19:57:23.415-0500] {logging_mixin.py:190} INFO - [2025-03-03T19:57:23.415-0500] {dagbag.py:588} INFO - Filling up the DagBag from /Users/kartikvadhawana/anaconda3/lib/python3.12/site-packages/airflow/example_dags/example_short_circuit_operator.py
[2025-03-03T19:57:23.424-0500] {processor.py:925} INFO - DAG(s) 'example_short_circuit_operator' retrieved from /Users/kartikvadhawana/anaconda3/lib/python3.12/site-packages/airflow/example_dags/example_short_circuit_operator.py
[2025-03-03T19:57:23.450-0500] {logging_mixin.py:190} INFO - [2025-03-03T19:57:23.450-0500] {dag.py:3239} INFO - Sync 1 DAGs
[2025-03-03T19:57:23.453-0500] {logging_mixin.py:190} INFO - [2025-03-03T19:57:23.453-0500] {dag.py:4180} INFO - Setting next_dagrun for example_short_circuit_operator to None, run_after=None
[2025-03-03T19:57:23.458-0500] {processor.py:208} INFO - Processing /Users/kartikvadhawana/anaconda3/lib/python3.12/site-packages/airflow/example_dags/example_short_circuit_operator.py took 0.046 seconds
[2025-03-03T19:58:45.145-0500] {processor.py:186} INFO - Started process (PID=95941) to work on /Users/kartikvadhawana/anaconda3/lib/python3.12/site-packages/airflow/example_dags/example_short_circuit_operator.py
[2025-03-03T19:58:45.146-0500] {processor.py:914} INFO - Processing file /Users/kartikvadhawana/anaconda3/lib/python3.12/site-packages/airflow/example_dags/example_short_circuit_operator.py for tasks to queue
[2025-03-03T19:58:45.146-0500] {logging_mixin.py:190} INFO - [2025-03-03T19:58:45.146-0500] {dagbag.py:588} INFO - Filling up the DagBag from /Users/kartikvadhawana/anaconda3/lib/python3.12/site-packages/airflow/example_dags/example_short_circuit_operator.py
[2025-03-03T19:58:45.156-0500] {processor.py:925} INFO - DAG(s) 'example_short_circuit_operator' retrieved from /Users/kartikvadhawana/anaconda3/lib/python3.12/site-packages/airflow/example_dags/example_short_circuit_operator.py
[2025-03-03T19:58:45.183-0500] {logging_mixin.py:190} INFO - [2025-03-03T19:58:45.183-0500] {dag.py:3239} INFO - Sync 1 DAGs
[2025-03-03T19:58:45.186-0500] {logging_mixin.py:190} INFO - [2025-03-03T19:58:45.186-0500] {dag.py:4180} INFO - Setting next_dagrun for example_short_circuit_operator to None, run_after=None
[2025-03-03T19:58:45.191-0500] {processor.py:208} INFO - Processing /Users/kartikvadhawana/anaconda3/lib/python3.12/site-packages/airflow/example_dags/example_short_circuit_operator.py took 0.047 seconds
[2025-03-03T20:00:06.606-0500] {processor.py:186} INFO - Started process (PID=96044) to work on /Users/kartikvadhawana/anaconda3/lib/python3.12/site-packages/airflow/example_dags/example_short_circuit_operator.py
[2025-03-03T20:00:06.606-0500] {processor.py:914} INFO - Processing file /Users/kartikvadhawana/anaconda3/lib/python3.12/site-packages/airflow/example_dags/example_short_circuit_operator.py for tasks to queue
[2025-03-03T20:00:06.607-0500] {logging_mixin.py:190} INFO - [2025-03-03T20:00:06.607-0500] {dagbag.py:588} INFO - Filling up the DagBag from /Users/kartikvadhawana/anaconda3/lib/python3.12/site-packages/airflow/example_dags/example_short_circuit_operator.py
[2025-03-03T20:00:06.617-0500] {processor.py:925} INFO - DAG(s) 'example_short_circuit_operator' retrieved from /Users/kartikvadhawana/anaconda3/lib/python3.12/site-packages/airflow/example_dags/example_short_circuit_operator.py
[2025-03-03T20:00:06.647-0500] {logging_mixin.py:190} INFO - [2025-03-03T20:00:06.647-0500] {dag.py:3239} INFO - Sync 1 DAGs
[2025-03-03T20:00:06.651-0500] {logging_mixin.py:190} INFO - [2025-03-03T20:00:06.651-0500] {dag.py:4180} INFO - Setting next_dagrun for example_short_circuit_operator to None, run_after=None
[2025-03-03T20:00:06.656-0500] {processor.py:208} INFO - Processing /Users/kartikvadhawana/anaconda3/lib/python3.12/site-packages/airflow/example_dags/example_short_circuit_operator.py took 0.052 seconds
