[2025-03-03T19:21:39.768-0500] {processor.py:186} INFO - Started process (PID=89909) to work on /Users/kartikvadhawana/anaconda3/lib/python3.12/site-packages/airflow/example_dags/example_dynamic_task_mapping_with_no_taskflow_operators.py
[2025-03-03T19:21:39.769-0500] {processor.py:914} INFO - Processing file /Users/kartikvadhawana/anaconda3/lib/python3.12/site-packages/airflow/example_dags/example_dynamic_task_mapping_with_no_taskflow_operators.py for tasks to queue
[2025-03-03T19:21:39.769-0500] {logging_mixin.py:190} INFO - [2025-03-03T19:21:39.769-0500] {dagbag.py:588} INFO - Filling up the DagBag from /Users/kartikvadhawana/anaconda3/lib/python3.12/site-packages/airflow/example_dags/example_dynamic_task_mapping_with_no_taskflow_operators.py
[2025-03-03T19:21:39.772-0500] {processor.py:925} INFO - DAG(s) 'example_dynamic_task_mapping_with_no_taskflow_operators' retrieved from /Users/kartikvadhawana/anaconda3/lib/python3.12/site-packages/airflow/example_dags/example_dynamic_task_mapping_with_no_taskflow_operators.py
[2025-03-03T19:21:39.825-0500] {logging_mixin.py:190} INFO - [2025-03-03T19:21:39.825-0500] {override.py:1930} INFO - Created Permission View: can read on DAG:example_dynamic_task_mapping_with_no_taskflow_operators
[2025-03-03T19:21:39.827-0500] {logging_mixin.py:190} INFO - [2025-03-03T19:21:39.827-0500] {override.py:1930} INFO - Created Permission View: can edit on DAG:example_dynamic_task_mapping_with_no_taskflow_operators
[2025-03-03T19:21:39.829-0500] {logging_mixin.py:190} INFO - [2025-03-03T19:21:39.829-0500] {override.py:1930} INFO - Created Permission View: can delete on DAG:example_dynamic_task_mapping_with_no_taskflow_operators
[2025-03-03T19:21:39.831-0500] {logging_mixin.py:190} INFO - [2025-03-03T19:21:39.831-0500] {override.py:1930} INFO - Created Permission View: can create on DAG Run:example_dynamic_task_mapping_with_no_taskflow_operators
[2025-03-03T19:21:39.832-0500] {logging_mixin.py:190} INFO - [2025-03-03T19:21:39.832-0500] {override.py:1930} INFO - Created Permission View: can read on DAG Run:example_dynamic_task_mapping_with_no_taskflow_operators
[2025-03-03T19:21:39.834-0500] {logging_mixin.py:190} INFO - [2025-03-03T19:21:39.833-0500] {override.py:1930} INFO - Created Permission View: can delete on DAG Run:example_dynamic_task_mapping_with_no_taskflow_operators
[2025-03-03T19:21:39.835-0500] {logging_mixin.py:190} INFO - [2025-03-03T19:21:39.835-0500] {override.py:1930} INFO - Created Permission View: menu access on DAG Run:example_dynamic_task_mapping_with_no_taskflow_operators
[2025-03-03T19:21:39.835-0500] {logging_mixin.py:190} INFO - [2025-03-03T19:21:39.835-0500] {dag.py:3239} INFO - Sync 1 DAGs
[2025-03-03T19:21:39.838-0500] {logging_mixin.py:190} INFO - [2025-03-03T19:21:39.838-0500] {dag.py:3262} INFO - Creating ORM DAG for example_dynamic_task_mapping_with_no_taskflow_operators
[2025-03-03T19:21:39.838-0500] {logging_mixin.py:190} INFO - [2025-03-03T19:21:39.838-0500] {dag.py:4180} INFO - Setting next_dagrun for example_dynamic_task_mapping_with_no_taskflow_operators to None, run_after=None
[2025-03-03T19:21:39.843-0500] {processor.py:208} INFO - Processing /Users/kartikvadhawana/anaconda3/lib/python3.12/site-packages/airflow/example_dags/example_dynamic_task_mapping_with_no_taskflow_operators.py took 0.075 seconds
[2025-03-03T19:24:18.422-0500] {processor.py:186} INFO - Started process (PID=90445) to work on /Users/kartikvadhawana/anaconda3/lib/python3.12/site-packages/airflow/example_dags/example_dynamic_task_mapping_with_no_taskflow_operators.py
[2025-03-03T19:24:18.422-0500] {processor.py:914} INFO - Processing file /Users/kartikvadhawana/anaconda3/lib/python3.12/site-packages/airflow/example_dags/example_dynamic_task_mapping_with_no_taskflow_operators.py for tasks to queue
[2025-03-03T19:24:18.423-0500] {logging_mixin.py:190} INFO - [2025-03-03T19:24:18.423-0500] {dagbag.py:588} INFO - Filling up the DagBag from /Users/kartikvadhawana/anaconda3/lib/python3.12/site-packages/airflow/example_dags/example_dynamic_task_mapping_with_no_taskflow_operators.py
[2025-03-03T19:24:18.426-0500] {processor.py:925} INFO - DAG(s) 'example_dynamic_task_mapping_with_no_taskflow_operators' retrieved from /Users/kartikvadhawana/anaconda3/lib/python3.12/site-packages/airflow/example_dags/example_dynamic_task_mapping_with_no_taskflow_operators.py
[2025-03-03T19:24:18.455-0500] {logging_mixin.py:190} INFO - [2025-03-03T19:24:18.455-0500] {dag.py:3239} INFO - Sync 1 DAGs
[2025-03-03T19:24:18.459-0500] {logging_mixin.py:190} INFO - [2025-03-03T19:24:18.459-0500] {dag.py:4180} INFO - Setting next_dagrun for example_dynamic_task_mapping_with_no_taskflow_operators to None, run_after=None
[2025-03-03T19:24:18.465-0500] {processor.py:208} INFO - Processing /Users/kartikvadhawana/anaconda3/lib/python3.12/site-packages/airflow/example_dags/example_dynamic_task_mapping_with_no_taskflow_operators.py took 0.044 seconds
[2025-03-03T19:26:17.962-0500] {processor.py:186} INFO - Started process (PID=90941) to work on /Users/kartikvadhawana/anaconda3/lib/python3.12/site-packages/airflow/example_dags/example_dynamic_task_mapping_with_no_taskflow_operators.py
[2025-03-03T19:26:17.963-0500] {processor.py:914} INFO - Processing file /Users/kartikvadhawana/anaconda3/lib/python3.12/site-packages/airflow/example_dags/example_dynamic_task_mapping_with_no_taskflow_operators.py for tasks to queue
[2025-03-03T19:26:17.963-0500] {logging_mixin.py:190} INFO - [2025-03-03T19:26:17.963-0500] {dagbag.py:588} INFO - Filling up the DagBag from /Users/kartikvadhawana/anaconda3/lib/python3.12/site-packages/airflow/example_dags/example_dynamic_task_mapping_with_no_taskflow_operators.py
[2025-03-03T19:26:17.966-0500] {processor.py:925} INFO - DAG(s) 'example_dynamic_task_mapping_with_no_taskflow_operators' retrieved from /Users/kartikvadhawana/anaconda3/lib/python3.12/site-packages/airflow/example_dags/example_dynamic_task_mapping_with_no_taskflow_operators.py
[2025-03-03T19:26:17.992-0500] {logging_mixin.py:190} INFO - [2025-03-03T19:26:17.992-0500] {dag.py:3239} INFO - Sync 1 DAGs
[2025-03-03T19:26:17.996-0500] {logging_mixin.py:190} INFO - [2025-03-03T19:26:17.996-0500] {dag.py:4180} INFO - Setting next_dagrun for example_dynamic_task_mapping_with_no_taskflow_operators to None, run_after=None
[2025-03-03T19:26:18.001-0500] {processor.py:208} INFO - Processing /Users/kartikvadhawana/anaconda3/lib/python3.12/site-packages/airflow/example_dags/example_dynamic_task_mapping_with_no_taskflow_operators.py took 0.040 seconds
[2025-03-03T19:28:40.225-0500] {processor.py:186} INFO - Started process (PID=91483) to work on /Users/kartikvadhawana/anaconda3/lib/python3.12/site-packages/airflow/example_dags/example_dynamic_task_mapping_with_no_taskflow_operators.py
[2025-03-03T19:28:40.226-0500] {processor.py:914} INFO - Processing file /Users/kartikvadhawana/anaconda3/lib/python3.12/site-packages/airflow/example_dags/example_dynamic_task_mapping_with_no_taskflow_operators.py for tasks to queue
[2025-03-03T19:28:40.226-0500] {logging_mixin.py:190} INFO - [2025-03-03T19:28:40.226-0500] {dagbag.py:588} INFO - Filling up the DagBag from /Users/kartikvadhawana/anaconda3/lib/python3.12/site-packages/airflow/example_dags/example_dynamic_task_mapping_with_no_taskflow_operators.py
[2025-03-03T19:28:40.230-0500] {processor.py:925} INFO - DAG(s) 'example_dynamic_task_mapping_with_no_taskflow_operators' retrieved from /Users/kartikvadhawana/anaconda3/lib/python3.12/site-packages/airflow/example_dags/example_dynamic_task_mapping_with_no_taskflow_operators.py
[2025-03-03T19:28:40.257-0500] {logging_mixin.py:190} INFO - [2025-03-03T19:28:40.257-0500] {dag.py:3239} INFO - Sync 1 DAGs
[2025-03-03T19:28:40.261-0500] {logging_mixin.py:190} INFO - [2025-03-03T19:28:40.261-0500] {dag.py:4180} INFO - Setting next_dagrun for example_dynamic_task_mapping_with_no_taskflow_operators to None, run_after=None
[2025-03-03T19:28:40.266-0500] {processor.py:208} INFO - Processing /Users/kartikvadhawana/anaconda3/lib/python3.12/site-packages/airflow/example_dags/example_dynamic_task_mapping_with_no_taskflow_operators.py took 0.042 seconds
[2025-03-03T19:31:15.964-0500] {processor.py:186} INFO - Started process (PID=91912) to work on /Users/kartikvadhawana/anaconda3/lib/python3.12/site-packages/airflow/example_dags/example_dynamic_task_mapping_with_no_taskflow_operators.py
[2025-03-03T19:31:15.965-0500] {processor.py:914} INFO - Processing file /Users/kartikvadhawana/anaconda3/lib/python3.12/site-packages/airflow/example_dags/example_dynamic_task_mapping_with_no_taskflow_operators.py for tasks to queue
[2025-03-03T19:31:15.966-0500] {logging_mixin.py:190} INFO - [2025-03-03T19:31:15.966-0500] {dagbag.py:588} INFO - Filling up the DagBag from /Users/kartikvadhawana/anaconda3/lib/python3.12/site-packages/airflow/example_dags/example_dynamic_task_mapping_with_no_taskflow_operators.py
[2025-03-03T19:31:15.969-0500] {processor.py:925} INFO - DAG(s) 'example_dynamic_task_mapping_with_no_taskflow_operators' retrieved from /Users/kartikvadhawana/anaconda3/lib/python3.12/site-packages/airflow/example_dags/example_dynamic_task_mapping_with_no_taskflow_operators.py
[2025-03-03T19:31:15.995-0500] {logging_mixin.py:190} INFO - [2025-03-03T19:31:15.994-0500] {dag.py:3239} INFO - Sync 1 DAGs
[2025-03-03T19:31:15.998-0500] {logging_mixin.py:190} INFO - [2025-03-03T19:31:15.998-0500] {dag.py:4180} INFO - Setting next_dagrun for example_dynamic_task_mapping_with_no_taskflow_operators to None, run_after=None
[2025-03-03T19:31:16.003-0500] {processor.py:208} INFO - Processing /Users/kartikvadhawana/anaconda3/lib/python3.12/site-packages/airflow/example_dags/example_dynamic_task_mapping_with_no_taskflow_operators.py took 0.040 seconds
[2025-03-03T19:32:56.420-0500] {processor.py:186} INFO - Started process (PID=92311) to work on /Users/kartikvadhawana/anaconda3/lib/python3.12/site-packages/airflow/example_dags/example_dynamic_task_mapping_with_no_taskflow_operators.py
[2025-03-03T19:32:56.421-0500] {processor.py:914} INFO - Processing file /Users/kartikvadhawana/anaconda3/lib/python3.12/site-packages/airflow/example_dags/example_dynamic_task_mapping_with_no_taskflow_operators.py for tasks to queue
[2025-03-03T19:32:56.421-0500] {logging_mixin.py:190} INFO - [2025-03-03T19:32:56.421-0500] {dagbag.py:588} INFO - Filling up the DagBag from /Users/kartikvadhawana/anaconda3/lib/python3.12/site-packages/airflow/example_dags/example_dynamic_task_mapping_with_no_taskflow_operators.py
[2025-03-03T19:32:56.425-0500] {processor.py:925} INFO - DAG(s) 'example_dynamic_task_mapping_with_no_taskflow_operators' retrieved from /Users/kartikvadhawana/anaconda3/lib/python3.12/site-packages/airflow/example_dags/example_dynamic_task_mapping_with_no_taskflow_operators.py
[2025-03-03T19:32:56.451-0500] {logging_mixin.py:190} INFO - [2025-03-03T19:32:56.450-0500] {dag.py:3239} INFO - Sync 1 DAGs
[2025-03-03T19:32:56.454-0500] {logging_mixin.py:190} INFO - [2025-03-03T19:32:56.454-0500] {dag.py:4180} INFO - Setting next_dagrun for example_dynamic_task_mapping_with_no_taskflow_operators to None, run_after=None
[2025-03-03T19:32:56.459-0500] {processor.py:208} INFO - Processing /Users/kartikvadhawana/anaconda3/lib/python3.12/site-packages/airflow/example_dags/example_dynamic_task_mapping_with_no_taskflow_operators.py took 0.040 seconds
[2025-03-03T19:35:34.437-0500] {processor.py:186} INFO - Started process (PID=92666) to work on /Users/kartikvadhawana/anaconda3/lib/python3.12/site-packages/airflow/example_dags/example_dynamic_task_mapping_with_no_taskflow_operators.py
[2025-03-03T19:35:34.438-0500] {processor.py:914} INFO - Processing file /Users/kartikvadhawana/anaconda3/lib/python3.12/site-packages/airflow/example_dags/example_dynamic_task_mapping_with_no_taskflow_operators.py for tasks to queue
[2025-03-03T19:35:34.438-0500] {logging_mixin.py:190} INFO - [2025-03-03T19:35:34.438-0500] {dagbag.py:588} INFO - Filling up the DagBag from /Users/kartikvadhawana/anaconda3/lib/python3.12/site-packages/airflow/example_dags/example_dynamic_task_mapping_with_no_taskflow_operators.py
[2025-03-03T19:35:34.441-0500] {processor.py:925} INFO - DAG(s) 'example_dynamic_task_mapping_with_no_taskflow_operators' retrieved from /Users/kartikvadhawana/anaconda3/lib/python3.12/site-packages/airflow/example_dags/example_dynamic_task_mapping_with_no_taskflow_operators.py
[2025-03-03T19:35:34.468-0500] {logging_mixin.py:190} INFO - [2025-03-03T19:35:34.468-0500] {dag.py:3239} INFO - Sync 1 DAGs
[2025-03-03T19:35:34.472-0500] {logging_mixin.py:190} INFO - [2025-03-03T19:35:34.472-0500] {dag.py:4180} INFO - Setting next_dagrun for example_dynamic_task_mapping_with_no_taskflow_operators to None, run_after=None
[2025-03-03T19:35:34.477-0500] {processor.py:208} INFO - Processing /Users/kartikvadhawana/anaconda3/lib/python3.12/site-packages/airflow/example_dags/example_dynamic_task_mapping_with_no_taskflow_operators.py took 0.041 seconds
[2025-03-03T19:38:17.207-0500] {processor.py:186} INFO - Started process (PID=93040) to work on /Users/kartikvadhawana/anaconda3/lib/python3.12/site-packages/airflow/example_dags/example_dynamic_task_mapping_with_no_taskflow_operators.py
[2025-03-03T19:38:17.208-0500] {processor.py:914} INFO - Processing file /Users/kartikvadhawana/anaconda3/lib/python3.12/site-packages/airflow/example_dags/example_dynamic_task_mapping_with_no_taskflow_operators.py for tasks to queue
[2025-03-03T19:38:17.209-0500] {logging_mixin.py:190} INFO - [2025-03-03T19:38:17.209-0500] {dagbag.py:588} INFO - Filling up the DagBag from /Users/kartikvadhawana/anaconda3/lib/python3.12/site-packages/airflow/example_dags/example_dynamic_task_mapping_with_no_taskflow_operators.py
[2025-03-03T19:38:17.212-0500] {processor.py:925} INFO - DAG(s) 'example_dynamic_task_mapping_with_no_taskflow_operators' retrieved from /Users/kartikvadhawana/anaconda3/lib/python3.12/site-packages/airflow/example_dags/example_dynamic_task_mapping_with_no_taskflow_operators.py
[2025-03-03T19:38:17.239-0500] {logging_mixin.py:190} INFO - [2025-03-03T19:38:17.239-0500] {dag.py:3239} INFO - Sync 1 DAGs
[2025-03-03T19:38:17.242-0500] {logging_mixin.py:190} INFO - [2025-03-03T19:38:17.242-0500] {dag.py:4180} INFO - Setting next_dagrun for example_dynamic_task_mapping_with_no_taskflow_operators to None, run_after=None
[2025-03-03T19:38:17.248-0500] {processor.py:208} INFO - Processing /Users/kartikvadhawana/anaconda3/lib/python3.12/site-packages/airflow/example_dags/example_dynamic_task_mapping_with_no_taskflow_operators.py took 0.042 seconds
[2025-03-03T19:40:56.637-0500] {processor.py:186} INFO - Started process (PID=93446) to work on /Users/kartikvadhawana/anaconda3/lib/python3.12/site-packages/airflow/example_dags/example_dynamic_task_mapping_with_no_taskflow_operators.py
[2025-03-03T19:40:56.638-0500] {processor.py:914} INFO - Processing file /Users/kartikvadhawana/anaconda3/lib/python3.12/site-packages/airflow/example_dags/example_dynamic_task_mapping_with_no_taskflow_operators.py for tasks to queue
[2025-03-03T19:40:56.638-0500] {logging_mixin.py:190} INFO - [2025-03-03T19:40:56.638-0500] {dagbag.py:588} INFO - Filling up the DagBag from /Users/kartikvadhawana/anaconda3/lib/python3.12/site-packages/airflow/example_dags/example_dynamic_task_mapping_with_no_taskflow_operators.py
[2025-03-03T19:40:56.641-0500] {processor.py:925} INFO - DAG(s) 'example_dynamic_task_mapping_with_no_taskflow_operators' retrieved from /Users/kartikvadhawana/anaconda3/lib/python3.12/site-packages/airflow/example_dags/example_dynamic_task_mapping_with_no_taskflow_operators.py
[2025-03-03T19:40:56.667-0500] {logging_mixin.py:190} INFO - [2025-03-03T19:40:56.667-0500] {dag.py:3239} INFO - Sync 1 DAGs
[2025-03-03T19:40:56.670-0500] {logging_mixin.py:190} INFO - [2025-03-03T19:40:56.670-0500] {dag.py:4180} INFO - Setting next_dagrun for example_dynamic_task_mapping_with_no_taskflow_operators to None, run_after=None
[2025-03-03T19:40:56.675-0500] {processor.py:208} INFO - Processing /Users/kartikvadhawana/anaconda3/lib/python3.12/site-packages/airflow/example_dags/example_dynamic_task_mapping_with_no_taskflow_operators.py took 0.039 seconds
[2025-03-03T19:42:51.911-0500] {processor.py:186} INFO - Started process (PID=93887) to work on /Users/kartikvadhawana/anaconda3/lib/python3.12/site-packages/airflow/example_dags/example_dynamic_task_mapping_with_no_taskflow_operators.py
[2025-03-03T19:42:51.912-0500] {processor.py:914} INFO - Processing file /Users/kartikvadhawana/anaconda3/lib/python3.12/site-packages/airflow/example_dags/example_dynamic_task_mapping_with_no_taskflow_operators.py for tasks to queue
[2025-03-03T19:42:51.912-0500] {logging_mixin.py:190} INFO - [2025-03-03T19:42:51.912-0500] {dagbag.py:588} INFO - Filling up the DagBag from /Users/kartikvadhawana/anaconda3/lib/python3.12/site-packages/airflow/example_dags/example_dynamic_task_mapping_with_no_taskflow_operators.py
[2025-03-03T19:42:51.915-0500] {processor.py:925} INFO - DAG(s) 'example_dynamic_task_mapping_with_no_taskflow_operators' retrieved from /Users/kartikvadhawana/anaconda3/lib/python3.12/site-packages/airflow/example_dags/example_dynamic_task_mapping_with_no_taskflow_operators.py
[2025-03-03T19:42:51.942-0500] {logging_mixin.py:190} INFO - [2025-03-03T19:42:51.942-0500] {dag.py:3239} INFO - Sync 1 DAGs
[2025-03-03T19:42:51.945-0500] {logging_mixin.py:190} INFO - [2025-03-03T19:42:51.945-0500] {dag.py:4180} INFO - Setting next_dagrun for example_dynamic_task_mapping_with_no_taskflow_operators to None, run_after=None
[2025-03-03T19:42:51.951-0500] {processor.py:208} INFO - Processing /Users/kartikvadhawana/anaconda3/lib/python3.12/site-packages/airflow/example_dags/example_dynamic_task_mapping_with_no_taskflow_operators.py took 0.041 seconds
[2025-03-03T19:49:20.092-0500] {processor.py:186} INFO - Started process (PID=94761) to work on /Users/kartikvadhawana/anaconda3/lib/python3.12/site-packages/airflow/example_dags/example_dynamic_task_mapping_with_no_taskflow_operators.py
[2025-03-03T19:49:20.093-0500] {processor.py:914} INFO - Processing file /Users/kartikvadhawana/anaconda3/lib/python3.12/site-packages/airflow/example_dags/example_dynamic_task_mapping_with_no_taskflow_operators.py for tasks to queue
[2025-03-03T19:49:20.094-0500] {logging_mixin.py:190} INFO - [2025-03-03T19:49:20.094-0500] {dagbag.py:588} INFO - Filling up the DagBag from /Users/kartikvadhawana/anaconda3/lib/python3.12/site-packages/airflow/example_dags/example_dynamic_task_mapping_with_no_taskflow_operators.py
[2025-03-03T19:49:20.097-0500] {processor.py:925} INFO - DAG(s) 'example_dynamic_task_mapping_with_no_taskflow_operators' retrieved from /Users/kartikvadhawana/anaconda3/lib/python3.12/site-packages/airflow/example_dags/example_dynamic_task_mapping_with_no_taskflow_operators.py
[2025-03-03T19:49:20.123-0500] {logging_mixin.py:190} INFO - [2025-03-03T19:49:20.123-0500] {dag.py:3239} INFO - Sync 1 DAGs
[2025-03-03T19:49:20.126-0500] {logging_mixin.py:190} INFO - [2025-03-03T19:49:20.126-0500] {dag.py:4180} INFO - Setting next_dagrun for example_dynamic_task_mapping_with_no_taskflow_operators to None, run_after=None
[2025-03-03T19:49:20.131-0500] {processor.py:208} INFO - Processing /Users/kartikvadhawana/anaconda3/lib/python3.12/site-packages/airflow/example_dags/example_dynamic_task_mapping_with_no_taskflow_operators.py took 0.040 seconds
[2025-03-03T19:51:59.200-0500] {processor.py:186} INFO - Started process (PID=94956) to work on /Users/kartikvadhawana/anaconda3/lib/python3.12/site-packages/airflow/example_dags/example_dynamic_task_mapping_with_no_taskflow_operators.py
[2025-03-03T19:51:59.201-0500] {processor.py:914} INFO - Processing file /Users/kartikvadhawana/anaconda3/lib/python3.12/site-packages/airflow/example_dags/example_dynamic_task_mapping_with_no_taskflow_operators.py for tasks to queue
[2025-03-03T19:51:59.201-0500] {logging_mixin.py:190} INFO - [2025-03-03T19:51:59.201-0500] {dagbag.py:588} INFO - Filling up the DagBag from /Users/kartikvadhawana/anaconda3/lib/python3.12/site-packages/airflow/example_dags/example_dynamic_task_mapping_with_no_taskflow_operators.py
[2025-03-03T19:51:59.204-0500] {processor.py:925} INFO - DAG(s) 'example_dynamic_task_mapping_with_no_taskflow_operators' retrieved from /Users/kartikvadhawana/anaconda3/lib/python3.12/site-packages/airflow/example_dags/example_dynamic_task_mapping_with_no_taskflow_operators.py
[2025-03-03T19:51:59.230-0500] {logging_mixin.py:190} INFO - [2025-03-03T19:51:59.229-0500] {dag.py:3239} INFO - Sync 1 DAGs
[2025-03-03T19:51:59.233-0500] {logging_mixin.py:190} INFO - [2025-03-03T19:51:59.233-0500] {dag.py:4180} INFO - Setting next_dagrun for example_dynamic_task_mapping_with_no_taskflow_operators to None, run_after=None
[2025-03-03T19:51:59.238-0500] {processor.py:208} INFO - Processing /Users/kartikvadhawana/anaconda3/lib/python3.12/site-packages/airflow/example_dags/example_dynamic_task_mapping_with_no_taskflow_operators.py took 0.039 seconds
[2025-03-03T19:54:43.369-0500] {processor.py:186} INFO - Started process (PID=95357) to work on /Users/kartikvadhawana/anaconda3/lib/python3.12/site-packages/airflow/example_dags/example_dynamic_task_mapping_with_no_taskflow_operators.py
[2025-03-03T19:54:43.370-0500] {processor.py:914} INFO - Processing file /Users/kartikvadhawana/anaconda3/lib/python3.12/site-packages/airflow/example_dags/example_dynamic_task_mapping_with_no_taskflow_operators.py for tasks to queue
[2025-03-03T19:54:43.370-0500] {logging_mixin.py:190} INFO - [2025-03-03T19:54:43.370-0500] {dagbag.py:588} INFO - Filling up the DagBag from /Users/kartikvadhawana/anaconda3/lib/python3.12/site-packages/airflow/example_dags/example_dynamic_task_mapping_with_no_taskflow_operators.py
[2025-03-03T19:54:43.373-0500] {processor.py:925} INFO - DAG(s) 'example_dynamic_task_mapping_with_no_taskflow_operators' retrieved from /Users/kartikvadhawana/anaconda3/lib/python3.12/site-packages/airflow/example_dags/example_dynamic_task_mapping_with_no_taskflow_operators.py
[2025-03-03T19:54:43.399-0500] {logging_mixin.py:190} INFO - [2025-03-03T19:54:43.399-0500] {dag.py:3239} INFO - Sync 1 DAGs
[2025-03-03T19:54:43.402-0500] {logging_mixin.py:190} INFO - [2025-03-03T19:54:43.402-0500] {dag.py:4180} INFO - Setting next_dagrun for example_dynamic_task_mapping_with_no_taskflow_operators to None, run_after=None
[2025-03-03T19:54:43.407-0500] {processor.py:208} INFO - Processing /Users/kartikvadhawana/anaconda3/lib/python3.12/site-packages/airflow/example_dags/example_dynamic_task_mapping_with_no_taskflow_operators.py took 0.040 seconds
[2025-03-03T19:57:28.370-0500] {processor.py:186} INFO - Started process (PID=95793) to work on /Users/kartikvadhawana/anaconda3/lib/python3.12/site-packages/airflow/example_dags/example_dynamic_task_mapping_with_no_taskflow_operators.py
[2025-03-03T19:57:28.371-0500] {processor.py:914} INFO - Processing file /Users/kartikvadhawana/anaconda3/lib/python3.12/site-packages/airflow/example_dags/example_dynamic_task_mapping_with_no_taskflow_operators.py for tasks to queue
[2025-03-03T19:57:28.371-0500] {logging_mixin.py:190} INFO - [2025-03-03T19:57:28.371-0500] {dagbag.py:588} INFO - Filling up the DagBag from /Users/kartikvadhawana/anaconda3/lib/python3.12/site-packages/airflow/example_dags/example_dynamic_task_mapping_with_no_taskflow_operators.py
[2025-03-03T19:57:28.374-0500] {processor.py:925} INFO - DAG(s) 'example_dynamic_task_mapping_with_no_taskflow_operators' retrieved from /Users/kartikvadhawana/anaconda3/lib/python3.12/site-packages/airflow/example_dags/example_dynamic_task_mapping_with_no_taskflow_operators.py
[2025-03-03T19:57:28.401-0500] {logging_mixin.py:190} INFO - [2025-03-03T19:57:28.401-0500] {dag.py:3239} INFO - Sync 1 DAGs
[2025-03-03T19:57:28.404-0500] {logging_mixin.py:190} INFO - [2025-03-03T19:57:28.404-0500] {dag.py:4180} INFO - Setting next_dagrun for example_dynamic_task_mapping_with_no_taskflow_operators to None, run_after=None
[2025-03-03T19:57:28.409-0500] {processor.py:208} INFO - Processing /Users/kartikvadhawana/anaconda3/lib/python3.12/site-packages/airflow/example_dags/example_dynamic_task_mapping_with_no_taskflow_operators.py took 0.041 seconds
[2025-03-03T20:00:10.577-0500] {processor.py:186} INFO - Started process (PID=96050) to work on /Users/kartikvadhawana/anaconda3/lib/python3.12/site-packages/airflow/example_dags/example_dynamic_task_mapping_with_no_taskflow_operators.py
[2025-03-03T20:00:10.577-0500] {processor.py:914} INFO - Processing file /Users/kartikvadhawana/anaconda3/lib/python3.12/site-packages/airflow/example_dags/example_dynamic_task_mapping_with_no_taskflow_operators.py for tasks to queue
[2025-03-03T20:00:10.578-0500] {logging_mixin.py:190} INFO - [2025-03-03T20:00:10.578-0500] {dagbag.py:588} INFO - Filling up the DagBag from /Users/kartikvadhawana/anaconda3/lib/python3.12/site-packages/airflow/example_dags/example_dynamic_task_mapping_with_no_taskflow_operators.py
[2025-03-03T20:00:10.581-0500] {processor.py:925} INFO - DAG(s) 'example_dynamic_task_mapping_with_no_taskflow_operators' retrieved from /Users/kartikvadhawana/anaconda3/lib/python3.12/site-packages/airflow/example_dags/example_dynamic_task_mapping_with_no_taskflow_operators.py
[2025-03-03T20:00:10.609-0500] {logging_mixin.py:190} INFO - [2025-03-03T20:00:10.609-0500] {dag.py:3239} INFO - Sync 1 DAGs
[2025-03-03T20:00:10.612-0500] {logging_mixin.py:190} INFO - [2025-03-03T20:00:10.612-0500] {dag.py:4180} INFO - Setting next_dagrun for example_dynamic_task_mapping_with_no_taskflow_operators to None, run_after=None
[2025-03-03T20:00:10.618-0500] {processor.py:208} INFO - Processing /Users/kartikvadhawana/anaconda3/lib/python3.12/site-packages/airflow/example_dags/example_dynamic_task_mapping_with_no_taskflow_operators.py took 0.042 seconds
