[2025-03-03T19:21:06.695-0500] {processor.py:186} INFO - Started process (PID=89748) to work on /Users/kartikvadhawana/anaconda3/lib/python3.12/site-packages/airflow/example_dags/example_short_circuit_decorator.py
[2025-03-03T19:21:06.695-0500] {processor.py:914} INFO - Processing file /Users/kartikvadhawana/anaconda3/lib/python3.12/site-packages/airflow/example_dags/example_short_circuit_decorator.py for tasks to queue
[2025-03-03T19:21:06.695-0500] {logging_mixin.py:190} INFO - [2025-03-03T19:21:06.695-0500] {dagbag.py:588} INFO - Filling up the DagBag from /Users/kartikvadhawana/anaconda3/lib/python3.12/site-packages/airflow/example_dags/example_short_circuit_decorator.py
[2025-03-03T19:21:06.708-0500] {processor.py:925} INFO - DAG(s) 'example_short_circuit_decorator' retrieved from /Users/kartikvadhawana/anaconda3/lib/python3.12/site-packages/airflow/example_dags/example_short_circuit_decorator.py
[2025-03-03T19:21:06.759-0500] {logging_mixin.py:190} INFO - [2025-03-03T19:21:06.759-0500] {override.py:1930} INFO - Created Permission View: can read on DAG:example_short_circuit_decorator
[2025-03-03T19:21:06.761-0500] {logging_mixin.py:190} INFO - [2025-03-03T19:21:06.761-0500] {override.py:1930} INFO - Created Permission View: can delete on DAG:example_short_circuit_decorator
[2025-03-03T19:21:06.763-0500] {logging_mixin.py:190} INFO - [2025-03-03T19:21:06.763-0500] {override.py:1930} INFO - Created Permission View: can edit on DAG:example_short_circuit_decorator
[2025-03-03T19:21:06.765-0500] {logging_mixin.py:190} INFO - [2025-03-03T19:21:06.765-0500] {override.py:1930} INFO - Created Permission View: menu access on DAG Run:example_short_circuit_decorator
[2025-03-03T19:21:06.767-0500] {logging_mixin.py:190} INFO - [2025-03-03T19:21:06.767-0500] {override.py:1930} INFO - Created Permission View: can read on DAG Run:example_short_circuit_decorator
[2025-03-03T19:21:06.768-0500] {logging_mixin.py:190} INFO - [2025-03-03T19:21:06.768-0500] {override.py:1930} INFO - Created Permission View: can delete on DAG Run:example_short_circuit_decorator
[2025-03-03T19:21:06.769-0500] {logging_mixin.py:190} INFO - [2025-03-03T19:21:06.769-0500] {override.py:1930} INFO - Created Permission View: can create on DAG Run:example_short_circuit_decorator
[2025-03-03T19:21:06.770-0500] {logging_mixin.py:190} INFO - [2025-03-03T19:21:06.770-0500] {dag.py:3239} INFO - Sync 1 DAGs
[2025-03-03T19:21:06.773-0500] {logging_mixin.py:190} INFO - [2025-03-03T19:21:06.773-0500] {dag.py:3262} INFO - Creating ORM DAG for example_short_circuit_decorator
[2025-03-03T19:21:06.773-0500] {logging_mixin.py:190} INFO - [2025-03-03T19:21:06.773-0500] {dag.py:4180} INFO - Setting next_dagrun for example_short_circuit_decorator to None, run_after=None
[2025-03-03T19:21:06.777-0500] {processor.py:208} INFO - Processing /Users/kartikvadhawana/anaconda3/lib/python3.12/site-packages/airflow/example_dags/example_short_circuit_decorator.py took 0.083 seconds
[2025-03-03T19:22:53.644-0500] {processor.py:186} INFO - Started process (PID=90132) to work on /Users/kartikvadhawana/anaconda3/lib/python3.12/site-packages/airflow/example_dags/example_short_circuit_decorator.py
[2025-03-03T19:22:53.644-0500] {processor.py:914} INFO - Processing file /Users/kartikvadhawana/anaconda3/lib/python3.12/site-packages/airflow/example_dags/example_short_circuit_decorator.py for tasks to queue
[2025-03-03T19:22:53.645-0500] {logging_mixin.py:190} INFO - [2025-03-03T19:22:53.645-0500] {dagbag.py:588} INFO - Filling up the DagBag from /Users/kartikvadhawana/anaconda3/lib/python3.12/site-packages/airflow/example_dags/example_short_circuit_decorator.py
[2025-03-03T19:22:53.659-0500] {processor.py:925} INFO - DAG(s) 'example_short_circuit_decorator' retrieved from /Users/kartikvadhawana/anaconda3/lib/python3.12/site-packages/airflow/example_dags/example_short_circuit_decorator.py
[2025-03-03T19:22:53.688-0500] {logging_mixin.py:190} INFO - [2025-03-03T19:22:53.687-0500] {dag.py:3239} INFO - Sync 1 DAGs
[2025-03-03T19:22:53.691-0500] {logging_mixin.py:190} INFO - [2025-03-03T19:22:53.691-0500] {dag.py:4180} INFO - Setting next_dagrun for example_short_circuit_decorator to None, run_after=None
[2025-03-03T19:22:53.697-0500] {processor.py:208} INFO - Processing /Users/kartikvadhawana/anaconda3/lib/python3.12/site-packages/airflow/example_dags/example_short_circuit_decorator.py took 0.054 seconds
[2025-03-03T19:24:15.654-0500] {processor.py:186} INFO - Started process (PID=90436) to work on /Users/kartikvadhawana/anaconda3/lib/python3.12/site-packages/airflow/example_dags/example_short_circuit_decorator.py
[2025-03-03T19:24:15.655-0500] {processor.py:914} INFO - Processing file /Users/kartikvadhawana/anaconda3/lib/python3.12/site-packages/airflow/example_dags/example_short_circuit_decorator.py for tasks to queue
[2025-03-03T19:24:15.656-0500] {logging_mixin.py:190} INFO - [2025-03-03T19:24:15.656-0500] {dagbag.py:588} INFO - Filling up the DagBag from /Users/kartikvadhawana/anaconda3/lib/python3.12/site-packages/airflow/example_dags/example_short_circuit_decorator.py
[2025-03-03T19:24:15.671-0500] {processor.py:925} INFO - DAG(s) 'example_short_circuit_decorator' retrieved from /Users/kartikvadhawana/anaconda3/lib/python3.12/site-packages/airflow/example_dags/example_short_circuit_decorator.py
[2025-03-03T19:24:15.702-0500] {logging_mixin.py:190} INFO - [2025-03-03T19:24:15.702-0500] {dag.py:3239} INFO - Sync 1 DAGs
[2025-03-03T19:24:15.706-0500] {logging_mixin.py:190} INFO - [2025-03-03T19:24:15.706-0500] {dag.py:4180} INFO - Setting next_dagrun for example_short_circuit_decorator to None, run_after=None
[2025-03-03T19:24:15.713-0500] {processor.py:208} INFO - Processing /Users/kartikvadhawana/anaconda3/lib/python3.12/site-packages/airflow/example_dags/example_short_circuit_decorator.py took 0.060 seconds
[2025-03-03T19:25:42.244-0500] {processor.py:186} INFO - Started process (PID=90729) to work on /Users/kartikvadhawana/anaconda3/lib/python3.12/site-packages/airflow/example_dags/example_short_circuit_decorator.py
[2025-03-03T19:25:42.245-0500] {processor.py:914} INFO - Processing file /Users/kartikvadhawana/anaconda3/lib/python3.12/site-packages/airflow/example_dags/example_short_circuit_decorator.py for tasks to queue
[2025-03-03T19:25:42.245-0500] {logging_mixin.py:190} INFO - [2025-03-03T19:25:42.245-0500] {dagbag.py:588} INFO - Filling up the DagBag from /Users/kartikvadhawana/anaconda3/lib/python3.12/site-packages/airflow/example_dags/example_short_circuit_decorator.py
[2025-03-03T19:25:42.259-0500] {processor.py:925} INFO - DAG(s) 'example_short_circuit_decorator' retrieved from /Users/kartikvadhawana/anaconda3/lib/python3.12/site-packages/airflow/example_dags/example_short_circuit_decorator.py
[2025-03-03T19:25:42.287-0500] {logging_mixin.py:190} INFO - [2025-03-03T19:25:42.286-0500] {dag.py:3239} INFO - Sync 1 DAGs
[2025-03-03T19:25:42.290-0500] {logging_mixin.py:190} INFO - [2025-03-03T19:25:42.290-0500] {dag.py:4180} INFO - Setting next_dagrun for example_short_circuit_decorator to None, run_after=None
[2025-03-03T19:25:42.296-0500] {processor.py:208} INFO - Processing /Users/kartikvadhawana/anaconda3/lib/python3.12/site-packages/airflow/example_dags/example_short_circuit_decorator.py took 0.052 seconds
[2025-03-03T19:28:05.753-0500] {processor.py:186} INFO - Started process (PID=91375) to work on /Users/kartikvadhawana/anaconda3/lib/python3.12/site-packages/airflow/example_dags/example_short_circuit_decorator.py
[2025-03-03T19:28:05.754-0500] {processor.py:914} INFO - Processing file /Users/kartikvadhawana/anaconda3/lib/python3.12/site-packages/airflow/example_dags/example_short_circuit_decorator.py for tasks to queue
[2025-03-03T19:28:05.755-0500] {logging_mixin.py:190} INFO - [2025-03-03T19:28:05.755-0500] {dagbag.py:588} INFO - Filling up the DagBag from /Users/kartikvadhawana/anaconda3/lib/python3.12/site-packages/airflow/example_dags/example_short_circuit_decorator.py
[2025-03-03T19:28:05.768-0500] {processor.py:925} INFO - DAG(s) 'example_short_circuit_decorator' retrieved from /Users/kartikvadhawana/anaconda3/lib/python3.12/site-packages/airflow/example_dags/example_short_circuit_decorator.py
[2025-03-03T19:28:05.794-0500] {logging_mixin.py:190} INFO - [2025-03-03T19:28:05.794-0500] {dag.py:3239} INFO - Sync 1 DAGs
[2025-03-03T19:28:05.797-0500] {logging_mixin.py:190} INFO - [2025-03-03T19:28:05.797-0500] {dag.py:4180} INFO - Setting next_dagrun for example_short_circuit_decorator to None, run_after=None
[2025-03-03T19:28:05.803-0500] {processor.py:208} INFO - Processing /Users/kartikvadhawana/anaconda3/lib/python3.12/site-packages/airflow/example_dags/example_short_circuit_decorator.py took 0.051 seconds
[2025-03-03T19:29:53.930-0500] {processor.py:186} INFO - Started process (PID=91709) to work on /Users/kartikvadhawana/anaconda3/lib/python3.12/site-packages/airflow/example_dags/example_short_circuit_decorator.py
[2025-03-03T19:29:53.931-0500] {processor.py:914} INFO - Processing file /Users/kartikvadhawana/anaconda3/lib/python3.12/site-packages/airflow/example_dags/example_short_circuit_decorator.py for tasks to queue
[2025-03-03T19:29:53.931-0500] {logging_mixin.py:190} INFO - [2025-03-03T19:29:53.931-0500] {dagbag.py:588} INFO - Filling up the DagBag from /Users/kartikvadhawana/anaconda3/lib/python3.12/site-packages/airflow/example_dags/example_short_circuit_decorator.py
[2025-03-03T19:29:53.944-0500] {processor.py:925} INFO - DAG(s) 'example_short_circuit_decorator' retrieved from /Users/kartikvadhawana/anaconda3/lib/python3.12/site-packages/airflow/example_dags/example_short_circuit_decorator.py
[2025-03-03T19:29:53.970-0500] {logging_mixin.py:190} INFO - [2025-03-03T19:29:53.970-0500] {dag.py:3239} INFO - Sync 1 DAGs
[2025-03-03T19:29:53.973-0500] {logging_mixin.py:190} INFO - [2025-03-03T19:29:53.973-0500] {dag.py:4180} INFO - Setting next_dagrun for example_short_circuit_decorator to None, run_after=None
[2025-03-03T19:29:53.979-0500] {processor.py:208} INFO - Processing /Users/kartikvadhawana/anaconda3/lib/python3.12/site-packages/airflow/example_dags/example_short_circuit_decorator.py took 0.050 seconds
[2025-03-03T19:31:11.989-0500] {processor.py:186} INFO - Started process (PID=91908) to work on /Users/kartikvadhawana/anaconda3/lib/python3.12/site-packages/airflow/example_dags/example_short_circuit_decorator.py
[2025-03-03T19:31:11.990-0500] {processor.py:914} INFO - Processing file /Users/kartikvadhawana/anaconda3/lib/python3.12/site-packages/airflow/example_dags/example_short_circuit_decorator.py for tasks to queue
[2025-03-03T19:31:11.991-0500] {logging_mixin.py:190} INFO - [2025-03-03T19:31:11.991-0500] {dagbag.py:588} INFO - Filling up the DagBag from /Users/kartikvadhawana/anaconda3/lib/python3.12/site-packages/airflow/example_dags/example_short_circuit_decorator.py
[2025-03-03T19:31:12.003-0500] {processor.py:925} INFO - DAG(s) 'example_short_circuit_decorator' retrieved from /Users/kartikvadhawana/anaconda3/lib/python3.12/site-packages/airflow/example_dags/example_short_circuit_decorator.py
[2025-03-03T19:31:12.030-0500] {logging_mixin.py:190} INFO - [2025-03-03T19:31:12.030-0500] {dag.py:3239} INFO - Sync 1 DAGs
[2025-03-03T19:31:12.033-0500] {logging_mixin.py:190} INFO - [2025-03-03T19:31:12.033-0500] {dag.py:4180} INFO - Setting next_dagrun for example_short_circuit_decorator to None, run_after=None
[2025-03-03T19:31:12.039-0500] {processor.py:208} INFO - Processing /Users/kartikvadhawana/anaconda3/lib/python3.12/site-packages/airflow/example_dags/example_short_circuit_decorator.py took 0.051 seconds
[2025-03-03T19:32:23.042-0500] {processor.py:186} INFO - Started process (PID=92227) to work on /Users/kartikvadhawana/anaconda3/lib/python3.12/site-packages/airflow/example_dags/example_short_circuit_decorator.py
[2025-03-03T19:32:23.043-0500] {processor.py:914} INFO - Processing file /Users/kartikvadhawana/anaconda3/lib/python3.12/site-packages/airflow/example_dags/example_short_circuit_decorator.py for tasks to queue
[2025-03-03T19:32:23.043-0500] {logging_mixin.py:190} INFO - [2025-03-03T19:32:23.043-0500] {dagbag.py:588} INFO - Filling up the DagBag from /Users/kartikvadhawana/anaconda3/lib/python3.12/site-packages/airflow/example_dags/example_short_circuit_decorator.py
[2025-03-03T19:32:23.058-0500] {processor.py:925} INFO - DAG(s) 'example_short_circuit_decorator' retrieved from /Users/kartikvadhawana/anaconda3/lib/python3.12/site-packages/airflow/example_dags/example_short_circuit_decorator.py
[2025-03-03T19:32:23.086-0500] {logging_mixin.py:190} INFO - [2025-03-03T19:32:23.086-0500] {dag.py:3239} INFO - Sync 1 DAGs
[2025-03-03T19:32:23.089-0500] {logging_mixin.py:190} INFO - [2025-03-03T19:32:23.089-0500] {dag.py:4180} INFO - Setting next_dagrun for example_short_circuit_decorator to None, run_after=None
[2025-03-03T19:32:23.095-0500] {processor.py:208} INFO - Processing /Users/kartikvadhawana/anaconda3/lib/python3.12/site-packages/airflow/example_dags/example_short_circuit_decorator.py took 0.054 seconds
[2025-03-03T19:34:15.116-0500] {processor.py:186} INFO - Started process (PID=92484) to work on /Users/kartikvadhawana/anaconda3/lib/python3.12/site-packages/airflow/example_dags/example_short_circuit_decorator.py
[2025-03-03T19:34:15.117-0500] {processor.py:914} INFO - Processing file /Users/kartikvadhawana/anaconda3/lib/python3.12/site-packages/airflow/example_dags/example_short_circuit_decorator.py for tasks to queue
[2025-03-03T19:34:15.118-0500] {logging_mixin.py:190} INFO - [2025-03-03T19:34:15.118-0500] {dagbag.py:588} INFO - Filling up the DagBag from /Users/kartikvadhawana/anaconda3/lib/python3.12/site-packages/airflow/example_dags/example_short_circuit_decorator.py
[2025-03-03T19:34:15.130-0500] {processor.py:925} INFO - DAG(s) 'example_short_circuit_decorator' retrieved from /Users/kartikvadhawana/anaconda3/lib/python3.12/site-packages/airflow/example_dags/example_short_circuit_decorator.py
[2025-03-03T19:34:15.157-0500] {logging_mixin.py:190} INFO - [2025-03-03T19:34:15.157-0500] {dag.py:3239} INFO - Sync 1 DAGs
[2025-03-03T19:34:15.160-0500] {logging_mixin.py:190} INFO - [2025-03-03T19:34:15.160-0500] {dag.py:4180} INFO - Setting next_dagrun for example_short_circuit_decorator to None, run_after=None
[2025-03-03T19:34:15.166-0500] {processor.py:208} INFO - Processing /Users/kartikvadhawana/anaconda3/lib/python3.12/site-packages/airflow/example_dags/example_short_circuit_decorator.py took 0.051 seconds
[2025-03-03T19:36:50.867-0500] {processor.py:186} INFO - Started process (PID=92839) to work on /Users/kartikvadhawana/anaconda3/lib/python3.12/site-packages/airflow/example_dags/example_short_circuit_decorator.py
[2025-03-03T19:36:50.868-0500] {processor.py:914} INFO - Processing file /Users/kartikvadhawana/anaconda3/lib/python3.12/site-packages/airflow/example_dags/example_short_circuit_decorator.py for tasks to queue
[2025-03-03T19:36:50.868-0500] {logging_mixin.py:190} INFO - [2025-03-03T19:36:50.868-0500] {dagbag.py:588} INFO - Filling up the DagBag from /Users/kartikvadhawana/anaconda3/lib/python3.12/site-packages/airflow/example_dags/example_short_circuit_decorator.py
[2025-03-03T19:36:50.881-0500] {processor.py:925} INFO - DAG(s) 'example_short_circuit_decorator' retrieved from /Users/kartikvadhawana/anaconda3/lib/python3.12/site-packages/airflow/example_dags/example_short_circuit_decorator.py
[2025-03-03T19:36:50.908-0500] {logging_mixin.py:190} INFO - [2025-03-03T19:36:50.908-0500] {dag.py:3239} INFO - Sync 1 DAGs
[2025-03-03T19:36:50.911-0500] {logging_mixin.py:190} INFO - [2025-03-03T19:36:50.911-0500] {dag.py:4180} INFO - Setting next_dagrun for example_short_circuit_decorator to None, run_after=None
[2025-03-03T19:36:50.917-0500] {processor.py:208} INFO - Processing /Users/kartikvadhawana/anaconda3/lib/python3.12/site-packages/airflow/example_dags/example_short_circuit_decorator.py took 0.051 seconds
[2025-03-03T19:38:13.330-0500] {processor.py:186} INFO - Started process (PID=93035) to work on /Users/kartikvadhawana/anaconda3/lib/python3.12/site-packages/airflow/example_dags/example_short_circuit_decorator.py
[2025-03-03T19:38:13.331-0500] {processor.py:914} INFO - Processing file /Users/kartikvadhawana/anaconda3/lib/python3.12/site-packages/airflow/example_dags/example_short_circuit_decorator.py for tasks to queue
[2025-03-03T19:38:13.332-0500] {logging_mixin.py:190} INFO - [2025-03-03T19:38:13.331-0500] {dagbag.py:588} INFO - Filling up the DagBag from /Users/kartikvadhawana/anaconda3/lib/python3.12/site-packages/airflow/example_dags/example_short_circuit_decorator.py
[2025-03-03T19:38:13.344-0500] {processor.py:925} INFO - DAG(s) 'example_short_circuit_decorator' retrieved from /Users/kartikvadhawana/anaconda3/lib/python3.12/site-packages/airflow/example_dags/example_short_circuit_decorator.py
[2025-03-03T19:38:13.371-0500] {logging_mixin.py:190} INFO - [2025-03-03T19:38:13.371-0500] {dag.py:3239} INFO - Sync 1 DAGs
[2025-03-03T19:38:13.374-0500] {logging_mixin.py:190} INFO - [2025-03-03T19:38:13.374-0500] {dag.py:4180} INFO - Setting next_dagrun for example_short_circuit_decorator to None, run_after=None
[2025-03-03T19:38:13.380-0500] {processor.py:208} INFO - Processing /Users/kartikvadhawana/anaconda3/lib/python3.12/site-packages/airflow/example_dags/example_short_circuit_decorator.py took 0.051 seconds
[2025-03-03T19:39:35.301-0500] {processor.py:186} INFO - Started process (PID=93217) to work on /Users/kartikvadhawana/anaconda3/lib/python3.12/site-packages/airflow/example_dags/example_short_circuit_decorator.py
[2025-03-03T19:39:35.302-0500] {processor.py:914} INFO - Processing file /Users/kartikvadhawana/anaconda3/lib/python3.12/site-packages/airflow/example_dags/example_short_circuit_decorator.py for tasks to queue
[2025-03-03T19:39:35.302-0500] {logging_mixin.py:190} INFO - [2025-03-03T19:39:35.302-0500] {dagbag.py:588} INFO - Filling up the DagBag from /Users/kartikvadhawana/anaconda3/lib/python3.12/site-packages/airflow/example_dags/example_short_circuit_decorator.py
[2025-03-03T19:39:35.315-0500] {processor.py:925} INFO - DAG(s) 'example_short_circuit_decorator' retrieved from /Users/kartikvadhawana/anaconda3/lib/python3.12/site-packages/airflow/example_dags/example_short_circuit_decorator.py
[2025-03-03T19:39:35.342-0500] {logging_mixin.py:190} INFO - [2025-03-03T19:39:35.342-0500] {dag.py:3239} INFO - Sync 1 DAGs
[2025-03-03T19:39:35.345-0500] {logging_mixin.py:190} INFO - [2025-03-03T19:39:35.345-0500] {dag.py:4180} INFO - Setting next_dagrun for example_short_circuit_decorator to None, run_after=None
[2025-03-03T19:39:35.351-0500] {processor.py:208} INFO - Processing /Users/kartikvadhawana/anaconda3/lib/python3.12/site-packages/airflow/example_dags/example_short_circuit_decorator.py took 0.051 seconds
[2025-03-03T19:42:19.776-0500] {processor.py:186} INFO - Started process (PID=93830) to work on /Users/kartikvadhawana/anaconda3/lib/python3.12/site-packages/airflow/example_dags/example_short_circuit_decorator.py
[2025-03-03T19:42:19.777-0500] {processor.py:914} INFO - Processing file /Users/kartikvadhawana/anaconda3/lib/python3.12/site-packages/airflow/example_dags/example_short_circuit_decorator.py for tasks to queue
[2025-03-03T19:42:19.777-0500] {logging_mixin.py:190} INFO - [2025-03-03T19:42:19.777-0500] {dagbag.py:588} INFO - Filling up the DagBag from /Users/kartikvadhawana/anaconda3/lib/python3.12/site-packages/airflow/example_dags/example_short_circuit_decorator.py
[2025-03-03T19:42:19.790-0500] {processor.py:925} INFO - DAG(s) 'example_short_circuit_decorator' retrieved from /Users/kartikvadhawana/anaconda3/lib/python3.12/site-packages/airflow/example_dags/example_short_circuit_decorator.py
[2025-03-03T19:42:19.818-0500] {logging_mixin.py:190} INFO - [2025-03-03T19:42:19.818-0500] {dag.py:3239} INFO - Sync 1 DAGs
[2025-03-03T19:42:19.821-0500] {logging_mixin.py:190} INFO - [2025-03-03T19:42:19.821-0500] {dag.py:4180} INFO - Setting next_dagrun for example_short_circuit_decorator to None, run_after=None
[2025-03-03T19:42:19.827-0500] {processor.py:208} INFO - Processing /Users/kartikvadhawana/anaconda3/lib/python3.12/site-packages/airflow/example_dags/example_short_circuit_decorator.py took 0.052 seconds
[2025-03-03T19:44:13.207-0500] {processor.py:186} INFO - Started process (PID=94031) to work on /Users/kartikvadhawana/anaconda3/lib/python3.12/site-packages/airflow/example_dags/example_short_circuit_decorator.py
[2025-03-03T19:44:13.208-0500] {processor.py:914} INFO - Processing file /Users/kartikvadhawana/anaconda3/lib/python3.12/site-packages/airflow/example_dags/example_short_circuit_decorator.py for tasks to queue
[2025-03-03T19:44:13.209-0500] {logging_mixin.py:190} INFO - [2025-03-03T19:44:13.209-0500] {dagbag.py:588} INFO - Filling up the DagBag from /Users/kartikvadhawana/anaconda3/lib/python3.12/site-packages/airflow/example_dags/example_short_circuit_decorator.py
[2025-03-03T19:44:13.221-0500] {processor.py:925} INFO - DAG(s) 'example_short_circuit_decorator' retrieved from /Users/kartikvadhawana/anaconda3/lib/python3.12/site-packages/airflow/example_dags/example_short_circuit_decorator.py
[2025-03-03T19:44:13.248-0500] {logging_mixin.py:190} INFO - [2025-03-03T19:44:13.248-0500] {dag.py:3239} INFO - Sync 1 DAGs
[2025-03-03T19:44:13.251-0500] {logging_mixin.py:190} INFO - [2025-03-03T19:44:13.251-0500] {dag.py:4180} INFO - Setting next_dagrun for example_short_circuit_decorator to None, run_after=None
[2025-03-03T19:44:13.256-0500] {processor.py:208} INFO - Processing /Users/kartikvadhawana/anaconda3/lib/python3.12/site-packages/airflow/example_dags/example_short_circuit_decorator.py took 0.050 seconds
[2025-03-03T19:48:47.222-0500] {processor.py:186} INFO - Started process (PID=94696) to work on /Users/kartikvadhawana/anaconda3/lib/python3.12/site-packages/airflow/example_dags/example_short_circuit_decorator.py
[2025-03-03T19:48:47.223-0500] {processor.py:914} INFO - Processing file /Users/kartikvadhawana/anaconda3/lib/python3.12/site-packages/airflow/example_dags/example_short_circuit_decorator.py for tasks to queue
[2025-03-03T19:48:47.223-0500] {logging_mixin.py:190} INFO - [2025-03-03T19:48:47.223-0500] {dagbag.py:588} INFO - Filling up the DagBag from /Users/kartikvadhawana/anaconda3/lib/python3.12/site-packages/airflow/example_dags/example_short_circuit_decorator.py
[2025-03-03T19:48:47.237-0500] {processor.py:925} INFO - DAG(s) 'example_short_circuit_decorator' retrieved from /Users/kartikvadhawana/anaconda3/lib/python3.12/site-packages/airflow/example_dags/example_short_circuit_decorator.py
[2025-03-03T19:48:47.266-0500] {logging_mixin.py:190} INFO - [2025-03-03T19:48:47.266-0500] {dag.py:3239} INFO - Sync 1 DAGs
[2025-03-03T19:48:47.270-0500] {logging_mixin.py:190} INFO - [2025-03-03T19:48:47.270-0500] {dag.py:4180} INFO - Setting next_dagrun for example_short_circuit_decorator to None, run_after=None
[2025-03-03T19:48:47.276-0500] {processor.py:208} INFO - Processing /Users/kartikvadhawana/anaconda3/lib/python3.12/site-packages/airflow/example_dags/example_short_circuit_decorator.py took 0.055 seconds
[2025-03-03T19:50:36.296-0500] {processor.py:186} INFO - Started process (PID=94858) to work on /Users/kartikvadhawana/anaconda3/lib/python3.12/site-packages/airflow/example_dags/example_short_circuit_decorator.py
[2025-03-03T19:50:36.297-0500] {processor.py:914} INFO - Processing file /Users/kartikvadhawana/anaconda3/lib/python3.12/site-packages/airflow/example_dags/example_short_circuit_decorator.py for tasks to queue
[2025-03-03T19:50:36.298-0500] {logging_mixin.py:190} INFO - [2025-03-03T19:50:36.298-0500] {dagbag.py:588} INFO - Filling up the DagBag from /Users/kartikvadhawana/anaconda3/lib/python3.12/site-packages/airflow/example_dags/example_short_circuit_decorator.py
[2025-03-03T19:50:36.310-0500] {processor.py:925} INFO - DAG(s) 'example_short_circuit_decorator' retrieved from /Users/kartikvadhawana/anaconda3/lib/python3.12/site-packages/airflow/example_dags/example_short_circuit_decorator.py
[2025-03-03T19:50:36.336-0500] {logging_mixin.py:190} INFO - [2025-03-03T19:50:36.336-0500] {dag.py:3239} INFO - Sync 1 DAGs
[2025-03-03T19:50:36.339-0500] {logging_mixin.py:190} INFO - [2025-03-03T19:50:36.339-0500] {dag.py:4180} INFO - Setting next_dagrun for example_short_circuit_decorator to None, run_after=None
[2025-03-03T19:50:36.345-0500] {processor.py:208} INFO - Processing /Users/kartikvadhawana/anaconda3/lib/python3.12/site-packages/airflow/example_dags/example_short_circuit_decorator.py took 0.050 seconds
[2025-03-03T19:51:55.264-0500] {processor.py:186} INFO - Started process (PID=94952) to work on /Users/kartikvadhawana/anaconda3/lib/python3.12/site-packages/airflow/example_dags/example_short_circuit_decorator.py
[2025-03-03T19:51:55.265-0500] {processor.py:914} INFO - Processing file /Users/kartikvadhawana/anaconda3/lib/python3.12/site-packages/airflow/example_dags/example_short_circuit_decorator.py for tasks to queue
[2025-03-03T19:51:55.265-0500] {logging_mixin.py:190} INFO - [2025-03-03T19:51:55.265-0500] {dagbag.py:588} INFO - Filling up the DagBag from /Users/kartikvadhawana/anaconda3/lib/python3.12/site-packages/airflow/example_dags/example_short_circuit_decorator.py
[2025-03-03T19:51:55.277-0500] {processor.py:925} INFO - DAG(s) 'example_short_circuit_decorator' retrieved from /Users/kartikvadhawana/anaconda3/lib/python3.12/site-packages/airflow/example_dags/example_short_circuit_decorator.py
[2025-03-03T19:51:55.303-0500] {logging_mixin.py:190} INFO - [2025-03-03T19:51:55.303-0500] {dag.py:3239} INFO - Sync 1 DAGs
[2025-03-03T19:51:55.306-0500] {logging_mixin.py:190} INFO - [2025-03-03T19:51:55.306-0500] {dag.py:4180} INFO - Setting next_dagrun for example_short_circuit_decorator to None, run_after=None
[2025-03-03T19:51:55.312-0500] {processor.py:208} INFO - Processing /Users/kartikvadhawana/anaconda3/lib/python3.12/site-packages/airflow/example_dags/example_short_circuit_decorator.py took 0.049 seconds
[2025-03-03T19:53:17.537-0500] {processor.py:186} INFO - Started process (PID=95167) to work on /Users/kartikvadhawana/anaconda3/lib/python3.12/site-packages/airflow/example_dags/example_short_circuit_decorator.py
[2025-03-03T19:53:17.538-0500] {processor.py:914} INFO - Processing file /Users/kartikvadhawana/anaconda3/lib/python3.12/site-packages/airflow/example_dags/example_short_circuit_decorator.py for tasks to queue
[2025-03-03T19:53:17.538-0500] {logging_mixin.py:190} INFO - [2025-03-03T19:53:17.538-0500] {dagbag.py:588} INFO - Filling up the DagBag from /Users/kartikvadhawana/anaconda3/lib/python3.12/site-packages/airflow/example_dags/example_short_circuit_decorator.py
[2025-03-03T19:53:17.552-0500] {processor.py:925} INFO - DAG(s) 'example_short_circuit_decorator' retrieved from /Users/kartikvadhawana/anaconda3/lib/python3.12/site-packages/airflow/example_dags/example_short_circuit_decorator.py
[2025-03-03T19:53:17.580-0500] {logging_mixin.py:190} INFO - [2025-03-03T19:53:17.579-0500] {dag.py:3239} INFO - Sync 1 DAGs
[2025-03-03T19:53:17.583-0500] {logging_mixin.py:190} INFO - [2025-03-03T19:53:17.583-0500] {dag.py:4180} INFO - Setting next_dagrun for example_short_circuit_decorator to None, run_after=None
[2025-03-03T19:53:17.589-0500] {processor.py:208} INFO - Processing /Users/kartikvadhawana/anaconda3/lib/python3.12/site-packages/airflow/example_dags/example_short_circuit_decorator.py took 0.053 seconds
[2025-03-03T19:54:40.588-0500] {processor.py:186} INFO - Started process (PID=95352) to work on /Users/kartikvadhawana/anaconda3/lib/python3.12/site-packages/airflow/example_dags/example_short_circuit_decorator.py
[2025-03-03T19:54:40.589-0500] {processor.py:914} INFO - Processing file /Users/kartikvadhawana/anaconda3/lib/python3.12/site-packages/airflow/example_dags/example_short_circuit_decorator.py for tasks to queue
[2025-03-03T19:54:40.589-0500] {logging_mixin.py:190} INFO - [2025-03-03T19:54:40.589-0500] {dagbag.py:588} INFO - Filling up the DagBag from /Users/kartikvadhawana/anaconda3/lib/python3.12/site-packages/airflow/example_dags/example_short_circuit_decorator.py
[2025-03-03T19:54:40.602-0500] {processor.py:925} INFO - DAG(s) 'example_short_circuit_decorator' retrieved from /Users/kartikvadhawana/anaconda3/lib/python3.12/site-packages/airflow/example_dags/example_short_circuit_decorator.py
[2025-03-03T19:54:40.628-0500] {logging_mixin.py:190} INFO - [2025-03-03T19:54:40.628-0500] {dag.py:3239} INFO - Sync 1 DAGs
[2025-03-03T19:54:40.631-0500] {logging_mixin.py:190} INFO - [2025-03-03T19:54:40.631-0500] {dag.py:4180} INFO - Setting next_dagrun for example_short_circuit_decorator to None, run_after=None
[2025-03-03T19:54:40.637-0500] {processor.py:208} INFO - Processing /Users/kartikvadhawana/anaconda3/lib/python3.12/site-packages/airflow/example_dags/example_short_circuit_decorator.py took 0.050 seconds
[2025-03-03T19:56:02.301-0500] {processor.py:186} INFO - Started process (PID=95609) to work on /Users/kartikvadhawana/anaconda3/lib/python3.12/site-packages/airflow/example_dags/example_short_circuit_decorator.py
[2025-03-03T19:56:02.302-0500] {processor.py:914} INFO - Processing file /Users/kartikvadhawana/anaconda3/lib/python3.12/site-packages/airflow/example_dags/example_short_circuit_decorator.py for tasks to queue
[2025-03-03T19:56:02.303-0500] {logging_mixin.py:190} INFO - [2025-03-03T19:56:02.303-0500] {dagbag.py:588} INFO - Filling up the DagBag from /Users/kartikvadhawana/anaconda3/lib/python3.12/site-packages/airflow/example_dags/example_short_circuit_decorator.py
[2025-03-03T19:56:02.315-0500] {processor.py:925} INFO - DAG(s) 'example_short_circuit_decorator' retrieved from /Users/kartikvadhawana/anaconda3/lib/python3.12/site-packages/airflow/example_dags/example_short_circuit_decorator.py
[2025-03-03T19:56:02.343-0500] {logging_mixin.py:190} INFO - [2025-03-03T19:56:02.343-0500] {dag.py:3239} INFO - Sync 1 DAGs
[2025-03-03T19:56:02.346-0500] {logging_mixin.py:190} INFO - [2025-03-03T19:56:02.346-0500] {dag.py:4180} INFO - Setting next_dagrun for example_short_circuit_decorator to None, run_after=None
[2025-03-03T19:56:02.351-0500] {processor.py:208} INFO - Processing /Users/kartikvadhawana/anaconda3/lib/python3.12/site-packages/airflow/example_dags/example_short_circuit_decorator.py took 0.051 seconds
[2025-03-03T19:57:24.462-0500] {processor.py:186} INFO - Started process (PID=95788) to work on /Users/kartikvadhawana/anaconda3/lib/python3.12/site-packages/airflow/example_dags/example_short_circuit_decorator.py
[2025-03-03T19:57:24.462-0500] {processor.py:914} INFO - Processing file /Users/kartikvadhawana/anaconda3/lib/python3.12/site-packages/airflow/example_dags/example_short_circuit_decorator.py for tasks to queue
[2025-03-03T19:57:24.463-0500] {logging_mixin.py:190} INFO - [2025-03-03T19:57:24.463-0500] {dagbag.py:588} INFO - Filling up the DagBag from /Users/kartikvadhawana/anaconda3/lib/python3.12/site-packages/airflow/example_dags/example_short_circuit_decorator.py
[2025-03-03T19:57:24.475-0500] {processor.py:925} INFO - DAG(s) 'example_short_circuit_decorator' retrieved from /Users/kartikvadhawana/anaconda3/lib/python3.12/site-packages/airflow/example_dags/example_short_circuit_decorator.py
[2025-03-03T19:57:24.501-0500] {logging_mixin.py:190} INFO - [2025-03-03T19:57:24.501-0500] {dag.py:3239} INFO - Sync 1 DAGs
[2025-03-03T19:57:24.504-0500] {logging_mixin.py:190} INFO - [2025-03-03T19:57:24.504-0500] {dag.py:4180} INFO - Setting next_dagrun for example_short_circuit_decorator to None, run_after=None
[2025-03-03T19:57:24.510-0500] {processor.py:208} INFO - Processing /Users/kartikvadhawana/anaconda3/lib/python3.12/site-packages/airflow/example_dags/example_short_circuit_decorator.py took 0.049 seconds
[2025-03-03T19:58:47.079-0500] {processor.py:186} INFO - Started process (PID=95944) to work on /Users/kartikvadhawana/anaconda3/lib/python3.12/site-packages/airflow/example_dags/example_short_circuit_decorator.py
[2025-03-03T19:58:47.080-0500] {processor.py:914} INFO - Processing file /Users/kartikvadhawana/anaconda3/lib/python3.12/site-packages/airflow/example_dags/example_short_circuit_decorator.py for tasks to queue
[2025-03-03T19:58:47.081-0500] {logging_mixin.py:190} INFO - [2025-03-03T19:58:47.081-0500] {dagbag.py:588} INFO - Filling up the DagBag from /Users/kartikvadhawana/anaconda3/lib/python3.12/site-packages/airflow/example_dags/example_short_circuit_decorator.py
[2025-03-03T19:58:47.094-0500] {processor.py:925} INFO - DAG(s) 'example_short_circuit_decorator' retrieved from /Users/kartikvadhawana/anaconda3/lib/python3.12/site-packages/airflow/example_dags/example_short_circuit_decorator.py
[2025-03-03T19:58:47.121-0500] {logging_mixin.py:190} INFO - [2025-03-03T19:58:47.121-0500] {dag.py:3239} INFO - Sync 1 DAGs
[2025-03-03T19:58:47.124-0500] {logging_mixin.py:190} INFO - [2025-03-03T19:58:47.124-0500] {dag.py:4180} INFO - Setting next_dagrun for example_short_circuit_decorator to None, run_after=None
[2025-03-03T19:58:47.130-0500] {processor.py:208} INFO - Processing /Users/kartikvadhawana/anaconda3/lib/python3.12/site-packages/airflow/example_dags/example_short_circuit_decorator.py took 0.052 seconds
