[2025-03-03T19:21:57.751-0500] {processor.py:186} INFO - Started process (PID=89951) to work on /Users/kartikvadhawana/anaconda3/lib/python3.12/site-packages/airflow/example_dags/example_branch_operator_decorator.py
[2025-03-03T19:21:57.752-0500] {processor.py:914} INFO - Processing file /Users/kartikvadhawana/anaconda3/lib/python3.12/site-packages/airflow/example_dags/example_branch_operator_decorator.py for tasks to queue
[2025-03-03T19:21:57.752-0500] {logging_mixin.py:190} INFO - [2025-03-03T19:21:57.752-0500] {dagbag.py:588} INFO - Filling up the DagBag from /Users/kartikvadhawana/anaconda3/lib/python3.12/site-packages/airflow/example_dags/example_branch_operator_decorator.py
[2025-03-03T19:21:57.759-0500] {processor.py:927} WARNING - No viable dags retrieved from /Users/kartikvadhawana/anaconda3/lib/python3.12/site-packages/airflow/example_dags/example_branch_operator_decorator.py
[2025-03-03T19:21:57.785-0500] {processor.py:208} INFO - Processing /Users/kartikvadhawana/anaconda3/lib/python3.12/site-packages/airflow/example_dags/example_branch_operator_decorator.py took 0.034 seconds
[2025-03-03T19:24:35.559-0500] {processor.py:186} INFO - Started process (PID=90499) to work on /Users/kartikvadhawana/anaconda3/lib/python3.12/site-packages/airflow/example_dags/example_branch_operator_decorator.py
[2025-03-03T19:24:35.560-0500] {processor.py:914} INFO - Processing file /Users/kartikvadhawana/anaconda3/lib/python3.12/site-packages/airflow/example_dags/example_branch_operator_decorator.py for tasks to queue
[2025-03-03T19:24:35.560-0500] {logging_mixin.py:190} INFO - [2025-03-03T19:24:35.560-0500] {dagbag.py:588} INFO - Filling up the DagBag from /Users/kartikvadhawana/anaconda3/lib/python3.12/site-packages/airflow/example_dags/example_branch_operator_decorator.py
[2025-03-03T19:24:35.568-0500] {processor.py:927} WARNING - No viable dags retrieved from /Users/kartikvadhawana/anaconda3/lib/python3.12/site-packages/airflow/example_dags/example_branch_operator_decorator.py
[2025-03-03T19:24:35.591-0500] {processor.py:208} INFO - Processing /Users/kartikvadhawana/anaconda3/lib/python3.12/site-packages/airflow/example_dags/example_branch_operator_decorator.py took 0.033 seconds
[2025-03-03T19:28:55.738-0500] {processor.py:186} INFO - Started process (PID=91537) to work on /Users/kartikvadhawana/anaconda3/lib/python3.12/site-packages/airflow/example_dags/example_branch_operator_decorator.py
[2025-03-03T19:28:55.739-0500] {processor.py:914} INFO - Processing file /Users/kartikvadhawana/anaconda3/lib/python3.12/site-packages/airflow/example_dags/example_branch_operator_decorator.py for tasks to queue
[2025-03-03T19:28:55.740-0500] {logging_mixin.py:190} INFO - [2025-03-03T19:28:55.740-0500] {dagbag.py:588} INFO - Filling up the DagBag from /Users/kartikvadhawana/anaconda3/lib/python3.12/site-packages/airflow/example_dags/example_branch_operator_decorator.py
[2025-03-03T19:28:55.747-0500] {processor.py:927} WARNING - No viable dags retrieved from /Users/kartikvadhawana/anaconda3/lib/python3.12/site-packages/airflow/example_dags/example_branch_operator_decorator.py
[2025-03-03T19:28:55.770-0500] {processor.py:208} INFO - Processing /Users/kartikvadhawana/anaconda3/lib/python3.12/site-packages/airflow/example_dags/example_branch_operator_decorator.py took 0.033 seconds
[2025-03-03T19:33:13.026-0500] {processor.py:186} INFO - Started process (PID=92349) to work on /Users/kartikvadhawana/anaconda3/lib/python3.12/site-packages/airflow/example_dags/example_branch_operator_decorator.py
[2025-03-03T19:33:13.026-0500] {processor.py:914} INFO - Processing file /Users/kartikvadhawana/anaconda3/lib/python3.12/site-packages/airflow/example_dags/example_branch_operator_decorator.py for tasks to queue
[2025-03-03T19:33:13.027-0500] {logging_mixin.py:190} INFO - [2025-03-03T19:33:13.027-0500] {dagbag.py:588} INFO - Filling up the DagBag from /Users/kartikvadhawana/anaconda3/lib/python3.12/site-packages/airflow/example_dags/example_branch_operator_decorator.py
[2025-03-03T19:33:13.034-0500] {processor.py:927} WARNING - No viable dags retrieved from /Users/kartikvadhawana/anaconda3/lib/python3.12/site-packages/airflow/example_dags/example_branch_operator_decorator.py
[2025-03-03T19:33:13.058-0500] {processor.py:208} INFO - Processing /Users/kartikvadhawana/anaconda3/lib/python3.12/site-packages/airflow/example_dags/example_branch_operator_decorator.py took 0.033 seconds
[2025-03-03T19:35:50.506-0500] {processor.py:186} INFO - Started process (PID=92701) to work on /Users/kartikvadhawana/anaconda3/lib/python3.12/site-packages/airflow/example_dags/example_branch_operator_decorator.py
[2025-03-03T19:35:50.507-0500] {processor.py:914} INFO - Processing file /Users/kartikvadhawana/anaconda3/lib/python3.12/site-packages/airflow/example_dags/example_branch_operator_decorator.py for tasks to queue
[2025-03-03T19:35:50.507-0500] {logging_mixin.py:190} INFO - [2025-03-03T19:35:50.507-0500] {dagbag.py:588} INFO - Filling up the DagBag from /Users/kartikvadhawana/anaconda3/lib/python3.12/site-packages/airflow/example_dags/example_branch_operator_decorator.py
[2025-03-03T19:35:50.515-0500] {processor.py:927} WARNING - No viable dags retrieved from /Users/kartikvadhawana/anaconda3/lib/python3.12/site-packages/airflow/example_dags/example_branch_operator_decorator.py
[2025-03-03T19:35:50.539-0500] {processor.py:208} INFO - Processing /Users/kartikvadhawana/anaconda3/lib/python3.12/site-packages/airflow/example_dags/example_branch_operator_decorator.py took 0.034 seconds
[2025-03-03T19:38:34.009-0500] {processor.py:186} INFO - Started process (PID=93078) to work on /Users/kartikvadhawana/anaconda3/lib/python3.12/site-packages/airflow/example_dags/example_branch_operator_decorator.py
[2025-03-03T19:38:34.010-0500] {processor.py:914} INFO - Processing file /Users/kartikvadhawana/anaconda3/lib/python3.12/site-packages/airflow/example_dags/example_branch_operator_decorator.py for tasks to queue
[2025-03-03T19:38:34.011-0500] {logging_mixin.py:190} INFO - [2025-03-03T19:38:34.011-0500] {dagbag.py:588} INFO - Filling up the DagBag from /Users/kartikvadhawana/anaconda3/lib/python3.12/site-packages/airflow/example_dags/example_branch_operator_decorator.py
[2025-03-03T19:38:34.018-0500] {processor.py:927} WARNING - No viable dags retrieved from /Users/kartikvadhawana/anaconda3/lib/python3.12/site-packages/airflow/example_dags/example_branch_operator_decorator.py
[2025-03-03T19:38:34.042-0500] {processor.py:208} INFO - Processing /Users/kartikvadhawana/anaconda3/lib/python3.12/site-packages/airflow/example_dags/example_branch_operator_decorator.py took 0.034 seconds
[2025-03-03T19:41:12.938-0500] {processor.py:186} INFO - Started process (PID=93517) to work on /Users/kartikvadhawana/anaconda3/lib/python3.12/site-packages/airflow/example_dags/example_branch_operator_decorator.py
[2025-03-03T19:41:12.939-0500] {processor.py:914} INFO - Processing file /Users/kartikvadhawana/anaconda3/lib/python3.12/site-packages/airflow/example_dags/example_branch_operator_decorator.py for tasks to queue
[2025-03-03T19:41:12.939-0500] {logging_mixin.py:190} INFO - [2025-03-03T19:41:12.939-0500] {dagbag.py:588} INFO - Filling up the DagBag from /Users/kartikvadhawana/anaconda3/lib/python3.12/site-packages/airflow/example_dags/example_branch_operator_decorator.py
[2025-03-03T19:41:12.947-0500] {processor.py:927} WARNING - No viable dags retrieved from /Users/kartikvadhawana/anaconda3/lib/python3.12/site-packages/airflow/example_dags/example_branch_operator_decorator.py
[2025-03-03T19:41:12.970-0500] {processor.py:208} INFO - Processing /Users/kartikvadhawana/anaconda3/lib/python3.12/site-packages/airflow/example_dags/example_branch_operator_decorator.py took 0.033 seconds
[2025-03-03T19:43:09.834-0500] {processor.py:186} INFO - Started process (PID=93918) to work on /Users/kartikvadhawana/anaconda3/lib/python3.12/site-packages/airflow/example_dags/example_branch_operator_decorator.py
[2025-03-03T19:43:09.835-0500] {processor.py:914} INFO - Processing file /Users/kartikvadhawana/anaconda3/lib/python3.12/site-packages/airflow/example_dags/example_branch_operator_decorator.py for tasks to queue
[2025-03-03T19:43:09.835-0500] {logging_mixin.py:190} INFO - [2025-03-03T19:43:09.835-0500] {dagbag.py:588} INFO - Filling up the DagBag from /Users/kartikvadhawana/anaconda3/lib/python3.12/site-packages/airflow/example_dags/example_branch_operator_decorator.py
[2025-03-03T19:43:09.843-0500] {processor.py:927} WARNING - No viable dags retrieved from /Users/kartikvadhawana/anaconda3/lib/python3.12/site-packages/airflow/example_dags/example_branch_operator_decorator.py
[2025-03-03T19:43:09.867-0500] {processor.py:208} INFO - Processing /Users/kartikvadhawana/anaconda3/lib/python3.12/site-packages/airflow/example_dags/example_branch_operator_decorator.py took 0.034 seconds
[2025-03-03T19:49:37.078-0500] {processor.py:186} INFO - Started process (PID=94781) to work on /Users/kartikvadhawana/anaconda3/lib/python3.12/site-packages/airflow/example_dags/example_branch_operator_decorator.py
[2025-03-03T19:49:37.079-0500] {processor.py:914} INFO - Processing file /Users/kartikvadhawana/anaconda3/lib/python3.12/site-packages/airflow/example_dags/example_branch_operator_decorator.py for tasks to queue
[2025-03-03T19:49:37.079-0500] {logging_mixin.py:190} INFO - [2025-03-03T19:49:37.079-0500] {dagbag.py:588} INFO - Filling up the DagBag from /Users/kartikvadhawana/anaconda3/lib/python3.12/site-packages/airflow/example_dags/example_branch_operator_decorator.py
[2025-03-03T19:49:37.087-0500] {processor.py:927} WARNING - No viable dags retrieved from /Users/kartikvadhawana/anaconda3/lib/python3.12/site-packages/airflow/example_dags/example_branch_operator_decorator.py
[2025-03-03T19:49:37.109-0500] {processor.py:208} INFO - Processing /Users/kartikvadhawana/anaconda3/lib/python3.12/site-packages/airflow/example_dags/example_branch_operator_decorator.py took 0.032 seconds
[2025-03-03T19:52:15.677-0500] {processor.py:186} INFO - Started process (PID=94976) to work on /Users/kartikvadhawana/anaconda3/lib/python3.12/site-packages/airflow/example_dags/example_branch_operator_decorator.py
[2025-03-03T19:52:15.677-0500] {processor.py:914} INFO - Processing file /Users/kartikvadhawana/anaconda3/lib/python3.12/site-packages/airflow/example_dags/example_branch_operator_decorator.py for tasks to queue
[2025-03-03T19:52:15.678-0500] {logging_mixin.py:190} INFO - [2025-03-03T19:52:15.678-0500] {dagbag.py:588} INFO - Filling up the DagBag from /Users/kartikvadhawana/anaconda3/lib/python3.12/site-packages/airflow/example_dags/example_branch_operator_decorator.py
[2025-03-03T19:52:15.685-0500] {processor.py:927} WARNING - No viable dags retrieved from /Users/kartikvadhawana/anaconda3/lib/python3.12/site-packages/airflow/example_dags/example_branch_operator_decorator.py
[2025-03-03T19:52:15.708-0500] {processor.py:208} INFO - Processing /Users/kartikvadhawana/anaconda3/lib/python3.12/site-packages/airflow/example_dags/example_branch_operator_decorator.py took 0.032 seconds
[2025-03-03T19:55:01.530-0500] {processor.py:186} INFO - Started process (PID=95406) to work on /Users/kartikvadhawana/anaconda3/lib/python3.12/site-packages/airflow/example_dags/example_branch_operator_decorator.py
[2025-03-03T19:55:01.530-0500] {processor.py:914} INFO - Processing file /Users/kartikvadhawana/anaconda3/lib/python3.12/site-packages/airflow/example_dags/example_branch_operator_decorator.py for tasks to queue
[2025-03-03T19:55:01.531-0500] {logging_mixin.py:190} INFO - [2025-03-03T19:55:01.531-0500] {dagbag.py:588} INFO - Filling up the DagBag from /Users/kartikvadhawana/anaconda3/lib/python3.12/site-packages/airflow/example_dags/example_branch_operator_decorator.py
[2025-03-03T19:55:01.538-0500] {processor.py:927} WARNING - No viable dags retrieved from /Users/kartikvadhawana/anaconda3/lib/python3.12/site-packages/airflow/example_dags/example_branch_operator_decorator.py
[2025-03-03T19:55:01.563-0500] {processor.py:208} INFO - Processing /Users/kartikvadhawana/anaconda3/lib/python3.12/site-packages/airflow/example_dags/example_branch_operator_decorator.py took 0.035 seconds
[2025-03-03T19:57:45.387-0500] {processor.py:186} INFO - Started process (PID=95834) to work on /Users/kartikvadhawana/anaconda3/lib/python3.12/site-packages/airflow/example_dags/example_branch_operator_decorator.py
[2025-03-03T19:57:45.388-0500] {processor.py:914} INFO - Processing file /Users/kartikvadhawana/anaconda3/lib/python3.12/site-packages/airflow/example_dags/example_branch_operator_decorator.py for tasks to queue
[2025-03-03T19:57:45.389-0500] {logging_mixin.py:190} INFO - [2025-03-03T19:57:45.389-0500] {dagbag.py:588} INFO - Filling up the DagBag from /Users/kartikvadhawana/anaconda3/lib/python3.12/site-packages/airflow/example_dags/example_branch_operator_decorator.py
[2025-03-03T19:57:45.396-0500] {processor.py:927} WARNING - No viable dags retrieved from /Users/kartikvadhawana/anaconda3/lib/python3.12/site-packages/airflow/example_dags/example_branch_operator_decorator.py
[2025-03-03T19:57:45.419-0500] {processor.py:208} INFO - Processing /Users/kartikvadhawana/anaconda3/lib/python3.12/site-packages/airflow/example_dags/example_branch_operator_decorator.py took 0.033 seconds
[2025-03-03T20:00:27.570-0500] {processor.py:186} INFO - Started process (PID=96070) to work on /Users/kartikvadhawana/anaconda3/lib/python3.12/site-packages/airflow/example_dags/example_branch_operator_decorator.py
[2025-03-03T20:00:27.572-0500] {processor.py:914} INFO - Processing file /Users/kartikvadhawana/anaconda3/lib/python3.12/site-packages/airflow/example_dags/example_branch_operator_decorator.py for tasks to queue
[2025-03-03T20:00:27.572-0500] {logging_mixin.py:190} INFO - [2025-03-03T20:00:27.572-0500] {dagbag.py:588} INFO - Filling up the DagBag from /Users/kartikvadhawana/anaconda3/lib/python3.12/site-packages/airflow/example_dags/example_branch_operator_decorator.py
[2025-03-03T20:00:27.579-0500] {processor.py:927} WARNING - No viable dags retrieved from /Users/kartikvadhawana/anaconda3/lib/python3.12/site-packages/airflow/example_dags/example_branch_operator_decorator.py
[2025-03-03T20:00:27.602-0500] {processor.py:208} INFO - Processing /Users/kartikvadhawana/anaconda3/lib/python3.12/site-packages/airflow/example_dags/example_branch_operator_decorator.py took 0.032 seconds
