[2025-03-03T19:21:37.571-0500] {processor.py:186} INFO - Started process (PID=89886) to work on /Users/kartikvadhawana/anaconda3/lib/python3.12/site-packages/airflow/example_dags/example_external_task_marker_dag.py
[2025-03-03T19:21:37.571-0500] {processor.py:914} INFO - Processing file /Users/kartikvadhawana/anaconda3/lib/python3.12/site-packages/airflow/example_dags/example_external_task_marker_dag.py for tasks to queue
[2025-03-03T19:21:37.572-0500] {logging_mixin.py:190} INFO - [2025-03-03T19:21:37.572-0500] {dagbag.py:588} INFO - Filling up the DagBag from /Users/kartikvadhawana/anaconda3/lib/python3.12/site-packages/airflow/example_dags/example_external_task_marker_dag.py
[2025-03-03T19:21:37.576-0500] {processor.py:925} INFO - DAG(s) 'example_external_task_marker_parent', 'example_external_task_marker_child' retrieved from /Users/kartikvadhawana/anaconda3/lib/python3.12/site-packages/airflow/example_dags/example_external_task_marker_dag.py
[2025-03-03T19:21:37.625-0500] {logging_mixin.py:190} INFO - [2025-03-03T19:21:37.625-0500] {override.py:1930} INFO - Created Permission View: can edit on DAG:example_external_task_marker_parent
[2025-03-03T19:21:37.628-0500] {logging_mixin.py:190} INFO - [2025-03-03T19:21:37.628-0500] {override.py:1930} INFO - Created Permission View: can read on DAG:example_external_task_marker_parent
[2025-03-03T19:21:37.629-0500] {logging_mixin.py:190} INFO - [2025-03-03T19:21:37.629-0500] {override.py:1930} INFO - Created Permission View: can delete on DAG:example_external_task_marker_parent
[2025-03-03T19:21:37.632-0500] {logging_mixin.py:190} INFO - [2025-03-03T19:21:37.632-0500] {override.py:1930} INFO - Created Permission View: can create on DAG Run:example_external_task_marker_parent
[2025-03-03T19:21:37.633-0500] {logging_mixin.py:190} INFO - [2025-03-03T19:21:37.633-0500] {override.py:1930} INFO - Created Permission View: menu access on DAG Run:example_external_task_marker_parent
[2025-03-03T19:21:37.634-0500] {logging_mixin.py:190} INFO - [2025-03-03T19:21:37.634-0500] {override.py:1930} INFO - Created Permission View: can read on DAG Run:example_external_task_marker_parent
[2025-03-03T19:21:37.636-0500] {logging_mixin.py:190} INFO - [2025-03-03T19:21:37.636-0500] {override.py:1930} INFO - Created Permission View: can delete on DAG Run:example_external_task_marker_parent
[2025-03-03T19:21:37.710-0500] {logging_mixin.py:190} INFO - [2025-03-03T19:21:37.710-0500] {utils.py:160} INFO - NumExpr defaulting to 8 threads.
[2025-03-03T19:21:37.827-0500] {logging_mixin.py:190} INFO - [2025-03-03T19:21:37.827-0500] {override.py:1930} INFO - Created Permission View: can edit on DAG:example_external_task_marker_child
[2025-03-03T19:21:37.828-0500] {logging_mixin.py:190} INFO - [2025-03-03T19:21:37.828-0500] {override.py:1930} INFO - Created Permission View: can read on DAG:example_external_task_marker_child
[2025-03-03T19:21:37.830-0500] {logging_mixin.py:190} INFO - [2025-03-03T19:21:37.830-0500] {override.py:1930} INFO - Created Permission View: can delete on DAG:example_external_task_marker_child
[2025-03-03T19:21:37.832-0500] {logging_mixin.py:190} INFO - [2025-03-03T19:21:37.832-0500] {override.py:1930} INFO - Created Permission View: can create on DAG Run:example_external_task_marker_child
[2025-03-03T19:21:37.833-0500] {logging_mixin.py:190} INFO - [2025-03-03T19:21:37.833-0500] {override.py:1930} INFO - Created Permission View: menu access on DAG Run:example_external_task_marker_child
[2025-03-03T19:21:37.834-0500] {logging_mixin.py:190} INFO - [2025-03-03T19:21:37.834-0500] {override.py:1930} INFO - Created Permission View: can read on DAG Run:example_external_task_marker_child
[2025-03-03T19:21:37.836-0500] {logging_mixin.py:190} INFO - [2025-03-03T19:21:37.836-0500] {override.py:1930} INFO - Created Permission View: can delete on DAG Run:example_external_task_marker_child
[2025-03-03T19:21:37.836-0500] {logging_mixin.py:190} INFO - [2025-03-03T19:21:37.836-0500] {dag.py:3239} INFO - Sync 2 DAGs
[2025-03-03T19:21:37.839-0500] {logging_mixin.py:190} INFO - [2025-03-03T19:21:37.839-0500] {dag.py:3262} INFO - Creating ORM DAG for example_external_task_marker_parent
[2025-03-03T19:21:37.839-0500] {logging_mixin.py:190} INFO - [2025-03-03T19:21:37.839-0500] {dag.py:3262} INFO - Creating ORM DAG for example_external_task_marker_child
[2025-03-03T19:21:37.840-0500] {logging_mixin.py:190} INFO - [2025-03-03T19:21:37.840-0500] {dag.py:4180} INFO - Setting next_dagrun for example_external_task_marker_child to None, run_after=None
[2025-03-03T19:21:37.840-0500] {logging_mixin.py:190} INFO - [2025-03-03T19:21:37.840-0500] {dag.py:4180} INFO - Setting next_dagrun for example_external_task_marker_parent to None, run_after=None
[2025-03-03T19:21:37.844-0500] {processor.py:208} INFO - Processing /Users/kartikvadhawana/anaconda3/lib/python3.12/site-packages/airflow/example_dags/example_external_task_marker_dag.py took 0.274 seconds
[2025-03-03T19:23:25.498-0500] {processor.py:186} INFO - Started process (PID=90200) to work on /Users/kartikvadhawana/anaconda3/lib/python3.12/site-packages/airflow/example_dags/example_external_task_marker_dag.py
[2025-03-03T19:23:25.499-0500] {processor.py:914} INFO - Processing file /Users/kartikvadhawana/anaconda3/lib/python3.12/site-packages/airflow/example_dags/example_external_task_marker_dag.py for tasks to queue
[2025-03-03T19:23:25.500-0500] {logging_mixin.py:190} INFO - [2025-03-03T19:23:25.500-0500] {dagbag.py:588} INFO - Filling up the DagBag from /Users/kartikvadhawana/anaconda3/lib/python3.12/site-packages/airflow/example_dags/example_external_task_marker_dag.py
[2025-03-03T19:23:25.504-0500] {processor.py:925} INFO - DAG(s) 'example_external_task_marker_child', 'example_external_task_marker_parent' retrieved from /Users/kartikvadhawana/anaconda3/lib/python3.12/site-packages/airflow/example_dags/example_external_task_marker_dag.py
[2025-03-03T19:23:25.608-0500] {logging_mixin.py:190} INFO - [2025-03-03T19:23:25.608-0500] {utils.py:160} INFO - NumExpr defaulting to 8 threads.
[2025-03-03T19:23:25.744-0500] {logging_mixin.py:190} INFO - [2025-03-03T19:23:25.744-0500] {dag.py:3239} INFO - Sync 2 DAGs
[2025-03-03T19:23:25.747-0500] {logging_mixin.py:190} INFO - [2025-03-03T19:23:25.747-0500] {dag.py:4180} INFO - Setting next_dagrun for example_external_task_marker_child to None, run_after=None
[2025-03-03T19:23:25.748-0500] {logging_mixin.py:190} INFO - [2025-03-03T19:23:25.748-0500] {dag.py:4180} INFO - Setting next_dagrun for example_external_task_marker_parent to None, run_after=None
[2025-03-03T19:23:25.754-0500] {processor.py:208} INFO - Processing /Users/kartikvadhawana/anaconda3/lib/python3.12/site-packages/airflow/example_dags/example_external_task_marker_dag.py took 0.256 seconds
[2025-03-03T19:26:15.818-0500] {processor.py:186} INFO - Started process (PID=90935) to work on /Users/kartikvadhawana/anaconda3/lib/python3.12/site-packages/airflow/example_dags/example_external_task_marker_dag.py
[2025-03-03T19:26:15.819-0500] {processor.py:914} INFO - Processing file /Users/kartikvadhawana/anaconda3/lib/python3.12/site-packages/airflow/example_dags/example_external_task_marker_dag.py for tasks to queue
[2025-03-03T19:26:15.820-0500] {logging_mixin.py:190} INFO - [2025-03-03T19:26:15.820-0500] {dagbag.py:588} INFO - Filling up the DagBag from /Users/kartikvadhawana/anaconda3/lib/python3.12/site-packages/airflow/example_dags/example_external_task_marker_dag.py
[2025-03-03T19:26:15.825-0500] {processor.py:925} INFO - DAG(s) 'example_external_task_marker_parent', 'example_external_task_marker_child' retrieved from /Users/kartikvadhawana/anaconda3/lib/python3.12/site-packages/airflow/example_dags/example_external_task_marker_dag.py
[2025-03-03T19:26:15.923-0500] {logging_mixin.py:190} INFO - [2025-03-03T19:26:15.923-0500] {utils.py:160} INFO - NumExpr defaulting to 8 threads.
[2025-03-03T19:26:16.008-0500] {logging_mixin.py:190} INFO - [2025-03-03T19:26:16.008-0500] {dag.py:3239} INFO - Sync 2 DAGs
[2025-03-03T19:26:16.042-0500] {logging_mixin.py:190} INFO - [2025-03-03T19:26:16.041-0500] {dag.py:4180} INFO - Setting next_dagrun for example_external_task_marker_child to None, run_after=None
[2025-03-03T19:26:16.043-0500] {logging_mixin.py:190} INFO - [2025-03-03T19:26:16.042-0500] {dag.py:4180} INFO - Setting next_dagrun for example_external_task_marker_parent to None, run_after=None
[2025-03-03T19:26:16.048-0500] {processor.py:208} INFO - Processing /Users/kartikvadhawana/anaconda3/lib/python3.12/site-packages/airflow/example_dags/example_external_task_marker_dag.py took 0.231 seconds
[2025-03-03T19:28:37.947-0500] {processor.py:186} INFO - Started process (PID=91453) to work on /Users/kartikvadhawana/anaconda3/lib/python3.12/site-packages/airflow/example_dags/example_external_task_marker_dag.py
[2025-03-03T19:28:37.948-0500] {processor.py:914} INFO - Processing file /Users/kartikvadhawana/anaconda3/lib/python3.12/site-packages/airflow/example_dags/example_external_task_marker_dag.py for tasks to queue
[2025-03-03T19:28:37.948-0500] {logging_mixin.py:190} INFO - [2025-03-03T19:28:37.948-0500] {dagbag.py:588} INFO - Filling up the DagBag from /Users/kartikvadhawana/anaconda3/lib/python3.12/site-packages/airflow/example_dags/example_external_task_marker_dag.py
[2025-03-03T19:28:37.953-0500] {processor.py:925} INFO - DAG(s) 'example_external_task_marker_child', 'example_external_task_marker_parent' retrieved from /Users/kartikvadhawana/anaconda3/lib/python3.12/site-packages/airflow/example_dags/example_external_task_marker_dag.py
[2025-03-03T19:28:38.077-0500] {logging_mixin.py:190} INFO - [2025-03-03T19:28:38.077-0500] {utils.py:160} INFO - NumExpr defaulting to 8 threads.
[2025-03-03T19:28:38.244-0500] {logging_mixin.py:190} INFO - [2025-03-03T19:28:38.243-0500] {dag.py:3239} INFO - Sync 2 DAGs
[2025-03-03T19:28:38.247-0500] {logging_mixin.py:190} INFO - [2025-03-03T19:28:38.247-0500] {dag.py:4180} INFO - Setting next_dagrun for example_external_task_marker_child to None, run_after=None
[2025-03-03T19:28:38.248-0500] {logging_mixin.py:190} INFO - [2025-03-03T19:28:38.248-0500] {dag.py:4180} INFO - Setting next_dagrun for example_external_task_marker_parent to None, run_after=None
[2025-03-03T19:28:38.253-0500] {processor.py:208} INFO - Processing /Users/kartikvadhawana/anaconda3/lib/python3.12/site-packages/airflow/example_dags/example_external_task_marker_dag.py took 0.308 seconds
[2025-03-03T19:31:13.875-0500] {processor.py:186} INFO - Started process (PID=91910) to work on /Users/kartikvadhawana/anaconda3/lib/python3.12/site-packages/airflow/example_dags/example_external_task_marker_dag.py
[2025-03-03T19:31:13.877-0500] {processor.py:914} INFO - Processing file /Users/kartikvadhawana/anaconda3/lib/python3.12/site-packages/airflow/example_dags/example_external_task_marker_dag.py for tasks to queue
[2025-03-03T19:31:13.877-0500] {logging_mixin.py:190} INFO - [2025-03-03T19:31:13.877-0500] {dagbag.py:588} INFO - Filling up the DagBag from /Users/kartikvadhawana/anaconda3/lib/python3.12/site-packages/airflow/example_dags/example_external_task_marker_dag.py
[2025-03-03T19:31:13.882-0500] {processor.py:925} INFO - DAG(s) 'example_external_task_marker_parent', 'example_external_task_marker_child' retrieved from /Users/kartikvadhawana/anaconda3/lib/python3.12/site-packages/airflow/example_dags/example_external_task_marker_dag.py
[2025-03-03T19:31:13.979-0500] {logging_mixin.py:190} INFO - [2025-03-03T19:31:13.979-0500] {utils.py:160} INFO - NumExpr defaulting to 8 threads.
[2025-03-03T19:31:14.063-0500] {logging_mixin.py:190} INFO - [2025-03-03T19:31:14.062-0500] {dag.py:3239} INFO - Sync 2 DAGs
[2025-03-03T19:31:14.095-0500] {logging_mixin.py:190} INFO - [2025-03-03T19:31:14.095-0500] {dag.py:4180} INFO - Setting next_dagrun for example_external_task_marker_child to None, run_after=None
[2025-03-03T19:31:14.096-0500] {logging_mixin.py:190} INFO - [2025-03-03T19:31:14.096-0500] {dag.py:4180} INFO - Setting next_dagrun for example_external_task_marker_parent to None, run_after=None
[2025-03-03T19:31:14.101-0500] {processor.py:208} INFO - Processing /Users/kartikvadhawana/anaconda3/lib/python3.12/site-packages/airflow/example_dags/example_external_task_marker_dag.py took 0.227 seconds
[2025-03-03T19:32:54.287-0500] {processor.py:186} INFO - Started process (PID=92303) to work on /Users/kartikvadhawana/anaconda3/lib/python3.12/site-packages/airflow/example_dags/example_external_task_marker_dag.py
[2025-03-03T19:32:54.287-0500] {processor.py:914} INFO - Processing file /Users/kartikvadhawana/anaconda3/lib/python3.12/site-packages/airflow/example_dags/example_external_task_marker_dag.py for tasks to queue
[2025-03-03T19:32:54.288-0500] {logging_mixin.py:190} INFO - [2025-03-03T19:32:54.288-0500] {dagbag.py:588} INFO - Filling up the DagBag from /Users/kartikvadhawana/anaconda3/lib/python3.12/site-packages/airflow/example_dags/example_external_task_marker_dag.py
[2025-03-03T19:32:54.293-0500] {processor.py:925} INFO - DAG(s) 'example_external_task_marker_parent', 'example_external_task_marker_child' retrieved from /Users/kartikvadhawana/anaconda3/lib/python3.12/site-packages/airflow/example_dags/example_external_task_marker_dag.py
[2025-03-03T19:32:54.401-0500] {logging_mixin.py:190} INFO - [2025-03-03T19:32:54.401-0500] {utils.py:160} INFO - NumExpr defaulting to 8 threads.
[2025-03-03T19:32:54.512-0500] {logging_mixin.py:190} INFO - [2025-03-03T19:32:54.512-0500] {dag.py:3239} INFO - Sync 2 DAGs
[2025-03-03T19:32:54.548-0500] {logging_mixin.py:190} INFO - [2025-03-03T19:32:54.548-0500] {dag.py:4180} INFO - Setting next_dagrun for example_external_task_marker_child to None, run_after=None
[2025-03-03T19:32:54.549-0500] {logging_mixin.py:190} INFO - [2025-03-03T19:32:54.549-0500] {dag.py:4180} INFO - Setting next_dagrun for example_external_task_marker_parent to None, run_after=None
[2025-03-03T19:32:54.554-0500] {processor.py:208} INFO - Processing /Users/kartikvadhawana/anaconda3/lib/python3.12/site-packages/airflow/example_dags/example_external_task_marker_dag.py took 0.268 seconds
[2025-03-03T19:34:42.837-0500] {processor.py:186} INFO - Started process (PID=92552) to work on /Users/kartikvadhawana/anaconda3/lib/python3.12/site-packages/airflow/example_dags/example_external_task_marker_dag.py
[2025-03-03T19:34:42.838-0500] {processor.py:914} INFO - Processing file /Users/kartikvadhawana/anaconda3/lib/python3.12/site-packages/airflow/example_dags/example_external_task_marker_dag.py for tasks to queue
[2025-03-03T19:34:42.838-0500] {logging_mixin.py:190} INFO - [2025-03-03T19:34:42.838-0500] {dagbag.py:588} INFO - Filling up the DagBag from /Users/kartikvadhawana/anaconda3/lib/python3.12/site-packages/airflow/example_dags/example_external_task_marker_dag.py
[2025-03-03T19:34:42.843-0500] {processor.py:925} INFO - DAG(s) 'example_external_task_marker_parent', 'example_external_task_marker_child' retrieved from /Users/kartikvadhawana/anaconda3/lib/python3.12/site-packages/airflow/example_dags/example_external_task_marker_dag.py
[2025-03-03T19:34:42.943-0500] {logging_mixin.py:190} INFO - [2025-03-03T19:34:42.943-0500] {utils.py:160} INFO - NumExpr defaulting to 8 threads.
[2025-03-03T19:34:43.028-0500] {logging_mixin.py:190} INFO - [2025-03-03T19:34:43.028-0500] {dag.py:3239} INFO - Sync 2 DAGs
[2025-03-03T19:34:43.063-0500] {logging_mixin.py:190} INFO - [2025-03-03T19:34:43.062-0500] {dag.py:4180} INFO - Setting next_dagrun for example_external_task_marker_child to None, run_after=None
[2025-03-03T19:34:43.064-0500] {logging_mixin.py:190} INFO - [2025-03-03T19:34:43.064-0500] {dag.py:4180} INFO - Setting next_dagrun for example_external_task_marker_parent to None, run_after=None
[2025-03-03T19:34:43.069-0500] {processor.py:208} INFO - Processing /Users/kartikvadhawana/anaconda3/lib/python3.12/site-packages/airflow/example_dags/example_external_task_marker_dag.py took 0.233 seconds
[2025-03-03T19:37:22.108-0500] {processor.py:186} INFO - Started process (PID=92909) to work on /Users/kartikvadhawana/anaconda3/lib/python3.12/site-packages/airflow/example_dags/example_external_task_marker_dag.py
[2025-03-03T19:37:22.109-0500] {processor.py:914} INFO - Processing file /Users/kartikvadhawana/anaconda3/lib/python3.12/site-packages/airflow/example_dags/example_external_task_marker_dag.py for tasks to queue
[2025-03-03T19:37:22.110-0500] {logging_mixin.py:190} INFO - [2025-03-03T19:37:22.110-0500] {dagbag.py:588} INFO - Filling up the DagBag from /Users/kartikvadhawana/anaconda3/lib/python3.12/site-packages/airflow/example_dags/example_external_task_marker_dag.py
[2025-03-03T19:37:22.115-0500] {processor.py:925} INFO - DAG(s) 'example_external_task_marker_parent', 'example_external_task_marker_child' retrieved from /Users/kartikvadhawana/anaconda3/lib/python3.12/site-packages/airflow/example_dags/example_external_task_marker_dag.py
[2025-03-03T19:37:22.240-0500] {logging_mixin.py:190} INFO - [2025-03-03T19:37:22.240-0500] {utils.py:160} INFO - NumExpr defaulting to 8 threads.
[2025-03-03T19:37:22.362-0500] {logging_mixin.py:190} INFO - [2025-03-03T19:37:22.362-0500] {dag.py:3239} INFO - Sync 2 DAGs
[2025-03-03T19:37:22.401-0500] {logging_mixin.py:190} INFO - [2025-03-03T19:37:22.401-0500] {dag.py:4180} INFO - Setting next_dagrun for example_external_task_marker_child to None, run_after=None
[2025-03-03T19:37:22.402-0500] {logging_mixin.py:190} INFO - [2025-03-03T19:37:22.402-0500] {dag.py:4180} INFO - Setting next_dagrun for example_external_task_marker_parent to None, run_after=None
[2025-03-03T19:37:22.407-0500] {processor.py:208} INFO - Processing /Users/kartikvadhawana/anaconda3/lib/python3.12/site-packages/airflow/example_dags/example_external_task_marker_dag.py took 0.300 seconds
[2025-03-03T19:40:02.609-0500] {processor.py:186} INFO - Started process (PID=93280) to work on /Users/kartikvadhawana/anaconda3/lib/python3.12/site-packages/airflow/example_dags/example_external_task_marker_dag.py
[2025-03-03T19:40:02.610-0500] {processor.py:914} INFO - Processing file /Users/kartikvadhawana/anaconda3/lib/python3.12/site-packages/airflow/example_dags/example_external_task_marker_dag.py for tasks to queue
[2025-03-03T19:40:02.611-0500] {logging_mixin.py:190} INFO - [2025-03-03T19:40:02.611-0500] {dagbag.py:588} INFO - Filling up the DagBag from /Users/kartikvadhawana/anaconda3/lib/python3.12/site-packages/airflow/example_dags/example_external_task_marker_dag.py
[2025-03-03T19:40:02.615-0500] {processor.py:925} INFO - DAG(s) 'example_external_task_marker_parent', 'example_external_task_marker_child' retrieved from /Users/kartikvadhawana/anaconda3/lib/python3.12/site-packages/airflow/example_dags/example_external_task_marker_dag.py
[2025-03-03T19:40:02.734-0500] {logging_mixin.py:190} INFO - [2025-03-03T19:40:02.734-0500] {utils.py:160} INFO - NumExpr defaulting to 8 threads.
[2025-03-03T19:40:02.873-0500] {logging_mixin.py:190} INFO - [2025-03-03T19:40:02.873-0500] {dag.py:3239} INFO - Sync 2 DAGs
[2025-03-03T19:40:02.910-0500] {logging_mixin.py:190} INFO - [2025-03-03T19:40:02.910-0500] {dag.py:4180} INFO - Setting next_dagrun for example_external_task_marker_child to None, run_after=None
[2025-03-03T19:40:02.911-0500] {logging_mixin.py:190} INFO - [2025-03-03T19:40:02.911-0500] {dag.py:4180} INFO - Setting next_dagrun for example_external_task_marker_parent to None, run_after=None
[2025-03-03T19:40:02.916-0500] {processor.py:208} INFO - Processing /Users/kartikvadhawana/anaconda3/lib/python3.12/site-packages/airflow/example_dags/example_external_task_marker_dag.py took 0.308 seconds
[2025-03-03T19:42:50.801-0500] {processor.py:186} INFO - Started process (PID=93885) to work on /Users/kartikvadhawana/anaconda3/lib/python3.12/site-packages/airflow/example_dags/example_external_task_marker_dag.py
[2025-03-03T19:42:50.803-0500] {processor.py:914} INFO - Processing file /Users/kartikvadhawana/anaconda3/lib/python3.12/site-packages/airflow/example_dags/example_external_task_marker_dag.py for tasks to queue
[2025-03-03T19:42:50.803-0500] {logging_mixin.py:190} INFO - [2025-03-03T19:42:50.803-0500] {dagbag.py:588} INFO - Filling up the DagBag from /Users/kartikvadhawana/anaconda3/lib/python3.12/site-packages/airflow/example_dags/example_external_task_marker_dag.py
[2025-03-03T19:42:50.808-0500] {processor.py:925} INFO - DAG(s) 'example_external_task_marker_parent', 'example_external_task_marker_child' retrieved from /Users/kartikvadhawana/anaconda3/lib/python3.12/site-packages/airflow/example_dags/example_external_task_marker_dag.py
[2025-03-03T19:42:50.925-0500] {logging_mixin.py:190} INFO - [2025-03-03T19:42:50.925-0500] {utils.py:160} INFO - NumExpr defaulting to 8 threads.
[2025-03-03T19:42:51.042-0500] {logging_mixin.py:190} INFO - [2025-03-03T19:42:51.042-0500] {dag.py:3239} INFO - Sync 2 DAGs
[2025-03-03T19:42:51.075-0500] {logging_mixin.py:190} INFO - [2025-03-03T19:42:51.075-0500] {dag.py:4180} INFO - Setting next_dagrun for example_external_task_marker_child to None, run_after=None
[2025-03-03T19:42:51.076-0500] {logging_mixin.py:190} INFO - [2025-03-03T19:42:51.076-0500] {dag.py:4180} INFO - Setting next_dagrun for example_external_task_marker_parent to None, run_after=None
[2025-03-03T19:42:51.081-0500] {processor.py:208} INFO - Processing /Users/kartikvadhawana/anaconda3/lib/python3.12/site-packages/airflow/example_dags/example_external_task_marker_dag.py took 0.281 seconds
[2025-03-03T19:49:18.648-0500] {processor.py:186} INFO - Started process (PID=94759) to work on /Users/kartikvadhawana/anaconda3/lib/python3.12/site-packages/airflow/example_dags/example_external_task_marker_dag.py
[2025-03-03T19:49:18.651-0500] {processor.py:914} INFO - Processing file /Users/kartikvadhawana/anaconda3/lib/python3.12/site-packages/airflow/example_dags/example_external_task_marker_dag.py for tasks to queue
[2025-03-03T19:49:18.651-0500] {logging_mixin.py:190} INFO - [2025-03-03T19:49:18.651-0500] {dagbag.py:588} INFO - Filling up the DagBag from /Users/kartikvadhawana/anaconda3/lib/python3.12/site-packages/airflow/example_dags/example_external_task_marker_dag.py
[2025-03-03T19:49:18.656-0500] {processor.py:925} INFO - DAG(s) 'example_external_task_marker_parent', 'example_external_task_marker_child' retrieved from /Users/kartikvadhawana/anaconda3/lib/python3.12/site-packages/airflow/example_dags/example_external_task_marker_dag.py
[2025-03-03T19:49:18.775-0500] {logging_mixin.py:190} INFO - [2025-03-03T19:49:18.775-0500] {utils.py:160} INFO - NumExpr defaulting to 8 threads.
[2025-03-03T19:49:18.893-0500] {logging_mixin.py:190} INFO - [2025-03-03T19:49:18.893-0500] {dag.py:3239} INFO - Sync 2 DAGs
[2025-03-03T19:49:18.930-0500] {logging_mixin.py:190} INFO - [2025-03-03T19:49:18.930-0500] {dag.py:4180} INFO - Setting next_dagrun for example_external_task_marker_child to None, run_after=None
[2025-03-03T19:49:18.931-0500] {logging_mixin.py:190} INFO - [2025-03-03T19:49:18.931-0500] {dag.py:4180} INFO - Setting next_dagrun for example_external_task_marker_parent to None, run_after=None
[2025-03-03T19:49:18.936-0500] {processor.py:208} INFO - Processing /Users/kartikvadhawana/anaconda3/lib/python3.12/site-packages/airflow/example_dags/example_external_task_marker_dag.py took 0.289 seconds
[2025-03-03T19:51:57.135-0500] {processor.py:186} INFO - Started process (PID=94954) to work on /Users/kartikvadhawana/anaconda3/lib/python3.12/site-packages/airflow/example_dags/example_external_task_marker_dag.py
[2025-03-03T19:51:57.135-0500] {processor.py:914} INFO - Processing file /Users/kartikvadhawana/anaconda3/lib/python3.12/site-packages/airflow/example_dags/example_external_task_marker_dag.py for tasks to queue
[2025-03-03T19:51:57.136-0500] {logging_mixin.py:190} INFO - [2025-03-03T19:51:57.136-0500] {dagbag.py:588} INFO - Filling up the DagBag from /Users/kartikvadhawana/anaconda3/lib/python3.12/site-packages/airflow/example_dags/example_external_task_marker_dag.py
[2025-03-03T19:51:57.140-0500] {processor.py:925} INFO - DAG(s) 'example_external_task_marker_parent', 'example_external_task_marker_child' retrieved from /Users/kartikvadhawana/anaconda3/lib/python3.12/site-packages/airflow/example_dags/example_external_task_marker_dag.py
[2025-03-03T19:51:57.237-0500] {logging_mixin.py:190} INFO - [2025-03-03T19:51:57.237-0500] {utils.py:160} INFO - NumExpr defaulting to 8 threads.
[2025-03-03T19:51:57.320-0500] {logging_mixin.py:190} INFO - [2025-03-03T19:51:57.320-0500] {dag.py:3239} INFO - Sync 2 DAGs
[2025-03-03T19:51:57.352-0500] {logging_mixin.py:190} INFO - [2025-03-03T19:51:57.352-0500] {dag.py:4180} INFO - Setting next_dagrun for example_external_task_marker_child to None, run_after=None
[2025-03-03T19:51:57.353-0500] {logging_mixin.py:190} INFO - [2025-03-03T19:51:57.353-0500] {dag.py:4180} INFO - Setting next_dagrun for example_external_task_marker_parent to None, run_after=None
[2025-03-03T19:51:57.358-0500] {processor.py:208} INFO - Processing /Users/kartikvadhawana/anaconda3/lib/python3.12/site-packages/airflow/example_dags/example_external_task_marker_dag.py took 0.224 seconds
[2025-03-03T19:53:48.799-0500] {processor.py:186} INFO - Started process (PID=95239) to work on /Users/kartikvadhawana/anaconda3/lib/python3.12/site-packages/airflow/example_dags/example_external_task_marker_dag.py
[2025-03-03T19:53:48.799-0500] {processor.py:914} INFO - Processing file /Users/kartikvadhawana/anaconda3/lib/python3.12/site-packages/airflow/example_dags/example_external_task_marker_dag.py for tasks to queue
[2025-03-03T19:53:48.800-0500] {logging_mixin.py:190} INFO - [2025-03-03T19:53:48.800-0500] {dagbag.py:588} INFO - Filling up the DagBag from /Users/kartikvadhawana/anaconda3/lib/python3.12/site-packages/airflow/example_dags/example_external_task_marker_dag.py
[2025-03-03T19:53:48.805-0500] {processor.py:925} INFO - DAG(s) 'example_external_task_marker_child', 'example_external_task_marker_parent' retrieved from /Users/kartikvadhawana/anaconda3/lib/python3.12/site-packages/airflow/example_dags/example_external_task_marker_dag.py
[2025-03-03T19:53:48.909-0500] {logging_mixin.py:190} INFO - [2025-03-03T19:53:48.909-0500] {utils.py:160} INFO - NumExpr defaulting to 8 threads.
[2025-03-03T19:53:49.026-0500] {logging_mixin.py:190} INFO - [2025-03-03T19:53:49.026-0500] {dag.py:3239} INFO - Sync 2 DAGs
[2025-03-03T19:53:49.029-0500] {logging_mixin.py:190} INFO - [2025-03-03T19:53:49.029-0500] {dag.py:4180} INFO - Setting next_dagrun for example_external_task_marker_child to None, run_after=None
[2025-03-03T19:53:49.030-0500] {logging_mixin.py:190} INFO - [2025-03-03T19:53:49.030-0500] {dag.py:4180} INFO - Setting next_dagrun for example_external_task_marker_parent to None, run_after=None
[2025-03-03T19:53:49.035-0500] {processor.py:208} INFO - Processing /Users/kartikvadhawana/anaconda3/lib/python3.12/site-packages/airflow/example_dags/example_external_task_marker_dag.py took 0.237 seconds
[2025-03-03T19:56:32.999-0500] {processor.py:186} INFO - Started process (PID=95695) to work on /Users/kartikvadhawana/anaconda3/lib/python3.12/site-packages/airflow/example_dags/example_external_task_marker_dag.py
[2025-03-03T19:56:33.000-0500] {processor.py:914} INFO - Processing file /Users/kartikvadhawana/anaconda3/lib/python3.12/site-packages/airflow/example_dags/example_external_task_marker_dag.py for tasks to queue
[2025-03-03T19:56:33.000-0500] {logging_mixin.py:190} INFO - [2025-03-03T19:56:33.000-0500] {dagbag.py:588} INFO - Filling up the DagBag from /Users/kartikvadhawana/anaconda3/lib/python3.12/site-packages/airflow/example_dags/example_external_task_marker_dag.py
[2025-03-03T19:56:33.005-0500] {processor.py:925} INFO - DAG(s) 'example_external_task_marker_child', 'example_external_task_marker_parent' retrieved from /Users/kartikvadhawana/anaconda3/lib/python3.12/site-packages/airflow/example_dags/example_external_task_marker_dag.py
[2025-03-03T19:56:33.132-0500] {logging_mixin.py:190} INFO - [2025-03-03T19:56:33.132-0500] {utils.py:160} INFO - NumExpr defaulting to 8 threads.
[2025-03-03T19:56:33.286-0500] {logging_mixin.py:190} INFO - [2025-03-03T19:56:33.286-0500] {dag.py:3239} INFO - Sync 2 DAGs
[2025-03-03T19:56:33.290-0500] {logging_mixin.py:190} INFO - [2025-03-03T19:56:33.290-0500] {dag.py:4180} INFO - Setting next_dagrun for example_external_task_marker_child to None, run_after=None
[2025-03-03T19:56:33.291-0500] {logging_mixin.py:190} INFO - [2025-03-03T19:56:33.291-0500] {dag.py:4180} INFO - Setting next_dagrun for example_external_task_marker_parent to None, run_after=None
[2025-03-03T19:56:33.295-0500] {processor.py:208} INFO - Processing /Users/kartikvadhawana/anaconda3/lib/python3.12/site-packages/airflow/example_dags/example_external_task_marker_dag.py took 0.297 seconds
[2025-03-03T19:59:15.532-0500] {processor.py:186} INFO - Started process (PID=95979) to work on /Users/kartikvadhawana/anaconda3/lib/python3.12/site-packages/airflow/example_dags/example_external_task_marker_dag.py
[2025-03-03T19:59:15.532-0500] {processor.py:914} INFO - Processing file /Users/kartikvadhawana/anaconda3/lib/python3.12/site-packages/airflow/example_dags/example_external_task_marker_dag.py for tasks to queue
[2025-03-03T19:59:15.533-0500] {logging_mixin.py:190} INFO - [2025-03-03T19:59:15.533-0500] {dagbag.py:588} INFO - Filling up the DagBag from /Users/kartikvadhawana/anaconda3/lib/python3.12/site-packages/airflow/example_dags/example_external_task_marker_dag.py
[2025-03-03T19:59:15.538-0500] {processor.py:925} INFO - DAG(s) 'example_external_task_marker_child', 'example_external_task_marker_parent' retrieved from /Users/kartikvadhawana/anaconda3/lib/python3.12/site-packages/airflow/example_dags/example_external_task_marker_dag.py
[2025-03-03T19:59:15.665-0500] {logging_mixin.py:190} INFO - [2025-03-03T19:59:15.665-0500] {utils.py:160} INFO - NumExpr defaulting to 8 threads.
[2025-03-03T19:59:15.821-0500] {logging_mixin.py:190} INFO - [2025-03-03T19:59:15.821-0500] {dag.py:3239} INFO - Sync 2 DAGs
[2025-03-03T19:59:15.824-0500] {logging_mixin.py:190} INFO - [2025-03-03T19:59:15.824-0500] {dag.py:4180} INFO - Setting next_dagrun for example_external_task_marker_child to None, run_after=None
[2025-03-03T19:59:15.825-0500] {logging_mixin.py:190} INFO - [2025-03-03T19:59:15.825-0500] {dag.py:4180} INFO - Setting next_dagrun for example_external_task_marker_parent to None, run_after=None
[2025-03-03T19:59:15.830-0500] {processor.py:208} INFO - Processing /Users/kartikvadhawana/anaconda3/lib/python3.12/site-packages/airflow/example_dags/example_external_task_marker_dag.py took 0.299 seconds
