[2025-03-03T19:21:45.545-0500] {processor.py:186} INFO - Started process (PID=89939) to work on /Users/kartikvadhawana/anaconda3/lib/python3.12/site-packages/airflow/example_dags/example_datasets.py
[2025-03-03T19:21:45.545-0500] {processor.py:914} INFO - Processing file /Users/kartikvadhawana/anaconda3/lib/python3.12/site-packages/airflow/example_dags/example_datasets.py for tasks to queue
[2025-03-03T19:21:45.546-0500] {logging_mixin.py:190} INFO - [2025-03-03T19:21:45.545-0500] {dagbag.py:588} INFO - Filling up the DagBag from /Users/kartikvadhawana/anaconda3/lib/python3.12/site-packages/airflow/example_dags/example_datasets.py
[2025-03-03T19:21:45.567-0500] {processor.py:925} INFO - DAG(s) 'dataset_consumes_1', 'consume_1_or_both_2_and_3_with_dataset_expressions', 'dataset_consumes_1_never_scheduled', 'consume_1_or_2_with_dataset_expressions', 'dataset_consumes_unknown_never_scheduled', 'dataset_produces_1', 'conditional_dataset_and_time_based_timetable', 'dataset_produces_2', 'dataset_consumes_1_and_2', 'consume_1_and_2_with_dataset_expressions' retrieved from /Users/kartikvadhawana/anaconda3/lib/python3.12/site-packages/airflow/example_dags/example_datasets.py
[2025-03-03T19:21:45.618-0500] {logging_mixin.py:190} INFO - [2025-03-03T19:21:45.618-0500] {override.py:1930} INFO - Created Permission View: can edit on DAG:dataset_consumes_1
[2025-03-03T19:21:45.621-0500] {logging_mixin.py:190} INFO - [2025-03-03T19:21:45.621-0500] {override.py:1930} INFO - Created Permission View: can delete on DAG:dataset_consumes_1
[2025-03-03T19:21:45.622-0500] {logging_mixin.py:190} INFO - [2025-03-03T19:21:45.622-0500] {override.py:1930} INFO - Created Permission View: can read on DAG:dataset_consumes_1
[2025-03-03T19:21:45.624-0500] {logging_mixin.py:190} INFO - [2025-03-03T19:21:45.624-0500] {override.py:1930} INFO - Created Permission View: can create on DAG Run:dataset_consumes_1
[2025-03-03T19:21:45.626-0500] {logging_mixin.py:190} INFO - [2025-03-03T19:21:45.626-0500] {override.py:1930} INFO - Created Permission View: can delete on DAG Run:dataset_consumes_1
[2025-03-03T19:21:45.627-0500] {logging_mixin.py:190} INFO - [2025-03-03T19:21:45.627-0500] {override.py:1930} INFO - Created Permission View: can read on DAG Run:dataset_consumes_1
[2025-03-03T19:21:45.629-0500] {logging_mixin.py:190} INFO - [2025-03-03T19:21:45.629-0500] {override.py:1930} INFO - Created Permission View: menu access on DAG Run:dataset_consumes_1
[2025-03-03T19:21:45.632-0500] {logging_mixin.py:190} INFO - [2025-03-03T19:21:45.632-0500] {override.py:1930} INFO - Created Permission View: can edit on DAG:consume_1_or_both_2_and_3_with_dataset_expressions
[2025-03-03T19:21:45.633-0500] {logging_mixin.py:190} INFO - [2025-03-03T19:21:45.633-0500] {override.py:1930} INFO - Created Permission View: can delete on DAG:consume_1_or_both_2_and_3_with_dataset_expressions
[2025-03-03T19:21:45.635-0500] {logging_mixin.py:190} INFO - [2025-03-03T19:21:45.635-0500] {override.py:1930} INFO - Created Permission View: can read on DAG:consume_1_or_both_2_and_3_with_dataset_expressions
[2025-03-03T19:21:45.637-0500] {logging_mixin.py:190} INFO - [2025-03-03T19:21:45.637-0500] {override.py:1930} INFO - Created Permission View: can create on DAG Run:consume_1_or_both_2_and_3_with_dataset_expressions
[2025-03-03T19:21:45.638-0500] {logging_mixin.py:190} INFO - [2025-03-03T19:21:45.638-0500] {override.py:1930} INFO - Created Permission View: can delete on DAG Run:consume_1_or_both_2_and_3_with_dataset_expressions
[2025-03-03T19:21:45.640-0500] {logging_mixin.py:190} INFO - [2025-03-03T19:21:45.640-0500] {override.py:1930} INFO - Created Permission View: can read on DAG Run:consume_1_or_both_2_and_3_with_dataset_expressions
[2025-03-03T19:21:45.641-0500] {logging_mixin.py:190} INFO - [2025-03-03T19:21:45.641-0500] {override.py:1930} INFO - Created Permission View: menu access on DAG Run:consume_1_or_both_2_and_3_with_dataset_expressions
[2025-03-03T19:21:45.644-0500] {logging_mixin.py:190} INFO - [2025-03-03T19:21:45.644-0500] {override.py:1930} INFO - Created Permission View: can edit on DAG:dataset_consumes_1_never_scheduled
[2025-03-03T19:21:45.645-0500] {logging_mixin.py:190} INFO - [2025-03-03T19:21:45.645-0500] {override.py:1930} INFO - Created Permission View: can delete on DAG:dataset_consumes_1_never_scheduled
[2025-03-03T19:21:45.647-0500] {logging_mixin.py:190} INFO - [2025-03-03T19:21:45.647-0500] {override.py:1930} INFO - Created Permission View: can read on DAG:dataset_consumes_1_never_scheduled
[2025-03-03T19:21:45.648-0500] {logging_mixin.py:190} INFO - [2025-03-03T19:21:45.648-0500] {override.py:1930} INFO - Created Permission View: can create on DAG Run:dataset_consumes_1_never_scheduled
[2025-03-03T19:21:45.650-0500] {logging_mixin.py:190} INFO - [2025-03-03T19:21:45.650-0500] {override.py:1930} INFO - Created Permission View: can delete on DAG Run:dataset_consumes_1_never_scheduled
[2025-03-03T19:21:45.651-0500] {logging_mixin.py:190} INFO - [2025-03-03T19:21:45.651-0500] {override.py:1930} INFO - Created Permission View: can read on DAG Run:dataset_consumes_1_never_scheduled
[2025-03-03T19:21:45.653-0500] {logging_mixin.py:190} INFO - [2025-03-03T19:21:45.653-0500] {override.py:1930} INFO - Created Permission View: menu access on DAG Run:dataset_consumes_1_never_scheduled
[2025-03-03T19:21:45.656-0500] {logging_mixin.py:190} INFO - [2025-03-03T19:21:45.656-0500] {override.py:1930} INFO - Created Permission View: can edit on DAG:consume_1_or_2_with_dataset_expressions
[2025-03-03T19:21:45.657-0500] {logging_mixin.py:190} INFO - [2025-03-03T19:21:45.657-0500] {override.py:1930} INFO - Created Permission View: can delete on DAG:consume_1_or_2_with_dataset_expressions
[2025-03-03T19:21:45.658-0500] {logging_mixin.py:190} INFO - [2025-03-03T19:21:45.658-0500] {override.py:1930} INFO - Created Permission View: can read on DAG:consume_1_or_2_with_dataset_expressions
[2025-03-03T19:21:45.660-0500] {logging_mixin.py:190} INFO - [2025-03-03T19:21:45.660-0500] {override.py:1930} INFO - Created Permission View: can create on DAG Run:consume_1_or_2_with_dataset_expressions
[2025-03-03T19:21:45.662-0500] {logging_mixin.py:190} INFO - [2025-03-03T19:21:45.662-0500] {override.py:1930} INFO - Created Permission View: can delete on DAG Run:consume_1_or_2_with_dataset_expressions
[2025-03-03T19:21:45.663-0500] {logging_mixin.py:190} INFO - [2025-03-03T19:21:45.663-0500] {override.py:1930} INFO - Created Permission View: can read on DAG Run:consume_1_or_2_with_dataset_expressions
[2025-03-03T19:21:45.664-0500] {logging_mixin.py:190} INFO - [2025-03-03T19:21:45.664-0500] {override.py:1930} INFO - Created Permission View: menu access on DAG Run:consume_1_or_2_with_dataset_expressions
[2025-03-03T19:21:45.667-0500] {logging_mixin.py:190} INFO - [2025-03-03T19:21:45.667-0500] {override.py:1930} INFO - Created Permission View: can edit on DAG:dataset_consumes_unknown_never_scheduled
[2025-03-03T19:21:45.668-0500] {logging_mixin.py:190} INFO - [2025-03-03T19:21:45.668-0500] {override.py:1930} INFO - Created Permission View: can delete on DAG:dataset_consumes_unknown_never_scheduled
[2025-03-03T19:21:45.670-0500] {logging_mixin.py:190} INFO - [2025-03-03T19:21:45.670-0500] {override.py:1930} INFO - Created Permission View: can read on DAG:dataset_consumes_unknown_never_scheduled
[2025-03-03T19:21:45.672-0500] {logging_mixin.py:190} INFO - [2025-03-03T19:21:45.672-0500] {override.py:1930} INFO - Created Permission View: can create on DAG Run:dataset_consumes_unknown_never_scheduled
[2025-03-03T19:21:45.674-0500] {logging_mixin.py:190} INFO - [2025-03-03T19:21:45.674-0500] {override.py:1930} INFO - Created Permission View: can delete on DAG Run:dataset_consumes_unknown_never_scheduled
[2025-03-03T19:21:45.675-0500] {logging_mixin.py:190} INFO - [2025-03-03T19:21:45.675-0500] {override.py:1930} INFO - Created Permission View: can read on DAG Run:dataset_consumes_unknown_never_scheduled
[2025-03-03T19:21:45.676-0500] {logging_mixin.py:190} INFO - [2025-03-03T19:21:45.676-0500] {override.py:1930} INFO - Created Permission View: menu access on DAG Run:dataset_consumes_unknown_never_scheduled
[2025-03-03T19:21:45.679-0500] {logging_mixin.py:190} INFO - [2025-03-03T19:21:45.679-0500] {override.py:1930} INFO - Created Permission View: can edit on DAG:dataset_produces_1
[2025-03-03T19:21:45.681-0500] {logging_mixin.py:190} INFO - [2025-03-03T19:21:45.681-0500] {override.py:1930} INFO - Created Permission View: can delete on DAG:dataset_produces_1
[2025-03-03T19:21:45.682-0500] {logging_mixin.py:190} INFO - [2025-03-03T19:21:45.682-0500] {override.py:1930} INFO - Created Permission View: can read on DAG:dataset_produces_1
[2025-03-03T19:21:45.684-0500] {logging_mixin.py:190} INFO - [2025-03-03T19:21:45.684-0500] {override.py:1930} INFO - Created Permission View: can create on DAG Run:dataset_produces_1
[2025-03-03T19:21:45.685-0500] {logging_mixin.py:190} INFO - [2025-03-03T19:21:45.685-0500] {override.py:1930} INFO - Created Permission View: can delete on DAG Run:dataset_produces_1
[2025-03-03T19:21:45.687-0500] {logging_mixin.py:190} INFO - [2025-03-03T19:21:45.686-0500] {override.py:1930} INFO - Created Permission View: can read on DAG Run:dataset_produces_1
[2025-03-03T19:21:45.688-0500] {logging_mixin.py:190} INFO - [2025-03-03T19:21:45.688-0500] {override.py:1930} INFO - Created Permission View: menu access on DAG Run:dataset_produces_1
[2025-03-03T19:21:45.691-0500] {logging_mixin.py:190} INFO - [2025-03-03T19:21:45.691-0500] {override.py:1930} INFO - Created Permission View: can edit on DAG:conditional_dataset_and_time_based_timetable
[2025-03-03T19:21:45.692-0500] {logging_mixin.py:190} INFO - [2025-03-03T19:21:45.692-0500] {override.py:1930} INFO - Created Permission View: can delete on DAG:conditional_dataset_and_time_based_timetable
[2025-03-03T19:21:45.693-0500] {logging_mixin.py:190} INFO - [2025-03-03T19:21:45.693-0500] {override.py:1930} INFO - Created Permission View: can read on DAG:conditional_dataset_and_time_based_timetable
[2025-03-03T19:21:45.695-0500] {logging_mixin.py:190} INFO - [2025-03-03T19:21:45.695-0500] {override.py:1930} INFO - Created Permission View: can create on DAG Run:conditional_dataset_and_time_based_timetable
[2025-03-03T19:21:45.697-0500] {logging_mixin.py:190} INFO - [2025-03-03T19:21:45.697-0500] {override.py:1930} INFO - Created Permission View: can delete on DAG Run:conditional_dataset_and_time_based_timetable
[2025-03-03T19:21:45.698-0500] {logging_mixin.py:190} INFO - [2025-03-03T19:21:45.698-0500] {override.py:1930} INFO - Created Permission View: can read on DAG Run:conditional_dataset_and_time_based_timetable
[2025-03-03T19:21:45.699-0500] {logging_mixin.py:190} INFO - [2025-03-03T19:21:45.699-0500] {override.py:1930} INFO - Created Permission View: menu access on DAG Run:conditional_dataset_and_time_based_timetable
[2025-03-03T19:21:45.702-0500] {logging_mixin.py:190} INFO - [2025-03-03T19:21:45.702-0500] {override.py:1930} INFO - Created Permission View: can edit on DAG:dataset_produces_2
[2025-03-03T19:21:45.703-0500] {logging_mixin.py:190} INFO - [2025-03-03T19:21:45.703-0500] {override.py:1930} INFO - Created Permission View: can delete on DAG:dataset_produces_2
[2025-03-03T19:21:45.705-0500] {logging_mixin.py:190} INFO - [2025-03-03T19:21:45.705-0500] {override.py:1930} INFO - Created Permission View: can read on DAG:dataset_produces_2
[2025-03-03T19:21:45.707-0500] {logging_mixin.py:190} INFO - [2025-03-03T19:21:45.707-0500] {override.py:1930} INFO - Created Permission View: can create on DAG Run:dataset_produces_2
[2025-03-03T19:21:45.708-0500] {logging_mixin.py:190} INFO - [2025-03-03T19:21:45.708-0500] {override.py:1930} INFO - Created Permission View: can delete on DAG Run:dataset_produces_2
[2025-03-03T19:21:45.709-0500] {logging_mixin.py:190} INFO - [2025-03-03T19:21:45.709-0500] {override.py:1930} INFO - Created Permission View: can read on DAG Run:dataset_produces_2
[2025-03-03T19:21:45.711-0500] {logging_mixin.py:190} INFO - [2025-03-03T19:21:45.711-0500] {override.py:1930} INFO - Created Permission View: menu access on DAG Run:dataset_produces_2
[2025-03-03T19:21:45.713-0500] {logging_mixin.py:190} INFO - [2025-03-03T19:21:45.713-0500] {override.py:1930} INFO - Created Permission View: can edit on DAG:dataset_consumes_1_and_2
[2025-03-03T19:21:45.715-0500] {logging_mixin.py:190} INFO - [2025-03-03T19:21:45.715-0500] {override.py:1930} INFO - Created Permission View: can delete on DAG:dataset_consumes_1_and_2
[2025-03-03T19:21:45.716-0500] {logging_mixin.py:190} INFO - [2025-03-03T19:21:45.716-0500] {override.py:1930} INFO - Created Permission View: can read on DAG:dataset_consumes_1_and_2
[2025-03-03T19:21:45.718-0500] {logging_mixin.py:190} INFO - [2025-03-03T19:21:45.718-0500] {override.py:1930} INFO - Created Permission View: can create on DAG Run:dataset_consumes_1_and_2
[2025-03-03T19:21:45.719-0500] {logging_mixin.py:190} INFO - [2025-03-03T19:21:45.719-0500] {override.py:1930} INFO - Created Permission View: can delete on DAG Run:dataset_consumes_1_and_2
[2025-03-03T19:21:45.721-0500] {logging_mixin.py:190} INFO - [2025-03-03T19:21:45.721-0500] {override.py:1930} INFO - Created Permission View: can read on DAG Run:dataset_consumes_1_and_2
[2025-03-03T19:21:45.722-0500] {logging_mixin.py:190} INFO - [2025-03-03T19:21:45.722-0500] {override.py:1930} INFO - Created Permission View: menu access on DAG Run:dataset_consumes_1_and_2
[2025-03-03T19:21:45.725-0500] {logging_mixin.py:190} INFO - [2025-03-03T19:21:45.725-0500] {override.py:1930} INFO - Created Permission View: can edit on DAG:consume_1_and_2_with_dataset_expressions
[2025-03-03T19:21:45.726-0500] {logging_mixin.py:190} INFO - [2025-03-03T19:21:45.726-0500] {override.py:1930} INFO - Created Permission View: can delete on DAG:consume_1_and_2_with_dataset_expressions
[2025-03-03T19:21:45.728-0500] {logging_mixin.py:190} INFO - [2025-03-03T19:21:45.728-0500] {override.py:1930} INFO - Created Permission View: can read on DAG:consume_1_and_2_with_dataset_expressions
[2025-03-03T19:21:45.729-0500] {logging_mixin.py:190} INFO - [2025-03-03T19:21:45.729-0500] {override.py:1930} INFO - Created Permission View: can create on DAG Run:consume_1_and_2_with_dataset_expressions
[2025-03-03T19:21:45.731-0500] {logging_mixin.py:190} INFO - [2025-03-03T19:21:45.731-0500] {override.py:1930} INFO - Created Permission View: can delete on DAG Run:consume_1_and_2_with_dataset_expressions
[2025-03-03T19:21:45.732-0500] {logging_mixin.py:190} INFO - [2025-03-03T19:21:45.732-0500] {override.py:1930} INFO - Created Permission View: can read on DAG Run:consume_1_and_2_with_dataset_expressions
[2025-03-03T19:21:45.733-0500] {logging_mixin.py:190} INFO - [2025-03-03T19:21:45.733-0500] {override.py:1930} INFO - Created Permission View: menu access on DAG Run:consume_1_and_2_with_dataset_expressions
[2025-03-03T19:21:45.734-0500] {logging_mixin.py:190} INFO - [2025-03-03T19:21:45.733-0500] {dag.py:3239} INFO - Sync 10 DAGs
[2025-03-03T19:21:45.737-0500] {logging_mixin.py:190} INFO - [2025-03-03T19:21:45.737-0500] {dag.py:3262} INFO - Creating ORM DAG for dataset_consumes_1_never_scheduled
[2025-03-03T19:21:45.737-0500] {logging_mixin.py:190} INFO - [2025-03-03T19:21:45.737-0500] {dag.py:3262} INFO - Creating ORM DAG for consume_1_or_2_with_dataset_expressions
[2025-03-03T19:21:45.737-0500] {logging_mixin.py:190} INFO - [2025-03-03T19:21:45.737-0500] {dag.py:3262} INFO - Creating ORM DAG for dataset_produces_1
[2025-03-03T19:21:45.737-0500] {logging_mixin.py:190} INFO - [2025-03-03T19:21:45.737-0500] {dag.py:3262} INFO - Creating ORM DAG for dataset_consumes_unknown_never_scheduled
[2025-03-03T19:21:45.737-0500] {logging_mixin.py:190} INFO - [2025-03-03T19:21:45.737-0500] {dag.py:3262} INFO - Creating ORM DAG for consume_1_and_2_with_dataset_expressions
[2025-03-03T19:21:45.737-0500] {logging_mixin.py:190} INFO - [2025-03-03T19:21:45.737-0500] {dag.py:3262} INFO - Creating ORM DAG for conditional_dataset_and_time_based_timetable
[2025-03-03T19:21:45.738-0500] {logging_mixin.py:190} INFO - [2025-03-03T19:21:45.738-0500] {dag.py:3262} INFO - Creating ORM DAG for dataset_produces_2
[2025-03-03T19:21:45.738-0500] {logging_mixin.py:190} INFO - [2025-03-03T19:21:45.738-0500] {dag.py:3262} INFO - Creating ORM DAG for dataset_consumes_1_and_2
[2025-03-03T19:21:45.738-0500] {logging_mixin.py:190} INFO - [2025-03-03T19:21:45.738-0500] {dag.py:3262} INFO - Creating ORM DAG for dataset_consumes_1
[2025-03-03T19:21:45.738-0500] {logging_mixin.py:190} INFO - [2025-03-03T19:21:45.738-0500] {dag.py:3262} INFO - Creating ORM DAG for consume_1_or_both_2_and_3_with_dataset_expressions
[2025-03-03T19:21:45.740-0500] {logging_mixin.py:190} INFO - [2025-03-03T19:21:45.740-0500] {dag.py:4180} INFO - Setting next_dagrun for conditional_dataset_and_time_based_timetable to 2025-02-26 01:00:00+00:00, run_after=2025-02-26 01:00:00+00:00
[2025-03-03T19:21:45.741-0500] {logging_mixin.py:190} INFO - [2025-03-03T19:21:45.741-0500] {dag.py:4180} INFO - Setting next_dagrun for consume_1_and_2_with_dataset_expressions to None, run_after=None
[2025-03-03T19:21:45.741-0500] {logging_mixin.py:190} INFO - [2025-03-03T19:21:45.741-0500] {dag.py:4180} INFO - Setting next_dagrun for consume_1_or_2_with_dataset_expressions to None, run_after=None
[2025-03-03T19:21:45.741-0500] {logging_mixin.py:190} INFO - [2025-03-03T19:21:45.741-0500] {dag.py:4180} INFO - Setting next_dagrun for consume_1_or_both_2_and_3_with_dataset_expressions to None, run_after=None
[2025-03-03T19:21:45.741-0500] {logging_mixin.py:190} INFO - [2025-03-03T19:21:45.741-0500] {dag.py:4180} INFO - Setting next_dagrun for dataset_consumes_1 to None, run_after=None
[2025-03-03T19:21:45.741-0500] {logging_mixin.py:190} INFO - [2025-03-03T19:21:45.741-0500] {dag.py:4180} INFO - Setting next_dagrun for dataset_consumes_1_and_2 to None, run_after=None
[2025-03-03T19:21:45.741-0500] {logging_mixin.py:190} INFO - [2025-03-03T19:21:45.741-0500] {dag.py:4180} INFO - Setting next_dagrun for dataset_consumes_1_never_scheduled to None, run_after=None
[2025-03-03T19:21:45.741-0500] {logging_mixin.py:190} INFO - [2025-03-03T19:21:45.741-0500] {dag.py:4180} INFO - Setting next_dagrun for dataset_consumes_unknown_never_scheduled to None, run_after=None
[2025-03-03T19:21:45.742-0500] {logging_mixin.py:190} INFO - [2025-03-03T19:21:45.742-0500] {dag.py:4180} INFO - Setting next_dagrun for dataset_produces_1 to 2025-03-03 00:00:00+00:00, run_after=2025-03-04 00:00:00+00:00
[2025-03-03T19:21:45.742-0500] {logging_mixin.py:190} INFO - [2025-03-03T19:21:45.742-0500] {dag.py:4180} INFO - Setting next_dagrun for dataset_produces_2 to None, run_after=None
[2025-03-03T19:21:45.826-0500] {logging_mixin.py:190} INFO - [2025-03-03T19:21:45.826-0500] {utils.py:160} INFO - NumExpr defaulting to 8 threads.
[2025-03-03T19:21:45.954-0500] {processor.py:208} INFO - Processing /Users/kartikvadhawana/anaconda3/lib/python3.12/site-packages/airflow/example_dags/example_datasets.py took 0.411 seconds
[2025-03-03T19:24:24.370-0500] {processor.py:186} INFO - Started process (PID=90459) to work on /Users/kartikvadhawana/anaconda3/lib/python3.12/site-packages/airflow/example_dags/example_datasets.py
[2025-03-03T19:24:24.371-0500] {processor.py:914} INFO - Processing file /Users/kartikvadhawana/anaconda3/lib/python3.12/site-packages/airflow/example_dags/example_datasets.py for tasks to queue
[2025-03-03T19:24:24.372-0500] {logging_mixin.py:190} INFO - [2025-03-03T19:24:24.372-0500] {dagbag.py:588} INFO - Filling up the DagBag from /Users/kartikvadhawana/anaconda3/lib/python3.12/site-packages/airflow/example_dags/example_datasets.py
[2025-03-03T19:24:24.402-0500] {processor.py:925} INFO - DAG(s) 'consume_1_and_2_with_dataset_expressions', 'dataset_consumes_unknown_never_scheduled', 'consume_1_or_both_2_and_3_with_dataset_expressions', 'consume_1_or_2_with_dataset_expressions', 'dataset_consumes_1_never_scheduled', 'dataset_produces_1', 'dataset_consumes_1', 'dataset_consumes_1_and_2', 'dataset_produces_2', 'conditional_dataset_and_time_based_timetable' retrieved from /Users/kartikvadhawana/anaconda3/lib/python3.12/site-packages/airflow/example_dags/example_datasets.py
[2025-03-03T19:24:24.434-0500] {logging_mixin.py:190} INFO - [2025-03-03T19:24:24.434-0500] {dag.py:3239} INFO - Sync 10 DAGs
[2025-03-03T19:24:24.440-0500] {logging_mixin.py:190} INFO - [2025-03-03T19:24:24.440-0500] {dag.py:4180} INFO - Setting next_dagrun for conditional_dataset_and_time_based_timetable to 2025-02-26 01:00:00+00:00, run_after=2025-02-26 01:00:00+00:00
[2025-03-03T19:24:24.441-0500] {logging_mixin.py:190} INFO - [2025-03-03T19:24:24.440-0500] {dag.py:4180} INFO - Setting next_dagrun for consume_1_and_2_with_dataset_expressions to None, run_after=None
[2025-03-03T19:24:24.441-0500] {logging_mixin.py:190} INFO - [2025-03-03T19:24:24.441-0500] {dag.py:4180} INFO - Setting next_dagrun for consume_1_or_2_with_dataset_expressions to None, run_after=None
[2025-03-03T19:24:24.441-0500] {logging_mixin.py:190} INFO - [2025-03-03T19:24:24.441-0500] {dag.py:4180} INFO - Setting next_dagrun for consume_1_or_both_2_and_3_with_dataset_expressions to None, run_after=None
[2025-03-03T19:24:24.441-0500] {logging_mixin.py:190} INFO - [2025-03-03T19:24:24.441-0500] {dag.py:4180} INFO - Setting next_dagrun for dataset_consumes_1 to None, run_after=None
[2025-03-03T19:24:24.441-0500] {logging_mixin.py:190} INFO - [2025-03-03T19:24:24.441-0500] {dag.py:4180} INFO - Setting next_dagrun for dataset_consumes_1_and_2 to None, run_after=None
[2025-03-03T19:24:24.442-0500] {logging_mixin.py:190} INFO - [2025-03-03T19:24:24.442-0500] {dag.py:4180} INFO - Setting next_dagrun for dataset_consumes_1_never_scheduled to None, run_after=None
[2025-03-03T19:24:24.442-0500] {logging_mixin.py:190} INFO - [2025-03-03T19:24:24.442-0500] {dag.py:4180} INFO - Setting next_dagrun for dataset_consumes_unknown_never_scheduled to None, run_after=None
[2025-03-03T19:24:24.442-0500] {logging_mixin.py:190} INFO - [2025-03-03T19:24:24.442-0500] {dag.py:4180} INFO - Setting next_dagrun for dataset_produces_1 to 2025-03-03 00:00:00+00:00, run_after=2025-03-04 00:00:00+00:00
[2025-03-03T19:24:24.442-0500] {logging_mixin.py:190} INFO - [2025-03-03T19:24:24.442-0500] {dag.py:4180} INFO - Setting next_dagrun for dataset_produces_2 to None, run_after=None
[2025-03-03T19:24:24.450-0500] {processor.py:208} INFO - Processing /Users/kartikvadhawana/anaconda3/lib/python3.12/site-packages/airflow/example_dags/example_datasets.py took 0.081 seconds
[2025-03-03T19:28:45.064-0500] {processor.py:186} INFO - Started process (PID=91522) to work on /Users/kartikvadhawana/anaconda3/lib/python3.12/site-packages/airflow/example_dags/example_datasets.py
[2025-03-03T19:28:45.064-0500] {processor.py:914} INFO - Processing file /Users/kartikvadhawana/anaconda3/lib/python3.12/site-packages/airflow/example_dags/example_datasets.py for tasks to queue
[2025-03-03T19:28:45.065-0500] {logging_mixin.py:190} INFO - [2025-03-03T19:28:45.064-0500] {dagbag.py:588} INFO - Filling up the DagBag from /Users/kartikvadhawana/anaconda3/lib/python3.12/site-packages/airflow/example_dags/example_datasets.py
[2025-03-03T19:28:45.093-0500] {processor.py:925} INFO - DAG(s) 'dataset_consumes_1_and_2', 'consume_1_or_both_2_and_3_with_dataset_expressions', 'consume_1_and_2_with_dataset_expressions', 'dataset_consumes_1', 'conditional_dataset_and_time_based_timetable', 'dataset_consumes_unknown_never_scheduled', 'dataset_produces_1', 'dataset_produces_2', 'consume_1_or_2_with_dataset_expressions', 'dataset_consumes_1_never_scheduled' retrieved from /Users/kartikvadhawana/anaconda3/lib/python3.12/site-packages/airflow/example_dags/example_datasets.py
[2025-03-03T19:28:45.124-0500] {logging_mixin.py:190} INFO - [2025-03-03T19:28:45.123-0500] {dag.py:3239} INFO - Sync 10 DAGs
[2025-03-03T19:28:45.129-0500] {logging_mixin.py:190} INFO - [2025-03-03T19:28:45.129-0500] {dag.py:4180} INFO - Setting next_dagrun for conditional_dataset_and_time_based_timetable to 2025-02-26 01:00:00+00:00, run_after=2025-02-26 01:00:00+00:00
[2025-03-03T19:28:45.130-0500] {logging_mixin.py:190} INFO - [2025-03-03T19:28:45.130-0500] {dag.py:4180} INFO - Setting next_dagrun for consume_1_and_2_with_dataset_expressions to None, run_after=None
[2025-03-03T19:28:45.130-0500] {logging_mixin.py:190} INFO - [2025-03-03T19:28:45.130-0500] {dag.py:4180} INFO - Setting next_dagrun for consume_1_or_2_with_dataset_expressions to None, run_after=None
[2025-03-03T19:28:45.131-0500] {logging_mixin.py:190} INFO - [2025-03-03T19:28:45.131-0500] {dag.py:4180} INFO - Setting next_dagrun for consume_1_or_both_2_and_3_with_dataset_expressions to None, run_after=None
[2025-03-03T19:28:45.131-0500] {logging_mixin.py:190} INFO - [2025-03-03T19:28:45.131-0500] {dag.py:4180} INFO - Setting next_dagrun for dataset_consumes_1 to None, run_after=None
[2025-03-03T19:28:45.131-0500] {logging_mixin.py:190} INFO - [2025-03-03T19:28:45.131-0500] {dag.py:4180} INFO - Setting next_dagrun for dataset_consumes_1_and_2 to None, run_after=None
[2025-03-03T19:28:45.131-0500] {logging_mixin.py:190} INFO - [2025-03-03T19:28:45.131-0500] {dag.py:4180} INFO - Setting next_dagrun for dataset_consumes_1_never_scheduled to None, run_after=None
[2025-03-03T19:28:45.131-0500] {logging_mixin.py:190} INFO - [2025-03-03T19:28:45.131-0500] {dag.py:4180} INFO - Setting next_dagrun for dataset_consumes_unknown_never_scheduled to None, run_after=None
[2025-03-03T19:28:45.132-0500] {logging_mixin.py:190} INFO - [2025-03-03T19:28:45.132-0500] {dag.py:4180} INFO - Setting next_dagrun for dataset_produces_1 to 2025-03-03 00:00:00+00:00, run_after=2025-03-04 00:00:00+00:00
[2025-03-03T19:28:45.132-0500] {logging_mixin.py:190} INFO - [2025-03-03T19:28:45.132-0500] {dag.py:4180} INFO - Setting next_dagrun for dataset_produces_2 to None, run_after=None
[2025-03-03T19:28:45.140-0500] {processor.py:208} INFO - Processing /Users/kartikvadhawana/anaconda3/lib/python3.12/site-packages/airflow/example_dags/example_datasets.py took 0.077 seconds
[2025-03-03T19:31:20.747-0500] {processor.py:186} INFO - Started process (PID=91939) to work on /Users/kartikvadhawana/anaconda3/lib/python3.12/site-packages/airflow/example_dags/example_datasets.py
[2025-03-03T19:31:20.748-0500] {processor.py:914} INFO - Processing file /Users/kartikvadhawana/anaconda3/lib/python3.12/site-packages/airflow/example_dags/example_datasets.py for tasks to queue
[2025-03-03T19:31:20.749-0500] {logging_mixin.py:190} INFO - [2025-03-03T19:31:20.749-0500] {dagbag.py:588} INFO - Filling up the DagBag from /Users/kartikvadhawana/anaconda3/lib/python3.12/site-packages/airflow/example_dags/example_datasets.py
[2025-03-03T19:31:20.779-0500] {processor.py:925} INFO - DAG(s) 'dataset_consumes_1_and_2', 'dataset_produces_2', 'dataset_consumes_1_never_scheduled', 'consume_1_and_2_with_dataset_expressions', 'dataset_consumes_unknown_never_scheduled', 'consume_1_or_2_with_dataset_expressions', 'dataset_consumes_1', 'conditional_dataset_and_time_based_timetable', 'consume_1_or_both_2_and_3_with_dataset_expressions', 'dataset_produces_1' retrieved from /Users/kartikvadhawana/anaconda3/lib/python3.12/site-packages/airflow/example_dags/example_datasets.py
[2025-03-03T19:31:20.810-0500] {logging_mixin.py:190} INFO - [2025-03-03T19:31:20.810-0500] {dag.py:3239} INFO - Sync 10 DAGs
[2025-03-03T19:31:20.815-0500] {logging_mixin.py:190} INFO - [2025-03-03T19:31:20.815-0500] {dag.py:4180} INFO - Setting next_dagrun for conditional_dataset_and_time_based_timetable to 2025-02-26 01:00:00+00:00, run_after=2025-02-26 01:00:00+00:00
[2025-03-03T19:31:20.816-0500] {logging_mixin.py:190} INFO - [2025-03-03T19:31:20.816-0500] {dag.py:4180} INFO - Setting next_dagrun for consume_1_and_2_with_dataset_expressions to None, run_after=None
[2025-03-03T19:31:20.817-0500] {logging_mixin.py:190} INFO - [2025-03-03T19:31:20.817-0500] {dag.py:4180} INFO - Setting next_dagrun for consume_1_or_2_with_dataset_expressions to None, run_after=None
[2025-03-03T19:31:20.817-0500] {logging_mixin.py:190} INFO - [2025-03-03T19:31:20.817-0500] {dag.py:4180} INFO - Setting next_dagrun for consume_1_or_both_2_and_3_with_dataset_expressions to None, run_after=None
[2025-03-03T19:31:20.817-0500] {logging_mixin.py:190} INFO - [2025-03-03T19:31:20.817-0500] {dag.py:4180} INFO - Setting next_dagrun for dataset_consumes_1 to None, run_after=None
[2025-03-03T19:31:20.817-0500] {logging_mixin.py:190} INFO - [2025-03-03T19:31:20.817-0500] {dag.py:4180} INFO - Setting next_dagrun for dataset_consumes_1_and_2 to None, run_after=None
[2025-03-03T19:31:20.817-0500] {logging_mixin.py:190} INFO - [2025-03-03T19:31:20.817-0500] {dag.py:4180} INFO - Setting next_dagrun for dataset_consumes_1_never_scheduled to None, run_after=None
[2025-03-03T19:31:20.818-0500] {logging_mixin.py:190} INFO - [2025-03-03T19:31:20.818-0500] {dag.py:4180} INFO - Setting next_dagrun for dataset_consumes_unknown_never_scheduled to None, run_after=None
[2025-03-03T19:31:20.818-0500] {logging_mixin.py:190} INFO - [2025-03-03T19:31:20.818-0500] {dag.py:4180} INFO - Setting next_dagrun for dataset_produces_1 to 2025-03-03 00:00:00+00:00, run_after=2025-03-04 00:00:00+00:00
[2025-03-03T19:31:20.818-0500] {logging_mixin.py:190} INFO - [2025-03-03T19:31:20.818-0500] {dag.py:4180} INFO - Setting next_dagrun for dataset_produces_2 to None, run_after=None
[2025-03-03T19:31:20.826-0500] {processor.py:208} INFO - Processing /Users/kartikvadhawana/anaconda3/lib/python3.12/site-packages/airflow/example_dags/example_datasets.py took 0.080 seconds
[2025-03-03T19:33:02.088-0500] {processor.py:186} INFO - Started process (PID=92322) to work on /Users/kartikvadhawana/anaconda3/lib/python3.12/site-packages/airflow/example_dags/example_datasets.py
[2025-03-03T19:33:02.090-0500] {processor.py:914} INFO - Processing file /Users/kartikvadhawana/anaconda3/lib/python3.12/site-packages/airflow/example_dags/example_datasets.py for tasks to queue
[2025-03-03T19:33:02.090-0500] {logging_mixin.py:190} INFO - [2025-03-03T19:33:02.090-0500] {dagbag.py:588} INFO - Filling up the DagBag from /Users/kartikvadhawana/anaconda3/lib/python3.12/site-packages/airflow/example_dags/example_datasets.py
[2025-03-03T19:33:02.113-0500] {processor.py:925} INFO - DAG(s) 'dataset_consumes_1', 'dataset_produces_2', 'consume_1_or_2_with_dataset_expressions', 'dataset_consumes_unknown_never_scheduled', 'dataset_consumes_1_and_2', 'conditional_dataset_and_time_based_timetable', 'consume_1_and_2_with_dataset_expressions', 'dataset_produces_1', 'dataset_consumes_1_never_scheduled', 'consume_1_or_both_2_and_3_with_dataset_expressions' retrieved from /Users/kartikvadhawana/anaconda3/lib/python3.12/site-packages/airflow/example_dags/example_datasets.py
[2025-03-03T19:33:02.145-0500] {logging_mixin.py:190} INFO - [2025-03-03T19:33:02.145-0500] {dag.py:3239} INFO - Sync 10 DAGs
[2025-03-03T19:33:02.151-0500] {logging_mixin.py:190} INFO - [2025-03-03T19:33:02.151-0500] {dag.py:4180} INFO - Setting next_dagrun for conditional_dataset_and_time_based_timetable to 2025-02-26 01:00:00+00:00, run_after=2025-02-26 01:00:00+00:00
[2025-03-03T19:33:02.152-0500] {logging_mixin.py:190} INFO - [2025-03-03T19:33:02.152-0500] {dag.py:4180} INFO - Setting next_dagrun for consume_1_and_2_with_dataset_expressions to None, run_after=None
[2025-03-03T19:33:02.153-0500] {logging_mixin.py:190} INFO - [2025-03-03T19:33:02.152-0500] {dag.py:4180} INFO - Setting next_dagrun for consume_1_or_2_with_dataset_expressions to None, run_after=None
[2025-03-03T19:33:02.153-0500] {logging_mixin.py:190} INFO - [2025-03-03T19:33:02.153-0500] {dag.py:4180} INFO - Setting next_dagrun for consume_1_or_both_2_and_3_with_dataset_expressions to None, run_after=None
[2025-03-03T19:33:02.153-0500] {logging_mixin.py:190} INFO - [2025-03-03T19:33:02.153-0500] {dag.py:4180} INFO - Setting next_dagrun for dataset_consumes_1 to None, run_after=None
[2025-03-03T19:33:02.153-0500] {logging_mixin.py:190} INFO - [2025-03-03T19:33:02.153-0500] {dag.py:4180} INFO - Setting next_dagrun for dataset_consumes_1_and_2 to None, run_after=None
[2025-03-03T19:33:02.153-0500] {logging_mixin.py:190} INFO - [2025-03-03T19:33:02.153-0500] {dag.py:4180} INFO - Setting next_dagrun for dataset_consumes_1_never_scheduled to None, run_after=None
[2025-03-03T19:33:02.154-0500] {logging_mixin.py:190} INFO - [2025-03-03T19:33:02.153-0500] {dag.py:4180} INFO - Setting next_dagrun for dataset_consumes_unknown_never_scheduled to None, run_after=None
[2025-03-03T19:33:02.154-0500] {logging_mixin.py:190} INFO - [2025-03-03T19:33:02.154-0500] {dag.py:4180} INFO - Setting next_dagrun for dataset_produces_1 to 2025-03-03 00:00:00+00:00, run_after=2025-03-04 00:00:00+00:00
[2025-03-03T19:33:02.154-0500] {logging_mixin.py:190} INFO - [2025-03-03T19:33:02.154-0500] {dag.py:4180} INFO - Setting next_dagrun for dataset_produces_2 to None, run_after=None
[2025-03-03T19:33:02.163-0500] {processor.py:208} INFO - Processing /Users/kartikvadhawana/anaconda3/lib/python3.12/site-packages/airflow/example_dags/example_datasets.py took 0.075 seconds
[2025-03-03T19:35:38.725-0500] {processor.py:186} INFO - Started process (PID=92678) to work on /Users/kartikvadhawana/anaconda3/lib/python3.12/site-packages/airflow/example_dags/example_datasets.py
[2025-03-03T19:35:38.726-0500] {processor.py:914} INFO - Processing file /Users/kartikvadhawana/anaconda3/lib/python3.12/site-packages/airflow/example_dags/example_datasets.py for tasks to queue
[2025-03-03T19:35:38.727-0500] {logging_mixin.py:190} INFO - [2025-03-03T19:35:38.726-0500] {dagbag.py:588} INFO - Filling up the DagBag from /Users/kartikvadhawana/anaconda3/lib/python3.12/site-packages/airflow/example_dags/example_datasets.py
[2025-03-03T19:35:38.751-0500] {processor.py:925} INFO - DAG(s) 'consume_1_and_2_with_dataset_expressions', 'dataset_consumes_1_never_scheduled', 'conditional_dataset_and_time_based_timetable', 'dataset_consumes_1_and_2', 'dataset_consumes_1', 'consume_1_or_both_2_and_3_with_dataset_expressions', 'dataset_produces_2', 'consume_1_or_2_with_dataset_expressions', 'dataset_consumes_unknown_never_scheduled', 'dataset_produces_1' retrieved from /Users/kartikvadhawana/anaconda3/lib/python3.12/site-packages/airflow/example_dags/example_datasets.py
[2025-03-03T19:35:38.783-0500] {logging_mixin.py:190} INFO - [2025-03-03T19:35:38.783-0500] {dag.py:3239} INFO - Sync 10 DAGs
[2025-03-03T19:35:38.789-0500] {logging_mixin.py:190} INFO - [2025-03-03T19:35:38.789-0500] {dag.py:4180} INFO - Setting next_dagrun for conditional_dataset_and_time_based_timetable to 2025-02-26 01:00:00+00:00, run_after=2025-02-26 01:00:00+00:00
[2025-03-03T19:35:38.790-0500] {logging_mixin.py:190} INFO - [2025-03-03T19:35:38.790-0500] {dag.py:4180} INFO - Setting next_dagrun for consume_1_and_2_with_dataset_expressions to None, run_after=None
[2025-03-03T19:35:38.790-0500] {logging_mixin.py:190} INFO - [2025-03-03T19:35:38.790-0500] {dag.py:4180} INFO - Setting next_dagrun for consume_1_or_2_with_dataset_expressions to None, run_after=None
[2025-03-03T19:35:38.790-0500] {logging_mixin.py:190} INFO - [2025-03-03T19:35:38.790-0500] {dag.py:4180} INFO - Setting next_dagrun for consume_1_or_both_2_and_3_with_dataset_expressions to None, run_after=None
[2025-03-03T19:35:38.790-0500] {logging_mixin.py:190} INFO - [2025-03-03T19:35:38.790-0500] {dag.py:4180} INFO - Setting next_dagrun for dataset_consumes_1 to None, run_after=None
[2025-03-03T19:35:38.791-0500] {logging_mixin.py:190} INFO - [2025-03-03T19:35:38.791-0500] {dag.py:4180} INFO - Setting next_dagrun for dataset_consumes_1_and_2 to None, run_after=None
[2025-03-03T19:35:38.791-0500] {logging_mixin.py:190} INFO - [2025-03-03T19:35:38.791-0500] {dag.py:4180} INFO - Setting next_dagrun for dataset_consumes_1_never_scheduled to None, run_after=None
[2025-03-03T19:35:38.791-0500] {logging_mixin.py:190} INFO - [2025-03-03T19:35:38.791-0500] {dag.py:4180} INFO - Setting next_dagrun for dataset_consumes_unknown_never_scheduled to None, run_after=None
[2025-03-03T19:35:38.791-0500] {logging_mixin.py:190} INFO - [2025-03-03T19:35:38.791-0500] {dag.py:4180} INFO - Setting next_dagrun for dataset_produces_1 to 2025-03-03 00:00:00+00:00, run_after=2025-03-04 00:00:00+00:00
[2025-03-03T19:35:38.792-0500] {logging_mixin.py:190} INFO - [2025-03-03T19:35:38.792-0500] {dag.py:4180} INFO - Setting next_dagrun for dataset_produces_2 to None, run_after=None
[2025-03-03T19:35:38.800-0500] {processor.py:208} INFO - Processing /Users/kartikvadhawana/anaconda3/lib/python3.12/site-packages/airflow/example_dags/example_datasets.py took 0.076 seconds
[2025-03-03T19:38:22.228-0500] {processor.py:186} INFO - Started process (PID=93051) to work on /Users/kartikvadhawana/anaconda3/lib/python3.12/site-packages/airflow/example_dags/example_datasets.py
[2025-03-03T19:38:22.229-0500] {processor.py:914} INFO - Processing file /Users/kartikvadhawana/anaconda3/lib/python3.12/site-packages/airflow/example_dags/example_datasets.py for tasks to queue
[2025-03-03T19:38:22.230-0500] {logging_mixin.py:190} INFO - [2025-03-03T19:38:22.230-0500] {dagbag.py:588} INFO - Filling up the DagBag from /Users/kartikvadhawana/anaconda3/lib/python3.12/site-packages/airflow/example_dags/example_datasets.py
[2025-03-03T19:38:22.262-0500] {processor.py:925} INFO - DAG(s) 'dataset_produces_2', 'dataset_consumes_1_never_scheduled', 'dataset_consumes_1_and_2', 'consume_1_or_both_2_and_3_with_dataset_expressions', 'consume_1_and_2_with_dataset_expressions', 'consume_1_or_2_with_dataset_expressions', 'dataset_consumes_1', 'dataset_consumes_unknown_never_scheduled', 'conditional_dataset_and_time_based_timetable', 'dataset_produces_1' retrieved from /Users/kartikvadhawana/anaconda3/lib/python3.12/site-packages/airflow/example_dags/example_datasets.py
[2025-03-03T19:38:22.293-0500] {logging_mixin.py:190} INFO - [2025-03-03T19:38:22.293-0500] {dag.py:3239} INFO - Sync 10 DAGs
[2025-03-03T19:38:22.299-0500] {logging_mixin.py:190} INFO - [2025-03-03T19:38:22.298-0500] {dag.py:4180} INFO - Setting next_dagrun for conditional_dataset_and_time_based_timetable to 2025-02-26 01:00:00+00:00, run_after=2025-02-26 01:00:00+00:00
[2025-03-03T19:38:22.299-0500] {logging_mixin.py:190} INFO - [2025-03-03T19:38:22.299-0500] {dag.py:4180} INFO - Setting next_dagrun for consume_1_and_2_with_dataset_expressions to None, run_after=None
[2025-03-03T19:38:22.300-0500] {logging_mixin.py:190} INFO - [2025-03-03T19:38:22.300-0500] {dag.py:4180} INFO - Setting next_dagrun for consume_1_or_2_with_dataset_expressions to None, run_after=None
[2025-03-03T19:38:22.300-0500] {logging_mixin.py:190} INFO - [2025-03-03T19:38:22.300-0500] {dag.py:4180} INFO - Setting next_dagrun for consume_1_or_both_2_and_3_with_dataset_expressions to None, run_after=None
[2025-03-03T19:38:22.300-0500] {logging_mixin.py:190} INFO - [2025-03-03T19:38:22.300-0500] {dag.py:4180} INFO - Setting next_dagrun for dataset_consumes_1 to None, run_after=None
[2025-03-03T19:38:22.300-0500] {logging_mixin.py:190} INFO - [2025-03-03T19:38:22.300-0500] {dag.py:4180} INFO - Setting next_dagrun for dataset_consumes_1_and_2 to None, run_after=None
[2025-03-03T19:38:22.300-0500] {logging_mixin.py:190} INFO - [2025-03-03T19:38:22.300-0500] {dag.py:4180} INFO - Setting next_dagrun for dataset_consumes_1_never_scheduled to None, run_after=None
[2025-03-03T19:38:22.301-0500] {logging_mixin.py:190} INFO - [2025-03-03T19:38:22.301-0500] {dag.py:4180} INFO - Setting next_dagrun for dataset_consumes_unknown_never_scheduled to None, run_after=None
[2025-03-03T19:38:22.301-0500] {logging_mixin.py:190} INFO - [2025-03-03T19:38:22.301-0500] {dag.py:4180} INFO - Setting next_dagrun for dataset_produces_1 to 2025-03-03 00:00:00+00:00, run_after=2025-03-04 00:00:00+00:00
[2025-03-03T19:38:22.301-0500] {logging_mixin.py:190} INFO - [2025-03-03T19:38:22.301-0500] {dag.py:4180} INFO - Setting next_dagrun for dataset_produces_2 to None, run_after=None
[2025-03-03T19:38:22.309-0500] {processor.py:208} INFO - Processing /Users/kartikvadhawana/anaconda3/lib/python3.12/site-packages/airflow/example_dags/example_datasets.py took 0.082 seconds
[2025-03-03T19:41:01.656-0500] {processor.py:186} INFO - Started process (PID=93474) to work on /Users/kartikvadhawana/anaconda3/lib/python3.12/site-packages/airflow/example_dags/example_datasets.py
[2025-03-03T19:41:01.657-0500] {processor.py:914} INFO - Processing file /Users/kartikvadhawana/anaconda3/lib/python3.12/site-packages/airflow/example_dags/example_datasets.py for tasks to queue
[2025-03-03T19:41:01.657-0500] {logging_mixin.py:190} INFO - [2025-03-03T19:41:01.657-0500] {dagbag.py:588} INFO - Filling up the DagBag from /Users/kartikvadhawana/anaconda3/lib/python3.12/site-packages/airflow/example_dags/example_datasets.py
[2025-03-03T19:41:01.693-0500] {processor.py:925} INFO - DAG(s) 'dataset_consumes_1_and_2', 'dataset_produces_2', 'conditional_dataset_and_time_based_timetable', 'dataset_consumes_1', 'consume_1_and_2_with_dataset_expressions', 'dataset_consumes_1_never_scheduled', 'consume_1_or_2_with_dataset_expressions', 'consume_1_or_both_2_and_3_with_dataset_expressions', 'dataset_consumes_unknown_never_scheduled', 'dataset_produces_1' retrieved from /Users/kartikvadhawana/anaconda3/lib/python3.12/site-packages/airflow/example_dags/example_datasets.py
[2025-03-03T19:41:01.724-0500] {logging_mixin.py:190} INFO - [2025-03-03T19:41:01.724-0500] {dag.py:3239} INFO - Sync 10 DAGs
[2025-03-03T19:41:01.729-0500] {logging_mixin.py:190} INFO - [2025-03-03T19:41:01.729-0500] {dag.py:4180} INFO - Setting next_dagrun for conditional_dataset_and_time_based_timetable to 2025-02-26 01:00:00+00:00, run_after=2025-02-26 01:00:00+00:00
[2025-03-03T19:41:01.730-0500] {logging_mixin.py:190} INFO - [2025-03-03T19:41:01.730-0500] {dag.py:4180} INFO - Setting next_dagrun for consume_1_and_2_with_dataset_expressions to None, run_after=None
[2025-03-03T19:41:01.730-0500] {logging_mixin.py:190} INFO - [2025-03-03T19:41:01.730-0500] {dag.py:4180} INFO - Setting next_dagrun for consume_1_or_2_with_dataset_expressions to None, run_after=None
[2025-03-03T19:41:01.731-0500] {logging_mixin.py:190} INFO - [2025-03-03T19:41:01.731-0500] {dag.py:4180} INFO - Setting next_dagrun for consume_1_or_both_2_and_3_with_dataset_expressions to None, run_after=None
[2025-03-03T19:41:01.731-0500] {logging_mixin.py:190} INFO - [2025-03-03T19:41:01.731-0500] {dag.py:4180} INFO - Setting next_dagrun for dataset_consumes_1 to None, run_after=None
[2025-03-03T19:41:01.731-0500] {logging_mixin.py:190} INFO - [2025-03-03T19:41:01.731-0500] {dag.py:4180} INFO - Setting next_dagrun for dataset_consumes_1_and_2 to None, run_after=None
[2025-03-03T19:41:01.731-0500] {logging_mixin.py:190} INFO - [2025-03-03T19:41:01.731-0500] {dag.py:4180} INFO - Setting next_dagrun for dataset_consumes_1_never_scheduled to None, run_after=None
[2025-03-03T19:41:01.731-0500] {logging_mixin.py:190} INFO - [2025-03-03T19:41:01.731-0500] {dag.py:4180} INFO - Setting next_dagrun for dataset_consumes_unknown_never_scheduled to None, run_after=None
[2025-03-03T19:41:01.732-0500] {logging_mixin.py:190} INFO - [2025-03-03T19:41:01.732-0500] {dag.py:4180} INFO - Setting next_dagrun for dataset_produces_1 to 2025-03-03 00:00:00+00:00, run_after=2025-03-04 00:00:00+00:00
[2025-03-03T19:41:01.732-0500] {logging_mixin.py:190} INFO - [2025-03-03T19:41:01.732-0500] {dag.py:4180} INFO - Setting next_dagrun for dataset_produces_2 to None, run_after=None
[2025-03-03T19:41:01.740-0500] {processor.py:208} INFO - Processing /Users/kartikvadhawana/anaconda3/lib/python3.12/site-packages/airflow/example_dags/example_datasets.py took 0.085 seconds
[2025-03-03T19:42:57.294-0500] {processor.py:186} INFO - Started process (PID=93894) to work on /Users/kartikvadhawana/anaconda3/lib/python3.12/site-packages/airflow/example_dags/example_datasets.py
[2025-03-03T19:42:57.295-0500] {processor.py:914} INFO - Processing file /Users/kartikvadhawana/anaconda3/lib/python3.12/site-packages/airflow/example_dags/example_datasets.py for tasks to queue
[2025-03-03T19:42:57.295-0500] {logging_mixin.py:190} INFO - [2025-03-03T19:42:57.295-0500] {dagbag.py:588} INFO - Filling up the DagBag from /Users/kartikvadhawana/anaconda3/lib/python3.12/site-packages/airflow/example_dags/example_datasets.py
[2025-03-03T19:42:57.318-0500] {processor.py:925} INFO - DAG(s) 'dataset_produces_1', 'dataset_produces_2', 'dataset_consumes_1_never_scheduled', 'dataset_consumes_unknown_never_scheduled', 'consume_1_or_both_2_and_3_with_dataset_expressions', 'consume_1_and_2_with_dataset_expressions', 'dataset_consumes_1_and_2', 'dataset_consumes_1', 'conditional_dataset_and_time_based_timetable', 'consume_1_or_2_with_dataset_expressions' retrieved from /Users/kartikvadhawana/anaconda3/lib/python3.12/site-packages/airflow/example_dags/example_datasets.py
[2025-03-03T19:42:57.352-0500] {logging_mixin.py:190} INFO - [2025-03-03T19:42:57.352-0500] {dag.py:3239} INFO - Sync 10 DAGs
[2025-03-03T19:42:57.359-0500] {logging_mixin.py:190} INFO - [2025-03-03T19:42:57.359-0500] {dag.py:4180} INFO - Setting next_dagrun for conditional_dataset_and_time_based_timetable to 2025-02-26 01:00:00+00:00, run_after=2025-02-26 01:00:00+00:00
[2025-03-03T19:42:57.360-0500] {logging_mixin.py:190} INFO - [2025-03-03T19:42:57.360-0500] {dag.py:4180} INFO - Setting next_dagrun for consume_1_and_2_with_dataset_expressions to None, run_after=None
[2025-03-03T19:42:57.360-0500] {logging_mixin.py:190} INFO - [2025-03-03T19:42:57.360-0500] {dag.py:4180} INFO - Setting next_dagrun for consume_1_or_2_with_dataset_expressions to None, run_after=None
[2025-03-03T19:42:57.360-0500] {logging_mixin.py:190} INFO - [2025-03-03T19:42:57.360-0500] {dag.py:4180} INFO - Setting next_dagrun for consume_1_or_both_2_and_3_with_dataset_expressions to None, run_after=None
[2025-03-03T19:42:57.360-0500] {logging_mixin.py:190} INFO - [2025-03-03T19:42:57.360-0500] {dag.py:4180} INFO - Setting next_dagrun for dataset_consumes_1 to None, run_after=None
[2025-03-03T19:42:57.361-0500] {logging_mixin.py:190} INFO - [2025-03-03T19:42:57.360-0500] {dag.py:4180} INFO - Setting next_dagrun for dataset_consumes_1_and_2 to None, run_after=None
[2025-03-03T19:42:57.361-0500] {logging_mixin.py:190} INFO - [2025-03-03T19:42:57.361-0500] {dag.py:4180} INFO - Setting next_dagrun for dataset_consumes_1_never_scheduled to None, run_after=None
[2025-03-03T19:42:57.361-0500] {logging_mixin.py:190} INFO - [2025-03-03T19:42:57.361-0500] {dag.py:4180} INFO - Setting next_dagrun for dataset_consumes_unknown_never_scheduled to None, run_after=None
[2025-03-03T19:42:57.361-0500] {logging_mixin.py:190} INFO - [2025-03-03T19:42:57.361-0500] {dag.py:4180} INFO - Setting next_dagrun for dataset_produces_1 to 2025-03-03 00:00:00+00:00, run_after=2025-03-04 00:00:00+00:00
[2025-03-03T19:42:57.362-0500] {logging_mixin.py:190} INFO - [2025-03-03T19:42:57.362-0500] {dag.py:4180} INFO - Setting next_dagrun for dataset_produces_2 to None, run_after=None
[2025-03-03T19:42:57.372-0500] {processor.py:208} INFO - Processing /Users/kartikvadhawana/anaconda3/lib/python3.12/site-packages/airflow/example_dags/example_datasets.py took 0.079 seconds
[2025-03-03T19:49:25.856-0500] {processor.py:186} INFO - Started process (PID=94768) to work on /Users/kartikvadhawana/anaconda3/lib/python3.12/site-packages/airflow/example_dags/example_datasets.py
[2025-03-03T19:49:25.857-0500] {processor.py:914} INFO - Processing file /Users/kartikvadhawana/anaconda3/lib/python3.12/site-packages/airflow/example_dags/example_datasets.py for tasks to queue
[2025-03-03T19:49:25.857-0500] {logging_mixin.py:190} INFO - [2025-03-03T19:49:25.857-0500] {dagbag.py:588} INFO - Filling up the DagBag from /Users/kartikvadhawana/anaconda3/lib/python3.12/site-packages/airflow/example_dags/example_datasets.py
[2025-03-03T19:49:25.881-0500] {processor.py:925} INFO - DAG(s) 'consume_1_or_both_2_and_3_with_dataset_expressions', 'consume_1_or_2_with_dataset_expressions', 'dataset_produces_2', 'conditional_dataset_and_time_based_timetable', 'dataset_consumes_1_never_scheduled', 'dataset_consumes_unknown_never_scheduled', 'dataset_consumes_1_and_2', 'dataset_produces_1', 'dataset_consumes_1', 'consume_1_and_2_with_dataset_expressions' retrieved from /Users/kartikvadhawana/anaconda3/lib/python3.12/site-packages/airflow/example_dags/example_datasets.py
[2025-03-03T19:49:25.915-0500] {logging_mixin.py:190} INFO - [2025-03-03T19:49:25.915-0500] {dag.py:3239} INFO - Sync 10 DAGs
[2025-03-03T19:49:25.921-0500] {logging_mixin.py:190} INFO - [2025-03-03T19:49:25.921-0500] {dag.py:4180} INFO - Setting next_dagrun for conditional_dataset_and_time_based_timetable to 2025-02-26 01:00:00+00:00, run_after=2025-02-26 01:00:00+00:00
[2025-03-03T19:49:25.922-0500] {logging_mixin.py:190} INFO - [2025-03-03T19:49:25.922-0500] {dag.py:4180} INFO - Setting next_dagrun for consume_1_and_2_with_dataset_expressions to None, run_after=None
[2025-03-03T19:49:25.922-0500] {logging_mixin.py:190} INFO - [2025-03-03T19:49:25.922-0500] {dag.py:4180} INFO - Setting next_dagrun for consume_1_or_2_with_dataset_expressions to None, run_after=None
[2025-03-03T19:49:25.923-0500] {logging_mixin.py:190} INFO - [2025-03-03T19:49:25.923-0500] {dag.py:4180} INFO - Setting next_dagrun for consume_1_or_both_2_and_3_with_dataset_expressions to None, run_after=None
[2025-03-03T19:49:25.923-0500] {logging_mixin.py:190} INFO - [2025-03-03T19:49:25.923-0500] {dag.py:4180} INFO - Setting next_dagrun for dataset_consumes_1 to None, run_after=None
[2025-03-03T19:49:25.923-0500] {logging_mixin.py:190} INFO - [2025-03-03T19:49:25.923-0500] {dag.py:4180} INFO - Setting next_dagrun for dataset_consumes_1_and_2 to None, run_after=None
[2025-03-03T19:49:25.923-0500] {logging_mixin.py:190} INFO - [2025-03-03T19:49:25.923-0500] {dag.py:4180} INFO - Setting next_dagrun for dataset_consumes_1_never_scheduled to None, run_after=None
[2025-03-03T19:49:25.923-0500] {logging_mixin.py:190} INFO - [2025-03-03T19:49:25.923-0500] {dag.py:4180} INFO - Setting next_dagrun for dataset_consumes_unknown_never_scheduled to None, run_after=None
[2025-03-03T19:49:25.924-0500] {logging_mixin.py:190} INFO - [2025-03-03T19:49:25.924-0500] {dag.py:4180} INFO - Setting next_dagrun for dataset_produces_1 to 2025-03-03 00:00:00+00:00, run_after=2025-03-04 00:00:00+00:00
[2025-03-03T19:49:25.924-0500] {logging_mixin.py:190} INFO - [2025-03-03T19:49:25.924-0500] {dag.py:4180} INFO - Setting next_dagrun for dataset_produces_2 to None, run_after=None
[2025-03-03T19:49:25.933-0500] {processor.py:208} INFO - Processing /Users/kartikvadhawana/anaconda3/lib/python3.12/site-packages/airflow/example_dags/example_datasets.py took 0.078 seconds
[2025-03-03T19:52:04.835-0500] {processor.py:186} INFO - Started process (PID=94962) to work on /Users/kartikvadhawana/anaconda3/lib/python3.12/site-packages/airflow/example_dags/example_datasets.py
[2025-03-03T19:52:04.835-0500] {processor.py:914} INFO - Processing file /Users/kartikvadhawana/anaconda3/lib/python3.12/site-packages/airflow/example_dags/example_datasets.py for tasks to queue
[2025-03-03T19:52:04.836-0500] {logging_mixin.py:190} INFO - [2025-03-03T19:52:04.836-0500] {dagbag.py:588} INFO - Filling up the DagBag from /Users/kartikvadhawana/anaconda3/lib/python3.12/site-packages/airflow/example_dags/example_datasets.py
[2025-03-03T19:52:04.858-0500] {processor.py:925} INFO - DAG(s) 'consume_1_or_2_with_dataset_expressions', 'dataset_produces_1', 'conditional_dataset_and_time_based_timetable', 'consume_1_and_2_with_dataset_expressions', 'dataset_consumes_1_and_2', 'dataset_produces_2', 'dataset_consumes_1', 'dataset_consumes_unknown_never_scheduled', 'dataset_consumes_1_never_scheduled', 'consume_1_or_both_2_and_3_with_dataset_expressions' retrieved from /Users/kartikvadhawana/anaconda3/lib/python3.12/site-packages/airflow/example_dags/example_datasets.py
[2025-03-03T19:52:04.889-0500] {logging_mixin.py:190} INFO - [2025-03-03T19:52:04.889-0500] {dag.py:3239} INFO - Sync 10 DAGs
[2025-03-03T19:52:04.895-0500] {logging_mixin.py:190} INFO - [2025-03-03T19:52:04.895-0500] {dag.py:4180} INFO - Setting next_dagrun for conditional_dataset_and_time_based_timetable to 2025-02-26 01:00:00+00:00, run_after=2025-02-26 01:00:00+00:00
[2025-03-03T19:52:04.896-0500] {logging_mixin.py:190} INFO - [2025-03-03T19:52:04.896-0500] {dag.py:4180} INFO - Setting next_dagrun for consume_1_and_2_with_dataset_expressions to None, run_after=None
[2025-03-03T19:52:04.896-0500] {logging_mixin.py:190} INFO - [2025-03-03T19:52:04.896-0500] {dag.py:4180} INFO - Setting next_dagrun for consume_1_or_2_with_dataset_expressions to None, run_after=None
[2025-03-03T19:52:04.896-0500] {logging_mixin.py:190} INFO - [2025-03-03T19:52:04.896-0500] {dag.py:4180} INFO - Setting next_dagrun for consume_1_or_both_2_and_3_with_dataset_expressions to None, run_after=None
[2025-03-03T19:52:04.897-0500] {logging_mixin.py:190} INFO - [2025-03-03T19:52:04.896-0500] {dag.py:4180} INFO - Setting next_dagrun for dataset_consumes_1 to None, run_after=None
[2025-03-03T19:52:04.897-0500] {logging_mixin.py:190} INFO - [2025-03-03T19:52:04.897-0500] {dag.py:4180} INFO - Setting next_dagrun for dataset_consumes_1_and_2 to None, run_after=None
[2025-03-03T19:52:04.897-0500] {logging_mixin.py:190} INFO - [2025-03-03T19:52:04.897-0500] {dag.py:4180} INFO - Setting next_dagrun for dataset_consumes_1_never_scheduled to None, run_after=None
[2025-03-03T19:52:04.897-0500] {logging_mixin.py:190} INFO - [2025-03-03T19:52:04.897-0500] {dag.py:4180} INFO - Setting next_dagrun for dataset_consumes_unknown_never_scheduled to None, run_after=None
[2025-03-03T19:52:04.898-0500] {logging_mixin.py:190} INFO - [2025-03-03T19:52:04.897-0500] {dag.py:4180} INFO - Setting next_dagrun for dataset_produces_1 to 2025-03-03 00:00:00+00:00, run_after=2025-03-04 00:00:00+00:00
[2025-03-03T19:52:04.898-0500] {logging_mixin.py:190} INFO - [2025-03-03T19:52:04.898-0500] {dag.py:4180} INFO - Setting next_dagrun for dataset_produces_2 to None, run_after=None
[2025-03-03T19:52:04.906-0500] {processor.py:208} INFO - Processing /Users/kartikvadhawana/anaconda3/lib/python3.12/site-packages/airflow/example_dags/example_datasets.py took 0.072 seconds
[2025-03-03T19:54:49.483-0500] {processor.py:186} INFO - Started process (PID=95364) to work on /Users/kartikvadhawana/anaconda3/lib/python3.12/site-packages/airflow/example_dags/example_datasets.py
[2025-03-03T19:54:49.484-0500] {processor.py:914} INFO - Processing file /Users/kartikvadhawana/anaconda3/lib/python3.12/site-packages/airflow/example_dags/example_datasets.py for tasks to queue
[2025-03-03T19:54:49.484-0500] {logging_mixin.py:190} INFO - [2025-03-03T19:54:49.484-0500] {dagbag.py:588} INFO - Filling up the DagBag from /Users/kartikvadhawana/anaconda3/lib/python3.12/site-packages/airflow/example_dags/example_datasets.py
[2025-03-03T19:54:49.517-0500] {processor.py:925} INFO - DAG(s) 'dataset_consumes_1_and_2', 'consume_1_and_2_with_dataset_expressions', 'consume_1_or_both_2_and_3_with_dataset_expressions', 'dataset_consumes_1_never_scheduled', 'consume_1_or_2_with_dataset_expressions', 'dataset_produces_1', 'dataset_produces_2', 'conditional_dataset_and_time_based_timetable', 'dataset_consumes_1', 'dataset_consumes_unknown_never_scheduled' retrieved from /Users/kartikvadhawana/anaconda3/lib/python3.12/site-packages/airflow/example_dags/example_datasets.py
[2025-03-03T19:54:49.550-0500] {logging_mixin.py:190} INFO - [2025-03-03T19:54:49.550-0500] {dag.py:3239} INFO - Sync 10 DAGs
[2025-03-03T19:54:49.556-0500] {logging_mixin.py:190} INFO - [2025-03-03T19:54:49.556-0500] {dag.py:4180} INFO - Setting next_dagrun for conditional_dataset_and_time_based_timetable to 2025-02-26 01:00:00+00:00, run_after=2025-02-26 01:00:00+00:00
[2025-03-03T19:54:49.557-0500] {logging_mixin.py:190} INFO - [2025-03-03T19:54:49.557-0500] {dag.py:4180} INFO - Setting next_dagrun for consume_1_and_2_with_dataset_expressions to None, run_after=None
[2025-03-03T19:54:49.557-0500] {logging_mixin.py:190} INFO - [2025-03-03T19:54:49.557-0500] {dag.py:4180} INFO - Setting next_dagrun for consume_1_or_2_with_dataset_expressions to None, run_after=None
[2025-03-03T19:54:49.558-0500] {logging_mixin.py:190} INFO - [2025-03-03T19:54:49.558-0500] {dag.py:4180} INFO - Setting next_dagrun for consume_1_or_both_2_and_3_with_dataset_expressions to None, run_after=None
[2025-03-03T19:54:49.558-0500] {logging_mixin.py:190} INFO - [2025-03-03T19:54:49.558-0500] {dag.py:4180} INFO - Setting next_dagrun for dataset_consumes_1 to None, run_after=None
[2025-03-03T19:54:49.558-0500] {logging_mixin.py:190} INFO - [2025-03-03T19:54:49.558-0500] {dag.py:4180} INFO - Setting next_dagrun for dataset_consumes_1_and_2 to None, run_after=None
[2025-03-03T19:54:49.558-0500] {logging_mixin.py:190} INFO - [2025-03-03T19:54:49.558-0500] {dag.py:4180} INFO - Setting next_dagrun for dataset_consumes_1_never_scheduled to None, run_after=None
[2025-03-03T19:54:49.558-0500] {logging_mixin.py:190} INFO - [2025-03-03T19:54:49.558-0500] {dag.py:4180} INFO - Setting next_dagrun for dataset_consumes_unknown_never_scheduled to None, run_after=None
[2025-03-03T19:54:49.559-0500] {logging_mixin.py:190} INFO - [2025-03-03T19:54:49.559-0500] {dag.py:4180} INFO - Setting next_dagrun for dataset_produces_1 to 2025-03-03 00:00:00+00:00, run_after=2025-03-04 00:00:00+00:00
[2025-03-03T19:54:49.559-0500] {logging_mixin.py:190} INFO - [2025-03-03T19:54:49.559-0500] {dag.py:4180} INFO - Setting next_dagrun for dataset_produces_2 to None, run_after=None
[2025-03-03T19:54:49.568-0500] {processor.py:208} INFO - Processing /Users/kartikvadhawana/anaconda3/lib/python3.12/site-packages/airflow/example_dags/example_datasets.py took 0.086 seconds
[2025-03-03T19:57:34.414-0500] {processor.py:186} INFO - Started process (PID=95801) to work on /Users/kartikvadhawana/anaconda3/lib/python3.12/site-packages/airflow/example_dags/example_datasets.py
[2025-03-03T19:57:34.414-0500] {processor.py:914} INFO - Processing file /Users/kartikvadhawana/anaconda3/lib/python3.12/site-packages/airflow/example_dags/example_datasets.py for tasks to queue
[2025-03-03T19:57:34.415-0500] {logging_mixin.py:190} INFO - [2025-03-03T19:57:34.415-0500] {dagbag.py:588} INFO - Filling up the DagBag from /Users/kartikvadhawana/anaconda3/lib/python3.12/site-packages/airflow/example_dags/example_datasets.py
[2025-03-03T19:57:34.452-0500] {processor.py:925} INFO - DAG(s) 'consume_1_or_2_with_dataset_expressions', 'dataset_produces_2', 'conditional_dataset_and_time_based_timetable', 'consume_1_or_both_2_and_3_with_dataset_expressions', 'dataset_produces_1', 'dataset_consumes_unknown_never_scheduled', 'dataset_consumes_1_never_scheduled', 'consume_1_and_2_with_dataset_expressions', 'dataset_consumes_1_and_2', 'dataset_consumes_1' retrieved from /Users/kartikvadhawana/anaconda3/lib/python3.12/site-packages/airflow/example_dags/example_datasets.py
[2025-03-03T19:57:34.488-0500] {logging_mixin.py:190} INFO - [2025-03-03T19:57:34.488-0500] {dag.py:3239} INFO - Sync 10 DAGs
[2025-03-03T19:57:34.496-0500] {logging_mixin.py:190} INFO - [2025-03-03T19:57:34.496-0500] {dag.py:4180} INFO - Setting next_dagrun for conditional_dataset_and_time_based_timetable to 2025-02-26 01:00:00+00:00, run_after=2025-02-26 01:00:00+00:00
[2025-03-03T19:57:34.497-0500] {logging_mixin.py:190} INFO - [2025-03-03T19:57:34.497-0500] {dag.py:4180} INFO - Setting next_dagrun for consume_1_and_2_with_dataset_expressions to None, run_after=None
[2025-03-03T19:57:34.497-0500] {logging_mixin.py:190} INFO - [2025-03-03T19:57:34.497-0500] {dag.py:4180} INFO - Setting next_dagrun for consume_1_or_2_with_dataset_expressions to None, run_after=None
[2025-03-03T19:57:34.497-0500] {logging_mixin.py:190} INFO - [2025-03-03T19:57:34.497-0500] {dag.py:4180} INFO - Setting next_dagrun for consume_1_or_both_2_and_3_with_dataset_expressions to None, run_after=None
[2025-03-03T19:57:34.497-0500] {logging_mixin.py:190} INFO - [2025-03-03T19:57:34.497-0500] {dag.py:4180} INFO - Setting next_dagrun for dataset_consumes_1 to None, run_after=None
[2025-03-03T19:57:34.498-0500] {logging_mixin.py:190} INFO - [2025-03-03T19:57:34.498-0500] {dag.py:4180} INFO - Setting next_dagrun for dataset_consumes_1_and_2 to None, run_after=None
[2025-03-03T19:57:34.498-0500] {logging_mixin.py:190} INFO - [2025-03-03T19:57:34.498-0500] {dag.py:4180} INFO - Setting next_dagrun for dataset_consumes_1_never_scheduled to None, run_after=None
[2025-03-03T19:57:34.498-0500] {logging_mixin.py:190} INFO - [2025-03-03T19:57:34.498-0500] {dag.py:4180} INFO - Setting next_dagrun for dataset_consumes_unknown_never_scheduled to None, run_after=None
[2025-03-03T19:57:34.499-0500] {logging_mixin.py:190} INFO - [2025-03-03T19:57:34.499-0500] {dag.py:4180} INFO - Setting next_dagrun for dataset_produces_1 to 2025-03-03 00:00:00+00:00, run_after=2025-03-04 00:00:00+00:00
[2025-03-03T19:57:34.499-0500] {logging_mixin.py:190} INFO - [2025-03-03T19:57:34.499-0500] {dag.py:4180} INFO - Setting next_dagrun for dataset_produces_2 to None, run_after=None
[2025-03-03T19:57:34.509-0500] {processor.py:208} INFO - Processing /Users/kartikvadhawana/anaconda3/lib/python3.12/site-packages/airflow/example_dags/example_datasets.py took 0.096 seconds
[2025-03-03T20:00:16.615-0500] {processor.py:186} INFO - Started process (PID=96057) to work on /Users/kartikvadhawana/anaconda3/lib/python3.12/site-packages/airflow/example_dags/example_datasets.py
[2025-03-03T20:00:16.617-0500] {processor.py:914} INFO - Processing file /Users/kartikvadhawana/anaconda3/lib/python3.12/site-packages/airflow/example_dags/example_datasets.py for tasks to queue
[2025-03-03T20:00:16.617-0500] {logging_mixin.py:190} INFO - [2025-03-03T20:00:16.617-0500] {dagbag.py:588} INFO - Filling up the DagBag from /Users/kartikvadhawana/anaconda3/lib/python3.12/site-packages/airflow/example_dags/example_datasets.py
[2025-03-03T20:00:16.649-0500] {processor.py:925} INFO - DAG(s) 'consume_1_and_2_with_dataset_expressions', 'dataset_consumes_unknown_never_scheduled', 'conditional_dataset_and_time_based_timetable', 'consume_1_or_both_2_and_3_with_dataset_expressions', 'dataset_consumes_1_and_2', 'dataset_produces_2', 'dataset_produces_1', 'dataset_consumes_1', 'consume_1_or_2_with_dataset_expressions', 'dataset_consumes_1_never_scheduled' retrieved from /Users/kartikvadhawana/anaconda3/lib/python3.12/site-packages/airflow/example_dags/example_datasets.py
[2025-03-03T20:00:16.683-0500] {logging_mixin.py:190} INFO - [2025-03-03T20:00:16.683-0500] {dag.py:3239} INFO - Sync 10 DAGs
[2025-03-03T20:00:16.689-0500] {logging_mixin.py:190} INFO - [2025-03-03T20:00:16.689-0500] {dag.py:4180} INFO - Setting next_dagrun for conditional_dataset_and_time_based_timetable to 2025-02-26 01:00:00+00:00, run_after=2025-02-26 01:00:00+00:00
[2025-03-03T20:00:16.690-0500] {logging_mixin.py:190} INFO - [2025-03-03T20:00:16.690-0500] {dag.py:4180} INFO - Setting next_dagrun for consume_1_and_2_with_dataset_expressions to None, run_after=None
[2025-03-03T20:00:16.691-0500] {logging_mixin.py:190} INFO - [2025-03-03T20:00:16.691-0500] {dag.py:4180} INFO - Setting next_dagrun for consume_1_or_2_with_dataset_expressions to None, run_after=None
[2025-03-03T20:00:16.691-0500] {logging_mixin.py:190} INFO - [2025-03-03T20:00:16.691-0500] {dag.py:4180} INFO - Setting next_dagrun for consume_1_or_both_2_and_3_with_dataset_expressions to None, run_after=None
[2025-03-03T20:00:16.691-0500] {logging_mixin.py:190} INFO - [2025-03-03T20:00:16.691-0500] {dag.py:4180} INFO - Setting next_dagrun for dataset_consumes_1 to None, run_after=None
[2025-03-03T20:00:16.691-0500] {logging_mixin.py:190} INFO - [2025-03-03T20:00:16.691-0500] {dag.py:4180} INFO - Setting next_dagrun for dataset_consumes_1_and_2 to None, run_after=None
[2025-03-03T20:00:16.691-0500] {logging_mixin.py:190} INFO - [2025-03-03T20:00:16.691-0500] {dag.py:4180} INFO - Setting next_dagrun for dataset_consumes_1_never_scheduled to None, run_after=None
[2025-03-03T20:00:16.692-0500] {logging_mixin.py:190} INFO - [2025-03-03T20:00:16.692-0500] {dag.py:4180} INFO - Setting next_dagrun for dataset_consumes_unknown_never_scheduled to None, run_after=None
[2025-03-03T20:00:16.692-0500] {logging_mixin.py:190} INFO - [2025-03-03T20:00:16.692-0500] {dag.py:4180} INFO - Setting next_dagrun for dataset_produces_1 to 2025-03-03 00:00:00+00:00, run_after=2025-03-04 00:00:00+00:00
[2025-03-03T20:00:16.692-0500] {logging_mixin.py:190} INFO - [2025-03-03T20:00:16.692-0500] {dag.py:4180} INFO - Setting next_dagrun for dataset_produces_2 to None, run_after=None
[2025-03-03T20:00:16.701-0500] {processor.py:208} INFO - Processing /Users/kartikvadhawana/anaconda3/lib/python3.12/site-packages/airflow/example_dags/example_datasets.py took 0.086 seconds
