[2025-03-03T19:22:01.584-0500] {processor.py:186} INFO - Started process (PID=89965) to work on /Users/kartikvadhawana/anaconda3/lib/python3.12/site-packages/airflow/example_dags/example_branch_labels.py
[2025-03-03T19:22:01.584-0500] {processor.py:914} INFO - Processing file /Users/kartikvadhawana/anaconda3/lib/python3.12/site-packages/airflow/example_dags/example_branch_labels.py for tasks to queue
[2025-03-03T19:22:01.585-0500] {logging_mixin.py:190} INFO - [2025-03-03T19:22:01.585-0500] {dagbag.py:588} INFO - Filling up the DagBag from /Users/kartikvadhawana/anaconda3/lib/python3.12/site-packages/airflow/example_dags/example_branch_labels.py
[2025-03-03T19:22:01.588-0500] {processor.py:925} INFO - DAG(s) 'example_branch_labels' retrieved from /Users/kartikvadhawana/anaconda3/lib/python3.12/site-packages/airflow/example_dags/example_branch_labels.py
[2025-03-03T19:22:01.643-0500] {logging_mixin.py:190} INFO - [2025-03-03T19:22:01.643-0500] {override.py:1930} INFO - Created Permission View: can read on DAG:example_branch_labels
[2025-03-03T19:22:01.646-0500] {logging_mixin.py:190} INFO - [2025-03-03T19:22:01.646-0500] {override.py:1930} INFO - Created Permission View: can delete on DAG:example_branch_labels
[2025-03-03T19:22:01.647-0500] {logging_mixin.py:190} INFO - [2025-03-03T19:22:01.647-0500] {override.py:1930} INFO - Created Permission View: can edit on DAG:example_branch_labels
[2025-03-03T19:22:01.650-0500] {logging_mixin.py:190} INFO - [2025-03-03T19:22:01.650-0500] {override.py:1930} INFO - Created Permission View: can read on DAG Run:example_branch_labels
[2025-03-03T19:22:01.652-0500] {logging_mixin.py:190} INFO - [2025-03-03T19:22:01.652-0500] {override.py:1930} INFO - Created Permission View: menu access on DAG Run:example_branch_labels
[2025-03-03T19:22:01.653-0500] {logging_mixin.py:190} INFO - [2025-03-03T19:22:01.653-0500] {override.py:1930} INFO - Created Permission View: can delete on DAG Run:example_branch_labels
[2025-03-03T19:22:01.655-0500] {logging_mixin.py:190} INFO - [2025-03-03T19:22:01.655-0500] {override.py:1930} INFO - Created Permission View: can create on DAG Run:example_branch_labels
[2025-03-03T19:22:01.655-0500] {logging_mixin.py:190} INFO - [2025-03-03T19:22:01.655-0500] {dag.py:3239} INFO - Sync 1 DAGs
[2025-03-03T19:22:01.659-0500] {logging_mixin.py:190} INFO - [2025-03-03T19:22:01.659-0500] {dag.py:3262} INFO - Creating ORM DAG for example_branch_labels
[2025-03-03T19:22:01.662-0500] {logging_mixin.py:190} INFO - [2025-03-03T19:22:01.662-0500] {dag.py:4180} INFO - Setting next_dagrun for example_branch_labels to 2025-03-03 00:00:00+00:00, run_after=2025-03-04 00:00:00+00:00
[2025-03-03T19:22:01.668-0500] {processor.py:208} INFO - Processing /Users/kartikvadhawana/anaconda3/lib/python3.12/site-packages/airflow/example_dags/example_branch_labels.py took 0.085 seconds
[2025-03-03T19:24:39.627-0500] {processor.py:186} INFO - Started process (PID=90511) to work on /Users/kartikvadhawana/anaconda3/lib/python3.12/site-packages/airflow/example_dags/example_branch_labels.py
[2025-03-03T19:24:39.628-0500] {processor.py:914} INFO - Processing file /Users/kartikvadhawana/anaconda3/lib/python3.12/site-packages/airflow/example_dags/example_branch_labels.py for tasks to queue
[2025-03-03T19:24:39.628-0500] {logging_mixin.py:190} INFO - [2025-03-03T19:24:39.628-0500] {dagbag.py:588} INFO - Filling up the DagBag from /Users/kartikvadhawana/anaconda3/lib/python3.12/site-packages/airflow/example_dags/example_branch_labels.py
[2025-03-03T19:24:39.632-0500] {processor.py:925} INFO - DAG(s) 'example_branch_labels' retrieved from /Users/kartikvadhawana/anaconda3/lib/python3.12/site-packages/airflow/example_dags/example_branch_labels.py
[2025-03-03T19:24:39.658-0500] {logging_mixin.py:190} INFO - [2025-03-03T19:24:39.657-0500] {dag.py:3239} INFO - Sync 1 DAGs
[2025-03-03T19:24:39.663-0500] {logging_mixin.py:190} INFO - [2025-03-03T19:24:39.663-0500] {dag.py:4180} INFO - Setting next_dagrun for example_branch_labels to 2025-03-03 00:00:00+00:00, run_after=2025-03-04 00:00:00+00:00
[2025-03-03T19:24:39.668-0500] {processor.py:208} INFO - Processing /Users/kartikvadhawana/anaconda3/lib/python3.12/site-packages/airflow/example_dags/example_branch_labels.py took 0.042 seconds
[2025-03-03T19:28:59.447-0500] {processor.py:186} INFO - Started process (PID=91541) to work on /Users/kartikvadhawana/anaconda3/lib/python3.12/site-packages/airflow/example_dags/example_branch_labels.py
[2025-03-03T19:28:59.448-0500] {processor.py:914} INFO - Processing file /Users/kartikvadhawana/anaconda3/lib/python3.12/site-packages/airflow/example_dags/example_branch_labels.py for tasks to queue
[2025-03-03T19:28:59.448-0500] {logging_mixin.py:190} INFO - [2025-03-03T19:28:59.448-0500] {dagbag.py:588} INFO - Filling up the DagBag from /Users/kartikvadhawana/anaconda3/lib/python3.12/site-packages/airflow/example_dags/example_branch_labels.py
[2025-03-03T19:28:59.452-0500] {processor.py:925} INFO - DAG(s) 'example_branch_labels' retrieved from /Users/kartikvadhawana/anaconda3/lib/python3.12/site-packages/airflow/example_dags/example_branch_labels.py
[2025-03-03T19:28:59.478-0500] {logging_mixin.py:190} INFO - [2025-03-03T19:28:59.478-0500] {dag.py:3239} INFO - Sync 1 DAGs
[2025-03-03T19:28:59.483-0500] {logging_mixin.py:190} INFO - [2025-03-03T19:28:59.483-0500] {dag.py:4180} INFO - Setting next_dagrun for example_branch_labels to 2025-03-03 00:00:00+00:00, run_after=2025-03-04 00:00:00+00:00
[2025-03-03T19:28:59.488-0500] {processor.py:208} INFO - Processing /Users/kartikvadhawana/anaconda3/lib/python3.12/site-packages/airflow/example_dags/example_branch_labels.py took 0.042 seconds
[2025-03-03T19:33:16.840-0500] {processor.py:186} INFO - Started process (PID=92359) to work on /Users/kartikvadhawana/anaconda3/lib/python3.12/site-packages/airflow/example_dags/example_branch_labels.py
[2025-03-03T19:33:16.841-0500] {processor.py:914} INFO - Processing file /Users/kartikvadhawana/anaconda3/lib/python3.12/site-packages/airflow/example_dags/example_branch_labels.py for tasks to queue
[2025-03-03T19:33:16.842-0500] {logging_mixin.py:190} INFO - [2025-03-03T19:33:16.842-0500] {dagbag.py:588} INFO - Filling up the DagBag from /Users/kartikvadhawana/anaconda3/lib/python3.12/site-packages/airflow/example_dags/example_branch_labels.py
[2025-03-03T19:33:16.845-0500] {processor.py:925} INFO - DAG(s) 'example_branch_labels' retrieved from /Users/kartikvadhawana/anaconda3/lib/python3.12/site-packages/airflow/example_dags/example_branch_labels.py
[2025-03-03T19:33:16.872-0500] {logging_mixin.py:190} INFO - [2025-03-03T19:33:16.872-0500] {dag.py:3239} INFO - Sync 1 DAGs
[2025-03-03T19:33:16.878-0500] {logging_mixin.py:190} INFO - [2025-03-03T19:33:16.878-0500] {dag.py:4180} INFO - Setting next_dagrun for example_branch_labels to 2025-03-03 00:00:00+00:00, run_after=2025-03-04 00:00:00+00:00
[2025-03-03T19:33:16.883-0500] {processor.py:208} INFO - Processing /Users/kartikvadhawana/anaconda3/lib/python3.12/site-packages/airflow/example_dags/example_branch_labels.py took 0.044 seconds
[2025-03-03T19:35:53.634-0500] {processor.py:186} INFO - Started process (PID=92710) to work on /Users/kartikvadhawana/anaconda3/lib/python3.12/site-packages/airflow/example_dags/example_branch_labels.py
[2025-03-03T19:35:53.635-0500] {processor.py:914} INFO - Processing file /Users/kartikvadhawana/anaconda3/lib/python3.12/site-packages/airflow/example_dags/example_branch_labels.py for tasks to queue
[2025-03-03T19:35:53.635-0500] {logging_mixin.py:190} INFO - [2025-03-03T19:35:53.635-0500] {dagbag.py:588} INFO - Filling up the DagBag from /Users/kartikvadhawana/anaconda3/lib/python3.12/site-packages/airflow/example_dags/example_branch_labels.py
[2025-03-03T19:35:53.639-0500] {processor.py:925} INFO - DAG(s) 'example_branch_labels' retrieved from /Users/kartikvadhawana/anaconda3/lib/python3.12/site-packages/airflow/example_dags/example_branch_labels.py
[2025-03-03T19:35:53.666-0500] {logging_mixin.py:190} INFO - [2025-03-03T19:35:53.666-0500] {dag.py:3239} INFO - Sync 1 DAGs
[2025-03-03T19:35:53.671-0500] {logging_mixin.py:190} INFO - [2025-03-03T19:35:53.671-0500] {dag.py:4180} INFO - Setting next_dagrun for example_branch_labels to 2025-03-03 00:00:00+00:00, run_after=2025-03-04 00:00:00+00:00
[2025-03-03T19:35:53.677-0500] {processor.py:208} INFO - Processing /Users/kartikvadhawana/anaconda3/lib/python3.12/site-packages/airflow/example_dags/example_branch_labels.py took 0.044 seconds
[2025-03-03T19:38:36.043-0500] {processor.py:186} INFO - Started process (PID=93083) to work on /Users/kartikvadhawana/anaconda3/lib/python3.12/site-packages/airflow/example_dags/example_branch_labels.py
[2025-03-03T19:38:36.043-0500] {processor.py:914} INFO - Processing file /Users/kartikvadhawana/anaconda3/lib/python3.12/site-packages/airflow/example_dags/example_branch_labels.py for tasks to queue
[2025-03-03T19:38:36.044-0500] {logging_mixin.py:190} INFO - [2025-03-03T19:38:36.044-0500] {dagbag.py:588} INFO - Filling up the DagBag from /Users/kartikvadhawana/anaconda3/lib/python3.12/site-packages/airflow/example_dags/example_branch_labels.py
[2025-03-03T19:38:36.048-0500] {processor.py:925} INFO - DAG(s) 'example_branch_labels' retrieved from /Users/kartikvadhawana/anaconda3/lib/python3.12/site-packages/airflow/example_dags/example_branch_labels.py
[2025-03-03T19:38:36.074-0500] {logging_mixin.py:190} INFO - [2025-03-03T19:38:36.074-0500] {dag.py:3239} INFO - Sync 1 DAGs
[2025-03-03T19:38:36.079-0500] {logging_mixin.py:190} INFO - [2025-03-03T19:38:36.079-0500] {dag.py:4180} INFO - Setting next_dagrun for example_branch_labels to 2025-03-03 00:00:00+00:00, run_after=2025-03-04 00:00:00+00:00
[2025-03-03T19:38:36.085-0500] {processor.py:208} INFO - Processing /Users/kartikvadhawana/anaconda3/lib/python3.12/site-packages/airflow/example_dags/example_branch_labels.py took 0.043 seconds
[2025-03-03T19:41:16.744-0500] {processor.py:186} INFO - Started process (PID=93535) to work on /Users/kartikvadhawana/anaconda3/lib/python3.12/site-packages/airflow/example_dags/example_branch_labels.py
[2025-03-03T19:41:16.744-0500] {processor.py:914} INFO - Processing file /Users/kartikvadhawana/anaconda3/lib/python3.12/site-packages/airflow/example_dags/example_branch_labels.py for tasks to queue
[2025-03-03T19:41:16.745-0500] {logging_mixin.py:190} INFO - [2025-03-03T19:41:16.745-0500] {dagbag.py:588} INFO - Filling up the DagBag from /Users/kartikvadhawana/anaconda3/lib/python3.12/site-packages/airflow/example_dags/example_branch_labels.py
[2025-03-03T19:41:16.749-0500] {processor.py:925} INFO - DAG(s) 'example_branch_labels' retrieved from /Users/kartikvadhawana/anaconda3/lib/python3.12/site-packages/airflow/example_dags/example_branch_labels.py
[2025-03-03T19:41:16.780-0500] {logging_mixin.py:190} INFO - [2025-03-03T19:41:16.779-0500] {dag.py:3239} INFO - Sync 1 DAGs
[2025-03-03T19:41:16.786-0500] {logging_mixin.py:190} INFO - [2025-03-03T19:41:16.786-0500] {dag.py:4180} INFO - Setting next_dagrun for example_branch_labels to 2025-03-03 00:00:00+00:00, run_after=2025-03-04 00:00:00+00:00
[2025-03-03T19:41:16.791-0500] {processor.py:208} INFO - Processing /Users/kartikvadhawana/anaconda3/lib/python3.12/site-packages/airflow/example_dags/example_branch_labels.py took 0.049 seconds
[2025-03-03T19:43:11.839-0500] {processor.py:186} INFO - Started process (PID=93924) to work on /Users/kartikvadhawana/anaconda3/lib/python3.12/site-packages/airflow/example_dags/example_branch_labels.py
[2025-03-03T19:43:11.840-0500] {processor.py:914} INFO - Processing file /Users/kartikvadhawana/anaconda3/lib/python3.12/site-packages/airflow/example_dags/example_branch_labels.py for tasks to queue
[2025-03-03T19:43:11.840-0500] {logging_mixin.py:190} INFO - [2025-03-03T19:43:11.840-0500] {dagbag.py:588} INFO - Filling up the DagBag from /Users/kartikvadhawana/anaconda3/lib/python3.12/site-packages/airflow/example_dags/example_branch_labels.py
[2025-03-03T19:43:11.844-0500] {processor.py:925} INFO - DAG(s) 'example_branch_labels' retrieved from /Users/kartikvadhawana/anaconda3/lib/python3.12/site-packages/airflow/example_dags/example_branch_labels.py
[2025-03-03T19:43:11.870-0500] {logging_mixin.py:190} INFO - [2025-03-03T19:43:11.870-0500] {dag.py:3239} INFO - Sync 1 DAGs
[2025-03-03T19:43:11.875-0500] {logging_mixin.py:190} INFO - [2025-03-03T19:43:11.875-0500] {dag.py:4180} INFO - Setting next_dagrun for example_branch_labels to 2025-03-03 00:00:00+00:00, run_after=2025-03-04 00:00:00+00:00
[2025-03-03T19:43:11.881-0500] {processor.py:208} INFO - Processing /Users/kartikvadhawana/anaconda3/lib/python3.12/site-packages/airflow/example_dags/example_branch_labels.py took 0.043 seconds
[2025-03-03T19:49:40.824-0500] {processor.py:186} INFO - Started process (PID=94785) to work on /Users/kartikvadhawana/anaconda3/lib/python3.12/site-packages/airflow/example_dags/example_branch_labels.py
[2025-03-03T19:49:40.826-0500] {processor.py:914} INFO - Processing file /Users/kartikvadhawana/anaconda3/lib/python3.12/site-packages/airflow/example_dags/example_branch_labels.py for tasks to queue
[2025-03-03T19:49:40.827-0500] {logging_mixin.py:190} INFO - [2025-03-03T19:49:40.826-0500] {dagbag.py:588} INFO - Filling up the DagBag from /Users/kartikvadhawana/anaconda3/lib/python3.12/site-packages/airflow/example_dags/example_branch_labels.py
[2025-03-03T19:49:40.830-0500] {processor.py:925} INFO - DAG(s) 'example_branch_labels' retrieved from /Users/kartikvadhawana/anaconda3/lib/python3.12/site-packages/airflow/example_dags/example_branch_labels.py
[2025-03-03T19:49:40.856-0500] {logging_mixin.py:190} INFO - [2025-03-03T19:49:40.856-0500] {dag.py:3239} INFO - Sync 1 DAGs
[2025-03-03T19:49:40.862-0500] {logging_mixin.py:190} INFO - [2025-03-03T19:49:40.862-0500] {dag.py:4180} INFO - Setting next_dagrun for example_branch_labels to 2025-03-03 00:00:00+00:00, run_after=2025-03-04 00:00:00+00:00
[2025-03-03T19:49:40.867-0500] {processor.py:208} INFO - Processing /Users/kartikvadhawana/anaconda3/lib/python3.12/site-packages/airflow/example_dags/example_branch_labels.py took 0.043 seconds
[2025-03-03T19:52:19.388-0500] {processor.py:186} INFO - Started process (PID=94981) to work on /Users/kartikvadhawana/anaconda3/lib/python3.12/site-packages/airflow/example_dags/example_branch_labels.py
[2025-03-03T19:52:19.389-0500] {processor.py:914} INFO - Processing file /Users/kartikvadhawana/anaconda3/lib/python3.12/site-packages/airflow/example_dags/example_branch_labels.py for tasks to queue
[2025-03-03T19:52:19.389-0500] {logging_mixin.py:190} INFO - [2025-03-03T19:52:19.389-0500] {dagbag.py:588} INFO - Filling up the DagBag from /Users/kartikvadhawana/anaconda3/lib/python3.12/site-packages/airflow/example_dags/example_branch_labels.py
[2025-03-03T19:52:19.392-0500] {processor.py:925} INFO - DAG(s) 'example_branch_labels' retrieved from /Users/kartikvadhawana/anaconda3/lib/python3.12/site-packages/airflow/example_dags/example_branch_labels.py
[2025-03-03T19:52:19.418-0500] {logging_mixin.py:190} INFO - [2025-03-03T19:52:19.418-0500] {dag.py:3239} INFO - Sync 1 DAGs
[2025-03-03T19:52:19.424-0500] {logging_mixin.py:190} INFO - [2025-03-03T19:52:19.424-0500] {dag.py:4180} INFO - Setting next_dagrun for example_branch_labels to 2025-03-03 00:00:00+00:00, run_after=2025-03-04 00:00:00+00:00
[2025-03-03T19:52:19.429-0500] {processor.py:208} INFO - Processing /Users/kartikvadhawana/anaconda3/lib/python3.12/site-packages/airflow/example_dags/example_branch_labels.py took 0.042 seconds
[2025-03-03T19:55:04.349-0500] {processor.py:186} INFO - Started process (PID=95427) to work on /Users/kartikvadhawana/anaconda3/lib/python3.12/site-packages/airflow/example_dags/example_branch_labels.py
[2025-03-03T19:55:04.351-0500] {processor.py:914} INFO - Processing file /Users/kartikvadhawana/anaconda3/lib/python3.12/site-packages/airflow/example_dags/example_branch_labels.py for tasks to queue
[2025-03-03T19:55:04.351-0500] {logging_mixin.py:190} INFO - [2025-03-03T19:55:04.351-0500] {dagbag.py:588} INFO - Filling up the DagBag from /Users/kartikvadhawana/anaconda3/lib/python3.12/site-packages/airflow/example_dags/example_branch_labels.py
[2025-03-03T19:55:04.356-0500] {processor.py:925} INFO - DAG(s) 'example_branch_labels' retrieved from /Users/kartikvadhawana/anaconda3/lib/python3.12/site-packages/airflow/example_dags/example_branch_labels.py
[2025-03-03T19:55:04.385-0500] {logging_mixin.py:190} INFO - [2025-03-03T19:55:04.385-0500] {dag.py:3239} INFO - Sync 1 DAGs
[2025-03-03T19:55:04.391-0500] {logging_mixin.py:190} INFO - [2025-03-03T19:55:04.391-0500] {dag.py:4180} INFO - Setting next_dagrun for example_branch_labels to 2025-03-03 00:00:00+00:00, run_after=2025-03-04 00:00:00+00:00
[2025-03-03T19:55:04.396-0500] {processor.py:208} INFO - Processing /Users/kartikvadhawana/anaconda3/lib/python3.12/site-packages/airflow/example_dags/example_branch_labels.py took 0.047 seconds
[2025-03-03T19:57:49.132-0500] {processor.py:186} INFO - Started process (PID=95840) to work on /Users/kartikvadhawana/anaconda3/lib/python3.12/site-packages/airflow/example_dags/example_branch_labels.py
[2025-03-03T19:57:49.133-0500] {processor.py:914} INFO - Processing file /Users/kartikvadhawana/anaconda3/lib/python3.12/site-packages/airflow/example_dags/example_branch_labels.py for tasks to queue
[2025-03-03T19:57:49.133-0500] {logging_mixin.py:190} INFO - [2025-03-03T19:57:49.133-0500] {dagbag.py:588} INFO - Filling up the DagBag from /Users/kartikvadhawana/anaconda3/lib/python3.12/site-packages/airflow/example_dags/example_branch_labels.py
[2025-03-03T19:57:49.137-0500] {processor.py:925} INFO - DAG(s) 'example_branch_labels' retrieved from /Users/kartikvadhawana/anaconda3/lib/python3.12/site-packages/airflow/example_dags/example_branch_labels.py
[2025-03-03T19:57:49.164-0500] {logging_mixin.py:190} INFO - [2025-03-03T19:57:49.164-0500] {dag.py:3239} INFO - Sync 1 DAGs
[2025-03-03T19:57:49.169-0500] {logging_mixin.py:190} INFO - [2025-03-03T19:57:49.169-0500] {dag.py:4180} INFO - Setting next_dagrun for example_branch_labels to 2025-03-03 00:00:00+00:00, run_after=2025-03-04 00:00:00+00:00
[2025-03-03T19:57:49.174-0500] {processor.py:208} INFO - Processing /Users/kartikvadhawana/anaconda3/lib/python3.12/site-packages/airflow/example_dags/example_branch_labels.py took 0.044 seconds
[2025-03-03T20:00:30.332-0500] {processor.py:186} INFO - Started process (PID=96074) to work on /Users/kartikvadhawana/anaconda3/lib/python3.12/site-packages/airflow/example_dags/example_branch_labels.py
[2025-03-03T20:00:30.333-0500] {processor.py:914} INFO - Processing file /Users/kartikvadhawana/anaconda3/lib/python3.12/site-packages/airflow/example_dags/example_branch_labels.py for tasks to queue
[2025-03-03T20:00:30.334-0500] {logging_mixin.py:190} INFO - [2025-03-03T20:00:30.334-0500] {dagbag.py:588} INFO - Filling up the DagBag from /Users/kartikvadhawana/anaconda3/lib/python3.12/site-packages/airflow/example_dags/example_branch_labels.py
[2025-03-03T20:00:30.337-0500] {processor.py:925} INFO - DAG(s) 'example_branch_labels' retrieved from /Users/kartikvadhawana/anaconda3/lib/python3.12/site-packages/airflow/example_dags/example_branch_labels.py
[2025-03-03T20:00:30.363-0500] {logging_mixin.py:190} INFO - [2025-03-03T20:00:30.363-0500] {dag.py:3239} INFO - Sync 1 DAGs
[2025-03-03T20:00:30.368-0500] {logging_mixin.py:190} INFO - [2025-03-03T20:00:30.368-0500] {dag.py:4180} INFO - Setting next_dagrun for example_branch_labels to 2025-03-03 00:00:00+00:00, run_after=2025-03-04 00:00:00+00:00
[2025-03-03T20:00:30.373-0500] {processor.py:208} INFO - Processing /Users/kartikvadhawana/anaconda3/lib/python3.12/site-packages/airflow/example_dags/example_branch_labels.py took 0.042 seconds
