[2025-03-03T19:20:31.604-0500] {processor.py:186} INFO - Started process (PID=89611) to work on /Users/kartikvadhawana/anaconda3/lib/python3.12/site-packages/airflow/example_dags/tutorial_taskflow_templates.py
[2025-03-03T19:20:31.605-0500] {processor.py:914} INFO - Processing file /Users/kartikvadhawana/anaconda3/lib/python3.12/site-packages/airflow/example_dags/tutorial_taskflow_templates.py for tasks to queue
[2025-03-03T19:20:31.605-0500] {logging_mixin.py:190} INFO - [2025-03-03T19:20:31.605-0500] {dagbag.py:588} INFO - Filling up the DagBag from /Users/kartikvadhawana/anaconda3/lib/python3.12/site-packages/airflow/example_dags/tutorial_taskflow_templates.py
[2025-03-03T19:20:31.619-0500] {processor.py:925} INFO - DAG(s) 'tutorial_taskflow_templates' retrieved from /Users/kartikvadhawana/anaconda3/lib/python3.12/site-packages/airflow/example_dags/tutorial_taskflow_templates.py
[2025-03-03T19:20:31.672-0500] {logging_mixin.py:190} INFO - [2025-03-03T19:20:31.671-0500] {override.py:1930} INFO - Created Permission View: can read on DAG:tutorial_taskflow_templates
[2025-03-03T19:20:31.675-0500] {logging_mixin.py:190} INFO - [2025-03-03T19:20:31.674-0500] {override.py:1930} INFO - Created Permission View: can delete on DAG:tutorial_taskflow_templates
[2025-03-03T19:20:31.676-0500] {logging_mixin.py:190} INFO - [2025-03-03T19:20:31.676-0500] {override.py:1930} INFO - Created Permission View: can edit on DAG:tutorial_taskflow_templates
[2025-03-03T19:20:31.678-0500] {logging_mixin.py:190} INFO - [2025-03-03T19:20:31.678-0500] {override.py:1930} INFO - Created Permission View: can read on DAG Run:tutorial_taskflow_templates
[2025-03-03T19:20:31.680-0500] {logging_mixin.py:190} INFO - [2025-03-03T19:20:31.680-0500] {override.py:1930} INFO - Created Permission View: can delete on DAG Run:tutorial_taskflow_templates
[2025-03-03T19:20:31.681-0500] {logging_mixin.py:190} INFO - [2025-03-03T19:20:31.681-0500] {override.py:1930} INFO - Created Permission View: menu access on DAG Run:tutorial_taskflow_templates
[2025-03-03T19:20:31.683-0500] {logging_mixin.py:190} INFO - [2025-03-03T19:20:31.683-0500] {override.py:1930} INFO - Created Permission View: can create on DAG Run:tutorial_taskflow_templates
[2025-03-03T19:20:31.683-0500] {logging_mixin.py:190} INFO - [2025-03-03T19:20:31.683-0500] {dag.py:3239} INFO - Sync 1 DAGs
[2025-03-03T19:20:31.686-0500] {logging_mixin.py:190} INFO - [2025-03-03T19:20:31.686-0500] {dag.py:3262} INFO - Creating ORM DAG for tutorial_taskflow_templates
[2025-03-03T19:20:31.688-0500] {logging_mixin.py:190} INFO - [2025-03-03T19:20:31.688-0500] {dag.py:4180} INFO - Setting next_dagrun for tutorial_taskflow_templates to 2025-03-03 00:00:00+00:00, run_after=2025-03-04 00:00:00+00:00
[2025-03-03T19:20:31.693-0500] {processor.py:208} INFO - Processing /Users/kartikvadhawana/anaconda3/lib/python3.12/site-packages/airflow/example_dags/tutorial_taskflow_templates.py took 0.090 seconds
[2025-03-03T19:22:21.962-0500] {processor.py:186} INFO - Started process (PID=90023) to work on /Users/kartikvadhawana/anaconda3/lib/python3.12/site-packages/airflow/example_dags/tutorial_taskflow_templates.py
[2025-03-03T19:22:21.962-0500] {processor.py:914} INFO - Processing file /Users/kartikvadhawana/anaconda3/lib/python3.12/site-packages/airflow/example_dags/tutorial_taskflow_templates.py for tasks to queue
[2025-03-03T19:22:21.962-0500] {logging_mixin.py:190} INFO - [2025-03-03T19:22:21.962-0500] {dagbag.py:588} INFO - Filling up the DagBag from /Users/kartikvadhawana/anaconda3/lib/python3.12/site-packages/airflow/example_dags/tutorial_taskflow_templates.py
[2025-03-03T19:22:21.976-0500] {processor.py:925} INFO - DAG(s) 'tutorial_taskflow_templates' retrieved from /Users/kartikvadhawana/anaconda3/lib/python3.12/site-packages/airflow/example_dags/tutorial_taskflow_templates.py
[2025-03-03T19:22:22.004-0500] {logging_mixin.py:190} INFO - [2025-03-03T19:22:22.004-0500] {dag.py:3239} INFO - Sync 1 DAGs
[2025-03-03T19:22:22.010-0500] {logging_mixin.py:190} INFO - [2025-03-03T19:22:22.009-0500] {dag.py:4180} INFO - Setting next_dagrun for tutorial_taskflow_templates to 2025-03-03 00:00:00+00:00, run_after=2025-03-04 00:00:00+00:00
[2025-03-03T19:22:22.016-0500] {processor.py:208} INFO - Processing /Users/kartikvadhawana/anaconda3/lib/python3.12/site-packages/airflow/example_dags/tutorial_taskflow_templates.py took 0.055 seconds
[2025-03-03T19:23:41.350-0500] {processor.py:186} INFO - Started process (PID=90249) to work on /Users/kartikvadhawana/anaconda3/lib/python3.12/site-packages/airflow/example_dags/tutorial_taskflow_templates.py
[2025-03-03T19:23:41.352-0500] {processor.py:914} INFO - Processing file /Users/kartikvadhawana/anaconda3/lib/python3.12/site-packages/airflow/example_dags/tutorial_taskflow_templates.py for tasks to queue
[2025-03-03T19:23:41.352-0500] {logging_mixin.py:190} INFO - [2025-03-03T19:23:41.352-0500] {dagbag.py:588} INFO - Filling up the DagBag from /Users/kartikvadhawana/anaconda3/lib/python3.12/site-packages/airflow/example_dags/tutorial_taskflow_templates.py
[2025-03-03T19:23:41.365-0500] {processor.py:925} INFO - DAG(s) 'tutorial_taskflow_templates' retrieved from /Users/kartikvadhawana/anaconda3/lib/python3.12/site-packages/airflow/example_dags/tutorial_taskflow_templates.py
[2025-03-03T19:23:41.391-0500] {logging_mixin.py:190} INFO - [2025-03-03T19:23:41.391-0500] {dag.py:3239} INFO - Sync 1 DAGs
[2025-03-03T19:23:41.396-0500] {logging_mixin.py:190} INFO - [2025-03-03T19:23:41.396-0500] {dag.py:4180} INFO - Setting next_dagrun for tutorial_taskflow_templates to 2025-03-03 00:00:00+00:00, run_after=2025-03-04 00:00:00+00:00
[2025-03-03T19:23:41.401-0500] {processor.py:208} INFO - Processing /Users/kartikvadhawana/anaconda3/lib/python3.12/site-packages/airflow/example_dags/tutorial_taskflow_templates.py took 0.052 seconds
[2025-03-03T19:25:05.418-0500] {processor.py:186} INFO - Started process (PID=90607) to work on /Users/kartikvadhawana/anaconda3/lib/python3.12/site-packages/airflow/example_dags/tutorial_taskflow_templates.py
[2025-03-03T19:25:05.419-0500] {processor.py:914} INFO - Processing file /Users/kartikvadhawana/anaconda3/lib/python3.12/site-packages/airflow/example_dags/tutorial_taskflow_templates.py for tasks to queue
[2025-03-03T19:25:05.419-0500] {logging_mixin.py:190} INFO - [2025-03-03T19:25:05.419-0500] {dagbag.py:588} INFO - Filling up the DagBag from /Users/kartikvadhawana/anaconda3/lib/python3.12/site-packages/airflow/example_dags/tutorial_taskflow_templates.py
[2025-03-03T19:25:05.433-0500] {processor.py:925} INFO - DAG(s) 'tutorial_taskflow_templates' retrieved from /Users/kartikvadhawana/anaconda3/lib/python3.12/site-packages/airflow/example_dags/tutorial_taskflow_templates.py
[2025-03-03T19:25:05.458-0500] {logging_mixin.py:190} INFO - [2025-03-03T19:25:05.458-0500] {dag.py:3239} INFO - Sync 1 DAGs
[2025-03-03T19:25:05.464-0500] {logging_mixin.py:190} INFO - [2025-03-03T19:25:05.464-0500] {dag.py:4180} INFO - Setting next_dagrun for tutorial_taskflow_templates to 2025-03-03 00:00:00+00:00, run_after=2025-03-04 00:00:00+00:00
[2025-03-03T19:25:05.469-0500] {processor.py:208} INFO - Processing /Users/kartikvadhawana/anaconda3/lib/python3.12/site-packages/airflow/example_dags/tutorial_taskflow_templates.py took 0.053 seconds
[2025-03-03T19:27:33.996-0500] {processor.py:186} INFO - Started process (PID=91291) to work on /Users/kartikvadhawana/anaconda3/lib/python3.12/site-packages/airflow/example_dags/tutorial_taskflow_templates.py
[2025-03-03T19:27:33.997-0500] {processor.py:914} INFO - Processing file /Users/kartikvadhawana/anaconda3/lib/python3.12/site-packages/airflow/example_dags/tutorial_taskflow_templates.py for tasks to queue
[2025-03-03T19:27:33.997-0500] {logging_mixin.py:190} INFO - [2025-03-03T19:27:33.997-0500] {dagbag.py:588} INFO - Filling up the DagBag from /Users/kartikvadhawana/anaconda3/lib/python3.12/site-packages/airflow/example_dags/tutorial_taskflow_templates.py
[2025-03-03T19:27:34.011-0500] {processor.py:925} INFO - DAG(s) 'tutorial_taskflow_templates' retrieved from /Users/kartikvadhawana/anaconda3/lib/python3.12/site-packages/airflow/example_dags/tutorial_taskflow_templates.py
[2025-03-03T19:27:34.037-0500] {logging_mixin.py:190} INFO - [2025-03-03T19:27:34.037-0500] {dag.py:3239} INFO - Sync 1 DAGs
[2025-03-03T19:27:34.042-0500] {logging_mixin.py:190} INFO - [2025-03-03T19:27:34.042-0500] {dag.py:4180} INFO - Setting next_dagrun for tutorial_taskflow_templates to 2025-03-03 00:00:00+00:00, run_after=2025-03-04 00:00:00+00:00
[2025-03-03T19:27:34.048-0500] {processor.py:208} INFO - Processing /Users/kartikvadhawana/anaconda3/lib/python3.12/site-packages/airflow/example_dags/tutorial_taskflow_templates.py took 0.053 seconds
[2025-03-03T19:29:22.699-0500] {processor.py:186} INFO - Started process (PID=91616) to work on /Users/kartikvadhawana/anaconda3/lib/python3.12/site-packages/airflow/example_dags/tutorial_taskflow_templates.py
[2025-03-03T19:29:22.700-0500] {processor.py:914} INFO - Processing file /Users/kartikvadhawana/anaconda3/lib/python3.12/site-packages/airflow/example_dags/tutorial_taskflow_templates.py for tasks to queue
[2025-03-03T19:29:22.701-0500] {logging_mixin.py:190} INFO - [2025-03-03T19:29:22.701-0500] {dagbag.py:588} INFO - Filling up the DagBag from /Users/kartikvadhawana/anaconda3/lib/python3.12/site-packages/airflow/example_dags/tutorial_taskflow_templates.py
[2025-03-03T19:29:22.714-0500] {processor.py:925} INFO - DAG(s) 'tutorial_taskflow_templates' retrieved from /Users/kartikvadhawana/anaconda3/lib/python3.12/site-packages/airflow/example_dags/tutorial_taskflow_templates.py
[2025-03-03T19:29:22.740-0500] {logging_mixin.py:190} INFO - [2025-03-03T19:29:22.740-0500] {dag.py:3239} INFO - Sync 1 DAGs
[2025-03-03T19:29:22.745-0500] {logging_mixin.py:190} INFO - [2025-03-03T19:29:22.745-0500] {dag.py:4180} INFO - Setting next_dagrun for tutorial_taskflow_templates to 2025-03-03 00:00:00+00:00, run_after=2025-03-04 00:00:00+00:00
[2025-03-03T19:29:22.752-0500] {processor.py:208} INFO - Processing /Users/kartikvadhawana/anaconda3/lib/python3.12/site-packages/airflow/example_dags/tutorial_taskflow_templates.py took 0.053 seconds
[2025-03-03T19:30:39.686-0500] {processor.py:186} INFO - Started process (PID=91839) to work on /Users/kartikvadhawana/anaconda3/lib/python3.12/site-packages/airflow/example_dags/tutorial_taskflow_templates.py
[2025-03-03T19:30:39.687-0500] {processor.py:914} INFO - Processing file /Users/kartikvadhawana/anaconda3/lib/python3.12/site-packages/airflow/example_dags/tutorial_taskflow_templates.py for tasks to queue
[2025-03-03T19:30:39.688-0500] {logging_mixin.py:190} INFO - [2025-03-03T19:30:39.688-0500] {dagbag.py:588} INFO - Filling up the DagBag from /Users/kartikvadhawana/anaconda3/lib/python3.12/site-packages/airflow/example_dags/tutorial_taskflow_templates.py
[2025-03-03T19:30:39.701-0500] {processor.py:925} INFO - DAG(s) 'tutorial_taskflow_templates' retrieved from /Users/kartikvadhawana/anaconda3/lib/python3.12/site-packages/airflow/example_dags/tutorial_taskflow_templates.py
[2025-03-03T19:30:39.727-0500] {logging_mixin.py:190} INFO - [2025-03-03T19:30:39.727-0500] {dag.py:3239} INFO - Sync 1 DAGs
[2025-03-03T19:30:39.732-0500] {logging_mixin.py:190} INFO - [2025-03-03T19:30:39.732-0500] {dag.py:4180} INFO - Setting next_dagrun for tutorial_taskflow_templates to 2025-03-03 00:00:00+00:00, run_after=2025-03-04 00:00:00+00:00
[2025-03-03T19:30:39.737-0500] {processor.py:208} INFO - Processing /Users/kartikvadhawana/anaconda3/lib/python3.12/site-packages/airflow/example_dags/tutorial_taskflow_templates.py took 0.052 seconds
[2025-03-03T19:31:50.809-0500] {processor.py:186} INFO - Started process (PID=92113) to work on /Users/kartikvadhawana/anaconda3/lib/python3.12/site-packages/airflow/example_dags/tutorial_taskflow_templates.py
[2025-03-03T19:31:50.810-0500] {processor.py:914} INFO - Processing file /Users/kartikvadhawana/anaconda3/lib/python3.12/site-packages/airflow/example_dags/tutorial_taskflow_templates.py for tasks to queue
[2025-03-03T19:31:50.811-0500] {logging_mixin.py:190} INFO - [2025-03-03T19:31:50.811-0500] {dagbag.py:588} INFO - Filling up the DagBag from /Users/kartikvadhawana/anaconda3/lib/python3.12/site-packages/airflow/example_dags/tutorial_taskflow_templates.py
[2025-03-03T19:31:50.824-0500] {processor.py:925} INFO - DAG(s) 'tutorial_taskflow_templates' retrieved from /Users/kartikvadhawana/anaconda3/lib/python3.12/site-packages/airflow/example_dags/tutorial_taskflow_templates.py
[2025-03-03T19:31:50.849-0500] {logging_mixin.py:190} INFO - [2025-03-03T19:31:50.849-0500] {dag.py:3239} INFO - Sync 1 DAGs
[2025-03-03T19:31:50.854-0500] {logging_mixin.py:190} INFO - [2025-03-03T19:31:50.854-0500] {dag.py:4180} INFO - Setting next_dagrun for tutorial_taskflow_templates to 2025-03-03 00:00:00+00:00, run_after=2025-03-04 00:00:00+00:00
[2025-03-03T19:31:50.860-0500] {processor.py:208} INFO - Processing /Users/kartikvadhawana/anaconda3/lib/python3.12/site-packages/airflow/example_dags/tutorial_taskflow_templates.py took 0.052 seconds
[2025-03-03T19:33:41.838-0500] {processor.py:186} INFO - Started process (PID=92415) to work on /Users/kartikvadhawana/anaconda3/lib/python3.12/site-packages/airflow/example_dags/tutorial_taskflow_templates.py
[2025-03-03T19:33:41.840-0500] {processor.py:914} INFO - Processing file /Users/kartikvadhawana/anaconda3/lib/python3.12/site-packages/airflow/example_dags/tutorial_taskflow_templates.py for tasks to queue
[2025-03-03T19:33:41.840-0500] {logging_mixin.py:190} INFO - [2025-03-03T19:33:41.840-0500] {dagbag.py:588} INFO - Filling up the DagBag from /Users/kartikvadhawana/anaconda3/lib/python3.12/site-packages/airflow/example_dags/tutorial_taskflow_templates.py
[2025-03-03T19:33:41.854-0500] {processor.py:925} INFO - DAG(s) 'tutorial_taskflow_templates' retrieved from /Users/kartikvadhawana/anaconda3/lib/python3.12/site-packages/airflow/example_dags/tutorial_taskflow_templates.py
[2025-03-03T19:33:41.881-0500] {logging_mixin.py:190} INFO - [2025-03-03T19:33:41.880-0500] {dag.py:3239} INFO - Sync 1 DAGs
[2025-03-03T19:33:41.886-0500] {logging_mixin.py:190} INFO - [2025-03-03T19:33:41.886-0500] {dag.py:4180} INFO - Setting next_dagrun for tutorial_taskflow_templates to 2025-03-03 00:00:00+00:00, run_after=2025-03-04 00:00:00+00:00
[2025-03-03T19:33:41.891-0500] {processor.py:208} INFO - Processing /Users/kartikvadhawana/anaconda3/lib/python3.12/site-packages/airflow/example_dags/tutorial_taskflow_templates.py took 0.054 seconds
[2025-03-03T19:35:00.823-0500] {processor.py:186} INFO - Started process (PID=92591) to work on /Users/kartikvadhawana/anaconda3/lib/python3.12/site-packages/airflow/example_dags/tutorial_taskflow_templates.py
[2025-03-03T19:35:00.824-0500] {processor.py:914} INFO - Processing file /Users/kartikvadhawana/anaconda3/lib/python3.12/site-packages/airflow/example_dags/tutorial_taskflow_templates.py for tasks to queue
[2025-03-03T19:35:00.824-0500] {logging_mixin.py:190} INFO - [2025-03-03T19:35:00.824-0500] {dagbag.py:588} INFO - Filling up the DagBag from /Users/kartikvadhawana/anaconda3/lib/python3.12/site-packages/airflow/example_dags/tutorial_taskflow_templates.py
[2025-03-03T19:35:00.837-0500] {processor.py:925} INFO - DAG(s) 'tutorial_taskflow_templates' retrieved from /Users/kartikvadhawana/anaconda3/lib/python3.12/site-packages/airflow/example_dags/tutorial_taskflow_templates.py
[2025-03-03T19:35:00.864-0500] {logging_mixin.py:190} INFO - [2025-03-03T19:35:00.864-0500] {dag.py:3239} INFO - Sync 1 DAGs
[2025-03-03T19:35:00.869-0500] {logging_mixin.py:190} INFO - [2025-03-03T19:35:00.869-0500] {dag.py:4180} INFO - Setting next_dagrun for tutorial_taskflow_templates to 2025-03-03 00:00:00+00:00, run_after=2025-03-04 00:00:00+00:00
[2025-03-03T19:35:00.875-0500] {processor.py:208} INFO - Processing /Users/kartikvadhawana/anaconda3/lib/python3.12/site-packages/airflow/example_dags/tutorial_taskflow_templates.py took 0.053 seconds
[2025-03-03T19:36:18.601-0500] {processor.py:186} INFO - Started process (PID=92768) to work on /Users/kartikvadhawana/anaconda3/lib/python3.12/site-packages/airflow/example_dags/tutorial_taskflow_templates.py
[2025-03-03T19:36:18.601-0500] {processor.py:914} INFO - Processing file /Users/kartikvadhawana/anaconda3/lib/python3.12/site-packages/airflow/example_dags/tutorial_taskflow_templates.py for tasks to queue
[2025-03-03T19:36:18.601-0500] {logging_mixin.py:190} INFO - [2025-03-03T19:36:18.601-0500] {dagbag.py:588} INFO - Filling up the DagBag from /Users/kartikvadhawana/anaconda3/lib/python3.12/site-packages/airflow/example_dags/tutorial_taskflow_templates.py
[2025-03-03T19:36:18.615-0500] {processor.py:925} INFO - DAG(s) 'tutorial_taskflow_templates' retrieved from /Users/kartikvadhawana/anaconda3/lib/python3.12/site-packages/airflow/example_dags/tutorial_taskflow_templates.py
[2025-03-03T19:36:18.643-0500] {logging_mixin.py:190} INFO - [2025-03-03T19:36:18.642-0500] {dag.py:3239} INFO - Sync 1 DAGs
[2025-03-03T19:36:18.648-0500] {logging_mixin.py:190} INFO - [2025-03-03T19:36:18.647-0500] {dag.py:4180} INFO - Setting next_dagrun for tutorial_taskflow_templates to 2025-03-03 00:00:00+00:00, run_after=2025-03-04 00:00:00+00:00
[2025-03-03T19:36:18.653-0500] {processor.py:208} INFO - Processing /Users/kartikvadhawana/anaconda3/lib/python3.12/site-packages/airflow/example_dags/tutorial_taskflow_templates.py took 0.054 seconds
[2025-03-03T19:37:41.328-0500] {processor.py:186} INFO - Started process (PID=92956) to work on /Users/kartikvadhawana/anaconda3/lib/python3.12/site-packages/airflow/example_dags/tutorial_taskflow_templates.py
[2025-03-03T19:37:41.329-0500] {processor.py:914} INFO - Processing file /Users/kartikvadhawana/anaconda3/lib/python3.12/site-packages/airflow/example_dags/tutorial_taskflow_templates.py for tasks to queue
[2025-03-03T19:37:41.329-0500] {logging_mixin.py:190} INFO - [2025-03-03T19:37:41.329-0500] {dagbag.py:588} INFO - Filling up the DagBag from /Users/kartikvadhawana/anaconda3/lib/python3.12/site-packages/airflow/example_dags/tutorial_taskflow_templates.py
[2025-03-03T19:37:41.349-0500] {processor.py:925} INFO - DAG(s) 'tutorial_taskflow_templates' retrieved from /Users/kartikvadhawana/anaconda3/lib/python3.12/site-packages/airflow/example_dags/tutorial_taskflow_templates.py
[2025-03-03T19:37:41.377-0500] {logging_mixin.py:190} INFO - [2025-03-03T19:37:41.376-0500] {dag.py:3239} INFO - Sync 1 DAGs
[2025-03-03T19:37:41.382-0500] {logging_mixin.py:190} INFO - [2025-03-03T19:37:41.382-0500] {dag.py:4180} INFO - Setting next_dagrun for tutorial_taskflow_templates to 2025-03-03 00:00:00+00:00, run_after=2025-03-04 00:00:00+00:00
[2025-03-03T19:37:41.387-0500] {processor.py:208} INFO - Processing /Users/kartikvadhawana/anaconda3/lib/python3.12/site-packages/airflow/example_dags/tutorial_taskflow_templates.py took 0.060 seconds
[2025-03-03T19:39:02.467-0500] {processor.py:186} INFO - Started process (PID=93140) to work on /Users/kartikvadhawana/anaconda3/lib/python3.12/site-packages/airflow/example_dags/tutorial_taskflow_templates.py
[2025-03-03T19:39:02.468-0500] {processor.py:914} INFO - Processing file /Users/kartikvadhawana/anaconda3/lib/python3.12/site-packages/airflow/example_dags/tutorial_taskflow_templates.py for tasks to queue
[2025-03-03T19:39:02.469-0500] {logging_mixin.py:190} INFO - [2025-03-03T19:39:02.469-0500] {dagbag.py:588} INFO - Filling up the DagBag from /Users/kartikvadhawana/anaconda3/lib/python3.12/site-packages/airflow/example_dags/tutorial_taskflow_templates.py
[2025-03-03T19:39:02.483-0500] {processor.py:925} INFO - DAG(s) 'tutorial_taskflow_templates' retrieved from /Users/kartikvadhawana/anaconda3/lib/python3.12/site-packages/airflow/example_dags/tutorial_taskflow_templates.py
[2025-03-03T19:39:02.509-0500] {logging_mixin.py:190} INFO - [2025-03-03T19:39:02.509-0500] {dag.py:3239} INFO - Sync 1 DAGs
[2025-03-03T19:39:02.514-0500] {logging_mixin.py:190} INFO - [2025-03-03T19:39:02.514-0500] {dag.py:4180} INFO - Setting next_dagrun for tutorial_taskflow_templates to 2025-03-03 00:00:00+00:00, run_after=2025-03-04 00:00:00+00:00
[2025-03-03T19:39:02.520-0500] {processor.py:208} INFO - Processing /Users/kartikvadhawana/anaconda3/lib/python3.12/site-packages/airflow/example_dags/tutorial_taskflow_templates.py took 0.054 seconds
[2025-03-03T19:40:21.771-0500] {processor.py:186} INFO - Started process (PID=93328) to work on /Users/kartikvadhawana/anaconda3/lib/python3.12/site-packages/airflow/example_dags/tutorial_taskflow_templates.py
[2025-03-03T19:40:21.772-0500] {processor.py:914} INFO - Processing file /Users/kartikvadhawana/anaconda3/lib/python3.12/site-packages/airflow/example_dags/tutorial_taskflow_templates.py for tasks to queue
[2025-03-03T19:40:21.772-0500] {logging_mixin.py:190} INFO - [2025-03-03T19:40:21.772-0500] {dagbag.py:588} INFO - Filling up the DagBag from /Users/kartikvadhawana/anaconda3/lib/python3.12/site-packages/airflow/example_dags/tutorial_taskflow_templates.py
[2025-03-03T19:40:21.790-0500] {processor.py:925} INFO - DAG(s) 'tutorial_taskflow_templates' retrieved from /Users/kartikvadhawana/anaconda3/lib/python3.12/site-packages/airflow/example_dags/tutorial_taskflow_templates.py
[2025-03-03T19:40:21.818-0500] {logging_mixin.py:190} INFO - [2025-03-03T19:40:21.818-0500] {dag.py:3239} INFO - Sync 1 DAGs
[2025-03-03T19:40:21.823-0500] {logging_mixin.py:190} INFO - [2025-03-03T19:40:21.823-0500] {dag.py:4180} INFO - Setting next_dagrun for tutorial_taskflow_templates to 2025-03-03 00:00:00+00:00, run_after=2025-03-04 00:00:00+00:00
[2025-03-03T19:40:21.829-0500] {processor.py:208} INFO - Processing /Users/kartikvadhawana/anaconda3/lib/python3.12/site-packages/airflow/example_dags/tutorial_taskflow_templates.py took 0.060 seconds
[2025-03-03T19:41:50.112-0500] {processor.py:186} INFO - Started process (PID=93756) to work on /Users/kartikvadhawana/anaconda3/lib/python3.12/site-packages/airflow/example_dags/tutorial_taskflow_templates.py
[2025-03-03T19:41:50.113-0500] {processor.py:914} INFO - Processing file /Users/kartikvadhawana/anaconda3/lib/python3.12/site-packages/airflow/example_dags/tutorial_taskflow_templates.py for tasks to queue
[2025-03-03T19:41:50.114-0500] {logging_mixin.py:190} INFO - [2025-03-03T19:41:50.114-0500] {dagbag.py:588} INFO - Filling up the DagBag from /Users/kartikvadhawana/anaconda3/lib/python3.12/site-packages/airflow/example_dags/tutorial_taskflow_templates.py
[2025-03-03T19:41:50.128-0500] {processor.py:925} INFO - DAG(s) 'tutorial_taskflow_templates' retrieved from /Users/kartikvadhawana/anaconda3/lib/python3.12/site-packages/airflow/example_dags/tutorial_taskflow_templates.py
[2025-03-03T19:41:50.156-0500] {logging_mixin.py:190} INFO - [2025-03-03T19:41:50.155-0500] {dag.py:3239} INFO - Sync 1 DAGs
[2025-03-03T19:41:50.161-0500] {logging_mixin.py:190} INFO - [2025-03-03T19:41:50.161-0500] {dag.py:4180} INFO - Setting next_dagrun for tutorial_taskflow_templates to 2025-03-03 00:00:00+00:00, run_after=2025-03-04 00:00:00+00:00
[2025-03-03T19:41:50.166-0500] {processor.py:208} INFO - Processing /Users/kartikvadhawana/anaconda3/lib/python3.12/site-packages/airflow/example_dags/tutorial_taskflow_templates.py took 0.055 seconds
[2025-03-03T19:43:36.851-0500] {processor.py:186} INFO - Started process (PID=93965) to work on /Users/kartikvadhawana/anaconda3/lib/python3.12/site-packages/airflow/example_dags/tutorial_taskflow_templates.py
[2025-03-03T19:43:36.852-0500] {processor.py:914} INFO - Processing file /Users/kartikvadhawana/anaconda3/lib/python3.12/site-packages/airflow/example_dags/tutorial_taskflow_templates.py for tasks to queue
[2025-03-03T19:43:36.852-0500] {logging_mixin.py:190} INFO - [2025-03-03T19:43:36.852-0500] {dagbag.py:588} INFO - Filling up the DagBag from /Users/kartikvadhawana/anaconda3/lib/python3.12/site-packages/airflow/example_dags/tutorial_taskflow_templates.py
[2025-03-03T19:43:36.866-0500] {processor.py:925} INFO - DAG(s) 'tutorial_taskflow_templates' retrieved from /Users/kartikvadhawana/anaconda3/lib/python3.12/site-packages/airflow/example_dags/tutorial_taskflow_templates.py
[2025-03-03T19:43:36.891-0500] {logging_mixin.py:190} INFO - [2025-03-03T19:43:36.891-0500] {dag.py:3239} INFO - Sync 1 DAGs
[2025-03-03T19:43:36.896-0500] {logging_mixin.py:190} INFO - [2025-03-03T19:43:36.896-0500] {dag.py:4180} INFO - Setting next_dagrun for tutorial_taskflow_templates to 2025-03-03 00:00:00+00:00, run_after=2025-03-04 00:00:00+00:00
[2025-03-03T19:43:36.902-0500] {processor.py:208} INFO - Processing /Users/kartikvadhawana/anaconda3/lib/python3.12/site-packages/airflow/example_dags/tutorial_taskflow_templates.py took 0.052 seconds
[2025-03-03T19:44:59.651-0500] {processor.py:186} INFO - Started process (PID=94138) to work on /Users/kartikvadhawana/anaconda3/lib/python3.12/site-packages/airflow/example_dags/tutorial_taskflow_templates.py
[2025-03-03T19:44:59.652-0500] {processor.py:914} INFO - Processing file /Users/kartikvadhawana/anaconda3/lib/python3.12/site-packages/airflow/example_dags/tutorial_taskflow_templates.py for tasks to queue
[2025-03-03T19:44:59.652-0500] {logging_mixin.py:190} INFO - [2025-03-03T19:44:59.652-0500] {dagbag.py:588} INFO - Filling up the DagBag from /Users/kartikvadhawana/anaconda3/lib/python3.12/site-packages/airflow/example_dags/tutorial_taskflow_templates.py
[2025-03-03T19:44:59.672-0500] {processor.py:925} INFO - DAG(s) 'tutorial_taskflow_templates' retrieved from /Users/kartikvadhawana/anaconda3/lib/python3.12/site-packages/airflow/example_dags/tutorial_taskflow_templates.py
[2025-03-03T19:44:59.699-0500] {logging_mixin.py:190} INFO - [2025-03-03T19:44:59.699-0500] {dag.py:3239} INFO - Sync 1 DAGs
[2025-03-03T19:44:59.704-0500] {logging_mixin.py:190} INFO - [2025-03-03T19:44:59.704-0500] {dag.py:4180} INFO - Setting next_dagrun for tutorial_taskflow_templates to 2025-03-03 00:00:00+00:00, run_after=2025-03-04 00:00:00+00:00
[2025-03-03T19:44:59.710-0500] {processor.py:208} INFO - Processing /Users/kartikvadhawana/anaconda3/lib/python3.12/site-packages/airflow/example_dags/tutorial_taskflow_templates.py took 0.060 seconds
[2025-03-03T19:48:14.093-0500] {processor.py:186} INFO - Started process (PID=94639) to work on /Users/kartikvadhawana/anaconda3/lib/python3.12/site-packages/airflow/example_dags/tutorial_taskflow_templates.py
[2025-03-03T19:48:14.093-0500] {processor.py:914} INFO - Processing file /Users/kartikvadhawana/anaconda3/lib/python3.12/site-packages/airflow/example_dags/tutorial_taskflow_templates.py for tasks to queue
[2025-03-03T19:48:14.094-0500] {logging_mixin.py:190} INFO - [2025-03-03T19:48:14.094-0500] {dagbag.py:588} INFO - Filling up the DagBag from /Users/kartikvadhawana/anaconda3/lib/python3.12/site-packages/airflow/example_dags/tutorial_taskflow_templates.py
[2025-03-03T19:48:14.111-0500] {processor.py:925} INFO - DAG(s) 'tutorial_taskflow_templates' retrieved from /Users/kartikvadhawana/anaconda3/lib/python3.12/site-packages/airflow/example_dags/tutorial_taskflow_templates.py
[2025-03-03T19:48:14.140-0500] {logging_mixin.py:190} INFO - [2025-03-03T19:48:14.140-0500] {dag.py:3239} INFO - Sync 1 DAGs
[2025-03-03T19:48:14.145-0500] {logging_mixin.py:190} INFO - [2025-03-03T19:48:14.145-0500] {dag.py:4180} INFO - Setting next_dagrun for tutorial_taskflow_templates to 2025-03-03 00:00:00+00:00, run_after=2025-03-04 00:00:00+00:00
[2025-03-03T19:48:14.152-0500] {processor.py:208} INFO - Processing /Users/kartikvadhawana/anaconda3/lib/python3.12/site-packages/airflow/example_dags/tutorial_taskflow_templates.py took 0.060 seconds
[2025-03-03T19:50:05.204-0500] {processor.py:186} INFO - Started process (PID=94817) to work on /Users/kartikvadhawana/anaconda3/lib/python3.12/site-packages/airflow/example_dags/tutorial_taskflow_templates.py
[2025-03-03T19:50:05.206-0500] {processor.py:914} INFO - Processing file /Users/kartikvadhawana/anaconda3/lib/python3.12/site-packages/airflow/example_dags/tutorial_taskflow_templates.py for tasks to queue
[2025-03-03T19:50:05.206-0500] {logging_mixin.py:190} INFO - [2025-03-03T19:50:05.206-0500] {dagbag.py:588} INFO - Filling up the DagBag from /Users/kartikvadhawana/anaconda3/lib/python3.12/site-packages/airflow/example_dags/tutorial_taskflow_templates.py
[2025-03-03T19:50:05.219-0500] {processor.py:925} INFO - DAG(s) 'tutorial_taskflow_templates' retrieved from /Users/kartikvadhawana/anaconda3/lib/python3.12/site-packages/airflow/example_dags/tutorial_taskflow_templates.py
[2025-03-03T19:50:05.245-0500] {logging_mixin.py:190} INFO - [2025-03-03T19:50:05.245-0500] {dag.py:3239} INFO - Sync 1 DAGs
[2025-03-03T19:50:05.250-0500] {logging_mixin.py:190} INFO - [2025-03-03T19:50:05.250-0500] {dag.py:4180} INFO - Setting next_dagrun for tutorial_taskflow_templates to 2025-03-03 00:00:00+00:00, run_after=2025-03-04 00:00:00+00:00
[2025-03-03T19:50:05.255-0500] {processor.py:208} INFO - Processing /Users/kartikvadhawana/anaconda3/lib/python3.12/site-packages/airflow/example_dags/tutorial_taskflow_templates.py took 0.052 seconds
[2025-03-03T19:51:23.122-0500] {processor.py:186} INFO - Started process (PID=94914) to work on /Users/kartikvadhawana/anaconda3/lib/python3.12/site-packages/airflow/example_dags/tutorial_taskflow_templates.py
[2025-03-03T19:51:23.123-0500] {processor.py:914} INFO - Processing file /Users/kartikvadhawana/anaconda3/lib/python3.12/site-packages/airflow/example_dags/tutorial_taskflow_templates.py for tasks to queue
[2025-03-03T19:51:23.123-0500] {logging_mixin.py:190} INFO - [2025-03-03T19:51:23.123-0500] {dagbag.py:588} INFO - Filling up the DagBag from /Users/kartikvadhawana/anaconda3/lib/python3.12/site-packages/airflow/example_dags/tutorial_taskflow_templates.py
[2025-03-03T19:51:23.136-0500] {processor.py:925} INFO - DAG(s) 'tutorial_taskflow_templates' retrieved from /Users/kartikvadhawana/anaconda3/lib/python3.12/site-packages/airflow/example_dags/tutorial_taskflow_templates.py
[2025-03-03T19:51:23.161-0500] {logging_mixin.py:190} INFO - [2025-03-03T19:51:23.161-0500] {dag.py:3239} INFO - Sync 1 DAGs
[2025-03-03T19:51:23.166-0500] {logging_mixin.py:190} INFO - [2025-03-03T19:51:23.166-0500] {dag.py:4180} INFO - Setting next_dagrun for tutorial_taskflow_templates to 2025-03-03 00:00:00+00:00, run_after=2025-03-04 00:00:00+00:00
[2025-03-03T19:51:23.172-0500] {processor.py:208} INFO - Processing /Users/kartikvadhawana/anaconda3/lib/python3.12/site-packages/airflow/example_dags/tutorial_taskflow_templates.py took 0.051 seconds
[2025-03-03T19:52:45.527-0500] {processor.py:186} INFO - Started process (PID=95086) to work on /Users/kartikvadhawana/anaconda3/lib/python3.12/site-packages/airflow/example_dags/tutorial_taskflow_templates.py
[2025-03-03T19:52:45.528-0500] {processor.py:914} INFO - Processing file /Users/kartikvadhawana/anaconda3/lib/python3.12/site-packages/airflow/example_dags/tutorial_taskflow_templates.py for tasks to queue
[2025-03-03T19:52:45.529-0500] {logging_mixin.py:190} INFO - [2025-03-03T19:52:45.529-0500] {dagbag.py:588} INFO - Filling up the DagBag from /Users/kartikvadhawana/anaconda3/lib/python3.12/site-packages/airflow/example_dags/tutorial_taskflow_templates.py
[2025-03-03T19:52:45.544-0500] {processor.py:925} INFO - DAG(s) 'tutorial_taskflow_templates' retrieved from /Users/kartikvadhawana/anaconda3/lib/python3.12/site-packages/airflow/example_dags/tutorial_taskflow_templates.py
[2025-03-03T19:52:45.570-0500] {logging_mixin.py:190} INFO - [2025-03-03T19:52:45.570-0500] {dag.py:3239} INFO - Sync 1 DAGs
[2025-03-03T19:52:45.575-0500] {logging_mixin.py:190} INFO - [2025-03-03T19:52:45.575-0500] {dag.py:4180} INFO - Setting next_dagrun for tutorial_taskflow_templates to 2025-03-03 00:00:00+00:00, run_after=2025-03-04 00:00:00+00:00
[2025-03-03T19:52:45.581-0500] {processor.py:208} INFO - Processing /Users/kartikvadhawana/anaconda3/lib/python3.12/site-packages/airflow/example_dags/tutorial_taskflow_templates.py took 0.055 seconds
[2025-03-03T19:54:06.598-0500] {processor.py:186} INFO - Started process (PID=95298) to work on /Users/kartikvadhawana/anaconda3/lib/python3.12/site-packages/airflow/example_dags/tutorial_taskflow_templates.py
[2025-03-03T19:54:06.599-0500] {processor.py:914} INFO - Processing file /Users/kartikvadhawana/anaconda3/lib/python3.12/site-packages/airflow/example_dags/tutorial_taskflow_templates.py for tasks to queue
[2025-03-03T19:54:06.600-0500] {logging_mixin.py:190} INFO - [2025-03-03T19:54:06.600-0500] {dagbag.py:588} INFO - Filling up the DagBag from /Users/kartikvadhawana/anaconda3/lib/python3.12/site-packages/airflow/example_dags/tutorial_taskflow_templates.py
[2025-03-03T19:54:06.614-0500] {processor.py:925} INFO - DAG(s) 'tutorial_taskflow_templates' retrieved from /Users/kartikvadhawana/anaconda3/lib/python3.12/site-packages/airflow/example_dags/tutorial_taskflow_templates.py
[2025-03-03T19:54:06.641-0500] {logging_mixin.py:190} INFO - [2025-03-03T19:54:06.641-0500] {dag.py:3239} INFO - Sync 1 DAGs
[2025-03-03T19:54:06.646-0500] {logging_mixin.py:190} INFO - [2025-03-03T19:54:06.646-0500] {dag.py:4180} INFO - Setting next_dagrun for tutorial_taskflow_templates to 2025-03-03 00:00:00+00:00, run_after=2025-03-04 00:00:00+00:00
[2025-03-03T19:54:06.652-0500] {processor.py:208} INFO - Processing /Users/kartikvadhawana/anaconda3/lib/python3.12/site-packages/airflow/example_dags/tutorial_taskflow_templates.py took 0.055 seconds
[2025-03-03T19:55:29.495-0500] {processor.py:186} INFO - Started process (PID=95465) to work on /Users/kartikvadhawana/anaconda3/lib/python3.12/site-packages/airflow/example_dags/tutorial_taskflow_templates.py
[2025-03-03T19:55:29.497-0500] {processor.py:914} INFO - Processing file /Users/kartikvadhawana/anaconda3/lib/python3.12/site-packages/airflow/example_dags/tutorial_taskflow_templates.py for tasks to queue
[2025-03-03T19:55:29.497-0500] {logging_mixin.py:190} INFO - [2025-03-03T19:55:29.497-0500] {dagbag.py:588} INFO - Filling up the DagBag from /Users/kartikvadhawana/anaconda3/lib/python3.12/site-packages/airflow/example_dags/tutorial_taskflow_templates.py
[2025-03-03T19:55:29.511-0500] {processor.py:925} INFO - DAG(s) 'tutorial_taskflow_templates' retrieved from /Users/kartikvadhawana/anaconda3/lib/python3.12/site-packages/airflow/example_dags/tutorial_taskflow_templates.py
[2025-03-03T19:55:29.539-0500] {logging_mixin.py:190} INFO - [2025-03-03T19:55:29.539-0500] {dag.py:3239} INFO - Sync 1 DAGs
[2025-03-03T19:55:29.544-0500] {logging_mixin.py:190} INFO - [2025-03-03T19:55:29.544-0500] {dag.py:4180} INFO - Setting next_dagrun for tutorial_taskflow_templates to 2025-03-03 00:00:00+00:00, run_after=2025-03-04 00:00:00+00:00
[2025-03-03T19:55:29.550-0500] {processor.py:208} INFO - Processing /Users/kartikvadhawana/anaconda3/lib/python3.12/site-packages/airflow/example_dags/tutorial_taskflow_templates.py took 0.056 seconds
[2025-03-03T19:56:50.950-0500] {processor.py:186} INFO - Started process (PID=95740) to work on /Users/kartikvadhawana/anaconda3/lib/python3.12/site-packages/airflow/example_dags/tutorial_taskflow_templates.py
[2025-03-03T19:56:50.950-0500] {processor.py:914} INFO - Processing file /Users/kartikvadhawana/anaconda3/lib/python3.12/site-packages/airflow/example_dags/tutorial_taskflow_templates.py for tasks to queue
[2025-03-03T19:56:50.951-0500] {logging_mixin.py:190} INFO - [2025-03-03T19:56:50.951-0500] {dagbag.py:588} INFO - Filling up the DagBag from /Users/kartikvadhawana/anaconda3/lib/python3.12/site-packages/airflow/example_dags/tutorial_taskflow_templates.py
[2025-03-03T19:56:50.968-0500] {processor.py:925} INFO - DAG(s) 'tutorial_taskflow_templates' retrieved from /Users/kartikvadhawana/anaconda3/lib/python3.12/site-packages/airflow/example_dags/tutorial_taskflow_templates.py
[2025-03-03T19:56:50.997-0500] {logging_mixin.py:190} INFO - [2025-03-03T19:56:50.997-0500] {dag.py:3239} INFO - Sync 1 DAGs
[2025-03-03T19:56:51.002-0500] {logging_mixin.py:190} INFO - [2025-03-03T19:56:51.002-0500] {dag.py:4180} INFO - Setting next_dagrun for tutorial_taskflow_templates to 2025-03-03 00:00:00+00:00, run_after=2025-03-04 00:00:00+00:00
[2025-03-03T19:56:51.008-0500] {processor.py:208} INFO - Processing /Users/kartikvadhawana/anaconda3/lib/python3.12/site-packages/airflow/example_dags/tutorial_taskflow_templates.py took 0.059 seconds
[2025-03-03T19:58:14.617-0500] {processor.py:186} INFO - Started process (PID=95896) to work on /Users/kartikvadhawana/anaconda3/lib/python3.12/site-packages/airflow/example_dags/tutorial_taskflow_templates.py
[2025-03-03T19:58:14.618-0500] {processor.py:914} INFO - Processing file /Users/kartikvadhawana/anaconda3/lib/python3.12/site-packages/airflow/example_dags/tutorial_taskflow_templates.py for tasks to queue
[2025-03-03T19:58:14.618-0500] {logging_mixin.py:190} INFO - [2025-03-03T19:58:14.618-0500] {dagbag.py:588} INFO - Filling up the DagBag from /Users/kartikvadhawana/anaconda3/lib/python3.12/site-packages/airflow/example_dags/tutorial_taskflow_templates.py
[2025-03-03T19:58:14.634-0500] {processor.py:925} INFO - DAG(s) 'tutorial_taskflow_templates' retrieved from /Users/kartikvadhawana/anaconda3/lib/python3.12/site-packages/airflow/example_dags/tutorial_taskflow_templates.py
[2025-03-03T19:58:14.661-0500] {logging_mixin.py:190} INFO - [2025-03-03T19:58:14.660-0500] {dag.py:3239} INFO - Sync 1 DAGs
[2025-03-03T19:58:14.666-0500] {logging_mixin.py:190} INFO - [2025-03-03T19:58:14.666-0500] {dag.py:4180} INFO - Setting next_dagrun for tutorial_taskflow_templates to 2025-03-03 00:00:00+00:00, run_after=2025-03-04 00:00:00+00:00
[2025-03-03T19:58:14.671-0500] {processor.py:208} INFO - Processing /Users/kartikvadhawana/anaconda3/lib/python3.12/site-packages/airflow/example_dags/tutorial_taskflow_templates.py took 0.056 seconds
[2025-03-03T19:59:34.451-0500] {processor.py:186} INFO - Started process (PID=96003) to work on /Users/kartikvadhawana/anaconda3/lib/python3.12/site-packages/airflow/example_dags/tutorial_taskflow_templates.py
[2025-03-03T19:59:34.452-0500] {processor.py:914} INFO - Processing file /Users/kartikvadhawana/anaconda3/lib/python3.12/site-packages/airflow/example_dags/tutorial_taskflow_templates.py for tasks to queue
[2025-03-03T19:59:34.453-0500] {logging_mixin.py:190} INFO - [2025-03-03T19:59:34.453-0500] {dagbag.py:588} INFO - Filling up the DagBag from /Users/kartikvadhawana/anaconda3/lib/python3.12/site-packages/airflow/example_dags/tutorial_taskflow_templates.py
[2025-03-03T19:59:34.466-0500] {processor.py:925} INFO - DAG(s) 'tutorial_taskflow_templates' retrieved from /Users/kartikvadhawana/anaconda3/lib/python3.12/site-packages/airflow/example_dags/tutorial_taskflow_templates.py
[2025-03-03T19:59:34.492-0500] {logging_mixin.py:190} INFO - [2025-03-03T19:59:34.491-0500] {dag.py:3239} INFO - Sync 1 DAGs
[2025-03-03T19:59:34.497-0500] {logging_mixin.py:190} INFO - [2025-03-03T19:59:34.497-0500] {dag.py:4180} INFO - Setting next_dagrun for tutorial_taskflow_templates to 2025-03-03 00:00:00+00:00, run_after=2025-03-04 00:00:00+00:00
[2025-03-03T19:59:34.503-0500] {processor.py:208} INFO - Processing /Users/kartikvadhawana/anaconda3/lib/python3.12/site-packages/airflow/example_dags/tutorial_taskflow_templates.py took 0.053 seconds
[2025-03-03T20:00:58.686-0500] {processor.py:186} INFO - Started process (PID=96166) to work on /Users/kartikvadhawana/anaconda3/lib/python3.12/site-packages/airflow/example_dags/tutorial_taskflow_templates.py
[2025-03-03T20:00:58.687-0500] {processor.py:914} INFO - Processing file /Users/kartikvadhawana/anaconda3/lib/python3.12/site-packages/airflow/example_dags/tutorial_taskflow_templates.py for tasks to queue
[2025-03-03T20:00:58.687-0500] {logging_mixin.py:190} INFO - [2025-03-03T20:00:58.687-0500] {dagbag.py:588} INFO - Filling up the DagBag from /Users/kartikvadhawana/anaconda3/lib/python3.12/site-packages/airflow/example_dags/tutorial_taskflow_templates.py
[2025-03-03T20:00:58.701-0500] {processor.py:925} INFO - DAG(s) 'tutorial_taskflow_templates' retrieved from /Users/kartikvadhawana/anaconda3/lib/python3.12/site-packages/airflow/example_dags/tutorial_taskflow_templates.py
[2025-03-03T20:00:58.727-0500] {logging_mixin.py:190} INFO - [2025-03-03T20:00:58.726-0500] {dag.py:3239} INFO - Sync 1 DAGs
[2025-03-03T20:00:58.732-0500] {logging_mixin.py:190} INFO - [2025-03-03T20:00:58.732-0500] {dag.py:4180} INFO - Setting next_dagrun for tutorial_taskflow_templates to 2025-03-03 00:00:00+00:00, run_after=2025-03-04 00:00:00+00:00
[2025-03-03T20:00:58.737-0500] {processor.py:208} INFO - Processing /Users/kartikvadhawana/anaconda3/lib/python3.12/site-packages/airflow/example_dags/tutorial_taskflow_templates.py took 0.053 seconds
