[2025-03-03T19:20:33.654-0500] {processor.py:186} INFO - Started process (PID=89613) to work on /Users/kartikvadhawana/anaconda3/lib/python3.12/site-packages/airflow/example_dags/tutorial_taskflow_api_virtualenv.py
[2025-03-03T19:20:33.655-0500] {processor.py:914} INFO - Processing file /Users/kartikvadhawana/anaconda3/lib/python3.12/site-packages/airflow/example_dags/tutorial_taskflow_api_virtualenv.py for tasks to queue
[2025-03-03T19:20:33.655-0500] {logging_mixin.py:190} INFO - [2025-03-03T19:20:33.655-0500] {dagbag.py:588} INFO - Filling up the DagBag from /Users/kartikvadhawana/anaconda3/lib/python3.12/site-packages/airflow/example_dags/tutorial_taskflow_api_virtualenv.py
[2025-03-03T19:20:33.677-0500] {logging_mixin.py:190} INFO - [2025-03-03T19:20:33.677-0500] {tutorial_taskflow_api_virtualenv.py:29} WARNING - The tutorial_taskflow_api_virtualenv example DAG requires virtualenv, please install it.
[2025-03-03T19:20:33.677-0500] {processor.py:927} WARNING - No viable dags retrieved from /Users/kartikvadhawana/anaconda3/lib/python3.12/site-packages/airflow/example_dags/tutorial_taskflow_api_virtualenv.py
[2025-03-03T19:20:33.705-0500] {processor.py:208} INFO - Processing /Users/kartikvadhawana/anaconda3/lib/python3.12/site-packages/airflow/example_dags/tutorial_taskflow_api_virtualenv.py took 0.052 seconds
[2025-03-03T19:22:23.875-0500] {processor.py:186} INFO - Started process (PID=90029) to work on /Users/kartikvadhawana/anaconda3/lib/python3.12/site-packages/airflow/example_dags/tutorial_taskflow_api_virtualenv.py
[2025-03-03T19:22:23.875-0500] {processor.py:914} INFO - Processing file /Users/kartikvadhawana/anaconda3/lib/python3.12/site-packages/airflow/example_dags/tutorial_taskflow_api_virtualenv.py for tasks to queue
[2025-03-03T19:22:23.876-0500] {logging_mixin.py:190} INFO - [2025-03-03T19:22:23.876-0500] {dagbag.py:588} INFO - Filling up the DagBag from /Users/kartikvadhawana/anaconda3/lib/python3.12/site-packages/airflow/example_dags/tutorial_taskflow_api_virtualenv.py
[2025-03-03T19:22:23.886-0500] {logging_mixin.py:190} INFO - [2025-03-03T19:22:23.886-0500] {tutorial_taskflow_api_virtualenv.py:29} WARNING - The tutorial_taskflow_api_virtualenv example DAG requires virtualenv, please install it.
[2025-03-03T19:22:23.887-0500] {processor.py:927} WARNING - No viable dags retrieved from /Users/kartikvadhawana/anaconda3/lib/python3.12/site-packages/airflow/example_dags/tutorial_taskflow_api_virtualenv.py
[2025-03-03T19:22:23.909-0500] {processor.py:208} INFO - Processing /Users/kartikvadhawana/anaconda3/lib/python3.12/site-packages/airflow/example_dags/tutorial_taskflow_api_virtualenv.py took 0.035 seconds
[2025-03-03T19:23:43.279-0500] {processor.py:186} INFO - Started process (PID=90258) to work on /Users/kartikvadhawana/anaconda3/lib/python3.12/site-packages/airflow/example_dags/tutorial_taskflow_api_virtualenv.py
[2025-03-03T19:23:43.280-0500] {processor.py:914} INFO - Processing file /Users/kartikvadhawana/anaconda3/lib/python3.12/site-packages/airflow/example_dags/tutorial_taskflow_api_virtualenv.py for tasks to queue
[2025-03-03T19:23:43.281-0500] {logging_mixin.py:190} INFO - [2025-03-03T19:23:43.281-0500] {dagbag.py:588} INFO - Filling up the DagBag from /Users/kartikvadhawana/anaconda3/lib/python3.12/site-packages/airflow/example_dags/tutorial_taskflow_api_virtualenv.py
[2025-03-03T19:23:43.292-0500] {logging_mixin.py:190} INFO - [2025-03-03T19:23:43.292-0500] {tutorial_taskflow_api_virtualenv.py:29} WARNING - The tutorial_taskflow_api_virtualenv example DAG requires virtualenv, please install it.
[2025-03-03T19:23:43.292-0500] {processor.py:927} WARNING - No viable dags retrieved from /Users/kartikvadhawana/anaconda3/lib/python3.12/site-packages/airflow/example_dags/tutorial_taskflow_api_virtualenv.py
[2025-03-03T19:23:43.316-0500] {processor.py:208} INFO - Processing /Users/kartikvadhawana/anaconda3/lib/python3.12/site-packages/airflow/example_dags/tutorial_taskflow_api_virtualenv.py took 0.038 seconds
[2025-03-03T19:25:07.399-0500] {processor.py:186} INFO - Started process (PID=90613) to work on /Users/kartikvadhawana/anaconda3/lib/python3.12/site-packages/airflow/example_dags/tutorial_taskflow_api_virtualenv.py
[2025-03-03T19:25:07.401-0500] {processor.py:914} INFO - Processing file /Users/kartikvadhawana/anaconda3/lib/python3.12/site-packages/airflow/example_dags/tutorial_taskflow_api_virtualenv.py for tasks to queue
[2025-03-03T19:25:07.401-0500] {logging_mixin.py:190} INFO - [2025-03-03T19:25:07.401-0500] {dagbag.py:588} INFO - Filling up the DagBag from /Users/kartikvadhawana/anaconda3/lib/python3.12/site-packages/airflow/example_dags/tutorial_taskflow_api_virtualenv.py
[2025-03-03T19:25:07.413-0500] {logging_mixin.py:190} INFO - [2025-03-03T19:25:07.413-0500] {tutorial_taskflow_api_virtualenv.py:29} WARNING - The tutorial_taskflow_api_virtualenv example DAG requires virtualenv, please install it.
[2025-03-03T19:25:07.413-0500] {processor.py:927} WARNING - No viable dags retrieved from /Users/kartikvadhawana/anaconda3/lib/python3.12/site-packages/airflow/example_dags/tutorial_taskflow_api_virtualenv.py
[2025-03-03T19:25:07.436-0500] {processor.py:208} INFO - Processing /Users/kartikvadhawana/anaconda3/lib/python3.12/site-packages/airflow/example_dags/tutorial_taskflow_api_virtualenv.py took 0.038 seconds
[2025-03-03T19:27:34.925-0500] {processor.py:186} INFO - Started process (PID=91295) to work on /Users/kartikvadhawana/anaconda3/lib/python3.12/site-packages/airflow/example_dags/tutorial_taskflow_api_virtualenv.py
[2025-03-03T19:27:34.926-0500] {processor.py:914} INFO - Processing file /Users/kartikvadhawana/anaconda3/lib/python3.12/site-packages/airflow/example_dags/tutorial_taskflow_api_virtualenv.py for tasks to queue
[2025-03-03T19:27:34.926-0500] {logging_mixin.py:190} INFO - [2025-03-03T19:27:34.926-0500] {dagbag.py:588} INFO - Filling up the DagBag from /Users/kartikvadhawana/anaconda3/lib/python3.12/site-packages/airflow/example_dags/tutorial_taskflow_api_virtualenv.py
[2025-03-03T19:27:34.937-0500] {logging_mixin.py:190} INFO - [2025-03-03T19:27:34.937-0500] {tutorial_taskflow_api_virtualenv.py:29} WARNING - The tutorial_taskflow_api_virtualenv example DAG requires virtualenv, please install it.
[2025-03-03T19:27:34.937-0500] {processor.py:927} WARNING - No viable dags retrieved from /Users/kartikvadhawana/anaconda3/lib/python3.12/site-packages/airflow/example_dags/tutorial_taskflow_api_virtualenv.py
[2025-03-03T19:27:34.960-0500] {processor.py:208} INFO - Processing /Users/kartikvadhawana/anaconda3/lib/python3.12/site-packages/airflow/example_dags/tutorial_taskflow_api_virtualenv.py took 0.036 seconds
[2025-03-03T19:29:23.752-0500] {processor.py:186} INFO - Started process (PID=91622) to work on /Users/kartikvadhawana/anaconda3/lib/python3.12/site-packages/airflow/example_dags/tutorial_taskflow_api_virtualenv.py
[2025-03-03T19:29:23.754-0500] {processor.py:914} INFO - Processing file /Users/kartikvadhawana/anaconda3/lib/python3.12/site-packages/airflow/example_dags/tutorial_taskflow_api_virtualenv.py for tasks to queue
[2025-03-03T19:29:23.754-0500] {logging_mixin.py:190} INFO - [2025-03-03T19:29:23.754-0500] {dagbag.py:588} INFO - Filling up the DagBag from /Users/kartikvadhawana/anaconda3/lib/python3.12/site-packages/airflow/example_dags/tutorial_taskflow_api_virtualenv.py
[2025-03-03T19:29:23.765-0500] {logging_mixin.py:190} INFO - [2025-03-03T19:29:23.765-0500] {tutorial_taskflow_api_virtualenv.py:29} WARNING - The tutorial_taskflow_api_virtualenv example DAG requires virtualenv, please install it.
[2025-03-03T19:29:23.765-0500] {processor.py:927} WARNING - No viable dags retrieved from /Users/kartikvadhawana/anaconda3/lib/python3.12/site-packages/airflow/example_dags/tutorial_taskflow_api_virtualenv.py
[2025-03-03T19:29:23.788-0500] {processor.py:208} INFO - Processing /Users/kartikvadhawana/anaconda3/lib/python3.12/site-packages/airflow/example_dags/tutorial_taskflow_api_virtualenv.py took 0.037 seconds
[2025-03-03T19:30:41.596-0500] {processor.py:186} INFO - Started process (PID=91841) to work on /Users/kartikvadhawana/anaconda3/lib/python3.12/site-packages/airflow/example_dags/tutorial_taskflow_api_virtualenv.py
[2025-03-03T19:30:41.597-0500] {processor.py:914} INFO - Processing file /Users/kartikvadhawana/anaconda3/lib/python3.12/site-packages/airflow/example_dags/tutorial_taskflow_api_virtualenv.py for tasks to queue
[2025-03-03T19:30:41.598-0500] {logging_mixin.py:190} INFO - [2025-03-03T19:30:41.598-0500] {dagbag.py:588} INFO - Filling up the DagBag from /Users/kartikvadhawana/anaconda3/lib/python3.12/site-packages/airflow/example_dags/tutorial_taskflow_api_virtualenv.py
[2025-03-03T19:30:41.609-0500] {logging_mixin.py:190} INFO - [2025-03-03T19:30:41.609-0500] {tutorial_taskflow_api_virtualenv.py:29} WARNING - The tutorial_taskflow_api_virtualenv example DAG requires virtualenv, please install it.
[2025-03-03T19:30:41.609-0500] {processor.py:927} WARNING - No viable dags retrieved from /Users/kartikvadhawana/anaconda3/lib/python3.12/site-packages/airflow/example_dags/tutorial_taskflow_api_virtualenv.py
[2025-03-03T19:30:41.632-0500] {processor.py:208} INFO - Processing /Users/kartikvadhawana/anaconda3/lib/python3.12/site-packages/airflow/example_dags/tutorial_taskflow_api_virtualenv.py took 0.037 seconds
[2025-03-03T19:31:52.757-0500] {processor.py:186} INFO - Started process (PID=92117) to work on /Users/kartikvadhawana/anaconda3/lib/python3.12/site-packages/airflow/example_dags/tutorial_taskflow_api_virtualenv.py
[2025-03-03T19:31:52.759-0500] {processor.py:914} INFO - Processing file /Users/kartikvadhawana/anaconda3/lib/python3.12/site-packages/airflow/example_dags/tutorial_taskflow_api_virtualenv.py for tasks to queue
[2025-03-03T19:31:52.759-0500] {logging_mixin.py:190} INFO - [2025-03-03T19:31:52.759-0500] {dagbag.py:588} INFO - Filling up the DagBag from /Users/kartikvadhawana/anaconda3/lib/python3.12/site-packages/airflow/example_dags/tutorial_taskflow_api_virtualenv.py
[2025-03-03T19:31:52.770-0500] {logging_mixin.py:190} INFO - [2025-03-03T19:31:52.770-0500] {tutorial_taskflow_api_virtualenv.py:29} WARNING - The tutorial_taskflow_api_virtualenv example DAG requires virtualenv, please install it.
[2025-03-03T19:31:52.770-0500] {processor.py:927} WARNING - No viable dags retrieved from /Users/kartikvadhawana/anaconda3/lib/python3.12/site-packages/airflow/example_dags/tutorial_taskflow_api_virtualenv.py
[2025-03-03T19:31:52.792-0500] {processor.py:208} INFO - Processing /Users/kartikvadhawana/anaconda3/lib/python3.12/site-packages/airflow/example_dags/tutorial_taskflow_api_virtualenv.py took 0.036 seconds
[2025-03-03T19:33:43.758-0500] {processor.py:186} INFO - Started process (PID=92417) to work on /Users/kartikvadhawana/anaconda3/lib/python3.12/site-packages/airflow/example_dags/tutorial_taskflow_api_virtualenv.py
[2025-03-03T19:33:43.759-0500] {processor.py:914} INFO - Processing file /Users/kartikvadhawana/anaconda3/lib/python3.12/site-packages/airflow/example_dags/tutorial_taskflow_api_virtualenv.py for tasks to queue
[2025-03-03T19:33:43.760-0500] {logging_mixin.py:190} INFO - [2025-03-03T19:33:43.760-0500] {dagbag.py:588} INFO - Filling up the DagBag from /Users/kartikvadhawana/anaconda3/lib/python3.12/site-packages/airflow/example_dags/tutorial_taskflow_api_virtualenv.py
[2025-03-03T19:33:43.772-0500] {logging_mixin.py:190} INFO - [2025-03-03T19:33:43.772-0500] {tutorial_taskflow_api_virtualenv.py:29} WARNING - The tutorial_taskflow_api_virtualenv example DAG requires virtualenv, please install it.
[2025-03-03T19:33:43.772-0500] {processor.py:927} WARNING - No viable dags retrieved from /Users/kartikvadhawana/anaconda3/lib/python3.12/site-packages/airflow/example_dags/tutorial_taskflow_api_virtualenv.py
[2025-03-03T19:33:43.795-0500] {processor.py:208} INFO - Processing /Users/kartikvadhawana/anaconda3/lib/python3.12/site-packages/airflow/example_dags/tutorial_taskflow_api_virtualenv.py took 0.038 seconds
[2025-03-03T19:35:02.785-0500] {processor.py:186} INFO - Started process (PID=92598) to work on /Users/kartikvadhawana/anaconda3/lib/python3.12/site-packages/airflow/example_dags/tutorial_taskflow_api_virtualenv.py
[2025-03-03T19:35:02.787-0500] {processor.py:914} INFO - Processing file /Users/kartikvadhawana/anaconda3/lib/python3.12/site-packages/airflow/example_dags/tutorial_taskflow_api_virtualenv.py for tasks to queue
[2025-03-03T19:35:02.787-0500] {logging_mixin.py:190} INFO - [2025-03-03T19:35:02.787-0500] {dagbag.py:588} INFO - Filling up the DagBag from /Users/kartikvadhawana/anaconda3/lib/python3.12/site-packages/airflow/example_dags/tutorial_taskflow_api_virtualenv.py
[2025-03-03T19:35:02.798-0500] {logging_mixin.py:190} INFO - [2025-03-03T19:35:02.798-0500] {tutorial_taskflow_api_virtualenv.py:29} WARNING - The tutorial_taskflow_api_virtualenv example DAG requires virtualenv, please install it.
[2025-03-03T19:35:02.798-0500] {processor.py:927} WARNING - No viable dags retrieved from /Users/kartikvadhawana/anaconda3/lib/python3.12/site-packages/airflow/example_dags/tutorial_taskflow_api_virtualenv.py
[2025-03-03T19:35:02.821-0500] {processor.py:208} INFO - Processing /Users/kartikvadhawana/anaconda3/lib/python3.12/site-packages/airflow/example_dags/tutorial_taskflow_api_virtualenv.py took 0.037 seconds
[2025-03-03T19:36:20.479-0500] {processor.py:186} INFO - Started process (PID=92770) to work on /Users/kartikvadhawana/anaconda3/lib/python3.12/site-packages/airflow/example_dags/tutorial_taskflow_api_virtualenv.py
[2025-03-03T19:36:20.480-0500] {processor.py:914} INFO - Processing file /Users/kartikvadhawana/anaconda3/lib/python3.12/site-packages/airflow/example_dags/tutorial_taskflow_api_virtualenv.py for tasks to queue
[2025-03-03T19:36:20.480-0500] {logging_mixin.py:190} INFO - [2025-03-03T19:36:20.480-0500] {dagbag.py:588} INFO - Filling up the DagBag from /Users/kartikvadhawana/anaconda3/lib/python3.12/site-packages/airflow/example_dags/tutorial_taskflow_api_virtualenv.py
[2025-03-03T19:36:20.492-0500] {logging_mixin.py:190} INFO - [2025-03-03T19:36:20.492-0500] {tutorial_taskflow_api_virtualenv.py:29} WARNING - The tutorial_taskflow_api_virtualenv example DAG requires virtualenv, please install it.
[2025-03-03T19:36:20.492-0500] {processor.py:927} WARNING - No viable dags retrieved from /Users/kartikvadhawana/anaconda3/lib/python3.12/site-packages/airflow/example_dags/tutorial_taskflow_api_virtualenv.py
[2025-03-03T19:36:20.515-0500] {processor.py:208} INFO - Processing /Users/kartikvadhawana/anaconda3/lib/python3.12/site-packages/airflow/example_dags/tutorial_taskflow_api_virtualenv.py took 0.037 seconds
[2025-03-03T19:37:43.288-0500] {processor.py:186} INFO - Started process (PID=92963) to work on /Users/kartikvadhawana/anaconda3/lib/python3.12/site-packages/airflow/example_dags/tutorial_taskflow_api_virtualenv.py
[2025-03-03T19:37:43.288-0500] {processor.py:914} INFO - Processing file /Users/kartikvadhawana/anaconda3/lib/python3.12/site-packages/airflow/example_dags/tutorial_taskflow_api_virtualenv.py for tasks to queue
[2025-03-03T19:37:43.289-0500] {logging_mixin.py:190} INFO - [2025-03-03T19:37:43.289-0500] {dagbag.py:588} INFO - Filling up the DagBag from /Users/kartikvadhawana/anaconda3/lib/python3.12/site-packages/airflow/example_dags/tutorial_taskflow_api_virtualenv.py
[2025-03-03T19:37:43.300-0500] {logging_mixin.py:190} INFO - [2025-03-03T19:37:43.300-0500] {tutorial_taskflow_api_virtualenv.py:29} WARNING - The tutorial_taskflow_api_virtualenv example DAG requires virtualenv, please install it.
[2025-03-03T19:37:43.300-0500] {processor.py:927} WARNING - No viable dags retrieved from /Users/kartikvadhawana/anaconda3/lib/python3.12/site-packages/airflow/example_dags/tutorial_taskflow_api_virtualenv.py
[2025-03-03T19:37:43.323-0500] {processor.py:208} INFO - Processing /Users/kartikvadhawana/anaconda3/lib/python3.12/site-packages/airflow/example_dags/tutorial_taskflow_api_virtualenv.py took 0.037 seconds
[2025-03-03T19:39:04.372-0500] {processor.py:186} INFO - Started process (PID=93147) to work on /Users/kartikvadhawana/anaconda3/lib/python3.12/site-packages/airflow/example_dags/tutorial_taskflow_api_virtualenv.py
[2025-03-03T19:39:04.374-0500] {processor.py:914} INFO - Processing file /Users/kartikvadhawana/anaconda3/lib/python3.12/site-packages/airflow/example_dags/tutorial_taskflow_api_virtualenv.py for tasks to queue
[2025-03-03T19:39:04.374-0500] {logging_mixin.py:190} INFO - [2025-03-03T19:39:04.374-0500] {dagbag.py:588} INFO - Filling up the DagBag from /Users/kartikvadhawana/anaconda3/lib/python3.12/site-packages/airflow/example_dags/tutorial_taskflow_api_virtualenv.py
[2025-03-03T19:39:04.385-0500] {logging_mixin.py:190} INFO - [2025-03-03T19:39:04.385-0500] {tutorial_taskflow_api_virtualenv.py:29} WARNING - The tutorial_taskflow_api_virtualenv example DAG requires virtualenv, please install it.
[2025-03-03T19:39:04.385-0500] {processor.py:927} WARNING - No viable dags retrieved from /Users/kartikvadhawana/anaconda3/lib/python3.12/site-packages/airflow/example_dags/tutorial_taskflow_api_virtualenv.py
[2025-03-03T19:39:04.408-0500] {processor.py:208} INFO - Processing /Users/kartikvadhawana/anaconda3/lib/python3.12/site-packages/airflow/example_dags/tutorial_taskflow_api_virtualenv.py took 0.037 seconds
[2025-03-03T19:40:23.679-0500] {processor.py:186} INFO - Started process (PID=93334) to work on /Users/kartikvadhawana/anaconda3/lib/python3.12/site-packages/airflow/example_dags/tutorial_taskflow_api_virtualenv.py
[2025-03-03T19:40:23.680-0500] {processor.py:914} INFO - Processing file /Users/kartikvadhawana/anaconda3/lib/python3.12/site-packages/airflow/example_dags/tutorial_taskflow_api_virtualenv.py for tasks to queue
[2025-03-03T19:40:23.681-0500] {logging_mixin.py:190} INFO - [2025-03-03T19:40:23.681-0500] {dagbag.py:588} INFO - Filling up the DagBag from /Users/kartikvadhawana/anaconda3/lib/python3.12/site-packages/airflow/example_dags/tutorial_taskflow_api_virtualenv.py
[2025-03-03T19:40:23.693-0500] {logging_mixin.py:190} INFO - [2025-03-03T19:40:23.692-0500] {tutorial_taskflow_api_virtualenv.py:29} WARNING - The tutorial_taskflow_api_virtualenv example DAG requires virtualenv, please install it.
[2025-03-03T19:40:23.693-0500] {processor.py:927} WARNING - No viable dags retrieved from /Users/kartikvadhawana/anaconda3/lib/python3.12/site-packages/airflow/example_dags/tutorial_taskflow_api_virtualenv.py
[2025-03-03T19:40:23.716-0500] {processor.py:208} INFO - Processing /Users/kartikvadhawana/anaconda3/lib/python3.12/site-packages/airflow/example_dags/tutorial_taskflow_api_virtualenv.py took 0.038 seconds
[2025-03-03T19:41:52.014-0500] {processor.py:186} INFO - Started process (PID=93765) to work on /Users/kartikvadhawana/anaconda3/lib/python3.12/site-packages/airflow/example_dags/tutorial_taskflow_api_virtualenv.py
[2025-03-03T19:41:52.015-0500] {processor.py:914} INFO - Processing file /Users/kartikvadhawana/anaconda3/lib/python3.12/site-packages/airflow/example_dags/tutorial_taskflow_api_virtualenv.py for tasks to queue
[2025-03-03T19:41:52.015-0500] {logging_mixin.py:190} INFO - [2025-03-03T19:41:52.015-0500] {dagbag.py:588} INFO - Filling up the DagBag from /Users/kartikvadhawana/anaconda3/lib/python3.12/site-packages/airflow/example_dags/tutorial_taskflow_api_virtualenv.py
[2025-03-03T19:41:52.026-0500] {logging_mixin.py:190} INFO - [2025-03-03T19:41:52.026-0500] {tutorial_taskflow_api_virtualenv.py:29} WARNING - The tutorial_taskflow_api_virtualenv example DAG requires virtualenv, please install it.
[2025-03-03T19:41:52.027-0500] {processor.py:927} WARNING - No viable dags retrieved from /Users/kartikvadhawana/anaconda3/lib/python3.12/site-packages/airflow/example_dags/tutorial_taskflow_api_virtualenv.py
[2025-03-03T19:41:52.049-0500] {processor.py:208} INFO - Processing /Users/kartikvadhawana/anaconda3/lib/python3.12/site-packages/airflow/example_dags/tutorial_taskflow_api_virtualenv.py took 0.037 seconds
[2025-03-03T19:43:38.734-0500] {processor.py:186} INFO - Started process (PID=93968) to work on /Users/kartikvadhawana/anaconda3/lib/python3.12/site-packages/airflow/example_dags/tutorial_taskflow_api_virtualenv.py
[2025-03-03T19:43:38.735-0500] {processor.py:914} INFO - Processing file /Users/kartikvadhawana/anaconda3/lib/python3.12/site-packages/airflow/example_dags/tutorial_taskflow_api_virtualenv.py for tasks to queue
[2025-03-03T19:43:38.735-0500] {logging_mixin.py:190} INFO - [2025-03-03T19:43:38.735-0500] {dagbag.py:588} INFO - Filling up the DagBag from /Users/kartikvadhawana/anaconda3/lib/python3.12/site-packages/airflow/example_dags/tutorial_taskflow_api_virtualenv.py
[2025-03-03T19:43:38.747-0500] {logging_mixin.py:190} INFO - [2025-03-03T19:43:38.747-0500] {tutorial_taskflow_api_virtualenv.py:29} WARNING - The tutorial_taskflow_api_virtualenv example DAG requires virtualenv, please install it.
[2025-03-03T19:43:38.747-0500] {processor.py:927} WARNING - No viable dags retrieved from /Users/kartikvadhawana/anaconda3/lib/python3.12/site-packages/airflow/example_dags/tutorial_taskflow_api_virtualenv.py
[2025-03-03T19:43:38.769-0500] {processor.py:208} INFO - Processing /Users/kartikvadhawana/anaconda3/lib/python3.12/site-packages/airflow/example_dags/tutorial_taskflow_api_virtualenv.py took 0.037 seconds
[2025-03-03T19:45:01.603-0500] {processor.py:186} INFO - Started process (PID=94146) to work on /Users/kartikvadhawana/anaconda3/lib/python3.12/site-packages/airflow/example_dags/tutorial_taskflow_api_virtualenv.py
[2025-03-03T19:45:01.603-0500] {processor.py:914} INFO - Processing file /Users/kartikvadhawana/anaconda3/lib/python3.12/site-packages/airflow/example_dags/tutorial_taskflow_api_virtualenv.py for tasks to queue
[2025-03-03T19:45:01.604-0500] {logging_mixin.py:190} INFO - [2025-03-03T19:45:01.604-0500] {dagbag.py:588} INFO - Filling up the DagBag from /Users/kartikvadhawana/anaconda3/lib/python3.12/site-packages/airflow/example_dags/tutorial_taskflow_api_virtualenv.py
[2025-03-03T19:45:01.615-0500] {logging_mixin.py:190} INFO - [2025-03-03T19:45:01.615-0500] {tutorial_taskflow_api_virtualenv.py:29} WARNING - The tutorial_taskflow_api_virtualenv example DAG requires virtualenv, please install it.
[2025-03-03T19:45:01.615-0500] {processor.py:927} WARNING - No viable dags retrieved from /Users/kartikvadhawana/anaconda3/lib/python3.12/site-packages/airflow/example_dags/tutorial_taskflow_api_virtualenv.py
[2025-03-03T19:45:01.638-0500] {processor.py:208} INFO - Processing /Users/kartikvadhawana/anaconda3/lib/python3.12/site-packages/airflow/example_dags/tutorial_taskflow_api_virtualenv.py took 0.036 seconds
[2025-03-03T19:48:16.194-0500] {processor.py:186} INFO - Started process (PID=94643) to work on /Users/kartikvadhawana/anaconda3/lib/python3.12/site-packages/airflow/example_dags/tutorial_taskflow_api_virtualenv.py
[2025-03-03T19:48:16.194-0500] {processor.py:914} INFO - Processing file /Users/kartikvadhawana/anaconda3/lib/python3.12/site-packages/airflow/example_dags/tutorial_taskflow_api_virtualenv.py for tasks to queue
[2025-03-03T19:48:16.195-0500] {logging_mixin.py:190} INFO - [2025-03-03T19:48:16.195-0500] {dagbag.py:588} INFO - Filling up the DagBag from /Users/kartikvadhawana/anaconda3/lib/python3.12/site-packages/airflow/example_dags/tutorial_taskflow_api_virtualenv.py
[2025-03-03T19:48:16.210-0500] {logging_mixin.py:190} INFO - [2025-03-03T19:48:16.209-0500] {tutorial_taskflow_api_virtualenv.py:29} WARNING - The tutorial_taskflow_api_virtualenv example DAG requires virtualenv, please install it.
[2025-03-03T19:48:16.210-0500] {processor.py:927} WARNING - No viable dags retrieved from /Users/kartikvadhawana/anaconda3/lib/python3.12/site-packages/airflow/example_dags/tutorial_taskflow_api_virtualenv.py
[2025-03-03T19:48:16.237-0500] {processor.py:208} INFO - Processing /Users/kartikvadhawana/anaconda3/lib/python3.12/site-packages/airflow/example_dags/tutorial_taskflow_api_virtualenv.py took 0.044 seconds
[2025-03-03T19:50:07.097-0500] {processor.py:186} INFO - Started process (PID=94820) to work on /Users/kartikvadhawana/anaconda3/lib/python3.12/site-packages/airflow/example_dags/tutorial_taskflow_api_virtualenv.py
[2025-03-03T19:50:07.097-0500] {processor.py:914} INFO - Processing file /Users/kartikvadhawana/anaconda3/lib/python3.12/site-packages/airflow/example_dags/tutorial_taskflow_api_virtualenv.py for tasks to queue
[2025-03-03T19:50:07.098-0500] {logging_mixin.py:190} INFO - [2025-03-03T19:50:07.098-0500] {dagbag.py:588} INFO - Filling up the DagBag from /Users/kartikvadhawana/anaconda3/lib/python3.12/site-packages/airflow/example_dags/tutorial_taskflow_api_virtualenv.py
[2025-03-03T19:50:07.109-0500] {logging_mixin.py:190} INFO - [2025-03-03T19:50:07.109-0500] {tutorial_taskflow_api_virtualenv.py:29} WARNING - The tutorial_taskflow_api_virtualenv example DAG requires virtualenv, please install it.
[2025-03-03T19:50:07.109-0500] {processor.py:927} WARNING - No viable dags retrieved from /Users/kartikvadhawana/anaconda3/lib/python3.12/site-packages/airflow/example_dags/tutorial_taskflow_api_virtualenv.py
[2025-03-03T19:50:07.132-0500] {processor.py:208} INFO - Processing /Users/kartikvadhawana/anaconda3/lib/python3.12/site-packages/airflow/example_dags/tutorial_taskflow_api_virtualenv.py took 0.036 seconds
[2025-03-03T19:51:24.998-0500] {processor.py:186} INFO - Started process (PID=94916) to work on /Users/kartikvadhawana/anaconda3/lib/python3.12/site-packages/airflow/example_dags/tutorial_taskflow_api_virtualenv.py
[2025-03-03T19:51:24.998-0500] {processor.py:914} INFO - Processing file /Users/kartikvadhawana/anaconda3/lib/python3.12/site-packages/airflow/example_dags/tutorial_taskflow_api_virtualenv.py for tasks to queue
[2025-03-03T19:51:24.998-0500] {logging_mixin.py:190} INFO - [2025-03-03T19:51:24.998-0500] {dagbag.py:588} INFO - Filling up the DagBag from /Users/kartikvadhawana/anaconda3/lib/python3.12/site-packages/airflow/example_dags/tutorial_taskflow_api_virtualenv.py
[2025-03-03T19:51:25.009-0500] {logging_mixin.py:190} INFO - [2025-03-03T19:51:25.009-0500] {tutorial_taskflow_api_virtualenv.py:29} WARNING - The tutorial_taskflow_api_virtualenv example DAG requires virtualenv, please install it.
[2025-03-03T19:51:25.009-0500] {processor.py:927} WARNING - No viable dags retrieved from /Users/kartikvadhawana/anaconda3/lib/python3.12/site-packages/airflow/example_dags/tutorial_taskflow_api_virtualenv.py
[2025-03-03T19:51:25.032-0500] {processor.py:208} INFO - Processing /Users/kartikvadhawana/anaconda3/lib/python3.12/site-packages/airflow/example_dags/tutorial_taskflow_api_virtualenv.py took 0.035 seconds
[2025-03-03T19:52:47.442-0500] {processor.py:186} INFO - Started process (PID=95089) to work on /Users/kartikvadhawana/anaconda3/lib/python3.12/site-packages/airflow/example_dags/tutorial_taskflow_api_virtualenv.py
[2025-03-03T19:52:47.442-0500] {processor.py:914} INFO - Processing file /Users/kartikvadhawana/anaconda3/lib/python3.12/site-packages/airflow/example_dags/tutorial_taskflow_api_virtualenv.py for tasks to queue
[2025-03-03T19:52:47.443-0500] {logging_mixin.py:190} INFO - [2025-03-03T19:52:47.443-0500] {dagbag.py:588} INFO - Filling up the DagBag from /Users/kartikvadhawana/anaconda3/lib/python3.12/site-packages/airflow/example_dags/tutorial_taskflow_api_virtualenv.py
[2025-03-03T19:52:47.453-0500] {logging_mixin.py:190} INFO - [2025-03-03T19:52:47.453-0500] {tutorial_taskflow_api_virtualenv.py:29} WARNING - The tutorial_taskflow_api_virtualenv example DAG requires virtualenv, please install it.
[2025-03-03T19:52:47.453-0500] {processor.py:927} WARNING - No viable dags retrieved from /Users/kartikvadhawana/anaconda3/lib/python3.12/site-packages/airflow/example_dags/tutorial_taskflow_api_virtualenv.py
[2025-03-03T19:52:47.476-0500] {processor.py:208} INFO - Processing /Users/kartikvadhawana/anaconda3/lib/python3.12/site-packages/airflow/example_dags/tutorial_taskflow_api_virtualenv.py took 0.036 seconds
[2025-03-03T19:54:08.568-0500] {processor.py:186} INFO - Started process (PID=95300) to work on /Users/kartikvadhawana/anaconda3/lib/python3.12/site-packages/airflow/example_dags/tutorial_taskflow_api_virtualenv.py
[2025-03-03T19:54:08.569-0500] {processor.py:914} INFO - Processing file /Users/kartikvadhawana/anaconda3/lib/python3.12/site-packages/airflow/example_dags/tutorial_taskflow_api_virtualenv.py for tasks to queue
[2025-03-03T19:54:08.569-0500] {logging_mixin.py:190} INFO - [2025-03-03T19:54:08.569-0500] {dagbag.py:588} INFO - Filling up the DagBag from /Users/kartikvadhawana/anaconda3/lib/python3.12/site-packages/airflow/example_dags/tutorial_taskflow_api_virtualenv.py
[2025-03-03T19:54:08.581-0500] {logging_mixin.py:190} INFO - [2025-03-03T19:54:08.580-0500] {tutorial_taskflow_api_virtualenv.py:29} WARNING - The tutorial_taskflow_api_virtualenv example DAG requires virtualenv, please install it.
[2025-03-03T19:54:08.581-0500] {processor.py:927} WARNING - No viable dags retrieved from /Users/kartikvadhawana/anaconda3/lib/python3.12/site-packages/airflow/example_dags/tutorial_taskflow_api_virtualenv.py
[2025-03-03T19:54:08.604-0500] {processor.py:208} INFO - Processing /Users/kartikvadhawana/anaconda3/lib/python3.12/site-packages/airflow/example_dags/tutorial_taskflow_api_virtualenv.py took 0.037 seconds
[2025-03-03T19:55:31.492-0500] {processor.py:186} INFO - Started process (PID=95467) to work on /Users/kartikvadhawana/anaconda3/lib/python3.12/site-packages/airflow/example_dags/tutorial_taskflow_api_virtualenv.py
[2025-03-03T19:55:31.493-0500] {processor.py:914} INFO - Processing file /Users/kartikvadhawana/anaconda3/lib/python3.12/site-packages/airflow/example_dags/tutorial_taskflow_api_virtualenv.py for tasks to queue
[2025-03-03T19:55:31.493-0500] {logging_mixin.py:190} INFO - [2025-03-03T19:55:31.493-0500] {dagbag.py:588} INFO - Filling up the DagBag from /Users/kartikvadhawana/anaconda3/lib/python3.12/site-packages/airflow/example_dags/tutorial_taskflow_api_virtualenv.py
[2025-03-03T19:55:31.504-0500] {logging_mixin.py:190} INFO - [2025-03-03T19:55:31.504-0500] {tutorial_taskflow_api_virtualenv.py:29} WARNING - The tutorial_taskflow_api_virtualenv example DAG requires virtualenv, please install it.
[2025-03-03T19:55:31.504-0500] {processor.py:927} WARNING - No viable dags retrieved from /Users/kartikvadhawana/anaconda3/lib/python3.12/site-packages/airflow/example_dags/tutorial_taskflow_api_virtualenv.py
[2025-03-03T19:55:31.527-0500] {processor.py:208} INFO - Processing /Users/kartikvadhawana/anaconda3/lib/python3.12/site-packages/airflow/example_dags/tutorial_taskflow_api_virtualenv.py took 0.036 seconds
[2025-03-03T19:56:52.911-0500] {processor.py:186} INFO - Started process (PID=95742) to work on /Users/kartikvadhawana/anaconda3/lib/python3.12/site-packages/airflow/example_dags/tutorial_taskflow_api_virtualenv.py
[2025-03-03T19:56:52.911-0500] {processor.py:914} INFO - Processing file /Users/kartikvadhawana/anaconda3/lib/python3.12/site-packages/airflow/example_dags/tutorial_taskflow_api_virtualenv.py for tasks to queue
[2025-03-03T19:56:52.912-0500] {logging_mixin.py:190} INFO - [2025-03-03T19:56:52.912-0500] {dagbag.py:588} INFO - Filling up the DagBag from /Users/kartikvadhawana/anaconda3/lib/python3.12/site-packages/airflow/example_dags/tutorial_taskflow_api_virtualenv.py
[2025-03-03T19:56:52.925-0500] {logging_mixin.py:190} INFO - [2025-03-03T19:56:52.925-0500] {tutorial_taskflow_api_virtualenv.py:29} WARNING - The tutorial_taskflow_api_virtualenv example DAG requires virtualenv, please install it.
[2025-03-03T19:56:52.926-0500] {processor.py:927} WARNING - No viable dags retrieved from /Users/kartikvadhawana/anaconda3/lib/python3.12/site-packages/airflow/example_dags/tutorial_taskflow_api_virtualenv.py
[2025-03-03T19:56:52.950-0500] {processor.py:208} INFO - Processing /Users/kartikvadhawana/anaconda3/lib/python3.12/site-packages/airflow/example_dags/tutorial_taskflow_api_virtualenv.py took 0.040 seconds
[2025-03-03T19:58:16.518-0500] {processor.py:186} INFO - Started process (PID=95898) to work on /Users/kartikvadhawana/anaconda3/lib/python3.12/site-packages/airflow/example_dags/tutorial_taskflow_api_virtualenv.py
[2025-03-03T19:58:16.519-0500] {processor.py:914} INFO - Processing file /Users/kartikvadhawana/anaconda3/lib/python3.12/site-packages/airflow/example_dags/tutorial_taskflow_api_virtualenv.py for tasks to queue
[2025-03-03T19:58:16.520-0500] {logging_mixin.py:190} INFO - [2025-03-03T19:58:16.519-0500] {dagbag.py:588} INFO - Filling up the DagBag from /Users/kartikvadhawana/anaconda3/lib/python3.12/site-packages/airflow/example_dags/tutorial_taskflow_api_virtualenv.py
[2025-03-03T19:58:16.532-0500] {logging_mixin.py:190} INFO - [2025-03-03T19:58:16.532-0500] {tutorial_taskflow_api_virtualenv.py:29} WARNING - The tutorial_taskflow_api_virtualenv example DAG requires virtualenv, please install it.
[2025-03-03T19:58:16.532-0500] {processor.py:927} WARNING - No viable dags retrieved from /Users/kartikvadhawana/anaconda3/lib/python3.12/site-packages/airflow/example_dags/tutorial_taskflow_api_virtualenv.py
[2025-03-03T19:58:16.555-0500] {processor.py:208} INFO - Processing /Users/kartikvadhawana/anaconda3/lib/python3.12/site-packages/airflow/example_dags/tutorial_taskflow_api_virtualenv.py took 0.038 seconds
[2025-03-03T19:59:36.368-0500] {processor.py:186} INFO - Started process (PID=96005) to work on /Users/kartikvadhawana/anaconda3/lib/python3.12/site-packages/airflow/example_dags/tutorial_taskflow_api_virtualenv.py
[2025-03-03T19:59:36.369-0500] {processor.py:914} INFO - Processing file /Users/kartikvadhawana/anaconda3/lib/python3.12/site-packages/airflow/example_dags/tutorial_taskflow_api_virtualenv.py for tasks to queue
[2025-03-03T19:59:36.369-0500] {logging_mixin.py:190} INFO - [2025-03-03T19:59:36.369-0500] {dagbag.py:588} INFO - Filling up the DagBag from /Users/kartikvadhawana/anaconda3/lib/python3.12/site-packages/airflow/example_dags/tutorial_taskflow_api_virtualenv.py
[2025-03-03T19:59:36.380-0500] {logging_mixin.py:190} INFO - [2025-03-03T19:59:36.380-0500] {tutorial_taskflow_api_virtualenv.py:29} WARNING - The tutorial_taskflow_api_virtualenv example DAG requires virtualenv, please install it.
[2025-03-03T19:59:36.380-0500] {processor.py:927} WARNING - No viable dags retrieved from /Users/kartikvadhawana/anaconda3/lib/python3.12/site-packages/airflow/example_dags/tutorial_taskflow_api_virtualenv.py
[2025-03-03T19:59:36.403-0500] {processor.py:208} INFO - Processing /Users/kartikvadhawana/anaconda3/lib/python3.12/site-packages/airflow/example_dags/tutorial_taskflow_api_virtualenv.py took 0.036 seconds
[2025-03-03T20:00:59.888-0500] {processor.py:186} INFO - Started process (PID=96180) to work on /Users/kartikvadhawana/anaconda3/lib/python3.12/site-packages/airflow/example_dags/tutorial_taskflow_api_virtualenv.py
[2025-03-03T20:00:59.889-0500] {processor.py:914} INFO - Processing file /Users/kartikvadhawana/anaconda3/lib/python3.12/site-packages/airflow/example_dags/tutorial_taskflow_api_virtualenv.py for tasks to queue
[2025-03-03T20:00:59.889-0500] {logging_mixin.py:190} INFO - [2025-03-03T20:00:59.889-0500] {dagbag.py:588} INFO - Filling up the DagBag from /Users/kartikvadhawana/anaconda3/lib/python3.12/site-packages/airflow/example_dags/tutorial_taskflow_api_virtualenv.py
[2025-03-03T20:00:59.900-0500] {logging_mixin.py:190} INFO - [2025-03-03T20:00:59.900-0500] {tutorial_taskflow_api_virtualenv.py:29} WARNING - The tutorial_taskflow_api_virtualenv example DAG requires virtualenv, please install it.
[2025-03-03T20:00:59.900-0500] {processor.py:927} WARNING - No viable dags retrieved from /Users/kartikvadhawana/anaconda3/lib/python3.12/site-packages/airflow/example_dags/tutorial_taskflow_api_virtualenv.py
[2025-03-03T20:00:59.923-0500] {processor.py:208} INFO - Processing /Users/kartikvadhawana/anaconda3/lib/python3.12/site-packages/airflow/example_dags/tutorial_taskflow_api_virtualenv.py took 0.036 seconds
