[2025-03-03T19:20:28.397-0500] {processor.py:186} INFO - Started process (PID=89607) to work on /Users/kartikvadhawana/anaconda3/lib/python3.12/site-packages/airflow/example_dags/plugins/event_listener.py
[2025-03-03T19:20:28.398-0500] {processor.py:914} INFO - Processing file /Users/kartikvadhawana/anaconda3/lib/python3.12/site-packages/airflow/example_dags/plugins/event_listener.py for tasks to queue
[2025-03-03T19:20:28.398-0500] {logging_mixin.py:190} INFO - [2025-03-03T19:20:28.398-0500] {dagbag.py:588} INFO - Filling up the DagBag from /Users/kartikvadhawana/anaconda3/lib/python3.12/site-packages/airflow/example_dags/plugins/event_listener.py
[2025-03-03T19:20:28.398-0500] {processor.py:927} WARNING - No viable dags retrieved from /Users/kartikvadhawana/anaconda3/lib/python3.12/site-packages/airflow/example_dags/plugins/event_listener.py
[2025-03-03T19:20:28.423-0500] {processor.py:208} INFO - Processing /Users/kartikvadhawana/anaconda3/lib/python3.12/site-packages/airflow/example_dags/plugins/event_listener.py took 0.026 seconds
[2025-03-03T19:22:19.017-0500] {processor.py:186} INFO - Started process (PID=90018) to work on /Users/kartikvadhawana/anaconda3/lib/python3.12/site-packages/airflow/example_dags/plugins/event_listener.py
[2025-03-03T19:22:19.018-0500] {processor.py:914} INFO - Processing file /Users/kartikvadhawana/anaconda3/lib/python3.12/site-packages/airflow/example_dags/plugins/event_listener.py for tasks to queue
[2025-03-03T19:22:19.018-0500] {logging_mixin.py:190} INFO - [2025-03-03T19:22:19.018-0500] {dagbag.py:588} INFO - Filling up the DagBag from /Users/kartikvadhawana/anaconda3/lib/python3.12/site-packages/airflow/example_dags/plugins/event_listener.py
[2025-03-03T19:22:19.018-0500] {processor.py:927} WARNING - No viable dags retrieved from /Users/kartikvadhawana/anaconda3/lib/python3.12/site-packages/airflow/example_dags/plugins/event_listener.py
[2025-03-03T19:22:19.043-0500] {processor.py:208} INFO - Processing /Users/kartikvadhawana/anaconda3/lib/python3.12/site-packages/airflow/example_dags/plugins/event_listener.py took 0.027 seconds
[2025-03-03T19:23:39.305-0500] {processor.py:186} INFO - Started process (PID=90222) to work on /Users/kartikvadhawana/anaconda3/lib/python3.12/site-packages/airflow/example_dags/plugins/event_listener.py
[2025-03-03T19:23:39.306-0500] {processor.py:914} INFO - Processing file /Users/kartikvadhawana/anaconda3/lib/python3.12/site-packages/airflow/example_dags/plugins/event_listener.py for tasks to queue
[2025-03-03T19:23:39.306-0500] {logging_mixin.py:190} INFO - [2025-03-03T19:23:39.306-0500] {dagbag.py:588} INFO - Filling up the DagBag from /Users/kartikvadhawana/anaconda3/lib/python3.12/site-packages/airflow/example_dags/plugins/event_listener.py
[2025-03-03T19:23:39.307-0500] {processor.py:927} WARNING - No viable dags retrieved from /Users/kartikvadhawana/anaconda3/lib/python3.12/site-packages/airflow/example_dags/plugins/event_listener.py
[2025-03-03T19:23:39.330-0500] {processor.py:208} INFO - Processing /Users/kartikvadhawana/anaconda3/lib/python3.12/site-packages/airflow/example_dags/plugins/event_listener.py took 0.027 seconds
[2025-03-03T19:25:01.742-0500] {processor.py:186} INFO - Started process (PID=90598) to work on /Users/kartikvadhawana/anaconda3/lib/python3.12/site-packages/airflow/example_dags/plugins/event_listener.py
[2025-03-03T19:25:01.743-0500] {processor.py:914} INFO - Processing file /Users/kartikvadhawana/anaconda3/lib/python3.12/site-packages/airflow/example_dags/plugins/event_listener.py for tasks to queue
[2025-03-03T19:25:01.743-0500] {logging_mixin.py:190} INFO - [2025-03-03T19:25:01.743-0500] {dagbag.py:588} INFO - Filling up the DagBag from /Users/kartikvadhawana/anaconda3/lib/python3.12/site-packages/airflow/example_dags/plugins/event_listener.py
[2025-03-03T19:25:01.744-0500] {processor.py:927} WARNING - No viable dags retrieved from /Users/kartikvadhawana/anaconda3/lib/python3.12/site-packages/airflow/example_dags/plugins/event_listener.py
[2025-03-03T19:25:01.772-0500] {processor.py:208} INFO - Processing /Users/kartikvadhawana/anaconda3/lib/python3.12/site-packages/airflow/example_dags/plugins/event_listener.py took 0.031 seconds
[2025-03-03T19:26:30.179-0500] {processor.py:186} INFO - Started process (PID=91048) to work on /Users/kartikvadhawana/anaconda3/lib/python3.12/site-packages/airflow/example_dags/plugins/event_listener.py
[2025-03-03T19:26:30.179-0500] {processor.py:914} INFO - Processing file /Users/kartikvadhawana/anaconda3/lib/python3.12/site-packages/airflow/example_dags/plugins/event_listener.py for tasks to queue
[2025-03-03T19:26:30.180-0500] {logging_mixin.py:190} INFO - [2025-03-03T19:26:30.180-0500] {dagbag.py:588} INFO - Filling up the DagBag from /Users/kartikvadhawana/anaconda3/lib/python3.12/site-packages/airflow/example_dags/plugins/event_listener.py
[2025-03-03T19:26:30.180-0500] {processor.py:927} WARNING - No viable dags retrieved from /Users/kartikvadhawana/anaconda3/lib/python3.12/site-packages/airflow/example_dags/plugins/event_listener.py
[2025-03-03T19:26:30.205-0500] {processor.py:208} INFO - Processing /Users/kartikvadhawana/anaconda3/lib/python3.12/site-packages/airflow/example_dags/plugins/event_listener.py took 0.027 seconds
[2025-03-03T19:27:31.081-0500] {processor.py:186} INFO - Started process (PID=91282) to work on /Users/kartikvadhawana/anaconda3/lib/python3.12/site-packages/airflow/example_dags/plugins/event_listener.py
[2025-03-03T19:27:31.081-0500] {processor.py:914} INFO - Processing file /Users/kartikvadhawana/anaconda3/lib/python3.12/site-packages/airflow/example_dags/plugins/event_listener.py for tasks to queue
[2025-03-03T19:27:31.082-0500] {logging_mixin.py:190} INFO - [2025-03-03T19:27:31.082-0500] {dagbag.py:588} INFO - Filling up the DagBag from /Users/kartikvadhawana/anaconda3/lib/python3.12/site-packages/airflow/example_dags/plugins/event_listener.py
[2025-03-03T19:27:31.082-0500] {processor.py:927} WARNING - No viable dags retrieved from /Users/kartikvadhawana/anaconda3/lib/python3.12/site-packages/airflow/example_dags/plugins/event_listener.py
[2025-03-03T19:27:31.109-0500] {processor.py:208} INFO - Processing /Users/kartikvadhawana/anaconda3/lib/python3.12/site-packages/airflow/example_dags/plugins/event_listener.py took 0.029 seconds
[2025-03-03T19:29:18.980-0500] {processor.py:186} INFO - Started process (PID=91609) to work on /Users/kartikvadhawana/anaconda3/lib/python3.12/site-packages/airflow/example_dags/plugins/event_listener.py
[2025-03-03T19:29:18.981-0500] {processor.py:914} INFO - Processing file /Users/kartikvadhawana/anaconda3/lib/python3.12/site-packages/airflow/example_dags/plugins/event_listener.py for tasks to queue
[2025-03-03T19:29:18.982-0500] {logging_mixin.py:190} INFO - [2025-03-03T19:29:18.982-0500] {dagbag.py:588} INFO - Filling up the DagBag from /Users/kartikvadhawana/anaconda3/lib/python3.12/site-packages/airflow/example_dags/plugins/event_listener.py
[2025-03-03T19:29:18.982-0500] {processor.py:927} WARNING - No viable dags retrieved from /Users/kartikvadhawana/anaconda3/lib/python3.12/site-packages/airflow/example_dags/plugins/event_listener.py
[2025-03-03T19:29:19.006-0500] {processor.py:208} INFO - Processing /Users/kartikvadhawana/anaconda3/lib/python3.12/site-packages/airflow/example_dags/plugins/event_listener.py took 0.027 seconds
[2025-03-03T19:30:35.961-0500] {processor.py:186} INFO - Started process (PID=91835) to work on /Users/kartikvadhawana/anaconda3/lib/python3.12/site-packages/airflow/example_dags/plugins/event_listener.py
[2025-03-03T19:30:35.962-0500] {processor.py:914} INFO - Processing file /Users/kartikvadhawana/anaconda3/lib/python3.12/site-packages/airflow/example_dags/plugins/event_listener.py for tasks to queue
[2025-03-03T19:30:35.962-0500] {logging_mixin.py:190} INFO - [2025-03-03T19:30:35.962-0500] {dagbag.py:588} INFO - Filling up the DagBag from /Users/kartikvadhawana/anaconda3/lib/python3.12/site-packages/airflow/example_dags/plugins/event_listener.py
[2025-03-03T19:30:35.963-0500] {processor.py:927} WARNING - No viable dags retrieved from /Users/kartikvadhawana/anaconda3/lib/python3.12/site-packages/airflow/example_dags/plugins/event_listener.py
[2025-03-03T19:30:35.987-0500] {processor.py:208} INFO - Processing /Users/kartikvadhawana/anaconda3/lib/python3.12/site-packages/airflow/example_dags/plugins/event_listener.py took 0.027 seconds
[2025-03-03T19:31:48.699-0500] {processor.py:186} INFO - Started process (PID=92091) to work on /Users/kartikvadhawana/anaconda3/lib/python3.12/site-packages/airflow/example_dags/plugins/event_listener.py
[2025-03-03T19:31:48.700-0500] {processor.py:914} INFO - Processing file /Users/kartikvadhawana/anaconda3/lib/python3.12/site-packages/airflow/example_dags/plugins/event_listener.py for tasks to queue
[2025-03-03T19:31:48.700-0500] {logging_mixin.py:190} INFO - [2025-03-03T19:31:48.700-0500] {dagbag.py:588} INFO - Filling up the DagBag from /Users/kartikvadhawana/anaconda3/lib/python3.12/site-packages/airflow/example_dags/plugins/event_listener.py
[2025-03-03T19:31:48.701-0500] {processor.py:927} WARNING - No viable dags retrieved from /Users/kartikvadhawana/anaconda3/lib/python3.12/site-packages/airflow/example_dags/plugins/event_listener.py
[2025-03-03T19:31:48.724-0500] {processor.py:208} INFO - Processing /Users/kartikvadhawana/anaconda3/lib/python3.12/site-packages/airflow/example_dags/plugins/event_listener.py took 0.027 seconds
[2025-03-03T19:33:38.826-0500] {processor.py:186} INFO - Started process (PID=92406) to work on /Users/kartikvadhawana/anaconda3/lib/python3.12/site-packages/airflow/example_dags/plugins/event_listener.py
[2025-03-03T19:33:38.826-0500] {processor.py:914} INFO - Processing file /Users/kartikvadhawana/anaconda3/lib/python3.12/site-packages/airflow/example_dags/plugins/event_listener.py for tasks to queue
[2025-03-03T19:33:38.827-0500] {logging_mixin.py:190} INFO - [2025-03-03T19:33:38.827-0500] {dagbag.py:588} INFO - Filling up the DagBag from /Users/kartikvadhawana/anaconda3/lib/python3.12/site-packages/airflow/example_dags/plugins/event_listener.py
[2025-03-03T19:33:38.827-0500] {processor.py:927} WARNING - No viable dags retrieved from /Users/kartikvadhawana/anaconda3/lib/python3.12/site-packages/airflow/example_dags/plugins/event_listener.py
[2025-03-03T19:33:38.852-0500] {processor.py:208} INFO - Processing /Users/kartikvadhawana/anaconda3/lib/python3.12/site-packages/airflow/example_dags/plugins/event_listener.py took 0.027 seconds
[2025-03-03T19:34:58.727-0500] {processor.py:186} INFO - Started process (PID=92587) to work on /Users/kartikvadhawana/anaconda3/lib/python3.12/site-packages/airflow/example_dags/plugins/event_listener.py
[2025-03-03T19:34:58.728-0500] {processor.py:914} INFO - Processing file /Users/kartikvadhawana/anaconda3/lib/python3.12/site-packages/airflow/example_dags/plugins/event_listener.py for tasks to queue
[2025-03-03T19:34:58.729-0500] {logging_mixin.py:190} INFO - [2025-03-03T19:34:58.729-0500] {dagbag.py:588} INFO - Filling up the DagBag from /Users/kartikvadhawana/anaconda3/lib/python3.12/site-packages/airflow/example_dags/plugins/event_listener.py
[2025-03-03T19:34:58.729-0500] {processor.py:927} WARNING - No viable dags retrieved from /Users/kartikvadhawana/anaconda3/lib/python3.12/site-packages/airflow/example_dags/plugins/event_listener.py
[2025-03-03T19:34:58.754-0500] {processor.py:208} INFO - Processing /Users/kartikvadhawana/anaconda3/lib/python3.12/site-packages/airflow/example_dags/plugins/event_listener.py took 0.028 seconds
[2025-03-03T19:36:15.473-0500] {processor.py:186} INFO - Started process (PID=92759) to work on /Users/kartikvadhawana/anaconda3/lib/python3.12/site-packages/airflow/example_dags/plugins/event_listener.py
[2025-03-03T19:36:15.473-0500] {processor.py:914} INFO - Processing file /Users/kartikvadhawana/anaconda3/lib/python3.12/site-packages/airflow/example_dags/plugins/event_listener.py for tasks to queue
[2025-03-03T19:36:15.473-0500] {logging_mixin.py:190} INFO - [2025-03-03T19:36:15.473-0500] {dagbag.py:588} INFO - Filling up the DagBag from /Users/kartikvadhawana/anaconda3/lib/python3.12/site-packages/airflow/example_dags/plugins/event_listener.py
[2025-03-03T19:36:15.474-0500] {processor.py:927} WARNING - No viable dags retrieved from /Users/kartikvadhawana/anaconda3/lib/python3.12/site-packages/airflow/example_dags/plugins/event_listener.py
[2025-03-03T19:36:15.498-0500] {processor.py:208} INFO - Processing /Users/kartikvadhawana/anaconda3/lib/python3.12/site-packages/airflow/example_dags/plugins/event_listener.py took 0.027 seconds
[2025-03-03T19:37:38.016-0500] {processor.py:186} INFO - Started process (PID=92950) to work on /Users/kartikvadhawana/anaconda3/lib/python3.12/site-packages/airflow/example_dags/plugins/event_listener.py
[2025-03-03T19:37:38.017-0500] {processor.py:914} INFO - Processing file /Users/kartikvadhawana/anaconda3/lib/python3.12/site-packages/airflow/example_dags/plugins/event_listener.py for tasks to queue
[2025-03-03T19:37:38.017-0500] {logging_mixin.py:190} INFO - [2025-03-03T19:37:38.017-0500] {dagbag.py:588} INFO - Filling up the DagBag from /Users/kartikvadhawana/anaconda3/lib/python3.12/site-packages/airflow/example_dags/plugins/event_listener.py
[2025-03-03T19:37:38.018-0500] {processor.py:927} WARNING - No viable dags retrieved from /Users/kartikvadhawana/anaconda3/lib/python3.12/site-packages/airflow/example_dags/plugins/event_listener.py
[2025-03-03T19:37:38.043-0500] {processor.py:208} INFO - Processing /Users/kartikvadhawana/anaconda3/lib/python3.12/site-packages/airflow/example_dags/plugins/event_listener.py took 0.028 seconds
[2025-03-03T19:38:58.664-0500] {processor.py:186} INFO - Started process (PID=93130) to work on /Users/kartikvadhawana/anaconda3/lib/python3.12/site-packages/airflow/example_dags/plugins/event_listener.py
[2025-03-03T19:38:58.664-0500] {processor.py:914} INFO - Processing file /Users/kartikvadhawana/anaconda3/lib/python3.12/site-packages/airflow/example_dags/plugins/event_listener.py for tasks to queue
[2025-03-03T19:38:58.665-0500] {logging_mixin.py:190} INFO - [2025-03-03T19:38:58.665-0500] {dagbag.py:588} INFO - Filling up the DagBag from /Users/kartikvadhawana/anaconda3/lib/python3.12/site-packages/airflow/example_dags/plugins/event_listener.py
[2025-03-03T19:38:58.665-0500] {processor.py:927} WARNING - No viable dags retrieved from /Users/kartikvadhawana/anaconda3/lib/python3.12/site-packages/airflow/example_dags/plugins/event_listener.py
[2025-03-03T19:38:58.691-0500] {processor.py:208} INFO - Processing /Users/kartikvadhawana/anaconda3/lib/python3.12/site-packages/airflow/example_dags/plugins/event_listener.py took 0.028 seconds
[2025-03-03T19:40:17.862-0500] {processor.py:186} INFO - Started process (PID=93316) to work on /Users/kartikvadhawana/anaconda3/lib/python3.12/site-packages/airflow/example_dags/plugins/event_listener.py
[2025-03-03T19:40:17.863-0500] {processor.py:914} INFO - Processing file /Users/kartikvadhawana/anaconda3/lib/python3.12/site-packages/airflow/example_dags/plugins/event_listener.py for tasks to queue
[2025-03-03T19:40:17.863-0500] {logging_mixin.py:190} INFO - [2025-03-03T19:40:17.863-0500] {dagbag.py:588} INFO - Filling up the DagBag from /Users/kartikvadhawana/anaconda3/lib/python3.12/site-packages/airflow/example_dags/plugins/event_listener.py
[2025-03-03T19:40:17.863-0500] {processor.py:927} WARNING - No viable dags retrieved from /Users/kartikvadhawana/anaconda3/lib/python3.12/site-packages/airflow/example_dags/plugins/event_listener.py
[2025-03-03T19:40:17.888-0500] {processor.py:208} INFO - Processing /Users/kartikvadhawana/anaconda3/lib/python3.12/site-packages/airflow/example_dags/plugins/event_listener.py took 0.027 seconds
[2025-03-03T19:41:48.127-0500] {processor.py:186} INFO - Started process (PID=93744) to work on /Users/kartikvadhawana/anaconda3/lib/python3.12/site-packages/airflow/example_dags/plugins/event_listener.py
[2025-03-03T19:41:48.127-0500] {processor.py:914} INFO - Processing file /Users/kartikvadhawana/anaconda3/lib/python3.12/site-packages/airflow/example_dags/plugins/event_listener.py for tasks to queue
[2025-03-03T19:41:48.128-0500] {logging_mixin.py:190} INFO - [2025-03-03T19:41:48.128-0500] {dagbag.py:588} INFO - Filling up the DagBag from /Users/kartikvadhawana/anaconda3/lib/python3.12/site-packages/airflow/example_dags/plugins/event_listener.py
[2025-03-03T19:41:48.128-0500] {processor.py:927} WARNING - No viable dags retrieved from /Users/kartikvadhawana/anaconda3/lib/python3.12/site-packages/airflow/example_dags/plugins/event_listener.py
[2025-03-03T19:41:48.154-0500] {processor.py:208} INFO - Processing /Users/kartikvadhawana/anaconda3/lib/python3.12/site-packages/airflow/example_dags/plugins/event_listener.py took 0.028 seconds
[2025-03-03T19:43:34.044-0500] {processor.py:186} INFO - Started process (PID=93961) to work on /Users/kartikvadhawana/anaconda3/lib/python3.12/site-packages/airflow/example_dags/plugins/event_listener.py
[2025-03-03T19:43:34.044-0500] {processor.py:914} INFO - Processing file /Users/kartikvadhawana/anaconda3/lib/python3.12/site-packages/airflow/example_dags/plugins/event_listener.py for tasks to queue
[2025-03-03T19:43:34.045-0500] {logging_mixin.py:190} INFO - [2025-03-03T19:43:34.044-0500] {dagbag.py:588} INFO - Filling up the DagBag from /Users/kartikvadhawana/anaconda3/lib/python3.12/site-packages/airflow/example_dags/plugins/event_listener.py
[2025-03-03T19:43:34.045-0500] {processor.py:927} WARNING - No viable dags retrieved from /Users/kartikvadhawana/anaconda3/lib/python3.12/site-packages/airflow/example_dags/plugins/event_listener.py
[2025-03-03T19:43:34.069-0500] {processor.py:208} INFO - Processing /Users/kartikvadhawana/anaconda3/lib/python3.12/site-packages/airflow/example_dags/plugins/event_listener.py took 0.026 seconds
[2025-03-03T19:44:55.760-0500] {processor.py:186} INFO - Started process (PID=94127) to work on /Users/kartikvadhawana/anaconda3/lib/python3.12/site-packages/airflow/example_dags/plugins/event_listener.py
[2025-03-03T19:44:55.761-0500] {processor.py:914} INFO - Processing file /Users/kartikvadhawana/anaconda3/lib/python3.12/site-packages/airflow/example_dags/plugins/event_listener.py for tasks to queue
[2025-03-03T19:44:55.761-0500] {logging_mixin.py:190} INFO - [2025-03-03T19:44:55.761-0500] {dagbag.py:588} INFO - Filling up the DagBag from /Users/kartikvadhawana/anaconda3/lib/python3.12/site-packages/airflow/example_dags/plugins/event_listener.py
[2025-03-03T19:44:55.762-0500] {processor.py:927} WARNING - No viable dags retrieved from /Users/kartikvadhawana/anaconda3/lib/python3.12/site-packages/airflow/example_dags/plugins/event_listener.py
[2025-03-03T19:44:55.787-0500] {processor.py:208} INFO - Processing /Users/kartikvadhawana/anaconda3/lib/python3.12/site-packages/airflow/example_dags/plugins/event_listener.py took 0.028 seconds
[2025-03-03T19:48:10.092-0500] {processor.py:186} INFO - Started process (PID=94625) to work on /Users/kartikvadhawana/anaconda3/lib/python3.12/site-packages/airflow/example_dags/plugins/event_listener.py
[2025-03-03T19:48:10.093-0500] {processor.py:914} INFO - Processing file /Users/kartikvadhawana/anaconda3/lib/python3.12/site-packages/airflow/example_dags/plugins/event_listener.py for tasks to queue
[2025-03-03T19:48:10.093-0500] {logging_mixin.py:190} INFO - [2025-03-03T19:48:10.093-0500] {dagbag.py:588} INFO - Filling up the DagBag from /Users/kartikvadhawana/anaconda3/lib/python3.12/site-packages/airflow/example_dags/plugins/event_listener.py
[2025-03-03T19:48:10.094-0500] {processor.py:927} WARNING - No viable dags retrieved from /Users/kartikvadhawana/anaconda3/lib/python3.12/site-packages/airflow/example_dags/plugins/event_listener.py
[2025-03-03T19:48:10.118-0500] {processor.py:208} INFO - Processing /Users/kartikvadhawana/anaconda3/lib/python3.12/site-packages/airflow/example_dags/plugins/event_listener.py took 0.027 seconds
[2025-03-03T19:50:01.620-0500] {processor.py:186} INFO - Started process (PID=94813) to work on /Users/kartikvadhawana/anaconda3/lib/python3.12/site-packages/airflow/example_dags/plugins/event_listener.py
[2025-03-03T19:50:01.622-0500] {processor.py:914} INFO - Processing file /Users/kartikvadhawana/anaconda3/lib/python3.12/site-packages/airflow/example_dags/plugins/event_listener.py for tasks to queue
[2025-03-03T19:50:01.622-0500] {logging_mixin.py:190} INFO - [2025-03-03T19:50:01.622-0500] {dagbag.py:588} INFO - Filling up the DagBag from /Users/kartikvadhawana/anaconda3/lib/python3.12/site-packages/airflow/example_dags/plugins/event_listener.py
[2025-03-03T19:50:01.623-0500] {processor.py:927} WARNING - No viable dags retrieved from /Users/kartikvadhawana/anaconda3/lib/python3.12/site-packages/airflow/example_dags/plugins/event_listener.py
[2025-03-03T19:50:01.646-0500] {processor.py:208} INFO - Processing /Users/kartikvadhawana/anaconda3/lib/python3.12/site-packages/airflow/example_dags/plugins/event_listener.py took 0.027 seconds
[2025-03-03T19:51:20.132-0500] {processor.py:186} INFO - Started process (PID=94909) to work on /Users/kartikvadhawana/anaconda3/lib/python3.12/site-packages/airflow/example_dags/plugins/event_listener.py
[2025-03-03T19:51:20.132-0500] {processor.py:914} INFO - Processing file /Users/kartikvadhawana/anaconda3/lib/python3.12/site-packages/airflow/example_dags/plugins/event_listener.py for tasks to queue
[2025-03-03T19:51:20.132-0500] {logging_mixin.py:190} INFO - [2025-03-03T19:51:20.132-0500] {dagbag.py:588} INFO - Filling up the DagBag from /Users/kartikvadhawana/anaconda3/lib/python3.12/site-packages/airflow/example_dags/plugins/event_listener.py
[2025-03-03T19:51:20.133-0500] {processor.py:927} WARNING - No viable dags retrieved from /Users/kartikvadhawana/anaconda3/lib/python3.12/site-packages/airflow/example_dags/plugins/event_listener.py
[2025-03-03T19:51:20.157-0500] {processor.py:208} INFO - Processing /Users/kartikvadhawana/anaconda3/lib/python3.12/site-packages/airflow/example_dags/plugins/event_listener.py took 0.026 seconds
[2025-03-03T19:52:42.430-0500] {processor.py:186} INFO - Started process (PID=95082) to work on /Users/kartikvadhawana/anaconda3/lib/python3.12/site-packages/airflow/example_dags/plugins/event_listener.py
[2025-03-03T19:52:42.431-0500] {processor.py:914} INFO - Processing file /Users/kartikvadhawana/anaconda3/lib/python3.12/site-packages/airflow/example_dags/plugins/event_listener.py for tasks to queue
[2025-03-03T19:52:42.431-0500] {logging_mixin.py:190} INFO - [2025-03-03T19:52:42.431-0500] {dagbag.py:588} INFO - Filling up the DagBag from /Users/kartikvadhawana/anaconda3/lib/python3.12/site-packages/airflow/example_dags/plugins/event_listener.py
[2025-03-03T19:52:42.431-0500] {processor.py:927} WARNING - No viable dags retrieved from /Users/kartikvadhawana/anaconda3/lib/python3.12/site-packages/airflow/example_dags/plugins/event_listener.py
[2025-03-03T19:52:42.455-0500] {processor.py:208} INFO - Processing /Users/kartikvadhawana/anaconda3/lib/python3.12/site-packages/airflow/example_dags/plugins/event_listener.py took 0.026 seconds
[2025-03-03T19:54:02.710-0500] {processor.py:186} INFO - Started process (PID=95287) to work on /Users/kartikvadhawana/anaconda3/lib/python3.12/site-packages/airflow/example_dags/plugins/event_listener.py
[2025-03-03T19:54:02.712-0500] {processor.py:914} INFO - Processing file /Users/kartikvadhawana/anaconda3/lib/python3.12/site-packages/airflow/example_dags/plugins/event_listener.py for tasks to queue
[2025-03-03T19:54:02.712-0500] {logging_mixin.py:190} INFO - [2025-03-03T19:54:02.712-0500] {dagbag.py:588} INFO - Filling up the DagBag from /Users/kartikvadhawana/anaconda3/lib/python3.12/site-packages/airflow/example_dags/plugins/event_listener.py
[2025-03-03T19:54:02.712-0500] {processor.py:927} WARNING - No viable dags retrieved from /Users/kartikvadhawana/anaconda3/lib/python3.12/site-packages/airflow/example_dags/plugins/event_listener.py
[2025-03-03T19:54:02.736-0500] {processor.py:208} INFO - Processing /Users/kartikvadhawana/anaconda3/lib/python3.12/site-packages/airflow/example_dags/plugins/event_listener.py took 0.027 seconds
[2025-03-03T19:55:26.446-0500] {processor.py:186} INFO - Started process (PID=95460) to work on /Users/kartikvadhawana/anaconda3/lib/python3.12/site-packages/airflow/example_dags/plugins/event_listener.py
[2025-03-03T19:55:26.447-0500] {processor.py:914} INFO - Processing file /Users/kartikvadhawana/anaconda3/lib/python3.12/site-packages/airflow/example_dags/plugins/event_listener.py for tasks to queue
[2025-03-03T19:55:26.448-0500] {logging_mixin.py:190} INFO - [2025-03-03T19:55:26.448-0500] {dagbag.py:588} INFO - Filling up the DagBag from /Users/kartikvadhawana/anaconda3/lib/python3.12/site-packages/airflow/example_dags/plugins/event_listener.py
[2025-03-03T19:55:26.448-0500] {processor.py:927} WARNING - No viable dags retrieved from /Users/kartikvadhawana/anaconda3/lib/python3.12/site-packages/airflow/example_dags/plugins/event_listener.py
[2025-03-03T19:55:26.475-0500] {processor.py:208} INFO - Processing /Users/kartikvadhawana/anaconda3/lib/python3.12/site-packages/airflow/example_dags/plugins/event_listener.py took 0.030 seconds
[2025-03-03T19:56:46.924-0500] {processor.py:186} INFO - Started process (PID=95729) to work on /Users/kartikvadhawana/anaconda3/lib/python3.12/site-packages/airflow/example_dags/plugins/event_listener.py
[2025-03-03T19:56:46.925-0500] {processor.py:914} INFO - Processing file /Users/kartikvadhawana/anaconda3/lib/python3.12/site-packages/airflow/example_dags/plugins/event_listener.py for tasks to queue
[2025-03-03T19:56:46.926-0500] {logging_mixin.py:190} INFO - [2025-03-03T19:56:46.926-0500] {dagbag.py:588} INFO - Filling up the DagBag from /Users/kartikvadhawana/anaconda3/lib/python3.12/site-packages/airflow/example_dags/plugins/event_listener.py
[2025-03-03T19:56:46.926-0500] {processor.py:927} WARNING - No viable dags retrieved from /Users/kartikvadhawana/anaconda3/lib/python3.12/site-packages/airflow/example_dags/plugins/event_listener.py
[2025-03-03T19:56:46.950-0500] {processor.py:208} INFO - Processing /Users/kartikvadhawana/anaconda3/lib/python3.12/site-packages/airflow/example_dags/plugins/event_listener.py took 0.027 seconds
[2025-03-03T19:58:10.823-0500] {processor.py:186} INFO - Started process (PID=95890) to work on /Users/kartikvadhawana/anaconda3/lib/python3.12/site-packages/airflow/example_dags/plugins/event_listener.py
[2025-03-03T19:58:10.825-0500] {processor.py:914} INFO - Processing file /Users/kartikvadhawana/anaconda3/lib/python3.12/site-packages/airflow/example_dags/plugins/event_listener.py for tasks to queue
[2025-03-03T19:58:10.825-0500] {logging_mixin.py:190} INFO - [2025-03-03T19:58:10.825-0500] {dagbag.py:588} INFO - Filling up the DagBag from /Users/kartikvadhawana/anaconda3/lib/python3.12/site-packages/airflow/example_dags/plugins/event_listener.py
[2025-03-03T19:58:10.826-0500] {processor.py:927} WARNING - No viable dags retrieved from /Users/kartikvadhawana/anaconda3/lib/python3.12/site-packages/airflow/example_dags/plugins/event_listener.py
[2025-03-03T19:58:10.849-0500] {processor.py:208} INFO - Processing /Users/kartikvadhawana/anaconda3/lib/python3.12/site-packages/airflow/example_dags/plugins/event_listener.py took 0.027 seconds
[2025-03-03T19:59:31.344-0500] {processor.py:186} INFO - Started process (PID=95999) to work on /Users/kartikvadhawana/anaconda3/lib/python3.12/site-packages/airflow/example_dags/plugins/event_listener.py
[2025-03-03T19:59:31.345-0500] {processor.py:914} INFO - Processing file /Users/kartikvadhawana/anaconda3/lib/python3.12/site-packages/airflow/example_dags/plugins/event_listener.py for tasks to queue
[2025-03-03T19:59:31.346-0500] {logging_mixin.py:190} INFO - [2025-03-03T19:59:31.346-0500] {dagbag.py:588} INFO - Filling up the DagBag from /Users/kartikvadhawana/anaconda3/lib/python3.12/site-packages/airflow/example_dags/plugins/event_listener.py
[2025-03-03T19:59:31.346-0500] {processor.py:927} WARNING - No viable dags retrieved from /Users/kartikvadhawana/anaconda3/lib/python3.12/site-packages/airflow/example_dags/plugins/event_listener.py
[2025-03-03T19:59:31.370-0500] {processor.py:208} INFO - Processing /Users/kartikvadhawana/anaconda3/lib/python3.12/site-packages/airflow/example_dags/plugins/event_listener.py took 0.027 seconds
[2025-03-03T20:00:54.938-0500] {processor.py:186} INFO - Started process (PID=96142) to work on /Users/kartikvadhawana/anaconda3/lib/python3.12/site-packages/airflow/example_dags/plugins/event_listener.py
[2025-03-03T20:00:54.940-0500] {processor.py:914} INFO - Processing file /Users/kartikvadhawana/anaconda3/lib/python3.12/site-packages/airflow/example_dags/plugins/event_listener.py for tasks to queue
[2025-03-03T20:00:54.940-0500] {logging_mixin.py:190} INFO - [2025-03-03T20:00:54.940-0500] {dagbag.py:588} INFO - Filling up the DagBag from /Users/kartikvadhawana/anaconda3/lib/python3.12/site-packages/airflow/example_dags/plugins/event_listener.py
[2025-03-03T20:00:54.940-0500] {processor.py:927} WARNING - No viable dags retrieved from /Users/kartikvadhawana/anaconda3/lib/python3.12/site-packages/airflow/example_dags/plugins/event_listener.py
[2025-03-03T20:00:54.964-0500] {processor.py:208} INFO - Processing /Users/kartikvadhawana/anaconda3/lib/python3.12/site-packages/airflow/example_dags/plugins/event_listener.py took 0.027 seconds
