[2025-03-03T19:20:26.504-0500] {processor.py:186} INFO - Started process (PID=89603) to work on /Users/kartikvadhawana/anaconda3/lib/python3.12/site-packages/airflow/example_dags/plugins/listener_plugin.py
[2025-03-03T19:20:26.504-0500] {processor.py:914} INFO - Processing file /Users/kartikvadhawana/anaconda3/lib/python3.12/site-packages/airflow/example_dags/plugins/listener_plugin.py for tasks to queue
[2025-03-03T19:20:26.505-0500] {logging_mixin.py:190} INFO - [2025-03-03T19:20:26.505-0500] {dagbag.py:588} INFO - Filling up the DagBag from /Users/kartikvadhawana/anaconda3/lib/python3.12/site-packages/airflow/example_dags/plugins/listener_plugin.py
[2025-03-03T19:20:26.505-0500] {processor.py:927} WARNING - No viable dags retrieved from /Users/kartikvadhawana/anaconda3/lib/python3.12/site-packages/airflow/example_dags/plugins/listener_plugin.py
[2025-03-03T19:20:26.529-0500] {processor.py:208} INFO - Processing /Users/kartikvadhawana/anaconda3/lib/python3.12/site-packages/airflow/example_dags/plugins/listener_plugin.py took 0.027 seconds
[2025-03-03T19:22:17.102-0500] {processor.py:186} INFO - Started process (PID=90012) to work on /Users/kartikvadhawana/anaconda3/lib/python3.12/site-packages/airflow/example_dags/plugins/listener_plugin.py
[2025-03-03T19:22:17.102-0500] {processor.py:914} INFO - Processing file /Users/kartikvadhawana/anaconda3/lib/python3.12/site-packages/airflow/example_dags/plugins/listener_plugin.py for tasks to queue
[2025-03-03T19:22:17.102-0500] {logging_mixin.py:190} INFO - [2025-03-03T19:22:17.102-0500] {dagbag.py:588} INFO - Filling up the DagBag from /Users/kartikvadhawana/anaconda3/lib/python3.12/site-packages/airflow/example_dags/plugins/listener_plugin.py
[2025-03-03T19:22:17.103-0500] {processor.py:927} WARNING - No viable dags retrieved from /Users/kartikvadhawana/anaconda3/lib/python3.12/site-packages/airflow/example_dags/plugins/listener_plugin.py
[2025-03-03T19:22:17.128-0500] {processor.py:208} INFO - Processing /Users/kartikvadhawana/anaconda3/lib/python3.12/site-packages/airflow/example_dags/plugins/listener_plugin.py took 0.028 seconds
[2025-03-03T19:23:37.440-0500] {processor.py:186} INFO - Started process (PID=90220) to work on /Users/kartikvadhawana/anaconda3/lib/python3.12/site-packages/airflow/example_dags/plugins/listener_plugin.py
[2025-03-03T19:23:37.441-0500] {processor.py:914} INFO - Processing file /Users/kartikvadhawana/anaconda3/lib/python3.12/site-packages/airflow/example_dags/plugins/listener_plugin.py for tasks to queue
[2025-03-03T19:23:37.441-0500] {logging_mixin.py:190} INFO - [2025-03-03T19:23:37.441-0500] {dagbag.py:588} INFO - Filling up the DagBag from /Users/kartikvadhawana/anaconda3/lib/python3.12/site-packages/airflow/example_dags/plugins/listener_plugin.py
[2025-03-03T19:23:37.442-0500] {processor.py:927} WARNING - No viable dags retrieved from /Users/kartikvadhawana/anaconda3/lib/python3.12/site-packages/airflow/example_dags/plugins/listener_plugin.py
[2025-03-03T19:23:37.466-0500] {processor.py:208} INFO - Processing /Users/kartikvadhawana/anaconda3/lib/python3.12/site-packages/airflow/example_dags/plugins/listener_plugin.py took 0.027 seconds
[2025-03-03T19:25:00.054-0500] {processor.py:186} INFO - Started process (PID=90593) to work on /Users/kartikvadhawana/anaconda3/lib/python3.12/site-packages/airflow/example_dags/plugins/listener_plugin.py
[2025-03-03T19:25:00.057-0500] {processor.py:914} INFO - Processing file /Users/kartikvadhawana/anaconda3/lib/python3.12/site-packages/airflow/example_dags/plugins/listener_plugin.py for tasks to queue
[2025-03-03T19:25:00.058-0500] {logging_mixin.py:190} INFO - [2025-03-03T19:25:00.057-0500] {dagbag.py:588} INFO - Filling up the DagBag from /Users/kartikvadhawana/anaconda3/lib/python3.12/site-packages/airflow/example_dags/plugins/listener_plugin.py
[2025-03-03T19:25:00.058-0500] {processor.py:927} WARNING - No viable dags retrieved from /Users/kartikvadhawana/anaconda3/lib/python3.12/site-packages/airflow/example_dags/plugins/listener_plugin.py
[2025-03-03T19:25:00.082-0500] {processor.py:208} INFO - Processing /Users/kartikvadhawana/anaconda3/lib/python3.12/site-packages/airflow/example_dags/plugins/listener_plugin.py took 0.029 seconds
[2025-03-03T19:26:28.187-0500] {processor.py:186} INFO - Started process (PID=91023) to work on /Users/kartikvadhawana/anaconda3/lib/python3.12/site-packages/airflow/example_dags/plugins/listener_plugin.py
[2025-03-03T19:26:28.188-0500] {processor.py:914} INFO - Processing file /Users/kartikvadhawana/anaconda3/lib/python3.12/site-packages/airflow/example_dags/plugins/listener_plugin.py for tasks to queue
[2025-03-03T19:26:28.188-0500] {logging_mixin.py:190} INFO - [2025-03-03T19:26:28.188-0500] {dagbag.py:588} INFO - Filling up the DagBag from /Users/kartikvadhawana/anaconda3/lib/python3.12/site-packages/airflow/example_dags/plugins/listener_plugin.py
[2025-03-03T19:26:28.189-0500] {processor.py:927} WARNING - No viable dags retrieved from /Users/kartikvadhawana/anaconda3/lib/python3.12/site-packages/airflow/example_dags/plugins/listener_plugin.py
[2025-03-03T19:26:28.214-0500] {processor.py:208} INFO - Processing /Users/kartikvadhawana/anaconda3/lib/python3.12/site-packages/airflow/example_dags/plugins/listener_plugin.py took 0.028 seconds
[2025-03-03T19:27:29.059-0500] {processor.py:186} INFO - Started process (PID=91257) to work on /Users/kartikvadhawana/anaconda3/lib/python3.12/site-packages/airflow/example_dags/plugins/listener_plugin.py
[2025-03-03T19:27:29.059-0500] {processor.py:914} INFO - Processing file /Users/kartikvadhawana/anaconda3/lib/python3.12/site-packages/airflow/example_dags/plugins/listener_plugin.py for tasks to queue
[2025-03-03T19:27:29.060-0500] {logging_mixin.py:190} INFO - [2025-03-03T19:27:29.059-0500] {dagbag.py:588} INFO - Filling up the DagBag from /Users/kartikvadhawana/anaconda3/lib/python3.12/site-packages/airflow/example_dags/plugins/listener_plugin.py
[2025-03-03T19:27:29.060-0500] {processor.py:927} WARNING - No viable dags retrieved from /Users/kartikvadhawana/anaconda3/lib/python3.12/site-packages/airflow/example_dags/plugins/listener_plugin.py
[2025-03-03T19:27:29.086-0500] {processor.py:208} INFO - Processing /Users/kartikvadhawana/anaconda3/lib/python3.12/site-packages/airflow/example_dags/plugins/listener_plugin.py took 0.028 seconds
[2025-03-03T19:29:17.619-0500] {processor.py:186} INFO - Started process (PID=91603) to work on /Users/kartikvadhawana/anaconda3/lib/python3.12/site-packages/airflow/example_dags/plugins/listener_plugin.py
[2025-03-03T19:29:17.620-0500] {processor.py:914} INFO - Processing file /Users/kartikvadhawana/anaconda3/lib/python3.12/site-packages/airflow/example_dags/plugins/listener_plugin.py for tasks to queue
[2025-03-03T19:29:17.621-0500] {logging_mixin.py:190} INFO - [2025-03-03T19:29:17.621-0500] {dagbag.py:588} INFO - Filling up the DagBag from /Users/kartikvadhawana/anaconda3/lib/python3.12/site-packages/airflow/example_dags/plugins/listener_plugin.py
[2025-03-03T19:29:17.622-0500] {processor.py:927} WARNING - No viable dags retrieved from /Users/kartikvadhawana/anaconda3/lib/python3.12/site-packages/airflow/example_dags/plugins/listener_plugin.py
[2025-03-03T19:29:17.645-0500] {processor.py:208} INFO - Processing /Users/kartikvadhawana/anaconda3/lib/python3.12/site-packages/airflow/example_dags/plugins/listener_plugin.py took 0.027 seconds
[2025-03-03T19:30:34.063-0500] {processor.py:186} INFO - Started process (PID=91833) to work on /Users/kartikvadhawana/anaconda3/lib/python3.12/site-packages/airflow/example_dags/plugins/listener_plugin.py
[2025-03-03T19:30:34.064-0500] {processor.py:914} INFO - Processing file /Users/kartikvadhawana/anaconda3/lib/python3.12/site-packages/airflow/example_dags/plugins/listener_plugin.py for tasks to queue
[2025-03-03T19:30:34.064-0500] {logging_mixin.py:190} INFO - [2025-03-03T19:30:34.064-0500] {dagbag.py:588} INFO - Filling up the DagBag from /Users/kartikvadhawana/anaconda3/lib/python3.12/site-packages/airflow/example_dags/plugins/listener_plugin.py
[2025-03-03T19:30:34.065-0500] {processor.py:927} WARNING - No viable dags retrieved from /Users/kartikvadhawana/anaconda3/lib/python3.12/site-packages/airflow/example_dags/plugins/listener_plugin.py
[2025-03-03T19:30:34.089-0500] {processor.py:208} INFO - Processing /Users/kartikvadhawana/anaconda3/lib/python3.12/site-packages/airflow/example_dags/plugins/listener_plugin.py took 0.027 seconds
[2025-03-03T19:31:46.833-0500] {processor.py:186} INFO - Started process (PID=92085) to work on /Users/kartikvadhawana/anaconda3/lib/python3.12/site-packages/airflow/example_dags/plugins/listener_plugin.py
[2025-03-03T19:31:46.835-0500] {processor.py:914} INFO - Processing file /Users/kartikvadhawana/anaconda3/lib/python3.12/site-packages/airflow/example_dags/plugins/listener_plugin.py for tasks to queue
[2025-03-03T19:31:46.835-0500] {logging_mixin.py:190} INFO - [2025-03-03T19:31:46.835-0500] {dagbag.py:588} INFO - Filling up the DagBag from /Users/kartikvadhawana/anaconda3/lib/python3.12/site-packages/airflow/example_dags/plugins/listener_plugin.py
[2025-03-03T19:31:46.836-0500] {processor.py:927} WARNING - No viable dags retrieved from /Users/kartikvadhawana/anaconda3/lib/python3.12/site-packages/airflow/example_dags/plugins/listener_plugin.py
[2025-03-03T19:31:46.859-0500] {processor.py:208} INFO - Processing /Users/kartikvadhawana/anaconda3/lib/python3.12/site-packages/airflow/example_dags/plugins/listener_plugin.py took 0.027 seconds
[2025-03-03T19:33:36.910-0500] {processor.py:186} INFO - Started process (PID=92404) to work on /Users/kartikvadhawana/anaconda3/lib/python3.12/site-packages/airflow/example_dags/plugins/listener_plugin.py
[2025-03-03T19:33:36.911-0500] {processor.py:914} INFO - Processing file /Users/kartikvadhawana/anaconda3/lib/python3.12/site-packages/airflow/example_dags/plugins/listener_plugin.py for tasks to queue
[2025-03-03T19:33:36.911-0500] {logging_mixin.py:190} INFO - [2025-03-03T19:33:36.911-0500] {dagbag.py:588} INFO - Filling up the DagBag from /Users/kartikvadhawana/anaconda3/lib/python3.12/site-packages/airflow/example_dags/plugins/listener_plugin.py
[2025-03-03T19:33:36.912-0500] {processor.py:927} WARNING - No viable dags retrieved from /Users/kartikvadhawana/anaconda3/lib/python3.12/site-packages/airflow/example_dags/plugins/listener_plugin.py
[2025-03-03T19:33:36.936-0500] {processor.py:208} INFO - Processing /Users/kartikvadhawana/anaconda3/lib/python3.12/site-packages/airflow/example_dags/plugins/listener_plugin.py took 0.027 seconds
[2025-03-03T19:34:56.831-0500] {processor.py:186} INFO - Started process (PID=92584) to work on /Users/kartikvadhawana/anaconda3/lib/python3.12/site-packages/airflow/example_dags/plugins/listener_plugin.py
[2025-03-03T19:34:56.832-0500] {processor.py:914} INFO - Processing file /Users/kartikvadhawana/anaconda3/lib/python3.12/site-packages/airflow/example_dags/plugins/listener_plugin.py for tasks to queue
[2025-03-03T19:34:56.832-0500] {logging_mixin.py:190} INFO - [2025-03-03T19:34:56.832-0500] {dagbag.py:588} INFO - Filling up the DagBag from /Users/kartikvadhawana/anaconda3/lib/python3.12/site-packages/airflow/example_dags/plugins/listener_plugin.py
[2025-03-03T19:34:56.833-0500] {processor.py:927} WARNING - No viable dags retrieved from /Users/kartikvadhawana/anaconda3/lib/python3.12/site-packages/airflow/example_dags/plugins/listener_plugin.py
[2025-03-03T19:34:56.857-0500] {processor.py:208} INFO - Processing /Users/kartikvadhawana/anaconda3/lib/python3.12/site-packages/airflow/example_dags/plugins/listener_plugin.py took 0.027 seconds
[2025-03-03T19:36:14.571-0500] {processor.py:186} INFO - Started process (PID=92757) to work on /Users/kartikvadhawana/anaconda3/lib/python3.12/site-packages/airflow/example_dags/plugins/listener_plugin.py
[2025-03-03T19:36:14.572-0500] {processor.py:914} INFO - Processing file /Users/kartikvadhawana/anaconda3/lib/python3.12/site-packages/airflow/example_dags/plugins/listener_plugin.py for tasks to queue
[2025-03-03T19:36:14.572-0500] {logging_mixin.py:190} INFO - [2025-03-03T19:36:14.572-0500] {dagbag.py:588} INFO - Filling up the DagBag from /Users/kartikvadhawana/anaconda3/lib/python3.12/site-packages/airflow/example_dags/plugins/listener_plugin.py
[2025-03-03T19:36:14.573-0500] {processor.py:927} WARNING - No viable dags retrieved from /Users/kartikvadhawana/anaconda3/lib/python3.12/site-packages/airflow/example_dags/plugins/listener_plugin.py
[2025-03-03T19:36:14.598-0500] {processor.py:208} INFO - Processing /Users/kartikvadhawana/anaconda3/lib/python3.12/site-packages/airflow/example_dags/plugins/listener_plugin.py took 0.027 seconds
[2025-03-03T19:37:36.146-0500] {processor.py:186} INFO - Started process (PID=92944) to work on /Users/kartikvadhawana/anaconda3/lib/python3.12/site-packages/airflow/example_dags/plugins/listener_plugin.py
[2025-03-03T19:37:36.148-0500] {processor.py:914} INFO - Processing file /Users/kartikvadhawana/anaconda3/lib/python3.12/site-packages/airflow/example_dags/plugins/listener_plugin.py for tasks to queue
[2025-03-03T19:37:36.148-0500] {logging_mixin.py:190} INFO - [2025-03-03T19:37:36.148-0500] {dagbag.py:588} INFO - Filling up the DagBag from /Users/kartikvadhawana/anaconda3/lib/python3.12/site-packages/airflow/example_dags/plugins/listener_plugin.py
[2025-03-03T19:37:36.149-0500] {processor.py:927} WARNING - No viable dags retrieved from /Users/kartikvadhawana/anaconda3/lib/python3.12/site-packages/airflow/example_dags/plugins/listener_plugin.py
[2025-03-03T19:37:36.173-0500] {processor.py:208} INFO - Processing /Users/kartikvadhawana/anaconda3/lib/python3.12/site-packages/airflow/example_dags/plugins/listener_plugin.py took 0.028 seconds
[2025-03-03T19:38:56.718-0500] {processor.py:186} INFO - Started process (PID=93128) to work on /Users/kartikvadhawana/anaconda3/lib/python3.12/site-packages/airflow/example_dags/plugins/listener_plugin.py
[2025-03-03T19:38:56.719-0500] {processor.py:914} INFO - Processing file /Users/kartikvadhawana/anaconda3/lib/python3.12/site-packages/airflow/example_dags/plugins/listener_plugin.py for tasks to queue
[2025-03-03T19:38:56.720-0500] {logging_mixin.py:190} INFO - [2025-03-03T19:38:56.720-0500] {dagbag.py:588} INFO - Filling up the DagBag from /Users/kartikvadhawana/anaconda3/lib/python3.12/site-packages/airflow/example_dags/plugins/listener_plugin.py
[2025-03-03T19:38:56.720-0500] {processor.py:927} WARNING - No viable dags retrieved from /Users/kartikvadhawana/anaconda3/lib/python3.12/site-packages/airflow/example_dags/plugins/listener_plugin.py
[2025-03-03T19:38:56.746-0500] {processor.py:208} INFO - Processing /Users/kartikvadhawana/anaconda3/lib/python3.12/site-packages/airflow/example_dags/plugins/listener_plugin.py took 0.029 seconds
[2025-03-03T19:40:15.941-0500] {processor.py:186} INFO - Started process (PID=93314) to work on /Users/kartikvadhawana/anaconda3/lib/python3.12/site-packages/airflow/example_dags/plugins/listener_plugin.py
[2025-03-03T19:40:15.942-0500] {processor.py:914} INFO - Processing file /Users/kartikvadhawana/anaconda3/lib/python3.12/site-packages/airflow/example_dags/plugins/listener_plugin.py for tasks to queue
[2025-03-03T19:40:15.943-0500] {logging_mixin.py:190} INFO - [2025-03-03T19:40:15.943-0500] {dagbag.py:588} INFO - Filling up the DagBag from /Users/kartikvadhawana/anaconda3/lib/python3.12/site-packages/airflow/example_dags/plugins/listener_plugin.py
[2025-03-03T19:40:15.944-0500] {processor.py:927} WARNING - No viable dags retrieved from /Users/kartikvadhawana/anaconda3/lib/python3.12/site-packages/airflow/example_dags/plugins/listener_plugin.py
[2025-03-03T19:40:15.968-0500] {processor.py:208} INFO - Processing /Users/kartikvadhawana/anaconda3/lib/python3.12/site-packages/airflow/example_dags/plugins/listener_plugin.py took 0.027 seconds
[2025-03-03T19:41:46.109-0500] {processor.py:186} INFO - Started process (PID=93722) to work on /Users/kartikvadhawana/anaconda3/lib/python3.12/site-packages/airflow/example_dags/plugins/listener_plugin.py
[2025-03-03T19:41:46.110-0500] {processor.py:914} INFO - Processing file /Users/kartikvadhawana/anaconda3/lib/python3.12/site-packages/airflow/example_dags/plugins/listener_plugin.py for tasks to queue
[2025-03-03T19:41:46.111-0500] {logging_mixin.py:190} INFO - [2025-03-03T19:41:46.111-0500] {dagbag.py:588} INFO - Filling up the DagBag from /Users/kartikvadhawana/anaconda3/lib/python3.12/site-packages/airflow/example_dags/plugins/listener_plugin.py
[2025-03-03T19:41:46.112-0500] {processor.py:927} WARNING - No viable dags retrieved from /Users/kartikvadhawana/anaconda3/lib/python3.12/site-packages/airflow/example_dags/plugins/listener_plugin.py
[2025-03-03T19:41:46.137-0500] {processor.py:208} INFO - Processing /Users/kartikvadhawana/anaconda3/lib/python3.12/site-packages/airflow/example_dags/plugins/listener_plugin.py took 0.029 seconds
[2025-03-03T19:43:32.305-0500] {processor.py:186} INFO - Started process (PID=93959) to work on /Users/kartikvadhawana/anaconda3/lib/python3.12/site-packages/airflow/example_dags/plugins/listener_plugin.py
[2025-03-03T19:43:32.306-0500] {processor.py:914} INFO - Processing file /Users/kartikvadhawana/anaconda3/lib/python3.12/site-packages/airflow/example_dags/plugins/listener_plugin.py for tasks to queue
[2025-03-03T19:43:32.307-0500] {logging_mixin.py:190} INFO - [2025-03-03T19:43:32.307-0500] {dagbag.py:588} INFO - Filling up the DagBag from /Users/kartikvadhawana/anaconda3/lib/python3.12/site-packages/airflow/example_dags/plugins/listener_plugin.py
[2025-03-03T19:43:32.307-0500] {processor.py:927} WARNING - No viable dags retrieved from /Users/kartikvadhawana/anaconda3/lib/python3.12/site-packages/airflow/example_dags/plugins/listener_plugin.py
[2025-03-03T19:43:32.331-0500] {processor.py:208} INFO - Processing /Users/kartikvadhawana/anaconda3/lib/python3.12/site-packages/airflow/example_dags/plugins/listener_plugin.py took 0.027 seconds
[2025-03-03T19:44:53.880-0500] {processor.py:186} INFO - Started process (PID=94125) to work on /Users/kartikvadhawana/anaconda3/lib/python3.12/site-packages/airflow/example_dags/plugins/listener_plugin.py
[2025-03-03T19:44:53.880-0500] {processor.py:914} INFO - Processing file /Users/kartikvadhawana/anaconda3/lib/python3.12/site-packages/airflow/example_dags/plugins/listener_plugin.py for tasks to queue
[2025-03-03T19:44:53.881-0500] {logging_mixin.py:190} INFO - [2025-03-03T19:44:53.881-0500] {dagbag.py:588} INFO - Filling up the DagBag from /Users/kartikvadhawana/anaconda3/lib/python3.12/site-packages/airflow/example_dags/plugins/listener_plugin.py
[2025-03-03T19:44:53.882-0500] {processor.py:927} WARNING - No viable dags retrieved from /Users/kartikvadhawana/anaconda3/lib/python3.12/site-packages/airflow/example_dags/plugins/listener_plugin.py
[2025-03-03T19:44:53.906-0500] {processor.py:208} INFO - Processing /Users/kartikvadhawana/anaconda3/lib/python3.12/site-packages/airflow/example_dags/plugins/listener_plugin.py took 0.028 seconds
[2025-03-03T19:48:08.097-0500] {processor.py:186} INFO - Started process (PID=94621) to work on /Users/kartikvadhawana/anaconda3/lib/python3.12/site-packages/airflow/example_dags/plugins/listener_plugin.py
[2025-03-03T19:48:08.098-0500] {processor.py:914} INFO - Processing file /Users/kartikvadhawana/anaconda3/lib/python3.12/site-packages/airflow/example_dags/plugins/listener_plugin.py for tasks to queue
[2025-03-03T19:48:08.098-0500] {logging_mixin.py:190} INFO - [2025-03-03T19:48:08.098-0500] {dagbag.py:588} INFO - Filling up the DagBag from /Users/kartikvadhawana/anaconda3/lib/python3.12/site-packages/airflow/example_dags/plugins/listener_plugin.py
[2025-03-03T19:48:08.099-0500] {processor.py:927} WARNING - No viable dags retrieved from /Users/kartikvadhawana/anaconda3/lib/python3.12/site-packages/airflow/example_dags/plugins/listener_plugin.py
[2025-03-03T19:48:08.123-0500] {processor.py:208} INFO - Processing /Users/kartikvadhawana/anaconda3/lib/python3.12/site-packages/airflow/example_dags/plugins/listener_plugin.py took 0.027 seconds
[2025-03-03T19:49:59.769-0500] {processor.py:186} INFO - Started process (PID=94811) to work on /Users/kartikvadhawana/anaconda3/lib/python3.12/site-packages/airflow/example_dags/plugins/listener_plugin.py
[2025-03-03T19:49:59.771-0500] {processor.py:914} INFO - Processing file /Users/kartikvadhawana/anaconda3/lib/python3.12/site-packages/airflow/example_dags/plugins/listener_plugin.py for tasks to queue
[2025-03-03T19:49:59.771-0500] {logging_mixin.py:190} INFO - [2025-03-03T19:49:59.771-0500] {dagbag.py:588} INFO - Filling up the DagBag from /Users/kartikvadhawana/anaconda3/lib/python3.12/site-packages/airflow/example_dags/plugins/listener_plugin.py
[2025-03-03T19:49:59.772-0500] {processor.py:927} WARNING - No viable dags retrieved from /Users/kartikvadhawana/anaconda3/lib/python3.12/site-packages/airflow/example_dags/plugins/listener_plugin.py
[2025-03-03T19:49:59.795-0500] {processor.py:208} INFO - Processing /Users/kartikvadhawana/anaconda3/lib/python3.12/site-packages/airflow/example_dags/plugins/listener_plugin.py took 0.027 seconds
[2025-03-03T19:51:18.271-0500] {processor.py:186} INFO - Started process (PID=94907) to work on /Users/kartikvadhawana/anaconda3/lib/python3.12/site-packages/airflow/example_dags/plugins/listener_plugin.py
[2025-03-03T19:51:18.271-0500] {processor.py:914} INFO - Processing file /Users/kartikvadhawana/anaconda3/lib/python3.12/site-packages/airflow/example_dags/plugins/listener_plugin.py for tasks to queue
[2025-03-03T19:51:18.272-0500] {logging_mixin.py:190} INFO - [2025-03-03T19:51:18.272-0500] {dagbag.py:588} INFO - Filling up the DagBag from /Users/kartikvadhawana/anaconda3/lib/python3.12/site-packages/airflow/example_dags/plugins/listener_plugin.py
[2025-03-03T19:51:18.273-0500] {processor.py:927} WARNING - No viable dags retrieved from /Users/kartikvadhawana/anaconda3/lib/python3.12/site-packages/airflow/example_dags/plugins/listener_plugin.py
[2025-03-03T19:51:18.296-0500] {processor.py:208} INFO - Processing /Users/kartikvadhawana/anaconda3/lib/python3.12/site-packages/airflow/example_dags/plugins/listener_plugin.py took 0.026 seconds
[2025-03-03T19:52:40.536-0500] {processor.py:186} INFO - Started process (PID=95080) to work on /Users/kartikvadhawana/anaconda3/lib/python3.12/site-packages/airflow/example_dags/plugins/listener_plugin.py
[2025-03-03T19:52:40.537-0500] {processor.py:914} INFO - Processing file /Users/kartikvadhawana/anaconda3/lib/python3.12/site-packages/airflow/example_dags/plugins/listener_plugin.py for tasks to queue
[2025-03-03T19:52:40.537-0500] {logging_mixin.py:190} INFO - [2025-03-03T19:52:40.537-0500] {dagbag.py:588} INFO - Filling up the DagBag from /Users/kartikvadhawana/anaconda3/lib/python3.12/site-packages/airflow/example_dags/plugins/listener_plugin.py
[2025-03-03T19:52:40.539-0500] {processor.py:927} WARNING - No viable dags retrieved from /Users/kartikvadhawana/anaconda3/lib/python3.12/site-packages/airflow/example_dags/plugins/listener_plugin.py
[2025-03-03T19:52:40.563-0500] {processor.py:208} INFO - Processing /Users/kartikvadhawana/anaconda3/lib/python3.12/site-packages/airflow/example_dags/plugins/listener_plugin.py took 0.028 seconds
[2025-03-03T19:54:00.846-0500] {processor.py:186} INFO - Started process (PID=95285) to work on /Users/kartikvadhawana/anaconda3/lib/python3.12/site-packages/airflow/example_dags/plugins/listener_plugin.py
[2025-03-03T19:54:00.847-0500] {processor.py:914} INFO - Processing file /Users/kartikvadhawana/anaconda3/lib/python3.12/site-packages/airflow/example_dags/plugins/listener_plugin.py for tasks to queue
[2025-03-03T19:54:00.847-0500] {logging_mixin.py:190} INFO - [2025-03-03T19:54:00.847-0500] {dagbag.py:588} INFO - Filling up the DagBag from /Users/kartikvadhawana/anaconda3/lib/python3.12/site-packages/airflow/example_dags/plugins/listener_plugin.py
[2025-03-03T19:54:00.848-0500] {processor.py:927} WARNING - No viable dags retrieved from /Users/kartikvadhawana/anaconda3/lib/python3.12/site-packages/airflow/example_dags/plugins/listener_plugin.py
[2025-03-03T19:54:00.872-0500] {processor.py:208} INFO - Processing /Users/kartikvadhawana/anaconda3/lib/python3.12/site-packages/airflow/example_dags/plugins/listener_plugin.py took 0.027 seconds
[2025-03-03T19:55:24.418-0500] {processor.py:186} INFO - Started process (PID=95458) to work on /Users/kartikvadhawana/anaconda3/lib/python3.12/site-packages/airflow/example_dags/plugins/listener_plugin.py
[2025-03-03T19:55:24.420-0500] {processor.py:914} INFO - Processing file /Users/kartikvadhawana/anaconda3/lib/python3.12/site-packages/airflow/example_dags/plugins/listener_plugin.py for tasks to queue
[2025-03-03T19:55:24.420-0500] {logging_mixin.py:190} INFO - [2025-03-03T19:55:24.420-0500] {dagbag.py:588} INFO - Filling up the DagBag from /Users/kartikvadhawana/anaconda3/lib/python3.12/site-packages/airflow/example_dags/plugins/listener_plugin.py
[2025-03-03T19:55:24.422-0500] {processor.py:927} WARNING - No viable dags retrieved from /Users/kartikvadhawana/anaconda3/lib/python3.12/site-packages/airflow/example_dags/plugins/listener_plugin.py
[2025-03-03T19:55:24.445-0500] {processor.py:208} INFO - Processing /Users/kartikvadhawana/anaconda3/lib/python3.12/site-packages/airflow/example_dags/plugins/listener_plugin.py took 0.028 seconds
[2025-03-03T19:56:45.034-0500] {processor.py:186} INFO - Started process (PID=95724) to work on /Users/kartikvadhawana/anaconda3/lib/python3.12/site-packages/airflow/example_dags/plugins/listener_plugin.py
[2025-03-03T19:56:45.035-0500] {processor.py:914} INFO - Processing file /Users/kartikvadhawana/anaconda3/lib/python3.12/site-packages/airflow/example_dags/plugins/listener_plugin.py for tasks to queue
[2025-03-03T19:56:45.035-0500] {logging_mixin.py:190} INFO - [2025-03-03T19:56:45.035-0500] {dagbag.py:588} INFO - Filling up the DagBag from /Users/kartikvadhawana/anaconda3/lib/python3.12/site-packages/airflow/example_dags/plugins/listener_plugin.py
[2025-03-03T19:56:45.036-0500] {processor.py:927} WARNING - No viable dags retrieved from /Users/kartikvadhawana/anaconda3/lib/python3.12/site-packages/airflow/example_dags/plugins/listener_plugin.py
[2025-03-03T19:56:45.061-0500] {processor.py:208} INFO - Processing /Users/kartikvadhawana/anaconda3/lib/python3.12/site-packages/airflow/example_dags/plugins/listener_plugin.py took 0.028 seconds
[2025-03-03T19:58:09.215-0500] {processor.py:186} INFO - Started process (PID=95888) to work on /Users/kartikvadhawana/anaconda3/lib/python3.12/site-packages/airflow/example_dags/plugins/listener_plugin.py
[2025-03-03T19:58:09.218-0500] {processor.py:914} INFO - Processing file /Users/kartikvadhawana/anaconda3/lib/python3.12/site-packages/airflow/example_dags/plugins/listener_plugin.py for tasks to queue
[2025-03-03T19:58:09.218-0500] {logging_mixin.py:190} INFO - [2025-03-03T19:58:09.218-0500] {dagbag.py:588} INFO - Filling up the DagBag from /Users/kartikvadhawana/anaconda3/lib/python3.12/site-packages/airflow/example_dags/plugins/listener_plugin.py
[2025-03-03T19:58:09.220-0500] {processor.py:927} WARNING - No viable dags retrieved from /Users/kartikvadhawana/anaconda3/lib/python3.12/site-packages/airflow/example_dags/plugins/listener_plugin.py
[2025-03-03T19:58:09.244-0500] {processor.py:208} INFO - Processing /Users/kartikvadhawana/anaconda3/lib/python3.12/site-packages/airflow/example_dags/plugins/listener_plugin.py took 0.030 seconds
[2025-03-03T19:59:30.424-0500] {processor.py:186} INFO - Started process (PID=95996) to work on /Users/kartikvadhawana/anaconda3/lib/python3.12/site-packages/airflow/example_dags/plugins/listener_plugin.py
[2025-03-03T19:59:30.425-0500] {processor.py:914} INFO - Processing file /Users/kartikvadhawana/anaconda3/lib/python3.12/site-packages/airflow/example_dags/plugins/listener_plugin.py for tasks to queue
[2025-03-03T19:59:30.425-0500] {logging_mixin.py:190} INFO - [2025-03-03T19:59:30.425-0500] {dagbag.py:588} INFO - Filling up the DagBag from /Users/kartikvadhawana/anaconda3/lib/python3.12/site-packages/airflow/example_dags/plugins/listener_plugin.py
[2025-03-03T19:59:30.426-0500] {processor.py:927} WARNING - No viable dags retrieved from /Users/kartikvadhawana/anaconda3/lib/python3.12/site-packages/airflow/example_dags/plugins/listener_plugin.py
[2025-03-03T19:59:30.450-0500] {processor.py:208} INFO - Processing /Users/kartikvadhawana/anaconda3/lib/python3.12/site-packages/airflow/example_dags/plugins/listener_plugin.py took 0.027 seconds
[2025-03-03T20:00:53.037-0500] {processor.py:186} INFO - Started process (PID=96133) to work on /Users/kartikvadhawana/anaconda3/lib/python3.12/site-packages/airflow/example_dags/plugins/listener_plugin.py
[2025-03-03T20:00:53.038-0500] {processor.py:914} INFO - Processing file /Users/kartikvadhawana/anaconda3/lib/python3.12/site-packages/airflow/example_dags/plugins/listener_plugin.py for tasks to queue
[2025-03-03T20:00:53.039-0500] {logging_mixin.py:190} INFO - [2025-03-03T20:00:53.039-0500] {dagbag.py:588} INFO - Filling up the DagBag from /Users/kartikvadhawana/anaconda3/lib/python3.12/site-packages/airflow/example_dags/plugins/listener_plugin.py
[2025-03-03T20:00:53.040-0500] {processor.py:927} WARNING - No viable dags retrieved from /Users/kartikvadhawana/anaconda3/lib/python3.12/site-packages/airflow/example_dags/plugins/listener_plugin.py
[2025-03-03T20:00:53.065-0500] {processor.py:208} INFO - Processing /Users/kartikvadhawana/anaconda3/lib/python3.12/site-packages/airflow/example_dags/plugins/listener_plugin.py took 0.029 seconds
